<?xml version="1.0" encoding="UTF-8"?>
<testsuite xmlns:xsi="http://www.w3.org/2001/XMLSchema-instance" xsi:noNamespaceSchemaLocation="https://maven.apache.org/surefire/maven-surefire-plugin/xsd/surefire-test-report-3.0.xsd" version="3.0" name="eu.europa.esig.dss.web.service.TSPConfigTest" time="0.513" tests="1" errors="0" skipped="0" failures="0">
  <properties>
    <property name="java.specification.version" value="20"/>
    <property name="sun.cpu.isalist" value="amd64"/>
    <property name="sun.jnu.encoding" value="Cp1252"/>
    <property name="java.class.path" value="C:\Users\vasco\OneDrive\Documents\Grupo1\AP2-PD2\dss-demonstrations-5.12.1\dss-demo-webapp\target\test-classes;C:\Users\vasco\OneDrive\Documents\Grupo1\AP2-PD2\dss-demonstrations-5.12.1\dss-demo-webapp\target\classes;C:\Users\vasco\.m2\repository\mysql\mysql-connector-java\8.0.30\mysql-connector-java-8.0.30.jar;C:\Users\vasco\.m2\repository\com\google\protobuf\protobuf-java\3.19.4\protobuf-java-3.19.4.jar;C:\Users\vasco\.m2\repository\org\springframework\boot\spring-boot-starter-security\2.5.5\spring-boot-starter-security-2.5.5.jar;C:\Users\vasco\.m2\repository\org\springframework\boot\spring-boot-starter\2.5.5\spring-boot-starter-2.5.5.jar;C:\Users\vasco\.m2\repository\org\springframework\boot\spring-boot\2.5.5\spring-boot-2.5.5.jar;C:\Users\vasco\.m2\repository\org\springframework\boot\spring-boot-autoconfigure\2.5.5\spring-boot-autoconfigure-2.5.5.jar;C:\Users\vasco\.m2\repository\org\springframework\boot\spring-boot-starter-logging\2.5.5\spring-boot-starter-logging-2.5.5.jar;C:\Users\vasco\.m2\repository\org\apache\logging\log4j\log4j-to-slf4j\2.14.1\log4j-to-slf4j-2.14.1.jar;C:\Users\vasco\.m2\repository\org\apache\logging\log4j\log4j-api\2.14.1\log4j-api-2.14.1.jar;C:\Users\vasco\.m2\repository\org\slf4j\jul-to-slf4j\2.0.7\jul-to-slf4j-2.0.7.jar;C:\Users\vasco\.m2\repository\org\yaml\snakeyaml\1.28\snakeyaml-1.28.jar;C:\Users\vasco\.m2\repository\org\springframework\spring-aop\5.3.10\spring-aop-5.3.10.jar;C:\Users\vasco\.m2\repository\org\springframework\spring-webmvc\5.3.27\spring-webmvc-5.3.27.jar;C:\Users\vasco\.m2\repository\org\springframework\spring-beans\5.3.27\spring-beans-5.3.27.jar;C:\Users\vasco\.m2\repository\org\springframework\spring-context\5.3.27\spring-context-5.3.27.jar;C:\Users\vasco\.m2\repository\org\springframework\spring-core\5.3.27\spring-core-5.3.27.jar;C:\Users\vasco\.m2\repository\org\springframework\spring-jcl\5.3.27\spring-jcl-5.3.27.jar;C:\Users\vasco\.m2\repository\org\springframework\spring-expression\5.3.27\spring-expression-5.3.27.jar;C:\Users\vasco\.m2\repository\org\springframework\spring-web\5.3.27\spring-web-5.3.27.jar;C:\Users\vasco\.m2\repository\org\springframework\spring-context-support\5.3.27\spring-context-support-5.3.27.jar;C:\Users\vasco\.m2\repository\org\springframework\spring-jdbc\5.3.27\spring-jdbc-5.3.27.jar;C:\Users\vasco\.m2\repository\org\springframework\spring-tx\5.3.27\spring-tx-5.3.27.jar;C:\Users\vasco\.m2\repository\org\springframework\spring-oxm\5.3.27\spring-oxm-5.3.27.jar;C:\Users\vasco\.m2\repository\org\springframework\security\spring-security-web\5.8.3\spring-security-web-5.8.3.jar;C:\Users\vasco\.m2\repository\org\springframework\security\spring-security-core\5.8.3\spring-security-core-5.8.3.jar;C:\Users\vasco\.m2\repository\org\springframework\security\spring-security-crypto\5.8.3\spring-security-crypto-5.8.3.jar;C:\Users\vasco\.m2\repository\org\springframework\security\spring-security-config\5.8.3\spring-security-config-5.8.3.jar;C:\Users\vasco\.m2\repository\org\thymeleaf\thymeleaf-spring5\3.0.15.RELEASE\thymeleaf-spring5-3.0.15.RELEASE.jar;C:\Users\vasco\.m2\repository\org\thymeleaf\thymeleaf\3.0.15.RELEASE\thymeleaf-3.0.15.RELEASE.jar;C:\Users\vasco\.m2\repository\org\attoparser\attoparser\2.0.5.RELEASE\attoparser-2.0.5.RELEASE.jar;C:\Users\vasco\.m2\repository\org\unbescape\unbescape\1.1.6.RELEASE\unbescape-1.1.6.RELEASE.jar;C:\Users\vasco\.m2\repository\nz\net\ultraq\thymeleaf\thymeleaf-layout-dialect\3.2.1\thymeleaf-layout-dialect-3.2.1.jar;C:\Users\vasco\.m2\repository\org\apache\groovy\groovy\4.0.10\groovy-4.0.10.jar;C:\Users\vasco\.m2\repository\nz\net\ultraq\groovy\groovy-extensions\2.1.0\groovy-extensions-2.1.0.jar;C:\Users\vasco\.m2\repository\nz\net\ultraq\thymeleaf\thymeleaf-expression-processor\3.1.1\thymeleaf-expression-processor-3.1.1.jar;C:\Users\vasco\OneDrive\Documents\Grupo1\AP2-PD2\dss-demonstrations-5.12.1\dss-mock-tsa\target\dss-mock-tsa-5.12.1.jar;C:\Users\vasco\.m2\repository\eu\europa\ec\joinup\sd-dss\dss-spi\5.12.1\dss-spi-5.12.1.jar;C:\Users\vasco\.m2\repository\org\bouncycastle\bcpkix-jdk18on\1.72\bcpkix-jdk18on-1.72.jar;C:\Users\vasco\.m2\repository\org\bouncycastle\bcutil-jdk18on\1.72\bcutil-jdk18on-1.72.jar;C:\Users\vasco\.m2\repository\eu\europa\ec\joinup\sd-dss\dss-service\5.12.1\dss-service-5.12.1.jar;C:\Users\vasco\.m2\repository\org\apache\httpcomponents\client5\httpclient5\5.2.1\httpclient5-5.2.1.jar;C:\Users\vasco\.m2\repository\org\apache\httpcomponents\core5\httpcore5\5.2\httpcore5-5.2.jar;C:\Users\vasco\.m2\repository\org\apache\httpcomponents\core5\httpcore5-h2\5.2\httpcore5-h2-5.2.jar;C:\Users\vasco\.m2\repository\eu\europa\ec\joinup\sd-dss\dss-tsl-validation\5.12.1\dss-tsl-validation-5.12.1.jar;C:\Users\vasco\.m2\repository\eu\europa\ec\joinup\sd-dss\specs-trusted-list\5.12.1\specs-trusted-list-5.12.1.jar;C:\Users\vasco\.m2\repository\eu\europa\ec\joinup\sd-dss\specs-xmldsig\5.12.1\specs-xmldsig-5.12.1.jar;C:\Users\vasco\.m2\repository\eu\europa\ec\joinup\sd-dss\dss-jaxb-common\5.12.1\dss-jaxb-common-5.12.1.jar;C:\Users\vasco\.m2\repository\eu\europa\ec\joinup\sd-dss\dss-alert\5.12.1\dss-alert-5.12.1.jar;C:\Users\vasco\.m2\repository\eu\europa\ec\joinup\sd-dss\specs-xades\5.12.1\specs-xades-5.12.1.jar;C:\Users\vasco\.m2\repository\eu\europa\ec\joinup\sd-dss\dss-jaxb-parsers\5.12.1\dss-jaxb-parsers-5.12.1.jar;C:\Users\vasco\.m2\repository\eu\europa\ec\joinup\sd-dss\dss-xades\5.12.1\dss-xades-5.12.1.jar;C:\Users\vasco\.m2\repository\eu\europa\ec\joinup\sd-dss\dss-document\5.12.1\dss-document-5.12.1.jar;C:\Users\vasco\.m2\repository\eu\europa\ec\joinup\sd-dss\validation-policy\5.12.1\validation-policy-5.12.1.jar;C:\Users\vasco\.m2\repository\eu\europa\ec\joinup\sd-dss\dss-policy-jaxb\5.12.1\dss-policy-jaxb-5.12.1.jar;C:\Users\vasco\.m2\repository\eu\europa\ec\joinup\sd-dss\dss-i18n\5.12.1\dss-i18n-5.12.1.jar;C:\Users\vasco\.m2\repository\org\apache\santuario\xmlsec\2.3.3\xmlsec-2.3.3.jar;C:\Users\vasco\.m2\repository\commons-codec\commons-codec\1.15\commons-codec-1.15.jar;C:\Users\vasco\.m2\repository\eu\europa\ec\joinup\sd-dss\dss-utils-google-guava\5.12.1\dss-utils-google-guava-5.12.1.jar;C:\Users\vasco\.m2\repository\eu\europa\ec\joinup\sd-dss\dss-utils\5.12.1\dss-utils-5.12.1.jar;C:\Users\vasco\.m2\repository\com\google\guava\guava\32.0.0-jre\guava-32.0.0-jre.jar;C:\Users\vasco\.m2\repository\com\google\guava\failureaccess\1.0.1\failureaccess-1.0.1.jar;C:\Users\vasco\.m2\repository\com\google\guava\listenablefuture\9999.0-empty-to-avoid-conflict-with-guava\listenablefuture-9999.0-empty-to-avoid-conflict-with-guava.jar;C:\Users\vasco\.m2\repository\com\google\code\findbugs\jsr305\3.0.2\jsr305-3.0.2.jar;C:\Users\vasco\.m2\repository\org\checkerframework\checker-qual\3.33.0\checker-qual-3.33.0.jar;C:\Users\vasco\.m2\repository\com\google\errorprone\error_prone_annotations\2.18.0\error_prone_annotations-2.18.0.jar;C:\Users\vasco\.m2\repository\com\google\j2objc\j2objc-annotations\2.8\j2objc-annotations-2.8.jar;C:\Users\vasco\.m2\repository\eu\europa\ec\joinup\sd-dss\dss-crl-parser-stream\5.12.1\dss-crl-parser-stream-5.12.1.jar;C:\Users\vasco\.m2\repository\eu\europa\ec\joinup\sd-dss\dss-crl-parser\5.12.1\dss-crl-parser-5.12.1.jar;C:\Users\vasco\.m2\repository\org\bouncycastle\bcprov-jdk18on\1.72\bcprov-jdk18on-1.72.jar;C:\Users\vasco\.m2\repository\org\apache\cxf\cxf-rt-transports-http\3.5.5\cxf-rt-transports-http-3.5.5.jar;C:\Users\vasco\.m2\repository\org\apache\cxf\cxf-core\3.5.5\cxf-core-3.5.5.jar;C:\Users\vasco\.m2\repository\com\fasterxml\woodstox\woodstox-core\6.5.0\woodstox-core-6.5.0.jar;C:\Users\vasco\.m2\repository\org\codehaus\woodstox\stax2-api\4.2.1\stax2-api-4.2.1.jar;C:\Users\vasco\.m2\repository\org\apache\ws\xmlschema\xmlschema-core\2.3.0\xmlschema-core-2.3.0.jar;C:\Users\vasco\.m2\repository\jakarta\annotation\jakarta.annotation-api\1.3.5\jakarta.annotation-api-1.3.5.jar;C:\Users\vasco\.m2\repository\jakarta\xml\ws\jakarta.xml.ws-api\2.3.3\jakarta.xml.ws-api-2.3.3.jar;C:\Users\vasco\.m2\repository\jakarta\jws\jakarta.jws-api\2.1.0\jakarta.jws-api-2.1.0.jar;C:\Users\vasco\.m2\repository\jakarta\xml\soap\jakarta.xml.soap-api\1.4.2\jakarta.xml.soap-api-1.4.2.jar;C:\Users\vasco\.m2\repository\jakarta\activation\jakarta.activation-api\1.2.2\jakarta.activation-api-1.2.2.jar;C:\Users\vasco\.m2\repository\com\sun\activation\jakarta.activation\1.2.2\jakarta.activation-1.2.2.jar;C:\Users\vasco\.m2\repository\com\sun\xml\messaging\saaj\saaj-impl\1.5.3\saaj-impl-1.5.3.jar;C:\Users\vasco\.m2\repository\org\jvnet\staxex\stax-ex\1.8.3\stax-ex-1.8.3.jar;C:\Users\vasco\.m2\repository\org\apache\geronimo\specs\geronimo-jta_1.1_spec\1.1.1\geronimo-jta_1.1_spec-1.1.1.jar;C:\Users\vasco\.m2\repository\org\apache\cxf\cxf-rt-frontend-jaxws\3.5.5\cxf-rt-frontend-jaxws-3.5.5.jar;C:\Users\vasco\.m2\repository\xml-resolver\xml-resolver\1.2\xml-resolver-1.2.jar;C:\Users\vasco\.m2\repository\org\ow2\asm\asm\9.4\asm-9.4.jar;C:\Users\vasco\.m2\repository\org\apache\cxf\cxf-rt-bindings-soap\3.5.5\cxf-rt-bindings-soap-3.5.5.jar;C:\Users\vasco\.m2\repository\org\apache\cxf\cxf-rt-wsdl\3.5.5\cxf-rt-wsdl-3.5.5.jar;C:\Users\vasco\.m2\repository\wsdl4j\wsdl4j\1.6.3\wsdl4j-1.6.3.jar;C:\Users\vasco\.m2\repository\org\apache\cxf\cxf-rt-databinding-jaxb\3.5.5\cxf-rt-databinding-jaxb-3.5.5.jar;C:\Users\vasco\.m2\repository\org\apache\cxf\cxf-rt-bindings-xml\3.5.5\cxf-rt-bindings-xml-3.5.5.jar;C:\Users\vasco\.m2\repository\org\apache\cxf\cxf-rt-frontend-simple\3.5.5\cxf-rt-frontend-simple-3.5.5.jar;C:\Users\vasco\.m2\repository\org\apache\cxf\cxf-rt-ws-addr\3.5.5\cxf-rt-ws-addr-3.5.5.jar;C:\Users\vasco\.m2\repository\org\apache\cxf\cxf-rt-ws-policy\3.5.5\cxf-rt-ws-policy-3.5.5.jar;C:\Users\vasco\.m2\repository\org\apache\cxf\cxf-rt-ws-security\3.5.5\cxf-rt-ws-security-3.5.5.jar;C:\Users\vasco\.m2\repository\org\apache\cxf\cxf-rt-security-saml\3.5.5\cxf-rt-security-saml-3.5.5.jar;C:\Users\vasco\.m2\repository\org\apache\cxf\cxf-rt-security\3.5.5\cxf-rt-security-3.5.5.jar;C:\Users\vasco\.m2\repository\org\ehcache\ehcache\3.9.3\ehcache-3.9.3.jar;C:\Users\vasco\.m2\repository\org\apache\wss4j\wss4j-ws-security-dom\2.4.1\wss4j-ws-security-dom-2.4.1.jar;C:\Users\vasco\.m2\repository\org\apache\wss4j\wss4j-ws-security-common\2.4.1\wss4j-ws-security-common-2.4.1.jar;C:\Users\vasco\.m2\repository\org\opensaml\opensaml-saml-impl\3.4.6\opensaml-saml-impl-3.4.6.jar;C:\Users\vasco\.m2\repository\org\opensaml\opensaml-profile-api\3.4.6\opensaml-profile-api-3.4.6.jar;C:\Users\vasco\.m2\repository\org\opensaml\opensaml-core\3.4.6\opensaml-core-3.4.6.jar;C:\Users\vasco\.m2\repository\io\dropwizard\metrics\metrics-core\3.1.5\metrics-core-3.1.5.jar;C:\Users\vasco\.m2\repository\org\opensaml\opensaml-saml-api\3.4.6\opensaml-saml-api-3.4.6.jar;C:\Users\vasco\.m2\repository\org\opensaml\opensaml-xmlsec-api\3.4.6\opensaml-xmlsec-api-3.4.6.jar;C:\Users\vasco\.m2\repository\org\opensaml\opensaml-soap-api\3.4.6\opensaml-soap-api-3.4.6.jar;C:\Users\vasco\.m2\repository\org\opensaml\opensaml-security-impl\3.4.6\opensaml-security-impl-3.4.6.jar;C:\Users\vasco\.m2\repository\org\opensaml\opensaml-security-api\3.4.6\opensaml-security-api-3.4.6.jar;C:\Users\vasco\.m2\repository\org\opensaml\opensaml-xmlsec-impl\3.4.6\opensaml-xmlsec-impl-3.4.6.jar;C:\Users\vasco\.m2\repository\net\shibboleth\utilities\java-support\7.5.2\java-support-7.5.2.jar;C:\Users\vasco\.m2\repository\org\cryptacular\cryptacular\1.2.4\cryptacular-1.2.4.jar;C:\Users\vasco\.m2\repository\org\bouncycastle\bcprov-jdk15on\1.64\bcprov-jdk15on-1.64.jar;C:\Users\vasco\.m2\repository\joda-time\joda-time\2.10.10\joda-time-2.10.10.jar;C:\Users\vasco\.m2\repository\org\opensaml\opensaml-xacml-impl\3.4.6\opensaml-xacml-impl-3.4.6.jar;C:\Users\vasco\.m2\repository\org\opensaml\opensaml-xacml-api\3.4.6\opensaml-xacml-api-3.4.6.jar;C:\Users\vasco\.m2\repository\org\opensaml\opensaml-xacml-saml-impl\3.4.6\opensaml-xacml-saml-impl-3.4.6.jar;C:\Users\vasco\.m2\repository\org\opensaml\opensaml-xacml-saml-api\3.4.6\opensaml-xacml-saml-api-3.4.6.jar;C:\Users\vasco\.m2\repository\org\jasypt\jasypt\1.9.3\jasypt-1.9.3.jar;C:\Users\vasco\.m2\repository\org\apache\geronimo\javamail\geronimo-javamail_1.4_mail\1.8.4\geronimo-javamail_1.4_mail-1.8.4.jar;C:\Users\vasco\.m2\repository\org\apache\wss4j\wss4j-policy\2.4.1\wss4j-policy-2.4.1.jar;C:\Users\vasco\.m2\repository\org\apache\neethi\neethi\3.1.1\neethi-3.1.1.jar;C:\Users\vasco\.m2\repository\org\apache\wss4j\wss4j-ws-security-stax\2.4.1\wss4j-ws-security-stax-2.4.1.jar;C:\Users\vasco\.m2\repository\org\apache\wss4j\wss4j-bindings\2.4.1\wss4j-bindings-2.4.1.jar;C:\Users\vasco\.m2\repository\org\apache\wss4j\wss4j-ws-security-policy-stax\2.4.1\wss4j-ws-security-policy-stax-2.4.1.jar;C:\Users\vasco\.m2\repository\eu\europa\ec\joinup\sd-dss\dss-signature-soap\5.12.1\dss-signature-soap-5.12.1.jar;C:\Users\vasco\.m2\repository\eu\europa\ec\joinup\sd-dss\dss-signature-soap-client\5.12.1\dss-signature-soap-client-5.12.1.jar;C:\Users\vasco\.m2\repository\eu\europa\ec\joinup\sd-dss\dss-signature-dto\5.12.1\dss-signature-dto-5.12.1.jar;C:\Users\vasco\.m2\repository\eu\europa\ec\joinup\sd-dss\dss-common-remote-dto\5.12.1\dss-common-remote-dto-5.12.1.jar;C:\Users\vasco\.m2\repository\eu\europa\ec\joinup\sd-dss\dss-signature-remote\5.12.1\dss-signature-remote-5.12.1.jar;C:\Users\vasco\.m2\repository\eu\europa\ec\joinup\sd-dss\dss-common-remote-converter\5.12.1\dss-common-remote-converter-5.12.1.jar;C:\Users\vasco\.m2\repository\eu\europa\ec\joinup\sd-dss\dss-cades\5.12.1\dss-cades-5.12.1.jar;C:\Users\vasco\.m2\repository\eu\europa\ec\joinup\sd-dss\dss-jades\5.12.1\dss-jades-5.12.1.jar;C:\Users\vasco\.m2\repository\eu\europa\ec\joinup\sd-dss\specs-jades\5.12.1\specs-jades-5.12.1.jar;C:\Users\vasco\.m2\repository\eu\europa\ec\joinup\sd-dss\specs-jws\5.12.1\specs-jws-5.12.1.jar;C:\Users\vasco\.m2\repository\com\github\erosb\everit-json-schema\1.14.2\everit-json-schema-1.14.2.jar;C:\Users\vasco\.m2\repository\org\json\json\20230227\json-20230227.jar;C:\Users\vasco\.m2\repository\commons-validator\commons-validator\1.7\commons-validator-1.7.jar;C:\Users\vasco\.m2\repository\commons-digester\commons-digester\2.1\commons-digester-2.1.jar;C:\Users\vasco\.m2\repository\commons-collections\commons-collections\3.2.2\commons-collections-3.2.2.jar;C:\Users\vasco\.m2\repository\com\damnhandy\handy-uri-templates\2.1.8\handy-uri-templates-2.1.8.jar;C:\Users\vasco\.m2\repository\com\google\re2j\re2j\1.6\re2j-1.6.jar;C:\Users\vasco\.m2\repository\org\bitbucket\b_c\jose4j\0.9.3\jose4j-0.9.3.jar;C:\Users\vasco\.m2\repository\eu\europa\ec\joinup\sd-dss\dss-asic-cades\5.12.1\dss-asic-cades-5.12.1.jar;C:\Users\vasco\.m2\repository\eu\europa\ec\joinup\sd-dss\dss-asic-common\5.12.1\dss-asic-common-5.12.1.jar;C:\Users\vasco\.m2\repository\eu\europa\ec\joinup\sd-dss\dss-asic-xades\5.12.1\dss-asic-xades-5.12.1.jar;C:\Users\vasco\.m2\repository\eu\europa\ec\joinup\sd-dss\dss-validation-soap\5.12.1\dss-validation-soap-5.12.1.jar;C:\Users\vasco\.m2\repository\eu\europa\ec\joinup\sd-dss\dss-validation-soap-client\5.12.1\dss-validation-soap-client-5.12.1.jar;C:\Users\vasco\.m2\repository\eu\europa\ec\joinup\sd-dss\dss-validation-dto\5.12.1\dss-validation-dto-5.12.1.jar;C:\Users\vasco\.m2\repository\eu\europa\ec\joinup\sd-dss\dss-diagnostic-jaxb\5.12.1\dss-diagnostic-jaxb-5.12.1.jar;C:\Users\vasco\.m2\repository\eu\europa\ec\joinup\sd-dss\dss-simple-report-jaxb\5.12.1\dss-simple-report-jaxb-5.12.1.jar;C:\Users\vasco\.m2\repository\eu\europa\ec\joinup\sd-dss\dss-detailed-report-jaxb\5.12.1\dss-detailed-report-jaxb-5.12.1.jar;C:\Users\vasco\.m2\repository\eu\europa\ec\joinup\sd-dss\specs-validation-report\5.12.1\specs-validation-report-5.12.1.jar;C:\Users\vasco\.m2\repository\eu\europa\ec\joinup\sd-dss\dss-validation-server-common\5.12.1\dss-validation-server-common-5.12.1.jar;C:\Users\vasco\.m2\repository\eu\europa\ec\joinup\sd-dss\dss-certificate-validation-soap\5.12.1\dss-certificate-validation-soap-5.12.1.jar;C:\Users\vasco\.m2\repository\eu\europa\ec\joinup\sd-dss\dss-certificate-validation-common\5.12.1\dss-certificate-validation-common-5.12.1.jar;C:\Users\vasco\.m2\repository\eu\europa\ec\joinup\sd-dss\dss-certificate-validation-dto\5.12.1\dss-certificate-validation-dto-5.12.1.jar;C:\Users\vasco\.m2\repository\eu\europa\ec\joinup\sd-dss\dss-simple-certificate-report-jaxb\5.12.1\dss-simple-certificate-report-jaxb-5.12.1.jar;C:\Users\vasco\.m2\repository\eu\europa\ec\joinup\sd-dss\dss-certificate-validation-soap-client\5.12.1\dss-certificate-validation-soap-client-5.12.1.jar;C:\Users\vasco\.m2\repository\eu\europa\ec\joinup\sd-dss\dss-server-signing-soap\5.12.1\dss-server-signing-soap-5.12.1.jar;C:\Users\vasco\.m2\repository\eu\europa\ec\joinup\sd-dss\dss-server-signing-common\5.12.1\dss-server-signing-common-5.12.1.jar;C:\Users\vasco\.m2\repository\eu\europa\ec\joinup\sd-dss\dss-server-signing-dto\5.12.1\dss-server-signing-dto-5.12.1.jar;C:\Users\vasco\.m2\repository\eu\europa\ec\joinup\sd-dss\dss-server-signing-soap-client\5.12.1\dss-server-signing-soap-client-5.12.1.jar;C:\Users\vasco\.m2\repository\eu\europa\ec\joinup\sd-dss\dss-timestamp-remote-soap\5.12.1\dss-timestamp-remote-soap-5.12.1.jar;C:\Users\vasco\.m2\repository\eu\europa\ec\joinup\sd-dss\dss-timestamp-remote\5.12.1\dss-timestamp-remote-5.12.1.jar;C:\Users\vasco\.m2\repository\eu\europa\ec\joinup\sd-dss\dss-timestamp-dto\5.12.1\dss-timestamp-dto-5.12.1.jar;C:\Users\vasco\.m2\repository\eu\europa\ec\joinup\sd-dss\dss-timestamp-remote-soap-client\5.12.1\dss-timestamp-remote-soap-client-5.12.1.jar;C:\Users\vasco\.m2\repository\eu\europa\ec\joinup\sd-dss\dss-pades-pdfbox\5.12.1\dss-pades-pdfbox-5.12.1.jar;C:\Users\vasco\.m2\repository\eu\europa\ec\joinup\sd-dss\dss-pades\5.12.1\dss-pades-5.12.1.jar;C:\Users\vasco\.m2\repository\org\apache\pdfbox\pdfbox\2.0.28\pdfbox-2.0.28.jar;C:\Users\vasco\.m2\repository\org\apache\pdfbox\fontbox\2.0.28\fontbox-2.0.28.jar;C:\Users\vasco\.m2\repository\org\apache\cxf\cxf-rt-rs-service-description\3.5.5\cxf-rt-rs-service-description-3.5.5.jar;C:\Users\vasco\.m2\repository\org\apache\cxf\cxf-rt-frontend-jaxrs\3.5.5\cxf-rt-frontend-jaxrs-3.5.5.jar;C:\Users\vasco\.m2\repository\jakarta\ws\rs\jakarta.ws.rs-api\2.1.6\jakarta.ws.rs-api-2.1.6.jar;C:\Users\vasco\.m2\repository\org\apache\cxf\cxf-rt-features-logging\3.5.5\cxf-rt-features-logging-3.5.5.jar;C:\Users\vasco\.m2\repository\org\apache\cxf\cxf-rt-rs-service-description-openapi-v3\3.5.5\cxf-rt-rs-service-description-openapi-v3-3.5.5.jar;C:\Users\vasco\.m2\repository\org\apache\cxf\cxf-rt-rs-service-description-common-openapi\3.5.5\cxf-rt-rs-service-description-common-openapi-3.5.5.jar;C:\Users\vasco\.m2\repository\org\apache\cxf\cxf-rt-rs-service-description-swagger-ui\3.5.5\cxf-rt-rs-service-description-swagger-ui-3.5.5.jar;C:\Users\vasco\.m2\repository\io\swagger\core\v3\swagger-jaxrs2\2.1.13\swagger-jaxrs2-2.1.13.jar;C:\Users\vasco\.m2\repository\io\github\classgraph\classgraph\4.8.138\classgraph-4.8.138.jar;C:\Users\vasco\.m2\repository\org\javassist\javassist\3.25.0-GA\javassist-3.25.0-GA.jar;C:\Users\vasco\.m2\repository\io\swagger\core\v3\swagger-models\2.1.13\swagger-models-2.1.13.jar;C:\Users\vasco\.m2\repository\io\swagger\core\v3\swagger-annotations\2.1.13\swagger-annotations-2.1.13.jar;C:\Users\vasco\.m2\repository\io\swagger\core\v3\swagger-integration\2.1.13\swagger-integration-2.1.13.jar;C:\Users\vasco\.m2\repository\io\swagger\core\v3\swagger-core\2.1.13\swagger-core-2.1.13.jar;C:\Users\vasco\.m2\repository\org\apache\commons\commons-lang3\3.12.0\commons-lang3-3.12.0.jar;C:\Users\vasco\.m2\repository\com\fasterxml\jackson\dataformat\jackson-dataformat-yaml\2.12.1\jackson-dataformat-yaml-2.12.1.jar;C:\Users\vasco\.m2\repository\com\fasterxml\jackson\datatype\jackson-datatype-jsr310\2.12.1\jackson-datatype-jsr310-2.12.1.jar;C:\Users\vasco\.m2\repository\org\webjars\swagger-ui\4.18.2\swagger-ui-4.18.2.jar;C:\Users\vasco\.m2\repository\com\fasterxml\jackson\jaxrs\jackson-jaxrs-json-provider\2.15.1\jackson-jaxrs-json-provider-2.15.1.jar;C:\Users\vasco\.m2\repository\com\fasterxml\jackson\jaxrs\jackson-jaxrs-base\2.15.1\jackson-jaxrs-base-2.15.1.jar;C:\Users\vasco\.m2\repository\com\fasterxml\jackson\core\jackson-core\2.15.1\jackson-core-2.15.1.jar;C:\Users\vasco\.m2\repository\com\fasterxml\jackson\core\jackson-databind\2.15.1\jackson-databind-2.15.1.jar;C:\Users\vasco\.m2\repository\com\fasterxml\jackson\module\jackson-module-jaxb-annotations\2.15.1\jackson-module-jaxb-annotations-2.15.1.jar;C:\Users\vasco\.m2\repository\com\fasterxml\jackson\core\jackson-annotations\2.15.1\jackson-annotations-2.15.1.jar;C:\Users\vasco\.m2\repository\eu\europa\ec\joinup\sd-dss\dss-signature-rest\5.12.1\dss-signature-rest-5.12.1.jar;C:\Users\vasco\.m2\repository\eu\europa\ec\joinup\sd-dss\dss-signature-rest-client\5.12.1\dss-signature-rest-client-5.12.1.jar;C:\Users\vasco\.m2\repository\eu\europa\ec\joinup\sd-dss\dss-validation-rest\5.12.1\dss-validation-rest-5.12.1.jar;C:\Users\vasco\.m2\repository\eu\europa\ec\joinup\sd-dss\dss-validation-rest-client\5.12.1\dss-validation-rest-client-5.12.1.jar;C:\Users\vasco\.m2\repository\eu\europa\ec\joinup\sd-dss\dss-certificate-validation-rest\5.12.1\dss-certificate-validation-rest-5.12.1.jar;C:\Users\vasco\.m2\repository\eu\europa\ec\joinup\sd-dss\dss-certificate-validation-rest-client\5.12.1\dss-certificate-validation-rest-client-5.12.1.jar;C:\Users\vasco\.m2\repository\eu\europa\ec\joinup\sd-dss\dss-server-signing-rest\5.12.1\dss-server-signing-rest-5.12.1.jar;C:\Users\vasco\.m2\repository\eu\europa\ec\joinup\sd-dss\dss-server-signing-rest-client\5.12.1\dss-server-signing-rest-client-5.12.1.jar;C:\Users\vasco\.m2\repository\eu\europa\ec\joinup\sd-dss\dss-timestamp-remote-rest\5.12.1\dss-timestamp-remote-rest-5.12.1.jar;C:\Users\vasco\.m2\repository\eu\europa\ec\joinup\sd-dss\dss-timestamp-remote-rest-client\5.12.1\dss-timestamp-remote-rest-client-5.12.1.jar;C:\Users\vasco\.m2\repository\org\apache\cxf\cxf-rt-rs-client\3.5.5\cxf-rt-rs-client-3.5.5.jar;C:\Users\vasco\.m2\repository\eu\europa\ec\joinup\sd-dss\dss-token\5.12.1\dss-token-5.12.1.jar;C:\Users\vasco\.m2\repository\eu\europa\ec\joinup\sd-dss\dss-model\5.12.1\dss-model-5.12.1.jar;C:\Users\vasco\.m2\repository\eu\europa\ec\joinup\sd-dss\dss-enumerations\5.12.1\dss-enumerations-5.12.1.jar;C:\Users\vasco\.m2\repository\org\slf4j\jcl-over-slf4j\2.0.7\jcl-over-slf4j-2.0.7.jar;C:\Users\vasco\.m2\repository\org\slf4j\slf4j-api\2.0.7\slf4j-api-2.0.7.jar;C:\Users\vasco\.m2\repository\ch\qos\logback\logback-classic\1.3.7\logback-classic-1.3.7.jar;C:\Users\vasco\.m2\repository\ch\qos\logback\logback-core\1.3.7\logback-core-1.3.7.jar;C:\Users\vasco\.m2\repository\org\hsqldb\hsqldb\2.5.2\hsqldb-2.5.2.jar;C:\Users\vasco\.m2\repository\com\zaxxer\HikariCP\4.0.3\HikariCP-4.0.3.jar;C:\Users\vasco\.m2\repository\commons-fileupload\commons-fileupload\1.5\commons-fileupload-1.5.jar;C:\Users\vasco\.m2\repository\commons-io\commons-io\2.12.0\commons-io-2.12.0.jar;C:\Users\vasco\.m2\repository\org\freemarker\freemarker\2.3.32\freemarker-2.3.32.jar;C:\Users\vasco\.m2\repository\org\apache\xmlgraphics\fop-core\2.8\fop-core-2.8.jar;C:\Users\vasco\.m2\repository\org\apache\xmlgraphics\batik-anim\1.16\batik-anim-1.16.jar;C:\Users\vasco\.m2\repository\org\apache\xmlgraphics\batik-css\1.16\batik-css-1.16.jar;C:\Users\vasco\.m2\repository\org\apache\xmlgraphics\batik-dom\1.16\batik-dom-1.16.jar;C:\Users\vasco\.m2\repository\xml-apis\xml-apis\1.4.01\xml-apis-1.4.01.jar;C:\Users\vasco\.m2\repository\org\apache\xmlgraphics\batik-ext\1.16\batik-ext-1.16.jar;C:\Users\vasco\.m2\repository\org\apache\xmlgraphics\batik-parser\1.16\batik-parser-1.16.jar;C:\Users\vasco\.m2\repository\org\apache\xmlgraphics\batik-shared-resources\1.16\batik-shared-resources-1.16.jar;C:\Users\vasco\.m2\repository\org\apache\xmlgraphics\batik-svg-dom\1.16\batik-svg-dom-1.16.jar;C:\Users\vasco\.m2\repository\org\apache\xmlgraphics\batik-util\1.16\batik-util-1.16.jar;C:\Users\vasco\.m2\repository\org\apache\xmlgraphics\batik-constants\1.16\batik-constants-1.16.jar;C:\Users\vasco\.m2\repository\org\apache\xmlgraphics\batik-i18n\1.16\batik-i18n-1.16.jar;C:\Users\vasco\.m2\repository\xml-apis\xml-apis-ext\1.3.04\xml-apis-ext-1.3.04.jar;C:\Users\vasco\.m2\repository\org\apache\xmlgraphics\batik-awt-util\1.16\batik-awt-util-1.16.jar;C:\Users\vasco\.m2\repository\org\apache\xmlgraphics\batik-bridge\1.16\batik-bridge-1.16.jar;C:\Users\vasco\.m2\repository\org\apache\xmlgraphics\batik-script\1.16\batik-script-1.16.jar;C:\Users\vasco\.m2\repository\org\apache\xmlgraphics\batik-xml\1.16\batik-xml-1.16.jar;C:\Users\vasco\.m2\repository\org\apache\xmlgraphics\batik-extension\1.16\batik-extension-1.16.jar;C:\Users\vasco\.m2\repository\org\apache\xmlgraphics\batik-gvt\1.16\batik-gvt-1.16.jar;C:\Users\vasco\.m2\repository\org\apache\xmlgraphics\batik-transcoder\1.16\batik-transcoder-1.16.jar;C:\Users\vasco\.m2\repository\org\apache\xmlgraphics\batik-svggen\1.16\batik-svggen-1.16.jar;C:\Users\vasco\.m2\repository\org\apache\xmlgraphics\fop-events\2.8\fop-events-2.8.jar;C:\Users\vasco\.m2\repository\com\thoughtworks\qdox\qdox\1.12\qdox-1.12.jar;C:\Users\vasco\.m2\repository\org\apache\xmlgraphics\fop-util\2.8\fop-util-2.8.jar;C:\Users\vasco\.m2\repository\org\apache\xmlgraphics\xmlgraphics-commons\2.8\xmlgraphics-commons-2.8.jar;C:\Users\vasco\.m2\repository\org\glassfish\jaxb\jaxb-runtime\2.3.8\jaxb-runtime-2.3.8.jar;C:\Users\vasco\.m2\repository\jakarta\xml\bind\jakarta.xml.bind-api\2.3.3\jakarta.xml.bind-api-2.3.3.jar;C:\Users\vasco\.m2\repository\org\glassfish\jaxb\txw2\2.3.8\txw2-2.3.8.jar;C:\Users\vasco\.m2\repository\com\sun\istack\istack-commons-runtime\3.0.12\istack-commons-runtime-3.0.12.jar;C:\Users\vasco\.m2\repository\org\webjars\bootstrap\4.6.2\bootstrap-4.6.2.jar;C:\Users\vasco\.m2\repository\org\webjars\popper.js\1.16.0\popper.js-1.16.0.jar;C:\Users\vasco\.m2\repository\org\webjars\jquery\3.6.4\jquery-3.6.4.jar;C:\Users\vasco\.m2\repository\org\webjars\font-awesome\4.7.0\font-awesome-4.7.0.jar;C:\Users\vasco\.m2\repository\org\webjars\highlightjs\11.5.0\highlightjs-11.5.0.jar;C:\Users\vasco\.m2\repository\javax\servlet\javax.servlet-api\4.0.1\javax.servlet-api-4.0.1.jar;C:\Users\vasco\.m2\repository\org\hibernate\validator\hibernate-validator\6.2.5.Final\hibernate-validator-6.2.5.Final.jar;C:\Users\vasco\.m2\repository\jakarta\validation\jakarta.validation-api\2.0.2\jakarta.validation-api-2.0.2.jar;C:\Users\vasco\.m2\repository\org\jboss\logging\jboss-logging\3.4.1.Final\jboss-logging-3.4.1.Final.jar;C:\Users\vasco\.m2\repository\com\fasterxml\classmate\1.5.1\classmate-1.5.1.jar;C:\Users\vasco\.m2\repository\org\junit\jupiter\junit-jupiter-engine\5.9.3\junit-jupiter-engine-5.9.3.jar;C:\Users\vasco\.m2\repository\org\junit\platform\junit-platform-engine\1.9.3\junit-platform-engine-1.9.3.jar;C:\Users\vasco\.m2\repository\org\opentest4j\opentest4j\1.2.0\opentest4j-1.2.0.jar;C:\Users\vasco\.m2\repository\org\junit\platform\junit-platform-commons\1.9.3\junit-platform-commons-1.9.3.jar;C:\Users\vasco\.m2\repository\org\junit\jupiter\junit-jupiter-api\5.9.3\junit-jupiter-api-5.9.3.jar;C:\Users\vasco\.m2\repository\org\apiguardian\apiguardian-api\1.1.2\apiguardian-api-1.1.2.jar;C:\Users\vasco\.m2\repository\org\springframework\spring-test\5.3.27\spring-test-5.3.27.jar;C:\Users\vasco\.m2\repository\org\apache\tomcat\embed\tomcat-embed-core\9.0.75\tomcat-embed-core-9.0.75.jar;C:\Users\vasco\.m2\repository\org\apache\tomcat\tomcat-annotations-api\9.0.75\tomcat-annotations-api-9.0.75.jar;"/>
    <property name="sun.awt.enableExtraMouseButtons" value="true"/>
    <property name="java.vm.vendor" value="Oracle Corporation"/>
    <property name="sun.arch.data.model" value="64"/>
    <property name="user.variant" value=""/>
    <property name="java.vendor.url" value="https://java.oracle.com/"/>
    <property name="user.timezone" value="Europe/Lisbon"/>
    <property name="user.country.format" value="PT"/>
    <property name="os.name" value="Windows 11"/>
    <property name="java.vm.specification.version" value="20"/>
    <property name="sun.java.launcher" value="SUN_STANDARD"/>
    <property name="user.country" value="US"/>
    <property name="sun.boot.library.path" value="C:\Program Files\Java\jdk-20\bin"/>
    <property name="sun.java.command" value="C:\Users\vasco\AppData\Local\Temp\surefire8158129193014927780\surefirebooter-20230618174204168_7.jar C:\Users\vasco\AppData\Local\Temp\surefire8158129193014927780 2023-06-18T17-41-44_130-jvmRun1 surefire-20230618174204168_5tmp surefire_1-20230618174204168_6tmp"/>
    <property name="jdk.debug" value="release"/>
    <property name="surefire.test.class.path" value="C:\Users\vasco\OneDrive\Documents\Grupo1\AP2-PD2\dss-demonstrations-5.12.1\dss-demo-webapp\target\test-classes;C:\Users\vasco\OneDrive\Documents\Grupo1\AP2-PD2\dss-demonstrations-5.12.1\dss-demo-webapp\target\classes;C:\Users\vasco\.m2\repository\mysql\mysql-connector-java\8.0.30\mysql-connector-java-8.0.30.jar;C:\Users\vasco\.m2\repository\com\google\protobuf\protobuf-java\3.19.4\protobuf-java-3.19.4.jar;C:\Users\vasco\.m2\repository\org\springframework\boot\spring-boot-starter-security\2.5.5\spring-boot-starter-security-2.5.5.jar;C:\Users\vasco\.m2\repository\org\springframework\boot\spring-boot-starter\2.5.5\spring-boot-starter-2.5.5.jar;C:\Users\vasco\.m2\repository\org\springframework\boot\spring-boot\2.5.5\spring-boot-2.5.5.jar;C:\Users\vasco\.m2\repository\org\springframework\boot\spring-boot-autoconfigure\2.5.5\spring-boot-autoconfigure-2.5.5.jar;C:\Users\vasco\.m2\repository\org\springframework\boot\spring-boot-starter-logging\2.5.5\spring-boot-starter-logging-2.5.5.jar;C:\Users\vasco\.m2\repository\org\apache\logging\log4j\log4j-to-slf4j\2.14.1\log4j-to-slf4j-2.14.1.jar;C:\Users\vasco\.m2\repository\org\apache\logging\log4j\log4j-api\2.14.1\log4j-api-2.14.1.jar;C:\Users\vasco\.m2\repository\org\slf4j\jul-to-slf4j\2.0.7\jul-to-slf4j-2.0.7.jar;C:\Users\vasco\.m2\repository\org\yaml\snakeyaml\1.28\snakeyaml-1.28.jar;C:\Users\vasco\.m2\repository\org\springframework\spring-aop\5.3.10\spring-aop-5.3.10.jar;C:\Users\vasco\.m2\repository\org\springframework\spring-webmvc\5.3.27\spring-webmvc-5.3.27.jar;C:\Users\vasco\.m2\repository\org\springframework\spring-beans\5.3.27\spring-beans-5.3.27.jar;C:\Users\vasco\.m2\repository\org\springframework\spring-context\5.3.27\spring-context-5.3.27.jar;C:\Users\vasco\.m2\repository\org\springframework\spring-core\5.3.27\spring-core-5.3.27.jar;C:\Users\vasco\.m2\repository\org\springframework\spring-jcl\5.3.27\spring-jcl-5.3.27.jar;C:\Users\vasco\.m2\repository\org\springframework\spring-expression\5.3.27\spring-expression-5.3.27.jar;C:\Users\vasco\.m2\repository\org\springframework\spring-web\5.3.27\spring-web-5.3.27.jar;C:\Users\vasco\.m2\repository\org\springframework\spring-context-support\5.3.27\spring-context-support-5.3.27.jar;C:\Users\vasco\.m2\repository\org\springframework\spring-jdbc\5.3.27\spring-jdbc-5.3.27.jar;C:\Users\vasco\.m2\repository\org\springframework\spring-tx\5.3.27\spring-tx-5.3.27.jar;C:\Users\vasco\.m2\repository\org\springframework\spring-oxm\5.3.27\spring-oxm-5.3.27.jar;C:\Users\vasco\.m2\repository\org\springframework\security\spring-security-web\5.8.3\spring-security-web-5.8.3.jar;C:\Users\vasco\.m2\repository\org\springframework\security\spring-security-core\5.8.3\spring-security-core-5.8.3.jar;C:\Users\vasco\.m2\repository\org\springframework\security\spring-security-crypto\5.8.3\spring-security-crypto-5.8.3.jar;C:\Users\vasco\.m2\repository\org\springframework\security\spring-security-config\5.8.3\spring-security-config-5.8.3.jar;C:\Users\vasco\.m2\repository\org\thymeleaf\thymeleaf-spring5\3.0.15.RELEASE\thymeleaf-spring5-3.0.15.RELEASE.jar;C:\Users\vasco\.m2\repository\org\thymeleaf\thymeleaf\3.0.15.RELEASE\thymeleaf-3.0.15.RELEASE.jar;C:\Users\vasco\.m2\repository\org\attoparser\attoparser\2.0.5.RELEASE\attoparser-2.0.5.RELEASE.jar;C:\Users\vasco\.m2\repository\org\unbescape\unbescape\1.1.6.RELEASE\unbescape-1.1.6.RELEASE.jar;C:\Users\vasco\.m2\repository\nz\net\ultraq\thymeleaf\thymeleaf-layout-dialect\3.2.1\thymeleaf-layout-dialect-3.2.1.jar;C:\Users\vasco\.m2\repository\org\apache\groovy\groovy\4.0.10\groovy-4.0.10.jar;C:\Users\vasco\.m2\repository\nz\net\ultraq\groovy\groovy-extensions\2.1.0\groovy-extensions-2.1.0.jar;C:\Users\vasco\.m2\repository\nz\net\ultraq\thymeleaf\thymeleaf-expression-processor\3.1.1\thymeleaf-expression-processor-3.1.1.jar;C:\Users\vasco\OneDrive\Documents\Grupo1\AP2-PD2\dss-demonstrations-5.12.1\dss-mock-tsa\target\dss-mock-tsa-5.12.1.jar;C:\Users\vasco\.m2\repository\eu\europa\ec\joinup\sd-dss\dss-spi\5.12.1\dss-spi-5.12.1.jar;C:\Users\vasco\.m2\repository\org\bouncycastle\bcpkix-jdk18on\1.72\bcpkix-jdk18on-1.72.jar;C:\Users\vasco\.m2\repository\org\bouncycastle\bcutil-jdk18on\1.72\bcutil-jdk18on-1.72.jar;C:\Users\vasco\.m2\repository\eu\europa\ec\joinup\sd-dss\dss-service\5.12.1\dss-service-5.12.1.jar;C:\Users\vasco\.m2\repository\org\apache\httpcomponents\client5\httpclient5\5.2.1\httpclient5-5.2.1.jar;C:\Users\vasco\.m2\repository\org\apache\httpcomponents\core5\httpcore5\5.2\httpcore5-5.2.jar;C:\Users\vasco\.m2\repository\org\apache\httpcomponents\core5\httpcore5-h2\5.2\httpcore5-h2-5.2.jar;C:\Users\vasco\.m2\repository\eu\europa\ec\joinup\sd-dss\dss-tsl-validation\5.12.1\dss-tsl-validation-5.12.1.jar;C:\Users\vasco\.m2\repository\eu\europa\ec\joinup\sd-dss\specs-trusted-list\5.12.1\specs-trusted-list-5.12.1.jar;C:\Users\vasco\.m2\repository\eu\europa\ec\joinup\sd-dss\specs-xmldsig\5.12.1\specs-xmldsig-5.12.1.jar;C:\Users\vasco\.m2\repository\eu\europa\ec\joinup\sd-dss\dss-jaxb-common\5.12.1\dss-jaxb-common-5.12.1.jar;C:\Users\vasco\.m2\repository\eu\europa\ec\joinup\sd-dss\dss-alert\5.12.1\dss-alert-5.12.1.jar;C:\Users\vasco\.m2\repository\eu\europa\ec\joinup\sd-dss\specs-xades\5.12.1\specs-xades-5.12.1.jar;C:\Users\vasco\.m2\repository\eu\europa\ec\joinup\sd-dss\dss-jaxb-parsers\5.12.1\dss-jaxb-parsers-5.12.1.jar;C:\Users\vasco\.m2\repository\eu\europa\ec\joinup\sd-dss\dss-xades\5.12.1\dss-xades-5.12.1.jar;C:\Users\vasco\.m2\repository\eu\europa\ec\joinup\sd-dss\dss-document\5.12.1\dss-document-5.12.1.jar;C:\Users\vasco\.m2\repository\eu\europa\ec\joinup\sd-dss\validation-policy\5.12.1\validation-policy-5.12.1.jar;C:\Users\vasco\.m2\repository\eu\europa\ec\joinup\sd-dss\dss-policy-jaxb\5.12.1\dss-policy-jaxb-5.12.1.jar;C:\Users\vasco\.m2\repository\eu\europa\ec\joinup\sd-dss\dss-i18n\5.12.1\dss-i18n-5.12.1.jar;C:\Users\vasco\.m2\repository\org\apache\santuario\xmlsec\2.3.3\xmlsec-2.3.3.jar;C:\Users\vasco\.m2\repository\commons-codec\commons-codec\1.15\commons-codec-1.15.jar;C:\Users\vasco\.m2\repository\eu\europa\ec\joinup\sd-dss\dss-utils-google-guava\5.12.1\dss-utils-google-guava-5.12.1.jar;C:\Users\vasco\.m2\repository\eu\europa\ec\joinup\sd-dss\dss-utils\5.12.1\dss-utils-5.12.1.jar;C:\Users\vasco\.m2\repository\com\google\guava\guava\32.0.0-jre\guava-32.0.0-jre.jar;C:\Users\vasco\.m2\repository\com\google\guava\failureaccess\1.0.1\failureaccess-1.0.1.jar;C:\Users\vasco\.m2\repository\com\google\guava\listenablefuture\9999.0-empty-to-avoid-conflict-with-guava\listenablefuture-9999.0-empty-to-avoid-conflict-with-guava.jar;C:\Users\vasco\.m2\repository\com\google\code\findbugs\jsr305\3.0.2\jsr305-3.0.2.jar;C:\Users\vasco\.m2\repository\org\checkerframework\checker-qual\3.33.0\checker-qual-3.33.0.jar;C:\Users\vasco\.m2\repository\com\google\errorprone\error_prone_annotations\2.18.0\error_prone_annotations-2.18.0.jar;C:\Users\vasco\.m2\repository\com\google\j2objc\j2objc-annotations\2.8\j2objc-annotations-2.8.jar;C:\Users\vasco\.m2\repository\eu\europa\ec\joinup\sd-dss\dss-crl-parser-stream\5.12.1\dss-crl-parser-stream-5.12.1.jar;C:\Users\vasco\.m2\repository\eu\europa\ec\joinup\sd-dss\dss-crl-parser\5.12.1\dss-crl-parser-5.12.1.jar;C:\Users\vasco\.m2\repository\org\bouncycastle\bcprov-jdk18on\1.72\bcprov-jdk18on-1.72.jar;C:\Users\vasco\.m2\repository\org\apache\cxf\cxf-rt-transports-http\3.5.5\cxf-rt-transports-http-3.5.5.jar;C:\Users\vasco\.m2\repository\org\apache\cxf\cxf-core\3.5.5\cxf-core-3.5.5.jar;C:\Users\vasco\.m2\repository\com\fasterxml\woodstox\woodstox-core\6.5.0\woodstox-core-6.5.0.jar;C:\Users\vasco\.m2\repository\org\codehaus\woodstox\stax2-api\4.2.1\stax2-api-4.2.1.jar;C:\Users\vasco\.m2\repository\org\apache\ws\xmlschema\xmlschema-core\2.3.0\xmlschema-core-2.3.0.jar;C:\Users\vasco\.m2\repository\jakarta\annotation\jakarta.annotation-api\1.3.5\jakarta.annotation-api-1.3.5.jar;C:\Users\vasco\.m2\repository\jakarta\xml\ws\jakarta.xml.ws-api\2.3.3\jakarta.xml.ws-api-2.3.3.jar;C:\Users\vasco\.m2\repository\jakarta\jws\jakarta.jws-api\2.1.0\jakarta.jws-api-2.1.0.jar;C:\Users\vasco\.m2\repository\jakarta\xml\soap\jakarta.xml.soap-api\1.4.2\jakarta.xml.soap-api-1.4.2.jar;C:\Users\vasco\.m2\repository\jakarta\activation\jakarta.activation-api\1.2.2\jakarta.activation-api-1.2.2.jar;C:\Users\vasco\.m2\repository\com\sun\activation\jakarta.activation\1.2.2\jakarta.activation-1.2.2.jar;C:\Users\vasco\.m2\repository\com\sun\xml\messaging\saaj\saaj-impl\1.5.3\saaj-impl-1.5.3.jar;C:\Users\vasco\.m2\repository\org\jvnet\staxex\stax-ex\1.8.3\stax-ex-1.8.3.jar;C:\Users\vasco\.m2\repository\org\apache\geronimo\specs\geronimo-jta_1.1_spec\1.1.1\geronimo-jta_1.1_spec-1.1.1.jar;C:\Users\vasco\.m2\repository\org\apache\cxf\cxf-rt-frontend-jaxws\3.5.5\cxf-rt-frontend-jaxws-3.5.5.jar;C:\Users\vasco\.m2\repository\xml-resolver\xml-resolver\1.2\xml-resolver-1.2.jar;C:\Users\vasco\.m2\repository\org\ow2\asm\asm\9.4\asm-9.4.jar;C:\Users\vasco\.m2\repository\org\apache\cxf\cxf-rt-bindings-soap\3.5.5\cxf-rt-bindings-soap-3.5.5.jar;C:\Users\vasco\.m2\repository\org\apache\cxf\cxf-rt-wsdl\3.5.5\cxf-rt-wsdl-3.5.5.jar;C:\Users\vasco\.m2\repository\wsdl4j\wsdl4j\1.6.3\wsdl4j-1.6.3.jar;C:\Users\vasco\.m2\repository\org\apache\cxf\cxf-rt-databinding-jaxb\3.5.5\cxf-rt-databinding-jaxb-3.5.5.jar;C:\Users\vasco\.m2\repository\org\apache\cxf\cxf-rt-bindings-xml\3.5.5\cxf-rt-bindings-xml-3.5.5.jar;C:\Users\vasco\.m2\repository\org\apache\cxf\cxf-rt-frontend-simple\3.5.5\cxf-rt-frontend-simple-3.5.5.jar;C:\Users\vasco\.m2\repository\org\apache\cxf\cxf-rt-ws-addr\3.5.5\cxf-rt-ws-addr-3.5.5.jar;C:\Users\vasco\.m2\repository\org\apache\cxf\cxf-rt-ws-policy\3.5.5\cxf-rt-ws-policy-3.5.5.jar;C:\Users\vasco\.m2\repository\org\apache\cxf\cxf-rt-ws-security\3.5.5\cxf-rt-ws-security-3.5.5.jar;C:\Users\vasco\.m2\repository\org\apache\cxf\cxf-rt-security-saml\3.5.5\cxf-rt-security-saml-3.5.5.jar;C:\Users\vasco\.m2\repository\org\apache\cxf\cxf-rt-security\3.5.5\cxf-rt-security-3.5.5.jar;C:\Users\vasco\.m2\repository\org\ehcache\ehcache\3.9.3\ehcache-3.9.3.jar;C:\Users\vasco\.m2\repository\org\apache\wss4j\wss4j-ws-security-dom\2.4.1\wss4j-ws-security-dom-2.4.1.jar;C:\Users\vasco\.m2\repository\org\apache\wss4j\wss4j-ws-security-common\2.4.1\wss4j-ws-security-common-2.4.1.jar;C:\Users\vasco\.m2\repository\org\opensaml\opensaml-saml-impl\3.4.6\opensaml-saml-impl-3.4.6.jar;C:\Users\vasco\.m2\repository\org\opensaml\opensaml-profile-api\3.4.6\opensaml-profile-api-3.4.6.jar;C:\Users\vasco\.m2\repository\org\opensaml\opensaml-core\3.4.6\opensaml-core-3.4.6.jar;C:\Users\vasco\.m2\repository\io\dropwizard\metrics\metrics-core\3.1.5\metrics-core-3.1.5.jar;C:\Users\vasco\.m2\repository\org\opensaml\opensaml-saml-api\3.4.6\opensaml-saml-api-3.4.6.jar;C:\Users\vasco\.m2\repository\org\opensaml\opensaml-xmlsec-api\3.4.6\opensaml-xmlsec-api-3.4.6.jar;C:\Users\vasco\.m2\repository\org\opensaml\opensaml-soap-api\3.4.6\opensaml-soap-api-3.4.6.jar;C:\Users\vasco\.m2\repository\org\opensaml\opensaml-security-impl\3.4.6\opensaml-security-impl-3.4.6.jar;C:\Users\vasco\.m2\repository\org\opensaml\opensaml-security-api\3.4.6\opensaml-security-api-3.4.6.jar;C:\Users\vasco\.m2\repository\org\opensaml\opensaml-xmlsec-impl\3.4.6\opensaml-xmlsec-impl-3.4.6.jar;C:\Users\vasco\.m2\repository\net\shibboleth\utilities\java-support\7.5.2\java-support-7.5.2.jar;C:\Users\vasco\.m2\repository\org\cryptacular\cryptacular\1.2.4\cryptacular-1.2.4.jar;C:\Users\vasco\.m2\repository\org\bouncycastle\bcprov-jdk15on\1.64\bcprov-jdk15on-1.64.jar;C:\Users\vasco\.m2\repository\joda-time\joda-time\2.10.10\joda-time-2.10.10.jar;C:\Users\vasco\.m2\repository\org\opensaml\opensaml-xacml-impl\3.4.6\opensaml-xacml-impl-3.4.6.jar;C:\Users\vasco\.m2\repository\org\opensaml\opensaml-xacml-api\3.4.6\opensaml-xacml-api-3.4.6.jar;C:\Users\vasco\.m2\repository\org\opensaml\opensaml-xacml-saml-impl\3.4.6\opensaml-xacml-saml-impl-3.4.6.jar;C:\Users\vasco\.m2\repository\org\opensaml\opensaml-xacml-saml-api\3.4.6\opensaml-xacml-saml-api-3.4.6.jar;C:\Users\vasco\.m2\repository\org\jasypt\jasypt\1.9.3\jasypt-1.9.3.jar;C:\Users\vasco\.m2\repository\org\apache\geronimo\javamail\geronimo-javamail_1.4_mail\1.8.4\geronimo-javamail_1.4_mail-1.8.4.jar;C:\Users\vasco\.m2\repository\org\apache\wss4j\wss4j-policy\2.4.1\wss4j-policy-2.4.1.jar;C:\Users\vasco\.m2\repository\org\apache\neethi\neethi\3.1.1\neethi-3.1.1.jar;C:\Users\vasco\.m2\repository\org\apache\wss4j\wss4j-ws-security-stax\2.4.1\wss4j-ws-security-stax-2.4.1.jar;C:\Users\vasco\.m2\repository\org\apache\wss4j\wss4j-bindings\2.4.1\wss4j-bindings-2.4.1.jar;C:\Users\vasco\.m2\repository\org\apache\wss4j\wss4j-ws-security-policy-stax\2.4.1\wss4j-ws-security-policy-stax-2.4.1.jar;C:\Users\vasco\.m2\repository\eu\europa\ec\joinup\sd-dss\dss-signature-soap\5.12.1\dss-signature-soap-5.12.1.jar;C:\Users\vasco\.m2\repository\eu\europa\ec\joinup\sd-dss\dss-signature-soap-client\5.12.1\dss-signature-soap-client-5.12.1.jar;C:\Users\vasco\.m2\repository\eu\europa\ec\joinup\sd-dss\dss-signature-dto\5.12.1\dss-signature-dto-5.12.1.jar;C:\Users\vasco\.m2\repository\eu\europa\ec\joinup\sd-dss\dss-common-remote-dto\5.12.1\dss-common-remote-dto-5.12.1.jar;C:\Users\vasco\.m2\repository\eu\europa\ec\joinup\sd-dss\dss-signature-remote\5.12.1\dss-signature-remote-5.12.1.jar;C:\Users\vasco\.m2\repository\eu\europa\ec\joinup\sd-dss\dss-common-remote-converter\5.12.1\dss-common-remote-converter-5.12.1.jar;C:\Users\vasco\.m2\repository\eu\europa\ec\joinup\sd-dss\dss-cades\5.12.1\dss-cades-5.12.1.jar;C:\Users\vasco\.m2\repository\eu\europa\ec\joinup\sd-dss\dss-jades\5.12.1\dss-jades-5.12.1.jar;C:\Users\vasco\.m2\repository\eu\europa\ec\joinup\sd-dss\specs-jades\5.12.1\specs-jades-5.12.1.jar;C:\Users\vasco\.m2\repository\eu\europa\ec\joinup\sd-dss\specs-jws\5.12.1\specs-jws-5.12.1.jar;C:\Users\vasco\.m2\repository\com\github\erosb\everit-json-schema\1.14.2\everit-json-schema-1.14.2.jar;C:\Users\vasco\.m2\repository\org\json\json\20230227\json-20230227.jar;C:\Users\vasco\.m2\repository\commons-validator\commons-validator\1.7\commons-validator-1.7.jar;C:\Users\vasco\.m2\repository\commons-digester\commons-digester\2.1\commons-digester-2.1.jar;C:\Users\vasco\.m2\repository\commons-collections\commons-collections\3.2.2\commons-collections-3.2.2.jar;C:\Users\vasco\.m2\repository\com\damnhandy\handy-uri-templates\2.1.8\handy-uri-templates-2.1.8.jar;C:\Users\vasco\.m2\repository\com\google\re2j\re2j\1.6\re2j-1.6.jar;C:\Users\vasco\.m2\repository\org\bitbucket\b_c\jose4j\0.9.3\jose4j-0.9.3.jar;C:\Users\vasco\.m2\repository\eu\europa\ec\joinup\sd-dss\dss-asic-cades\5.12.1\dss-asic-cades-5.12.1.jar;C:\Users\vasco\.m2\repository\eu\europa\ec\joinup\sd-dss\dss-asic-common\5.12.1\dss-asic-common-5.12.1.jar;C:\Users\vasco\.m2\repository\eu\europa\ec\joinup\sd-dss\dss-asic-xades\5.12.1\dss-asic-xades-5.12.1.jar;C:\Users\vasco\.m2\repository\eu\europa\ec\joinup\sd-dss\dss-validation-soap\5.12.1\dss-validation-soap-5.12.1.jar;C:\Users\vasco\.m2\repository\eu\europa\ec\joinup\sd-dss\dss-validation-soap-client\5.12.1\dss-validation-soap-client-5.12.1.jar;C:\Users\vasco\.m2\repository\eu\europa\ec\joinup\sd-dss\dss-validation-dto\5.12.1\dss-validation-dto-5.12.1.jar;C:\Users\vasco\.m2\repository\eu\europa\ec\joinup\sd-dss\dss-diagnostic-jaxb\5.12.1\dss-diagnostic-jaxb-5.12.1.jar;C:\Users\vasco\.m2\repository\eu\europa\ec\joinup\sd-dss\dss-simple-report-jaxb\5.12.1\dss-simple-report-jaxb-5.12.1.jar;C:\Users\vasco\.m2\repository\eu\europa\ec\joinup\sd-dss\dss-detailed-report-jaxb\5.12.1\dss-detailed-report-jaxb-5.12.1.jar;C:\Users\vasco\.m2\repository\eu\europa\ec\joinup\sd-dss\specs-validation-report\5.12.1\specs-validation-report-5.12.1.jar;C:\Users\vasco\.m2\repository\eu\europa\ec\joinup\sd-dss\dss-validation-server-common\5.12.1\dss-validation-server-common-5.12.1.jar;C:\Users\vasco\.m2\repository\eu\europa\ec\joinup\sd-dss\dss-certificate-validation-soap\5.12.1\dss-certificate-validation-soap-5.12.1.jar;C:\Users\vasco\.m2\repository\eu\europa\ec\joinup\sd-dss\dss-certificate-validation-common\5.12.1\dss-certificate-validation-common-5.12.1.jar;C:\Users\vasco\.m2\repository\eu\europa\ec\joinup\sd-dss\dss-certificate-validation-dto\5.12.1\dss-certificate-validation-dto-5.12.1.jar;C:\Users\vasco\.m2\repository\eu\europa\ec\joinup\sd-dss\dss-simple-certificate-report-jaxb\5.12.1\dss-simple-certificate-report-jaxb-5.12.1.jar;C:\Users\vasco\.m2\repository\eu\europa\ec\joinup\sd-dss\dss-certificate-validation-soap-client\5.12.1\dss-certificate-validation-soap-client-5.12.1.jar;C:\Users\vasco\.m2\repository\eu\europa\ec\joinup\sd-dss\dss-server-signing-soap\5.12.1\dss-server-signing-soap-5.12.1.jar;C:\Users\vasco\.m2\repository\eu\europa\ec\joinup\sd-dss\dss-server-signing-common\5.12.1\dss-server-signing-common-5.12.1.jar;C:\Users\vasco\.m2\repository\eu\europa\ec\joinup\sd-dss\dss-server-signing-dto\5.12.1\dss-server-signing-dto-5.12.1.jar;C:\Users\vasco\.m2\repository\eu\europa\ec\joinup\sd-dss\dss-server-signing-soap-client\5.12.1\dss-server-signing-soap-client-5.12.1.jar;C:\Users\vasco\.m2\repository\eu\europa\ec\joinup\sd-dss\dss-timestamp-remote-soap\5.12.1\dss-timestamp-remote-soap-5.12.1.jar;C:\Users\vasco\.m2\repository\eu\europa\ec\joinup\sd-dss\dss-timestamp-remote\5.12.1\dss-timestamp-remote-5.12.1.jar;C:\Users\vasco\.m2\repository\eu\europa\ec\joinup\sd-dss\dss-timestamp-dto\5.12.1\dss-timestamp-dto-5.12.1.jar;C:\Users\vasco\.m2\repository\eu\europa\ec\joinup\sd-dss\dss-timestamp-remote-soap-client\5.12.1\dss-timestamp-remote-soap-client-5.12.1.jar;C:\Users\vasco\.m2\repository\eu\europa\ec\joinup\sd-dss\dss-pades-pdfbox\5.12.1\dss-pades-pdfbox-5.12.1.jar;C:\Users\vasco\.m2\repository\eu\europa\ec\joinup\sd-dss\dss-pades\5.12.1\dss-pades-5.12.1.jar;C:\Users\vasco\.m2\repository\org\apache\pdfbox\pdfbox\2.0.28\pdfbox-2.0.28.jar;C:\Users\vasco\.m2\repository\org\apache\pdfbox\fontbox\2.0.28\fontbox-2.0.28.jar;C:\Users\vasco\.m2\repository\org\apache\cxf\cxf-rt-rs-service-description\3.5.5\cxf-rt-rs-service-description-3.5.5.jar;C:\Users\vasco\.m2\repository\org\apache\cxf\cxf-rt-frontend-jaxrs\3.5.5\cxf-rt-frontend-jaxrs-3.5.5.jar;C:\Users\vasco\.m2\repository\jakarta\ws\rs\jakarta.ws.rs-api\2.1.6\jakarta.ws.rs-api-2.1.6.jar;C:\Users\vasco\.m2\repository\org\apache\cxf\cxf-rt-features-logging\3.5.5\cxf-rt-features-logging-3.5.5.jar;C:\Users\vasco\.m2\repository\org\apache\cxf\cxf-rt-rs-service-description-openapi-v3\3.5.5\cxf-rt-rs-service-description-openapi-v3-3.5.5.jar;C:\Users\vasco\.m2\repository\org\apache\cxf\cxf-rt-rs-service-description-common-openapi\3.5.5\cxf-rt-rs-service-description-common-openapi-3.5.5.jar;C:\Users\vasco\.m2\repository\org\apache\cxf\cxf-rt-rs-service-description-swagger-ui\3.5.5\cxf-rt-rs-service-description-swagger-ui-3.5.5.jar;C:\Users\vasco\.m2\repository\io\swagger\core\v3\swagger-jaxrs2\2.1.13\swagger-jaxrs2-2.1.13.jar;C:\Users\vasco\.m2\repository\io\github\classgraph\classgraph\4.8.138\classgraph-4.8.138.jar;C:\Users\vasco\.m2\repository\org\javassist\javassist\3.25.0-GA\javassist-3.25.0-GA.jar;C:\Users\vasco\.m2\repository\io\swagger\core\v3\swagger-models\2.1.13\swagger-models-2.1.13.jar;C:\Users\vasco\.m2\repository\io\swagger\core\v3\swagger-annotations\2.1.13\swagger-annotations-2.1.13.jar;C:\Users\vasco\.m2\repository\io\swagger\core\v3\swagger-integration\2.1.13\swagger-integration-2.1.13.jar;C:\Users\vasco\.m2\repository\io\swagger\core\v3\swagger-core\2.1.13\swagger-core-2.1.13.jar;C:\Users\vasco\.m2\repository\org\apache\commons\commons-lang3\3.12.0\commons-lang3-3.12.0.jar;C:\Users\vasco\.m2\repository\com\fasterxml\jackson\dataformat\jackson-dataformat-yaml\2.12.1\jackson-dataformat-yaml-2.12.1.jar;C:\Users\vasco\.m2\repository\com\fasterxml\jackson\datatype\jackson-datatype-jsr310\2.12.1\jackson-datatype-jsr310-2.12.1.jar;C:\Users\vasco\.m2\repository\org\webjars\swagger-ui\4.18.2\swagger-ui-4.18.2.jar;C:\Users\vasco\.m2\repository\com\fasterxml\jackson\jaxrs\jackson-jaxrs-json-provider\2.15.1\jackson-jaxrs-json-provider-2.15.1.jar;C:\Users\vasco\.m2\repository\com\fasterxml\jackson\jaxrs\jackson-jaxrs-base\2.15.1\jackson-jaxrs-base-2.15.1.jar;C:\Users\vasco\.m2\repository\com\fasterxml\jackson\core\jackson-core\2.15.1\jackson-core-2.15.1.jar;C:\Users\vasco\.m2\repository\com\fasterxml\jackson\core\jackson-databind\2.15.1\jackson-databind-2.15.1.jar;C:\Users\vasco\.m2\repository\com\fasterxml\jackson\module\jackson-module-jaxb-annotations\2.15.1\jackson-module-jaxb-annotations-2.15.1.jar;C:\Users\vasco\.m2\repository\com\fasterxml\jackson\core\jackson-annotations\2.15.1\jackson-annotations-2.15.1.jar;C:\Users\vasco\.m2\repository\eu\europa\ec\joinup\sd-dss\dss-signature-rest\5.12.1\dss-signature-rest-5.12.1.jar;C:\Users\vasco\.m2\repository\eu\europa\ec\joinup\sd-dss\dss-signature-rest-client\5.12.1\dss-signature-rest-client-5.12.1.jar;C:\Users\vasco\.m2\repository\eu\europa\ec\joinup\sd-dss\dss-validation-rest\5.12.1\dss-validation-rest-5.12.1.jar;C:\Users\vasco\.m2\repository\eu\europa\ec\joinup\sd-dss\dss-validation-rest-client\5.12.1\dss-validation-rest-client-5.12.1.jar;C:\Users\vasco\.m2\repository\eu\europa\ec\joinup\sd-dss\dss-certificate-validation-rest\5.12.1\dss-certificate-validation-rest-5.12.1.jar;C:\Users\vasco\.m2\repository\eu\europa\ec\joinup\sd-dss\dss-certificate-validation-rest-client\5.12.1\dss-certificate-validation-rest-client-5.12.1.jar;C:\Users\vasco\.m2\repository\eu\europa\ec\joinup\sd-dss\dss-server-signing-rest\5.12.1\dss-server-signing-rest-5.12.1.jar;C:\Users\vasco\.m2\repository\eu\europa\ec\joinup\sd-dss\dss-server-signing-rest-client\5.12.1\dss-server-signing-rest-client-5.12.1.jar;C:\Users\vasco\.m2\repository\eu\europa\ec\joinup\sd-dss\dss-timestamp-remote-rest\5.12.1\dss-timestamp-remote-rest-5.12.1.jar;C:\Users\vasco\.m2\repository\eu\europa\ec\joinup\sd-dss\dss-timestamp-remote-rest-client\5.12.1\dss-timestamp-remote-rest-client-5.12.1.jar;C:\Users\vasco\.m2\repository\org\apache\cxf\cxf-rt-rs-client\3.5.5\cxf-rt-rs-client-3.5.5.jar;C:\Users\vasco\.m2\repository\eu\europa\ec\joinup\sd-dss\dss-token\5.12.1\dss-token-5.12.1.jar;C:\Users\vasco\.m2\repository\eu\europa\ec\joinup\sd-dss\dss-model\5.12.1\dss-model-5.12.1.jar;C:\Users\vasco\.m2\repository\eu\europa\ec\joinup\sd-dss\dss-enumerations\5.12.1\dss-enumerations-5.12.1.jar;C:\Users\vasco\.m2\repository\org\slf4j\jcl-over-slf4j\2.0.7\jcl-over-slf4j-2.0.7.jar;C:\Users\vasco\.m2\repository\org\slf4j\slf4j-api\2.0.7\slf4j-api-2.0.7.jar;C:\Users\vasco\.m2\repository\ch\qos\logback\logback-classic\1.3.7\logback-classic-1.3.7.jar;C:\Users\vasco\.m2\repository\ch\qos\logback\logback-core\1.3.7\logback-core-1.3.7.jar;C:\Users\vasco\.m2\repository\org\hsqldb\hsqldb\2.5.2\hsqldb-2.5.2.jar;C:\Users\vasco\.m2\repository\com\zaxxer\HikariCP\4.0.3\HikariCP-4.0.3.jar;C:\Users\vasco\.m2\repository\commons-fileupload\commons-fileupload\1.5\commons-fileupload-1.5.jar;C:\Users\vasco\.m2\repository\commons-io\commons-io\2.12.0\commons-io-2.12.0.jar;C:\Users\vasco\.m2\repository\org\freemarker\freemarker\2.3.32\freemarker-2.3.32.jar;C:\Users\vasco\.m2\repository\org\apache\xmlgraphics\fop-core\2.8\fop-core-2.8.jar;C:\Users\vasco\.m2\repository\org\apache\xmlgraphics\batik-anim\1.16\batik-anim-1.16.jar;C:\Users\vasco\.m2\repository\org\apache\xmlgraphics\batik-css\1.16\batik-css-1.16.jar;C:\Users\vasco\.m2\repository\org\apache\xmlgraphics\batik-dom\1.16\batik-dom-1.16.jar;C:\Users\vasco\.m2\repository\xml-apis\xml-apis\1.4.01\xml-apis-1.4.01.jar;C:\Users\vasco\.m2\repository\org\apache\xmlgraphics\batik-ext\1.16\batik-ext-1.16.jar;C:\Users\vasco\.m2\repository\org\apache\xmlgraphics\batik-parser\1.16\batik-parser-1.16.jar;C:\Users\vasco\.m2\repository\org\apache\xmlgraphics\batik-shared-resources\1.16\batik-shared-resources-1.16.jar;C:\Users\vasco\.m2\repository\org\apache\xmlgraphics\batik-svg-dom\1.16\batik-svg-dom-1.16.jar;C:\Users\vasco\.m2\repository\org\apache\xmlgraphics\batik-util\1.16\batik-util-1.16.jar;C:\Users\vasco\.m2\repository\org\apache\xmlgraphics\batik-constants\1.16\batik-constants-1.16.jar;C:\Users\vasco\.m2\repository\org\apache\xmlgraphics\batik-i18n\1.16\batik-i18n-1.16.jar;C:\Users\vasco\.m2\repository\xml-apis\xml-apis-ext\1.3.04\xml-apis-ext-1.3.04.jar;C:\Users\vasco\.m2\repository\org\apache\xmlgraphics\batik-awt-util\1.16\batik-awt-util-1.16.jar;C:\Users\vasco\.m2\repository\org\apache\xmlgraphics\batik-bridge\1.16\batik-bridge-1.16.jar;C:\Users\vasco\.m2\repository\org\apache\xmlgraphics\batik-script\1.16\batik-script-1.16.jar;C:\Users\vasco\.m2\repository\org\apache\xmlgraphics\batik-xml\1.16\batik-xml-1.16.jar;C:\Users\vasco\.m2\repository\org\apache\xmlgraphics\batik-extension\1.16\batik-extension-1.16.jar;C:\Users\vasco\.m2\repository\org\apache\xmlgraphics\batik-gvt\1.16\batik-gvt-1.16.jar;C:\Users\vasco\.m2\repository\org\apache\xmlgraphics\batik-transcoder\1.16\batik-transcoder-1.16.jar;C:\Users\vasco\.m2\repository\org\apache\xmlgraphics\batik-svggen\1.16\batik-svggen-1.16.jar;C:\Users\vasco\.m2\repository\org\apache\xmlgraphics\fop-events\2.8\fop-events-2.8.jar;C:\Users\vasco\.m2\repository\com\thoughtworks\qdox\qdox\1.12\qdox-1.12.jar;C:\Users\vasco\.m2\repository\org\apache\xmlgraphics\fop-util\2.8\fop-util-2.8.jar;C:\Users\vasco\.m2\repository\org\apache\xmlgraphics\xmlgraphics-commons\2.8\xmlgraphics-commons-2.8.jar;C:\Users\vasco\.m2\repository\org\glassfish\jaxb\jaxb-runtime\2.3.8\jaxb-runtime-2.3.8.jar;C:\Users\vasco\.m2\repository\jakarta\xml\bind\jakarta.xml.bind-api\2.3.3\jakarta.xml.bind-api-2.3.3.jar;C:\Users\vasco\.m2\repository\org\glassfish\jaxb\txw2\2.3.8\txw2-2.3.8.jar;C:\Users\vasco\.m2\repository\com\sun\istack\istack-commons-runtime\3.0.12\istack-commons-runtime-3.0.12.jar;C:\Users\vasco\.m2\repository\org\webjars\bootstrap\4.6.2\bootstrap-4.6.2.jar;C:\Users\vasco\.m2\repository\org\webjars\popper.js\1.16.0\popper.js-1.16.0.jar;C:\Users\vasco\.m2\repository\org\webjars\jquery\3.6.4\jquery-3.6.4.jar;C:\Users\vasco\.m2\repository\org\webjars\font-awesome\4.7.0\font-awesome-4.7.0.jar;C:\Users\vasco\.m2\repository\org\webjars\highlightjs\11.5.0\highlightjs-11.5.0.jar;C:\Users\vasco\.m2\repository\javax\servlet\javax.servlet-api\4.0.1\javax.servlet-api-4.0.1.jar;C:\Users\vasco\.m2\repository\org\hibernate\validator\hibernate-validator\6.2.5.Final\hibernate-validator-6.2.5.Final.jar;C:\Users\vasco\.m2\repository\jakarta\validation\jakarta.validation-api\2.0.2\jakarta.validation-api-2.0.2.jar;C:\Users\vasco\.m2\repository\org\jboss\logging\jboss-logging\3.4.1.Final\jboss-logging-3.4.1.Final.jar;C:\Users\vasco\.m2\repository\com\fasterxml\classmate\1.5.1\classmate-1.5.1.jar;C:\Users\vasco\.m2\repository\org\junit\jupiter\junit-jupiter-engine\5.9.3\junit-jupiter-engine-5.9.3.jar;C:\Users\vasco\.m2\repository\org\junit\platform\junit-platform-engine\1.9.3\junit-platform-engine-1.9.3.jar;C:\Users\vasco\.m2\repository\org\opentest4j\opentest4j\1.2.0\opentest4j-1.2.0.jar;C:\Users\vasco\.m2\repository\org\junit\platform\junit-platform-commons\1.9.3\junit-platform-commons-1.9.3.jar;C:\Users\vasco\.m2\repository\org\junit\jupiter\junit-jupiter-api\5.9.3\junit-jupiter-api-5.9.3.jar;C:\Users\vasco\.m2\repository\org\apiguardian\apiguardian-api\1.1.2\apiguardian-api-1.1.2.jar;C:\Users\vasco\.m2\repository\org\springframework\spring-test\5.3.27\spring-test-5.3.27.jar;C:\Users\vasco\.m2\repository\org\apache\tomcat\embed\tomcat-embed-core\9.0.75\tomcat-embed-core-9.0.75.jar;C:\Users\vasco\.m2\repository\org\apache\tomcat\tomcat-annotations-api\9.0.75\tomcat-annotations-api-9.0.75.jar;"/>
    <property name="sun.cpu.endian" value="little"/>
    <property name="user.home" value="C:\Users\vasco"/>
    <property name="user.language" value="en"/>
    <property name="java.specification.vendor" value="Oracle Corporation"/>
    <property name="java.version.date" value="2023-04-18"/>
    <property name="java.home" value="C:\Program Files\Java\jdk-20"/>
    <property name="file.separator" value="\"/>
    <property name="basedir" value="C:\Users\vasco\OneDrive\Documents\Grupo1\AP2-PD2\dss-demonstrations-5.12.1\dss-demo-webapp"/>
    <property name="java.vm.compressedOopsMode" value="Zero based"/>
    <property name="line.separator" value="&#10;"/>
    <property name="java.vm.specification.vendor" value="Oracle Corporation"/>
    <property name="java.specification.name" value="Java Platform API Specification"/>
    <property name="surefire.real.class.path" value="C:\Users\vasco\AppData\Local\Temp\surefire8158129193014927780\surefirebooter-20230618174204168_7.jar"/>
    <property name="user.script" value=""/>
    <property name="sun.management.compiler" value="HotSpot 64-Bit Tiered Compilers"/>
    <property name="java.runtime.version" value="20.0.1+9-29"/>
    <property name="user.name" value="vasco"/>
    <property name="stdout.encoding" value="Cp1252"/>
    <property name="path.separator" value=";"/>
    <property name="os.version" value="10.0"/>
    <property name="java.runtime.name" value="Java(TM) SE Runtime Environment"/>
    <property name="file.encoding" value="UTF-8"/>
    <property name="java.vm.name" value="Java HotSpot(TM) 64-Bit Server VM"/>
    <property name="localRepository" value="C:\Users\vasco\.m2\repository"/>
    <property name="java.vendor.url.bug" value="https://bugreport.java.com/bugreport/"/>
    <property name="java.io.tmpdir" value="C:\Users\vasco\AppData\Local\Temp\"/>
    <property name="java.version" value="20.0.1"/>
    <property name="user.dir" value="C:\Users\vasco\OneDrive\Documents\Grupo1\AP2-PD2\dss-demonstrations-5.12.1\dss-demo-webapp"/>
    <property name="os.arch" value="amd64"/>
    <property name="java.vm.specification.name" value="Java Virtual Machine Specification"/>
    <property name="user.language.format" value="pt"/>
    <property name="sun.os.patch.level" value=""/>
    <property name="native.encoding" value="Cp1252"/>
    <property name="java.library.path" value="C:\Program Files\Java\jdk-20\bin;C:\Windows\Sun\Java\bin;C:\Windows\system32;C:\Windows;C:\Program Files\ImageMagick-7.1.1-Q16-HDRI;C:\Program Files\Common Files\Oracle\Java\javapath;C:\Windows\system32;C:\Windows;C:\Windows\System32\Wbem;C:\Windows\System32\WindowsPowerShell\v1.0\;C:\Windows\System32\OpenSSH\;C:\Program Files\Intel\WiFi\bin\;C:\Program Files\Common Files\Intel\WirelessCommon\;C:\Program Files\NVIDIA Corporation\NVIDIA NvDLISR;C:\Program Files\Git\cmd;C:\Program Files (x86)\NVIDIA Corporation\PhysX\Common;C:\Program Files\nodejs\;C:\Program Files\Maven\apache-maven-3.9.2\bin;C:\Program Files\MySQL\MySQL Server 8.0\bin;C:\Program Files\MySQL\MySQL Shell 8.0\bin\;C:\Users\vasco\AppData\Local\Microsoft\WindowsApps;C:\Users\vasco\AppData\Local\Programs\Microsoft VS Code\bin;C:\Users\vasco\AppData\Local\GitHubDesktop\bin;C:\Users\vasco\AppData\Local\JetBrains\Toolbox\scripts;C:\Users\vasco\AppData\Roaming\npm;."/>
    <property name="java.vm.info" value="mixed mode, sharing"/>
    <property name="stderr.encoding" value="Cp1252"/>
    <property name="java.vendor" value="Oracle Corporation"/>
    <property name="java.vm.version" value="20.0.1+9-29"/>
    <property name="sun.io.unicode.encoding" value="UnicodeLittle"/>
    <property name="java.class.version" value="64.0"/>
  </properties>
  <testcase name="test" classname="eu.europa.esig.dss.web.service.TSPConfigTest" time="0.508">
    <system-out><![CDATA[17:42:34.301 [main] INFO  o.s.t.c.w.WebTestContextBootstrapper - Loaded default TestExecutionListener class names from location [META-INF/spring.factories]: [org.springframework.test.context.web.ServletTestExecutionListener, org.springframework.test.context.support.DirtiesContextBeforeModesTestExecutionListener, org.springframework.test.context.event.ApplicationEventsTestExecutionListener, org.springframework.test.context.support.DependencyInjectionTestExecutionListener, org.springframework.test.context.support.DirtiesContextTestExecutionListener, org.springframework.test.context.transaction.TransactionalTestExecutionListener, org.springframework.test.context.jdbc.SqlScriptsTestExecutionListener, org.springframework.test.context.event.EventPublishingTestExecutionListener]
17:42:34.301 [main] INFO  o.s.t.c.w.WebTestContextBootstrapper - Using TestExecutionListeners: [org.springframework.test.context.web.ServletTestExecutionListener@2aef651, org.springframework.test.context.support.DirtiesContextBeforeModesTestExecutionListener@25000d3d, org.springframework.test.context.event.ApplicationEventsTestExecutionListener@72426ced, org.springframework.test.context.support.DependencyInjectionTestExecutionListener@37ddb835, org.springframework.test.context.support.DirtiesContextTestExecutionListener@42b4cce1, org.springframework.test.context.transaction.TransactionalTestExecutionListener@67f8586f, org.springframework.test.context.jdbc.SqlScriptsTestExecutionListener@63c6579, org.springframework.test.context.event.EventPublishingTestExecutionListener@5c7a699b]
17:42:34.809 [main] INFO  e.e.e.d.service.tsp.OnlineTSPSource - TSP Status: TS Service Status
17:42:34.810 [main] INFO  e.e.e.d.service.tsp.OnlineTSPSource - TSP SID : SN 646037643281482037, Issuer C=PT,O=Instituto dos Registos e do Notariado I.P.,OU=Cartão de Cidadão,OU=subECEstado,CN=EC de Assinatura Digital Qualificada do Cartão de Cidadão 0018
]]></system-out>
  </testcase>
</testsuite>