<?xml version="1.0" encoding="UTF-8"?>
<testsuite xmlns:xsi="http://www.w3.org/2001/XMLSchema-instance" xsi:noNamespaceSchemaLocation="https://maven.apache.org/surefire/maven-surefire-plugin/xsd/surefire-test-report-3.0.xsd" version="3.0" name="eu.europa.esig.dss.web.service.XSLTServiceTest" time="67.209" tests="4" errors="4" skipped="0" failures="0">
  <properties>
    <property name="java.specification.version" value="20"/>
    <property name="sun.cpu.isalist" value="amd64"/>
    <property name="sun.jnu.encoding" value="Cp1252"/>
    <property name="java.class.path" value="C:\Users\vasco\OneDrive\Documents\Grupo1\AP2-PD2\dss-demonstrations-5.12.1\dss-demo-webapp\target\test-classes;C:\Users\vasco\OneDrive\Documents\Grupo1\AP2-PD2\dss-demonstrations-5.12.1\dss-demo-webapp\target\classes;C:\Users\vasco\.m2\repository\org\springframework\boot\spring-boot-starter-data-jpa\2.5.2\spring-boot-starter-data-jpa-2.5.2.jar;C:\Users\vasco\.m2\repository\org\springframework\boot\spring-boot-starter-aop\2.5.2\spring-boot-starter-aop-2.5.2.jar;C:\Users\vasco\.m2\repository\org\springframework\boot\spring-boot-starter\2.5.2\spring-boot-starter-2.5.2.jar;C:\Users\vasco\.m2\repository\org\springframework\boot\spring-boot\2.5.2\spring-boot-2.5.2.jar;C:\Users\vasco\.m2\repository\org\springframework\boot\spring-boot-autoconfigure\2.5.2\spring-boot-autoconfigure-2.5.2.jar;C:\Users\vasco\.m2\repository\org\springframework\boot\spring-boot-starter-logging\2.5.2\spring-boot-starter-logging-2.5.2.jar;C:\Users\vasco\.m2\repository\org\apache\logging\log4j\log4j-to-slf4j\2.14.1\log4j-to-slf4j-2.14.1.jar;C:\Users\vasco\.m2\repository\org\apache\logging\log4j\log4j-api\2.14.1\log4j-api-2.14.1.jar;C:\Users\vasco\.m2\repository\org\slf4j\jul-to-slf4j\2.0.7\jul-to-slf4j-2.0.7.jar;C:\Users\vasco\.m2\repository\org\yaml\snakeyaml\1.28\snakeyaml-1.28.jar;C:\Users\vasco\.m2\repository\org\aspectj\aspectjweaver\1.9.6\aspectjweaver-1.9.6.jar;C:\Users\vasco\.m2\repository\org\springframework\boot\spring-boot-starter-jdbc\2.5.2\spring-boot-starter-jdbc-2.5.2.jar;C:\Users\vasco\.m2\repository\jakarta\transaction\jakarta.transaction-api\1.3.3\jakarta.transaction-api-1.3.3.jar;C:\Users\vasco\.m2\repository\jakarta\persistence\jakarta.persistence-api\2.2.3\jakarta.persistence-api-2.2.3.jar;C:\Users\vasco\.m2\repository\org\hibernate\hibernate-core\5.4.32.Final\hibernate-core-5.4.32.Final.jar;C:\Users\vasco\.m2\repository\org\javassist\javassist\3.27.0-GA\javassist-3.27.0-GA.jar;C:\Users\vasco\.m2\repository\net\bytebuddy\byte-buddy\1.10.22\byte-buddy-1.10.22.jar;C:\Users\vasco\.m2\repository\antlr\antlr\2.7.7\antlr-2.7.7.jar;C:\Users\vasco\.m2\repository\org\jboss\jandex\2.2.3.Final\jandex-2.2.3.Final.jar;C:\Users\vasco\.m2\repository\org\dom4j\dom4j\2.1.3\dom4j-2.1.3.jar;C:\Users\vasco\.m2\repository\org\hibernate\common\hibernate-commons-annotations\5.1.2.Final\hibernate-commons-annotations-5.1.2.Final.jar;C:\Users\vasco\.m2\repository\org\springframework\data\spring-data-jpa\2.5.2\spring-data-jpa-2.5.2.jar;C:\Users\vasco\.m2\repository\org\springframework\data\spring-data-commons\2.5.2\spring-data-commons-2.5.2.jar;C:\Users\vasco\.m2\repository\org\springframework\spring-orm\5.3.8\spring-orm-5.3.8.jar;C:\Users\vasco\.m2\repository\org\springframework\spring-aspects\5.3.8\spring-aspects-5.3.8.jar;C:\Users\vasco\.m2\repository\org\postgresql\postgresql\42.5.4\postgresql-42.5.4.jar;C:\Users\vasco\.m2\repository\org\checkerframework\checker-qual\3.5.0\checker-qual-3.5.0.jar;C:\Users\vasco\.m2\repository\org\springframework\spring-webmvc\5.3.27\spring-webmvc-5.3.27.jar;C:\Users\vasco\.m2\repository\org\springframework\spring-aop\5.3.27\spring-aop-5.3.27.jar;C:\Users\vasco\.m2\repository\org\springframework\spring-beans\5.3.27\spring-beans-5.3.27.jar;C:\Users\vasco\.m2\repository\org\springframework\spring-context\5.3.27\spring-context-5.3.27.jar;C:\Users\vasco\.m2\repository\org\springframework\spring-core\5.3.27\spring-core-5.3.27.jar;C:\Users\vasco\.m2\repository\org\springframework\spring-jcl\5.3.27\spring-jcl-5.3.27.jar;C:\Users\vasco\.m2\repository\org\springframework\spring-expression\5.3.27\spring-expression-5.3.27.jar;C:\Users\vasco\.m2\repository\org\springframework\spring-web\5.3.27\spring-web-5.3.27.jar;C:\Users\vasco\.m2\repository\org\springframework\spring-context-support\5.3.27\spring-context-support-5.3.27.jar;C:\Users\vasco\.m2\repository\org\springframework\spring-jdbc\5.3.27\spring-jdbc-5.3.27.jar;C:\Users\vasco\.m2\repository\org\springframework\spring-tx\5.3.27\spring-tx-5.3.27.jar;C:\Users\vasco\.m2\repository\org\springframework\spring-oxm\5.3.27\spring-oxm-5.3.27.jar;C:\Users\vasco\.m2\repository\org\springframework\security\spring-security-web\5.8.3\spring-security-web-5.8.3.jar;C:\Users\vasco\.m2\repository\org\springframework\security\spring-security-core\5.8.3\spring-security-core-5.8.3.jar;C:\Users\vasco\.m2\repository\org\springframework\security\spring-security-crypto\5.8.3\spring-security-crypto-5.8.3.jar;C:\Users\vasco\.m2\repository\org\springframework\security\spring-security-config\5.8.3\spring-security-config-5.8.3.jar;C:\Users\vasco\.m2\repository\org\thymeleaf\thymeleaf-spring5\3.0.15.RELEASE\thymeleaf-spring5-3.0.15.RELEASE.jar;C:\Users\vasco\.m2\repository\org\thymeleaf\thymeleaf\3.0.15.RELEASE\thymeleaf-3.0.15.RELEASE.jar;C:\Users\vasco\.m2\repository\org\attoparser\attoparser\2.0.5.RELEASE\attoparser-2.0.5.RELEASE.jar;C:\Users\vasco\.m2\repository\org\unbescape\unbescape\1.1.6.RELEASE\unbescape-1.1.6.RELEASE.jar;C:\Users\vasco\.m2\repository\nz\net\ultraq\thymeleaf\thymeleaf-layout-dialect\3.2.1\thymeleaf-layout-dialect-3.2.1.jar;C:\Users\vasco\.m2\repository\org\apache\groovy\groovy\4.0.10\groovy-4.0.10.jar;C:\Users\vasco\.m2\repository\nz\net\ultraq\groovy\groovy-extensions\2.1.0\groovy-extensions-2.1.0.jar;C:\Users\vasco\.m2\repository\nz\net\ultraq\thymeleaf\thymeleaf-expression-processor\3.1.1\thymeleaf-expression-processor-3.1.1.jar;C:\Users\vasco\OneDrive\Documents\Grupo1\AP2-PD2\dss-demonstrations-5.12.1\dss-mock-tsa\target\dss-mock-tsa-5.12.1.jar;C:\Users\vasco\.m2\repository\eu\europa\ec\joinup\sd-dss\dss-spi\5.12.1\dss-spi-5.12.1.jar;C:\Users\vasco\.m2\repository\org\bouncycastle\bcpkix-jdk18on\1.72\bcpkix-jdk18on-1.72.jar;C:\Users\vasco\.m2\repository\org\bouncycastle\bcutil-jdk18on\1.72\bcutil-jdk18on-1.72.jar;C:\Users\vasco\.m2\repository\eu\europa\ec\joinup\sd-dss\dss-service\5.12.1\dss-service-5.12.1.jar;C:\Users\vasco\.m2\repository\org\apache\httpcomponents\client5\httpclient5\5.2.1\httpclient5-5.2.1.jar;C:\Users\vasco\.m2\repository\org\apache\httpcomponents\core5\httpcore5\5.2\httpcore5-5.2.jar;C:\Users\vasco\.m2\repository\org\apache\httpcomponents\core5\httpcore5-h2\5.2\httpcore5-h2-5.2.jar;C:\Users\vasco\.m2\repository\eu\europa\ec\joinup\sd-dss\dss-tsl-validation\5.12.1\dss-tsl-validation-5.12.1.jar;C:\Users\vasco\.m2\repository\eu\europa\ec\joinup\sd-dss\specs-trusted-list\5.12.1\specs-trusted-list-5.12.1.jar;C:\Users\vasco\.m2\repository\eu\europa\ec\joinup\sd-dss\specs-xmldsig\5.12.1\specs-xmldsig-5.12.1.jar;C:\Users\vasco\.m2\repository\eu\europa\ec\joinup\sd-dss\dss-jaxb-common\5.12.1\dss-jaxb-common-5.12.1.jar;C:\Users\vasco\.m2\repository\eu\europa\ec\joinup\sd-dss\dss-alert\5.12.1\dss-alert-5.12.1.jar;C:\Users\vasco\.m2\repository\eu\europa\ec\joinup\sd-dss\specs-xades\5.12.1\specs-xades-5.12.1.jar;C:\Users\vasco\.m2\repository\eu\europa\ec\joinup\sd-dss\dss-jaxb-parsers\5.12.1\dss-jaxb-parsers-5.12.1.jar;C:\Users\vasco\.m2\repository\eu\europa\ec\joinup\sd-dss\dss-xades\5.12.1\dss-xades-5.12.1.jar;C:\Users\vasco\.m2\repository\eu\europa\ec\joinup\sd-dss\dss-document\5.12.1\dss-document-5.12.1.jar;C:\Users\vasco\.m2\repository\eu\europa\ec\joinup\sd-dss\validation-policy\5.12.1\validation-policy-5.12.1.jar;C:\Users\vasco\.m2\repository\eu\europa\ec\joinup\sd-dss\dss-policy-jaxb\5.12.1\dss-policy-jaxb-5.12.1.jar;C:\Users\vasco\.m2\repository\eu\europa\ec\joinup\sd-dss\dss-i18n\5.12.1\dss-i18n-5.12.1.jar;C:\Users\vasco\.m2\repository\org\apache\santuario\xmlsec\2.3.3\xmlsec-2.3.3.jar;C:\Users\vasco\.m2\repository\commons-codec\commons-codec\1.15\commons-codec-1.15.jar;C:\Users\vasco\.m2\repository\eu\europa\ec\joinup\sd-dss\dss-utils-google-guava\5.12.1\dss-utils-google-guava-5.12.1.jar;C:\Users\vasco\.m2\repository\eu\europa\ec\joinup\sd-dss\dss-utils\5.12.1\dss-utils-5.12.1.jar;C:\Users\vasco\.m2\repository\com\google\guava\guava\32.0.0-jre\guava-32.0.0-jre.jar;C:\Users\vasco\.m2\repository\com\google\guava\failureaccess\1.0.1\failureaccess-1.0.1.jar;C:\Users\vasco\.m2\repository\com\google\guava\listenablefuture\9999.0-empty-to-avoid-conflict-with-guava\listenablefuture-9999.0-empty-to-avoid-conflict-with-guava.jar;C:\Users\vasco\.m2\repository\com\google\code\findbugs\jsr305\3.0.2\jsr305-3.0.2.jar;C:\Users\vasco\.m2\repository\com\google\errorprone\error_prone_annotations\2.18.0\error_prone_annotations-2.18.0.jar;C:\Users\vasco\.m2\repository\com\google\j2objc\j2objc-annotations\2.8\j2objc-annotations-2.8.jar;C:\Users\vasco\.m2\repository\eu\europa\ec\joinup\sd-dss\dss-crl-parser-stream\5.12.1\dss-crl-parser-stream-5.12.1.jar;C:\Users\vasco\.m2\repository\eu\europa\ec\joinup\sd-dss\dss-crl-parser\5.12.1\dss-crl-parser-5.12.1.jar;C:\Users\vasco\.m2\repository\org\bouncycastle\bcprov-jdk18on\1.72\bcprov-jdk18on-1.72.jar;C:\Users\vasco\.m2\repository\org\apache\cxf\cxf-rt-transports-http\3.5.5\cxf-rt-transports-http-3.5.5.jar;C:\Users\vasco\.m2\repository\org\apache\cxf\cxf-core\3.5.5\cxf-core-3.5.5.jar;C:\Users\vasco\.m2\repository\com\fasterxml\woodstox\woodstox-core\6.5.0\woodstox-core-6.5.0.jar;C:\Users\vasco\.m2\repository\org\codehaus\woodstox\stax2-api\4.2.1\stax2-api-4.2.1.jar;C:\Users\vasco\.m2\repository\org\apache\ws\xmlschema\xmlschema-core\2.3.0\xmlschema-core-2.3.0.jar;C:\Users\vasco\.m2\repository\jakarta\annotation\jakarta.annotation-api\1.3.5\jakarta.annotation-api-1.3.5.jar;C:\Users\vasco\.m2\repository\jakarta\xml\ws\jakarta.xml.ws-api\2.3.3\jakarta.xml.ws-api-2.3.3.jar;C:\Users\vasco\.m2\repository\jakarta\jws\jakarta.jws-api\2.1.0\jakarta.jws-api-2.1.0.jar;C:\Users\vasco\.m2\repository\jakarta\xml\soap\jakarta.xml.soap-api\1.4.2\jakarta.xml.soap-api-1.4.2.jar;C:\Users\vasco\.m2\repository\jakarta\activation\jakarta.activation-api\1.2.2\jakarta.activation-api-1.2.2.jar;C:\Users\vasco\.m2\repository\com\sun\activation\jakarta.activation\1.2.2\jakarta.activation-1.2.2.jar;C:\Users\vasco\.m2\repository\com\sun\xml\messaging\saaj\saaj-impl\1.5.3\saaj-impl-1.5.3.jar;C:\Users\vasco\.m2\repository\org\jvnet\staxex\stax-ex\1.8.3\stax-ex-1.8.3.jar;C:\Users\vasco\.m2\repository\org\apache\geronimo\specs\geronimo-jta_1.1_spec\1.1.1\geronimo-jta_1.1_spec-1.1.1.jar;C:\Users\vasco\.m2\repository\org\apache\cxf\cxf-rt-frontend-jaxws\3.5.5\cxf-rt-frontend-jaxws-3.5.5.jar;C:\Users\vasco\.m2\repository\xml-resolver\xml-resolver\1.2\xml-resolver-1.2.jar;C:\Users\vasco\.m2\repository\org\ow2\asm\asm\9.4\asm-9.4.jar;C:\Users\vasco\.m2\repository\org\apache\cxf\cxf-rt-bindings-soap\3.5.5\cxf-rt-bindings-soap-3.5.5.jar;C:\Users\vasco\.m2\repository\org\apache\cxf\cxf-rt-wsdl\3.5.5\cxf-rt-wsdl-3.5.5.jar;C:\Users\vasco\.m2\repository\wsdl4j\wsdl4j\1.6.3\wsdl4j-1.6.3.jar;C:\Users\vasco\.m2\repository\org\apache\cxf\cxf-rt-databinding-jaxb\3.5.5\cxf-rt-databinding-jaxb-3.5.5.jar;C:\Users\vasco\.m2\repository\org\apache\cxf\cxf-rt-bindings-xml\3.5.5\cxf-rt-bindings-xml-3.5.5.jar;C:\Users\vasco\.m2\repository\org\apache\cxf\cxf-rt-frontend-simple\3.5.5\cxf-rt-frontend-simple-3.5.5.jar;C:\Users\vasco\.m2\repository\org\apache\cxf\cxf-rt-ws-addr\3.5.5\cxf-rt-ws-addr-3.5.5.jar;C:\Users\vasco\.m2\repository\org\apache\cxf\cxf-rt-ws-policy\3.5.5\cxf-rt-ws-policy-3.5.5.jar;C:\Users\vasco\.m2\repository\org\apache\cxf\cxf-rt-ws-security\3.5.5\cxf-rt-ws-security-3.5.5.jar;C:\Users\vasco\.m2\repository\org\apache\cxf\cxf-rt-security-saml\3.5.5\cxf-rt-security-saml-3.5.5.jar;C:\Users\vasco\.m2\repository\org\apache\cxf\cxf-rt-security\3.5.5\cxf-rt-security-3.5.5.jar;C:\Users\vasco\.m2\repository\org\ehcache\ehcache\3.9.3\ehcache-3.9.3.jar;C:\Users\vasco\.m2\repository\org\apache\wss4j\wss4j-ws-security-dom\2.4.1\wss4j-ws-security-dom-2.4.1.jar;C:\Users\vasco\.m2\repository\org\apache\wss4j\wss4j-ws-security-common\2.4.1\wss4j-ws-security-common-2.4.1.jar;C:\Users\vasco\.m2\repository\org\opensaml\opensaml-saml-impl\3.4.6\opensaml-saml-impl-3.4.6.jar;C:\Users\vasco\.m2\repository\org\opensaml\opensaml-profile-api\3.4.6\opensaml-profile-api-3.4.6.jar;C:\Users\vasco\.m2\repository\org\opensaml\opensaml-core\3.4.6\opensaml-core-3.4.6.jar;C:\Users\vasco\.m2\repository\io\dropwizard\metrics\metrics-core\3.1.5\metrics-core-3.1.5.jar;C:\Users\vasco\.m2\repository\org\opensaml\opensaml-saml-api\3.4.6\opensaml-saml-api-3.4.6.jar;C:\Users\vasco\.m2\repository\org\opensaml\opensaml-xmlsec-api\3.4.6\opensaml-xmlsec-api-3.4.6.jar;C:\Users\vasco\.m2\repository\org\opensaml\opensaml-soap-api\3.4.6\opensaml-soap-api-3.4.6.jar;C:\Users\vasco\.m2\repository\org\opensaml\opensaml-security-impl\3.4.6\opensaml-security-impl-3.4.6.jar;C:\Users\vasco\.m2\repository\org\opensaml\opensaml-security-api\3.4.6\opensaml-security-api-3.4.6.jar;C:\Users\vasco\.m2\repository\org\opensaml\opensaml-xmlsec-impl\3.4.6\opensaml-xmlsec-impl-3.4.6.jar;C:\Users\vasco\.m2\repository\net\shibboleth\utilities\java-support\7.5.2\java-support-7.5.2.jar;C:\Users\vasco\.m2\repository\org\cryptacular\cryptacular\1.2.4\cryptacular-1.2.4.jar;C:\Users\vasco\.m2\repository\org\bouncycastle\bcprov-jdk15on\1.64\bcprov-jdk15on-1.64.jar;C:\Users\vasco\.m2\repository\joda-time\joda-time\2.10.10\joda-time-2.10.10.jar;C:\Users\vasco\.m2\repository\org\opensaml\opensaml-xacml-impl\3.4.6\opensaml-xacml-impl-3.4.6.jar;C:\Users\vasco\.m2\repository\org\opensaml\opensaml-xacml-api\3.4.6\opensaml-xacml-api-3.4.6.jar;C:\Users\vasco\.m2\repository\org\opensaml\opensaml-xacml-saml-impl\3.4.6\opensaml-xacml-saml-impl-3.4.6.jar;C:\Users\vasco\.m2\repository\org\opensaml\opensaml-xacml-saml-api\3.4.6\opensaml-xacml-saml-api-3.4.6.jar;C:\Users\vasco\.m2\repository\org\jasypt\jasypt\1.9.3\jasypt-1.9.3.jar;C:\Users\vasco\.m2\repository\org\apache\geronimo\javamail\geronimo-javamail_1.4_mail\1.8.4\geronimo-javamail_1.4_mail-1.8.4.jar;C:\Users\vasco\.m2\repository\org\apache\wss4j\wss4j-policy\2.4.1\wss4j-policy-2.4.1.jar;C:\Users\vasco\.m2\repository\org\apache\neethi\neethi\3.1.1\neethi-3.1.1.jar;C:\Users\vasco\.m2\repository\org\apache\wss4j\wss4j-ws-security-stax\2.4.1\wss4j-ws-security-stax-2.4.1.jar;C:\Users\vasco\.m2\repository\org\apache\wss4j\wss4j-bindings\2.4.1\wss4j-bindings-2.4.1.jar;C:\Users\vasco\.m2\repository\org\apache\wss4j\wss4j-ws-security-policy-stax\2.4.1\wss4j-ws-security-policy-stax-2.4.1.jar;C:\Users\vasco\.m2\repository\eu\europa\ec\joinup\sd-dss\dss-signature-soap\5.12.1\dss-signature-soap-5.12.1.jar;C:\Users\vasco\.m2\repository\eu\europa\ec\joinup\sd-dss\dss-signature-soap-client\5.12.1\dss-signature-soap-client-5.12.1.jar;C:\Users\vasco\.m2\repository\eu\europa\ec\joinup\sd-dss\dss-signature-dto\5.12.1\dss-signature-dto-5.12.1.jar;C:\Users\vasco\.m2\repository\eu\europa\ec\joinup\sd-dss\dss-common-remote-dto\5.12.1\dss-common-remote-dto-5.12.1.jar;C:\Users\vasco\.m2\repository\eu\europa\ec\joinup\sd-dss\dss-signature-remote\5.12.1\dss-signature-remote-5.12.1.jar;C:\Users\vasco\.m2\repository\eu\europa\ec\joinup\sd-dss\dss-common-remote-converter\5.12.1\dss-common-remote-converter-5.12.1.jar;C:\Users\vasco\.m2\repository\eu\europa\ec\joinup\sd-dss\dss-cades\5.12.1\dss-cades-5.12.1.jar;C:\Users\vasco\.m2\repository\eu\europa\ec\joinup\sd-dss\dss-jades\5.12.1\dss-jades-5.12.1.jar;C:\Users\vasco\.m2\repository\eu\europa\ec\joinup\sd-dss\specs-jades\5.12.1\specs-jades-5.12.1.jar;C:\Users\vasco\.m2\repository\eu\europa\ec\joinup\sd-dss\specs-jws\5.12.1\specs-jws-5.12.1.jar;C:\Users\vasco\.m2\repository\com\github\erosb\everit-json-schema\1.14.2\everit-json-schema-1.14.2.jar;C:\Users\vasco\.m2\repository\org\json\json\20230227\json-20230227.jar;C:\Users\vasco\.m2\repository\commons-validator\commons-validator\1.7\commons-validator-1.7.jar;C:\Users\vasco\.m2\repository\commons-digester\commons-digester\2.1\commons-digester-2.1.jar;C:\Users\vasco\.m2\repository\commons-collections\commons-collections\3.2.2\commons-collections-3.2.2.jar;C:\Users\vasco\.m2\repository\com\damnhandy\handy-uri-templates\2.1.8\handy-uri-templates-2.1.8.jar;C:\Users\vasco\.m2\repository\com\google\re2j\re2j\1.6\re2j-1.6.jar;C:\Users\vasco\.m2\repository\org\bitbucket\b_c\jose4j\0.9.3\jose4j-0.9.3.jar;C:\Users\vasco\.m2\repository\eu\europa\ec\joinup\sd-dss\dss-asic-cades\5.12.1\dss-asic-cades-5.12.1.jar;C:\Users\vasco\.m2\repository\eu\europa\ec\joinup\sd-dss\dss-asic-common\5.12.1\dss-asic-common-5.12.1.jar;C:\Users\vasco\.m2\repository\eu\europa\ec\joinup\sd-dss\dss-asic-xades\5.12.1\dss-asic-xades-5.12.1.jar;C:\Users\vasco\.m2\repository\eu\europa\ec\joinup\sd-dss\dss-validation-soap\5.12.1\dss-validation-soap-5.12.1.jar;C:\Users\vasco\.m2\repository\eu\europa\ec\joinup\sd-dss\dss-validation-soap-client\5.12.1\dss-validation-soap-client-5.12.1.jar;C:\Users\vasco\.m2\repository\eu\europa\ec\joinup\sd-dss\dss-validation-dto\5.12.1\dss-validation-dto-5.12.1.jar;C:\Users\vasco\.m2\repository\eu\europa\ec\joinup\sd-dss\dss-diagnostic-jaxb\5.12.1\dss-diagnostic-jaxb-5.12.1.jar;C:\Users\vasco\.m2\repository\eu\europa\ec\joinup\sd-dss\dss-simple-report-jaxb\5.12.1\dss-simple-report-jaxb-5.12.1.jar;C:\Users\vasco\.m2\repository\eu\europa\ec\joinup\sd-dss\dss-detailed-report-jaxb\5.12.1\dss-detailed-report-jaxb-5.12.1.jar;C:\Users\vasco\.m2\repository\eu\europa\ec\joinup\sd-dss\specs-validation-report\5.12.1\specs-validation-report-5.12.1.jar;C:\Users\vasco\.m2\repository\eu\europa\ec\joinup\sd-dss\dss-validation-server-common\5.12.1\dss-validation-server-common-5.12.1.jar;C:\Users\vasco\.m2\repository\eu\europa\ec\joinup\sd-dss\dss-certificate-validation-soap\5.12.1\dss-certificate-validation-soap-5.12.1.jar;C:\Users\vasco\.m2\repository\eu\europa\ec\joinup\sd-dss\dss-certificate-validation-common\5.12.1\dss-certificate-validation-common-5.12.1.jar;C:\Users\vasco\.m2\repository\eu\europa\ec\joinup\sd-dss\dss-certificate-validation-dto\5.12.1\dss-certificate-validation-dto-5.12.1.jar;C:\Users\vasco\.m2\repository\eu\europa\ec\joinup\sd-dss\dss-simple-certificate-report-jaxb\5.12.1\dss-simple-certificate-report-jaxb-5.12.1.jar;C:\Users\vasco\.m2\repository\eu\europa\ec\joinup\sd-dss\dss-certificate-validation-soap-client\5.12.1\dss-certificate-validation-soap-client-5.12.1.jar;C:\Users\vasco\.m2\repository\eu\europa\ec\joinup\sd-dss\dss-server-signing-soap\5.12.1\dss-server-signing-soap-5.12.1.jar;C:\Users\vasco\.m2\repository\eu\europa\ec\joinup\sd-dss\dss-server-signing-common\5.12.1\dss-server-signing-common-5.12.1.jar;C:\Users\vasco\.m2\repository\eu\europa\ec\joinup\sd-dss\dss-server-signing-dto\5.12.1\dss-server-signing-dto-5.12.1.jar;C:\Users\vasco\.m2\repository\eu\europa\ec\joinup\sd-dss\dss-server-signing-soap-client\5.12.1\dss-server-signing-soap-client-5.12.1.jar;C:\Users\vasco\.m2\repository\eu\europa\ec\joinup\sd-dss\dss-timestamp-remote-soap\5.12.1\dss-timestamp-remote-soap-5.12.1.jar;C:\Users\vasco\.m2\repository\eu\europa\ec\joinup\sd-dss\dss-timestamp-remote\5.12.1\dss-timestamp-remote-5.12.1.jar;C:\Users\vasco\.m2\repository\eu\europa\ec\joinup\sd-dss\dss-timestamp-dto\5.12.1\dss-timestamp-dto-5.12.1.jar;C:\Users\vasco\.m2\repository\eu\europa\ec\joinup\sd-dss\dss-timestamp-remote-soap-client\5.12.1\dss-timestamp-remote-soap-client-5.12.1.jar;C:\Users\vasco\.m2\repository\eu\europa\ec\joinup\sd-dss\dss-pades-pdfbox\5.12.1\dss-pades-pdfbox-5.12.1.jar;C:\Users\vasco\.m2\repository\eu\europa\ec\joinup\sd-dss\dss-pades\5.12.1\dss-pades-5.12.1.jar;C:\Users\vasco\.m2\repository\org\apache\pdfbox\pdfbox\2.0.28\pdfbox-2.0.28.jar;C:\Users\vasco\.m2\repository\org\apache\pdfbox\fontbox\2.0.28\fontbox-2.0.28.jar;C:\Users\vasco\.m2\repository\org\apache\cxf\cxf-rt-rs-service-description\3.5.5\cxf-rt-rs-service-description-3.5.5.jar;C:\Users\vasco\.m2\repository\org\apache\cxf\cxf-rt-frontend-jaxrs\3.5.5\cxf-rt-frontend-jaxrs-3.5.5.jar;C:\Users\vasco\.m2\repository\jakarta\ws\rs\jakarta.ws.rs-api\2.1.6\jakarta.ws.rs-api-2.1.6.jar;C:\Users\vasco\.m2\repository\org\apache\cxf\cxf-rt-features-logging\3.5.5\cxf-rt-features-logging-3.5.5.jar;C:\Users\vasco\.m2\repository\org\apache\cxf\cxf-rt-rs-service-description-openapi-v3\3.5.5\cxf-rt-rs-service-description-openapi-v3-3.5.5.jar;C:\Users\vasco\.m2\repository\org\apache\cxf\cxf-rt-rs-service-description-common-openapi\3.5.5\cxf-rt-rs-service-description-common-openapi-3.5.5.jar;C:\Users\vasco\.m2\repository\org\apache\cxf\cxf-rt-rs-service-description-swagger-ui\3.5.5\cxf-rt-rs-service-description-swagger-ui-3.5.5.jar;C:\Users\vasco\.m2\repository\io\swagger\core\v3\swagger-jaxrs2\2.1.13\swagger-jaxrs2-2.1.13.jar;C:\Users\vasco\.m2\repository\io\github\classgraph\classgraph\4.8.138\classgraph-4.8.138.jar;C:\Users\vasco\.m2\repository\io\swagger\core\v3\swagger-models\2.1.13\swagger-models-2.1.13.jar;C:\Users\vasco\.m2\repository\io\swagger\core\v3\swagger-annotations\2.1.13\swagger-annotations-2.1.13.jar;C:\Users\vasco\.m2\repository\io\swagger\core\v3\swagger-integration\2.1.13\swagger-integration-2.1.13.jar;C:\Users\vasco\.m2\repository\io\swagger\core\v3\swagger-core\2.1.13\swagger-core-2.1.13.jar;C:\Users\vasco\.m2\repository\org\apache\commons\commons-lang3\3.12.0\commons-lang3-3.12.0.jar;C:\Users\vasco\.m2\repository\com\fasterxml\jackson\dataformat\jackson-dataformat-yaml\2.12.1\jackson-dataformat-yaml-2.12.1.jar;C:\Users\vasco\.m2\repository\com\fasterxml\jackson\datatype\jackson-datatype-jsr310\2.12.1\jackson-datatype-jsr310-2.12.1.jar;C:\Users\vasco\.m2\repository\org\webjars\swagger-ui\4.18.2\swagger-ui-4.18.2.jar;C:\Users\vasco\.m2\repository\com\fasterxml\jackson\jaxrs\jackson-jaxrs-json-provider\2.15.1\jackson-jaxrs-json-provider-2.15.1.jar;C:\Users\vasco\.m2\repository\com\fasterxml\jackson\jaxrs\jackson-jaxrs-base\2.15.1\jackson-jaxrs-base-2.15.1.jar;C:\Users\vasco\.m2\repository\com\fasterxml\jackson\core\jackson-core\2.15.1\jackson-core-2.15.1.jar;C:\Users\vasco\.m2\repository\com\fasterxml\jackson\core\jackson-databind\2.15.1\jackson-databind-2.15.1.jar;C:\Users\vasco\.m2\repository\com\fasterxml\jackson\module\jackson-module-jaxb-annotations\2.15.1\jackson-module-jaxb-annotations-2.15.1.jar;C:\Users\vasco\.m2\repository\com\fasterxml\jackson\core\jackson-annotations\2.15.1\jackson-annotations-2.15.1.jar;C:\Users\vasco\.m2\repository\eu\europa\ec\joinup\sd-dss\dss-signature-rest\5.12.1\dss-signature-rest-5.12.1.jar;C:\Users\vasco\.m2\repository\eu\europa\ec\joinup\sd-dss\dss-signature-rest-client\5.12.1\dss-signature-rest-client-5.12.1.jar;C:\Users\vasco\.m2\repository\eu\europa\ec\joinup\sd-dss\dss-validation-rest\5.12.1\dss-validation-rest-5.12.1.jar;C:\Users\vasco\.m2\repository\eu\europa\ec\joinup\sd-dss\dss-validation-rest-client\5.12.1\dss-validation-rest-client-5.12.1.jar;C:\Users\vasco\.m2\repository\eu\europa\ec\joinup\sd-dss\dss-certificate-validation-rest\5.12.1\dss-certificate-validation-rest-5.12.1.jar;C:\Users\vasco\.m2\repository\eu\europa\ec\joinup\sd-dss\dss-certificate-validation-rest-client\5.12.1\dss-certificate-validation-rest-client-5.12.1.jar;C:\Users\vasco\.m2\repository\eu\europa\ec\joinup\sd-dss\dss-server-signing-rest\5.12.1\dss-server-signing-rest-5.12.1.jar;C:\Users\vasco\.m2\repository\eu\europa\ec\joinup\sd-dss\dss-server-signing-rest-client\5.12.1\dss-server-signing-rest-client-5.12.1.jar;C:\Users\vasco\.m2\repository\eu\europa\ec\joinup\sd-dss\dss-timestamp-remote-rest\5.12.1\dss-timestamp-remote-rest-5.12.1.jar;C:\Users\vasco\.m2\repository\eu\europa\ec\joinup\sd-dss\dss-timestamp-remote-rest-client\5.12.1\dss-timestamp-remote-rest-client-5.12.1.jar;C:\Users\vasco\.m2\repository\org\apache\cxf\cxf-rt-rs-client\3.5.5\cxf-rt-rs-client-3.5.5.jar;C:\Users\vasco\.m2\repository\eu\europa\ec\joinup\sd-dss\dss-token\5.12.1\dss-token-5.12.1.jar;C:\Users\vasco\.m2\repository\eu\europa\ec\joinup\sd-dss\dss-model\5.12.1\dss-model-5.12.1.jar;C:\Users\vasco\.m2\repository\eu\europa\ec\joinup\sd-dss\dss-enumerations\5.12.1\dss-enumerations-5.12.1.jar;C:\Users\vasco\.m2\repository\org\slf4j\jcl-over-slf4j\2.0.7\jcl-over-slf4j-2.0.7.jar;C:\Users\vasco\.m2\repository\org\slf4j\slf4j-api\2.0.7\slf4j-api-2.0.7.jar;C:\Users\vasco\.m2\repository\ch\qos\logback\logback-classic\1.3.7\logback-classic-1.3.7.jar;C:\Users\vasco\.m2\repository\ch\qos\logback\logback-core\1.3.7\logback-core-1.3.7.jar;C:\Users\vasco\.m2\repository\org\hsqldb\hsqldb\2.5.2\hsqldb-2.5.2.jar;C:\Users\vasco\.m2\repository\com\zaxxer\HikariCP\4.0.3\HikariCP-4.0.3.jar;C:\Users\vasco\.m2\repository\commons-fileupload\commons-fileupload\1.5\commons-fileupload-1.5.jar;C:\Users\vasco\.m2\repository\commons-io\commons-io\2.12.0\commons-io-2.12.0.jar;C:\Users\vasco\.m2\repository\org\freemarker\freemarker\2.3.32\freemarker-2.3.32.jar;C:\Users\vasco\.m2\repository\org\apache\xmlgraphics\fop-core\2.8\fop-core-2.8.jar;C:\Users\vasco\.m2\repository\org\apache\xmlgraphics\batik-anim\1.16\batik-anim-1.16.jar;C:\Users\vasco\.m2\repository\org\apache\xmlgraphics\batik-css\1.16\batik-css-1.16.jar;C:\Users\vasco\.m2\repository\org\apache\xmlgraphics\batik-dom\1.16\batik-dom-1.16.jar;C:\Users\vasco\.m2\repository\xml-apis\xml-apis\1.4.01\xml-apis-1.4.01.jar;C:\Users\vasco\.m2\repository\org\apache\xmlgraphics\batik-ext\1.16\batik-ext-1.16.jar;C:\Users\vasco\.m2\repository\org\apache\xmlgraphics\batik-parser\1.16\batik-parser-1.16.jar;C:\Users\vasco\.m2\repository\org\apache\xmlgraphics\batik-shared-resources\1.16\batik-shared-resources-1.16.jar;C:\Users\vasco\.m2\repository\org\apache\xmlgraphics\batik-svg-dom\1.16\batik-svg-dom-1.16.jar;C:\Users\vasco\.m2\repository\org\apache\xmlgraphics\batik-util\1.16\batik-util-1.16.jar;C:\Users\vasco\.m2\repository\org\apache\xmlgraphics\batik-constants\1.16\batik-constants-1.16.jar;C:\Users\vasco\.m2\repository\org\apache\xmlgraphics\batik-i18n\1.16\batik-i18n-1.16.jar;C:\Users\vasco\.m2\repository\xml-apis\xml-apis-ext\1.3.04\xml-apis-ext-1.3.04.jar;C:\Users\vasco\.m2\repository\org\apache\xmlgraphics\batik-awt-util\1.16\batik-awt-util-1.16.jar;C:\Users\vasco\.m2\repository\org\apache\xmlgraphics\batik-bridge\1.16\batik-bridge-1.16.jar;C:\Users\vasco\.m2\repository\org\apache\xmlgraphics\batik-script\1.16\batik-script-1.16.jar;C:\Users\vasco\.m2\repository\org\apache\xmlgraphics\batik-xml\1.16\batik-xml-1.16.jar;C:\Users\vasco\.m2\repository\org\apache\xmlgraphics\batik-extension\1.16\batik-extension-1.16.jar;C:\Users\vasco\.m2\repository\org\apache\xmlgraphics\batik-gvt\1.16\batik-gvt-1.16.jar;C:\Users\vasco\.m2\repository\org\apache\xmlgraphics\batik-transcoder\1.16\batik-transcoder-1.16.jar;C:\Users\vasco\.m2\repository\org\apache\xmlgraphics\batik-svggen\1.16\batik-svggen-1.16.jar;C:\Users\vasco\.m2\repository\org\apache\xmlgraphics\fop-events\2.8\fop-events-2.8.jar;C:\Users\vasco\.m2\repository\com\thoughtworks\qdox\qdox\1.12\qdox-1.12.jar;C:\Users\vasco\.m2\repository\org\apache\xmlgraphics\fop-util\2.8\fop-util-2.8.jar;C:\Users\vasco\.m2\repository\org\apache\xmlgraphics\xmlgraphics-commons\2.8\xmlgraphics-commons-2.8.jar;C:\Users\vasco\.m2\repository\org\glassfish\jaxb\jaxb-runtime\2.3.8\jaxb-runtime-2.3.8.jar;C:\Users\vasco\.m2\repository\jakarta\xml\bind\jakarta.xml.bind-api\2.3.3\jakarta.xml.bind-api-2.3.3.jar;C:\Users\vasco\.m2\repository\org\glassfish\jaxb\txw2\2.3.8\txw2-2.3.8.jar;C:\Users\vasco\.m2\repository\com\sun\istack\istack-commons-runtime\3.0.12\istack-commons-runtime-3.0.12.jar;C:\Users\vasco\.m2\repository\org\webjars\bootstrap\4.6.2\bootstrap-4.6.2.jar;C:\Users\vasco\.m2\repository\org\webjars\popper.js\1.16.0\popper.js-1.16.0.jar;C:\Users\vasco\.m2\repository\org\webjars\jquery\3.6.4\jquery-3.6.4.jar;C:\Users\vasco\.m2\repository\org\webjars\font-awesome\4.7.0\font-awesome-4.7.0.jar;C:\Users\vasco\.m2\repository\org\webjars\highlightjs\11.5.0\highlightjs-11.5.0.jar;C:\Users\vasco\.m2\repository\javax\servlet\javax.servlet-api\4.0.1\javax.servlet-api-4.0.1.jar;C:\Users\vasco\.m2\repository\org\hibernate\validator\hibernate-validator\6.2.5.Final\hibernate-validator-6.2.5.Final.jar;C:\Users\vasco\.m2\repository\jakarta\validation\jakarta.validation-api\2.0.2\jakarta.validation-api-2.0.2.jar;C:\Users\vasco\.m2\repository\org\jboss\logging\jboss-logging\3.4.1.Final\jboss-logging-3.4.1.Final.jar;C:\Users\vasco\.m2\repository\com\fasterxml\classmate\1.5.1\classmate-1.5.1.jar;C:\Users\vasco\.m2\repository\org\junit\jupiter\junit-jupiter-engine\5.9.3\junit-jupiter-engine-5.9.3.jar;C:\Users\vasco\.m2\repository\org\junit\platform\junit-platform-engine\1.9.3\junit-platform-engine-1.9.3.jar;C:\Users\vasco\.m2\repository\org\opentest4j\opentest4j\1.2.0\opentest4j-1.2.0.jar;C:\Users\vasco\.m2\repository\org\junit\platform\junit-platform-commons\1.9.3\junit-platform-commons-1.9.3.jar;C:\Users\vasco\.m2\repository\org\junit\jupiter\junit-jupiter-api\5.9.3\junit-jupiter-api-5.9.3.jar;C:\Users\vasco\.m2\repository\org\apiguardian\apiguardian-api\1.1.2\apiguardian-api-1.1.2.jar;C:\Users\vasco\.m2\repository\org\springframework\spring-test\5.3.27\spring-test-5.3.27.jar;C:\Users\vasco\.m2\repository\org\apache\tomcat\embed\tomcat-embed-core\9.0.75\tomcat-embed-core-9.0.75.jar;C:\Users\vasco\.m2\repository\org\apache\tomcat\tomcat-annotations-api\9.0.75\tomcat-annotations-api-9.0.75.jar;"/>
    <property name="java.vm.vendor" value="Oracle Corporation"/>
    <property name="sun.arch.data.model" value="64"/>
    <property name="user.variant" value=""/>
    <property name="java.vendor.url" value="https://java.oracle.com/"/>
    <property name="user.timezone" value="Europe/Lisbon"/>
    <property name="user.country.format" value="PT"/>
    <property name="os.name" value="Windows 11"/>
    <property name="java.vm.specification.version" value="20"/>
    <property name="sun.java.launcher" value="SUN_STANDARD"/>
    <property name="user.country" value="US"/>
    <property name="sun.boot.library.path" value="C:\Program Files\Java\jdk-20\bin"/>
    <property name="sun.java.command" value="C:\Users\vasco\AppData\Local\Temp\surefire3691779001801147563\surefirebooter-20230612193056887_7.jar C:\Users\vasco\AppData\Local\Temp\surefire3691779001801147563 2023-06-12T19-30-17_537-jvmRun1 surefire-20230612193056887_5tmp surefire_1-20230612193056887_6tmp"/>
    <property name="jdk.debug" value="release"/>
    <property name="surefire.test.class.path" value="C:\Users\vasco\OneDrive\Documents\Grupo1\AP2-PD2\dss-demonstrations-5.12.1\dss-demo-webapp\target\test-classes;C:\Users\vasco\OneDrive\Documents\Grupo1\AP2-PD2\dss-demonstrations-5.12.1\dss-demo-webapp\target\classes;C:\Users\vasco\.m2\repository\org\springframework\boot\spring-boot-starter-data-jpa\2.5.2\spring-boot-starter-data-jpa-2.5.2.jar;C:\Users\vasco\.m2\repository\org\springframework\boot\spring-boot-starter-aop\2.5.2\spring-boot-starter-aop-2.5.2.jar;C:\Users\vasco\.m2\repository\org\springframework\boot\spring-boot-starter\2.5.2\spring-boot-starter-2.5.2.jar;C:\Users\vasco\.m2\repository\org\springframework\boot\spring-boot\2.5.2\spring-boot-2.5.2.jar;C:\Users\vasco\.m2\repository\org\springframework\boot\spring-boot-autoconfigure\2.5.2\spring-boot-autoconfigure-2.5.2.jar;C:\Users\vasco\.m2\repository\org\springframework\boot\spring-boot-starter-logging\2.5.2\spring-boot-starter-logging-2.5.2.jar;C:\Users\vasco\.m2\repository\org\apache\logging\log4j\log4j-to-slf4j\2.14.1\log4j-to-slf4j-2.14.1.jar;C:\Users\vasco\.m2\repository\org\apache\logging\log4j\log4j-api\2.14.1\log4j-api-2.14.1.jar;C:\Users\vasco\.m2\repository\org\slf4j\jul-to-slf4j\2.0.7\jul-to-slf4j-2.0.7.jar;C:\Users\vasco\.m2\repository\org\yaml\snakeyaml\1.28\snakeyaml-1.28.jar;C:\Users\vasco\.m2\repository\org\aspectj\aspectjweaver\1.9.6\aspectjweaver-1.9.6.jar;C:\Users\vasco\.m2\repository\org\springframework\boot\spring-boot-starter-jdbc\2.5.2\spring-boot-starter-jdbc-2.5.2.jar;C:\Users\vasco\.m2\repository\jakarta\transaction\jakarta.transaction-api\1.3.3\jakarta.transaction-api-1.3.3.jar;C:\Users\vasco\.m2\repository\jakarta\persistence\jakarta.persistence-api\2.2.3\jakarta.persistence-api-2.2.3.jar;C:\Users\vasco\.m2\repository\org\hibernate\hibernate-core\5.4.32.Final\hibernate-core-5.4.32.Final.jar;C:\Users\vasco\.m2\repository\org\javassist\javassist\3.27.0-GA\javassist-3.27.0-GA.jar;C:\Users\vasco\.m2\repository\net\bytebuddy\byte-buddy\1.10.22\byte-buddy-1.10.22.jar;C:\Users\vasco\.m2\repository\antlr\antlr\2.7.7\antlr-2.7.7.jar;C:\Users\vasco\.m2\repository\org\jboss\jandex\2.2.3.Final\jandex-2.2.3.Final.jar;C:\Users\vasco\.m2\repository\org\dom4j\dom4j\2.1.3\dom4j-2.1.3.jar;C:\Users\vasco\.m2\repository\org\hibernate\common\hibernate-commons-annotations\5.1.2.Final\hibernate-commons-annotations-5.1.2.Final.jar;C:\Users\vasco\.m2\repository\org\springframework\data\spring-data-jpa\2.5.2\spring-data-jpa-2.5.2.jar;C:\Users\vasco\.m2\repository\org\springframework\data\spring-data-commons\2.5.2\spring-data-commons-2.5.2.jar;C:\Users\vasco\.m2\repository\org\springframework\spring-orm\5.3.8\spring-orm-5.3.8.jar;C:\Users\vasco\.m2\repository\org\springframework\spring-aspects\5.3.8\spring-aspects-5.3.8.jar;C:\Users\vasco\.m2\repository\org\postgresql\postgresql\42.5.4\postgresql-42.5.4.jar;C:\Users\vasco\.m2\repository\org\checkerframework\checker-qual\3.5.0\checker-qual-3.5.0.jar;C:\Users\vasco\.m2\repository\org\springframework\spring-webmvc\5.3.27\spring-webmvc-5.3.27.jar;C:\Users\vasco\.m2\repository\org\springframework\spring-aop\5.3.27\spring-aop-5.3.27.jar;C:\Users\vasco\.m2\repository\org\springframework\spring-beans\5.3.27\spring-beans-5.3.27.jar;C:\Users\vasco\.m2\repository\org\springframework\spring-context\5.3.27\spring-context-5.3.27.jar;C:\Users\vasco\.m2\repository\org\springframework\spring-core\5.3.27\spring-core-5.3.27.jar;C:\Users\vasco\.m2\repository\org\springframework\spring-jcl\5.3.27\spring-jcl-5.3.27.jar;C:\Users\vasco\.m2\repository\org\springframework\spring-expression\5.3.27\spring-expression-5.3.27.jar;C:\Users\vasco\.m2\repository\org\springframework\spring-web\5.3.27\spring-web-5.3.27.jar;C:\Users\vasco\.m2\repository\org\springframework\spring-context-support\5.3.27\spring-context-support-5.3.27.jar;C:\Users\vasco\.m2\repository\org\springframework\spring-jdbc\5.3.27\spring-jdbc-5.3.27.jar;C:\Users\vasco\.m2\repository\org\springframework\spring-tx\5.3.27\spring-tx-5.3.27.jar;C:\Users\vasco\.m2\repository\org\springframework\spring-oxm\5.3.27\spring-oxm-5.3.27.jar;C:\Users\vasco\.m2\repository\org\springframework\security\spring-security-web\5.8.3\spring-security-web-5.8.3.jar;C:\Users\vasco\.m2\repository\org\springframework\security\spring-security-core\5.8.3\spring-security-core-5.8.3.jar;C:\Users\vasco\.m2\repository\org\springframework\security\spring-security-crypto\5.8.3\spring-security-crypto-5.8.3.jar;C:\Users\vasco\.m2\repository\org\springframework\security\spring-security-config\5.8.3\spring-security-config-5.8.3.jar;C:\Users\vasco\.m2\repository\org\thymeleaf\thymeleaf-spring5\3.0.15.RELEASE\thymeleaf-spring5-3.0.15.RELEASE.jar;C:\Users\vasco\.m2\repository\org\thymeleaf\thymeleaf\3.0.15.RELEASE\thymeleaf-3.0.15.RELEASE.jar;C:\Users\vasco\.m2\repository\org\attoparser\attoparser\2.0.5.RELEASE\attoparser-2.0.5.RELEASE.jar;C:\Users\vasco\.m2\repository\org\unbescape\unbescape\1.1.6.RELEASE\unbescape-1.1.6.RELEASE.jar;C:\Users\vasco\.m2\repository\nz\net\ultraq\thymeleaf\thymeleaf-layout-dialect\3.2.1\thymeleaf-layout-dialect-3.2.1.jar;C:\Users\vasco\.m2\repository\org\apache\groovy\groovy\4.0.10\groovy-4.0.10.jar;C:\Users\vasco\.m2\repository\nz\net\ultraq\groovy\groovy-extensions\2.1.0\groovy-extensions-2.1.0.jar;C:\Users\vasco\.m2\repository\nz\net\ultraq\thymeleaf\thymeleaf-expression-processor\3.1.1\thymeleaf-expression-processor-3.1.1.jar;C:\Users\vasco\OneDrive\Documents\Grupo1\AP2-PD2\dss-demonstrations-5.12.1\dss-mock-tsa\target\dss-mock-tsa-5.12.1.jar;C:\Users\vasco\.m2\repository\eu\europa\ec\joinup\sd-dss\dss-spi\5.12.1\dss-spi-5.12.1.jar;C:\Users\vasco\.m2\repository\org\bouncycastle\bcpkix-jdk18on\1.72\bcpkix-jdk18on-1.72.jar;C:\Users\vasco\.m2\repository\org\bouncycastle\bcutil-jdk18on\1.72\bcutil-jdk18on-1.72.jar;C:\Users\vasco\.m2\repository\eu\europa\ec\joinup\sd-dss\dss-service\5.12.1\dss-service-5.12.1.jar;C:\Users\vasco\.m2\repository\org\apache\httpcomponents\client5\httpclient5\5.2.1\httpclient5-5.2.1.jar;C:\Users\vasco\.m2\repository\org\apache\httpcomponents\core5\httpcore5\5.2\httpcore5-5.2.jar;C:\Users\vasco\.m2\repository\org\apache\httpcomponents\core5\httpcore5-h2\5.2\httpcore5-h2-5.2.jar;C:\Users\vasco\.m2\repository\eu\europa\ec\joinup\sd-dss\dss-tsl-validation\5.12.1\dss-tsl-validation-5.12.1.jar;C:\Users\vasco\.m2\repository\eu\europa\ec\joinup\sd-dss\specs-trusted-list\5.12.1\specs-trusted-list-5.12.1.jar;C:\Users\vasco\.m2\repository\eu\europa\ec\joinup\sd-dss\specs-xmldsig\5.12.1\specs-xmldsig-5.12.1.jar;C:\Users\vasco\.m2\repository\eu\europa\ec\joinup\sd-dss\dss-jaxb-common\5.12.1\dss-jaxb-common-5.12.1.jar;C:\Users\vasco\.m2\repository\eu\europa\ec\joinup\sd-dss\dss-alert\5.12.1\dss-alert-5.12.1.jar;C:\Users\vasco\.m2\repository\eu\europa\ec\joinup\sd-dss\specs-xades\5.12.1\specs-xades-5.12.1.jar;C:\Users\vasco\.m2\repository\eu\europa\ec\joinup\sd-dss\dss-jaxb-parsers\5.12.1\dss-jaxb-parsers-5.12.1.jar;C:\Users\vasco\.m2\repository\eu\europa\ec\joinup\sd-dss\dss-xades\5.12.1\dss-xades-5.12.1.jar;C:\Users\vasco\.m2\repository\eu\europa\ec\joinup\sd-dss\dss-document\5.12.1\dss-document-5.12.1.jar;C:\Users\vasco\.m2\repository\eu\europa\ec\joinup\sd-dss\validation-policy\5.12.1\validation-policy-5.12.1.jar;C:\Users\vasco\.m2\repository\eu\europa\ec\joinup\sd-dss\dss-policy-jaxb\5.12.1\dss-policy-jaxb-5.12.1.jar;C:\Users\vasco\.m2\repository\eu\europa\ec\joinup\sd-dss\dss-i18n\5.12.1\dss-i18n-5.12.1.jar;C:\Users\vasco\.m2\repository\org\apache\santuario\xmlsec\2.3.3\xmlsec-2.3.3.jar;C:\Users\vasco\.m2\repository\commons-codec\commons-codec\1.15\commons-codec-1.15.jar;C:\Users\vasco\.m2\repository\eu\europa\ec\joinup\sd-dss\dss-utils-google-guava\5.12.1\dss-utils-google-guava-5.12.1.jar;C:\Users\vasco\.m2\repository\eu\europa\ec\joinup\sd-dss\dss-utils\5.12.1\dss-utils-5.12.1.jar;C:\Users\vasco\.m2\repository\com\google\guava\guava\32.0.0-jre\guava-32.0.0-jre.jar;C:\Users\vasco\.m2\repository\com\google\guava\failureaccess\1.0.1\failureaccess-1.0.1.jar;C:\Users\vasco\.m2\repository\com\google\guava\listenablefuture\9999.0-empty-to-avoid-conflict-with-guava\listenablefuture-9999.0-empty-to-avoid-conflict-with-guava.jar;C:\Users\vasco\.m2\repository\com\google\code\findbugs\jsr305\3.0.2\jsr305-3.0.2.jar;C:\Users\vasco\.m2\repository\com\google\errorprone\error_prone_annotations\2.18.0\error_prone_annotations-2.18.0.jar;C:\Users\vasco\.m2\repository\com\google\j2objc\j2objc-annotations\2.8\j2objc-annotations-2.8.jar;C:\Users\vasco\.m2\repository\eu\europa\ec\joinup\sd-dss\dss-crl-parser-stream\5.12.1\dss-crl-parser-stream-5.12.1.jar;C:\Users\vasco\.m2\repository\eu\europa\ec\joinup\sd-dss\dss-crl-parser\5.12.1\dss-crl-parser-5.12.1.jar;C:\Users\vasco\.m2\repository\org\bouncycastle\bcprov-jdk18on\1.72\bcprov-jdk18on-1.72.jar;C:\Users\vasco\.m2\repository\org\apache\cxf\cxf-rt-transports-http\3.5.5\cxf-rt-transports-http-3.5.5.jar;C:\Users\vasco\.m2\repository\org\apache\cxf\cxf-core\3.5.5\cxf-core-3.5.5.jar;C:\Users\vasco\.m2\repository\com\fasterxml\woodstox\woodstox-core\6.5.0\woodstox-core-6.5.0.jar;C:\Users\vasco\.m2\repository\org\codehaus\woodstox\stax2-api\4.2.1\stax2-api-4.2.1.jar;C:\Users\vasco\.m2\repository\org\apache\ws\xmlschema\xmlschema-core\2.3.0\xmlschema-core-2.3.0.jar;C:\Users\vasco\.m2\repository\jakarta\annotation\jakarta.annotation-api\1.3.5\jakarta.annotation-api-1.3.5.jar;C:\Users\vasco\.m2\repository\jakarta\xml\ws\jakarta.xml.ws-api\2.3.3\jakarta.xml.ws-api-2.3.3.jar;C:\Users\vasco\.m2\repository\jakarta\jws\jakarta.jws-api\2.1.0\jakarta.jws-api-2.1.0.jar;C:\Users\vasco\.m2\repository\jakarta\xml\soap\jakarta.xml.soap-api\1.4.2\jakarta.xml.soap-api-1.4.2.jar;C:\Users\vasco\.m2\repository\jakarta\activation\jakarta.activation-api\1.2.2\jakarta.activation-api-1.2.2.jar;C:\Users\vasco\.m2\repository\com\sun\activation\jakarta.activation\1.2.2\jakarta.activation-1.2.2.jar;C:\Users\vasco\.m2\repository\com\sun\xml\messaging\saaj\saaj-impl\1.5.3\saaj-impl-1.5.3.jar;C:\Users\vasco\.m2\repository\org\jvnet\staxex\stax-ex\1.8.3\stax-ex-1.8.3.jar;C:\Users\vasco\.m2\repository\org\apache\geronimo\specs\geronimo-jta_1.1_spec\1.1.1\geronimo-jta_1.1_spec-1.1.1.jar;C:\Users\vasco\.m2\repository\org\apache\cxf\cxf-rt-frontend-jaxws\3.5.5\cxf-rt-frontend-jaxws-3.5.5.jar;C:\Users\vasco\.m2\repository\xml-resolver\xml-resolver\1.2\xml-resolver-1.2.jar;C:\Users\vasco\.m2\repository\org\ow2\asm\asm\9.4\asm-9.4.jar;C:\Users\vasco\.m2\repository\org\apache\cxf\cxf-rt-bindings-soap\3.5.5\cxf-rt-bindings-soap-3.5.5.jar;C:\Users\vasco\.m2\repository\org\apache\cxf\cxf-rt-wsdl\3.5.5\cxf-rt-wsdl-3.5.5.jar;C:\Users\vasco\.m2\repository\wsdl4j\wsdl4j\1.6.3\wsdl4j-1.6.3.jar;C:\Users\vasco\.m2\repository\org\apache\cxf\cxf-rt-databinding-jaxb\3.5.5\cxf-rt-databinding-jaxb-3.5.5.jar;C:\Users\vasco\.m2\repository\org\apache\cxf\cxf-rt-bindings-xml\3.5.5\cxf-rt-bindings-xml-3.5.5.jar;C:\Users\vasco\.m2\repository\org\apache\cxf\cxf-rt-frontend-simple\3.5.5\cxf-rt-frontend-simple-3.5.5.jar;C:\Users\vasco\.m2\repository\org\apache\cxf\cxf-rt-ws-addr\3.5.5\cxf-rt-ws-addr-3.5.5.jar;C:\Users\vasco\.m2\repository\org\apache\cxf\cxf-rt-ws-policy\3.5.5\cxf-rt-ws-policy-3.5.5.jar;C:\Users\vasco\.m2\repository\org\apache\cxf\cxf-rt-ws-security\3.5.5\cxf-rt-ws-security-3.5.5.jar;C:\Users\vasco\.m2\repository\org\apache\cxf\cxf-rt-security-saml\3.5.5\cxf-rt-security-saml-3.5.5.jar;C:\Users\vasco\.m2\repository\org\apache\cxf\cxf-rt-security\3.5.5\cxf-rt-security-3.5.5.jar;C:\Users\vasco\.m2\repository\org\ehcache\ehcache\3.9.3\ehcache-3.9.3.jar;C:\Users\vasco\.m2\repository\org\apache\wss4j\wss4j-ws-security-dom\2.4.1\wss4j-ws-security-dom-2.4.1.jar;C:\Users\vasco\.m2\repository\org\apache\wss4j\wss4j-ws-security-common\2.4.1\wss4j-ws-security-common-2.4.1.jar;C:\Users\vasco\.m2\repository\org\opensaml\opensaml-saml-impl\3.4.6\opensaml-saml-impl-3.4.6.jar;C:\Users\vasco\.m2\repository\org\opensaml\opensaml-profile-api\3.4.6\opensaml-profile-api-3.4.6.jar;C:\Users\vasco\.m2\repository\org\opensaml\opensaml-core\3.4.6\opensaml-core-3.4.6.jar;C:\Users\vasco\.m2\repository\io\dropwizard\metrics\metrics-core\3.1.5\metrics-core-3.1.5.jar;C:\Users\vasco\.m2\repository\org\opensaml\opensaml-saml-api\3.4.6\opensaml-saml-api-3.4.6.jar;C:\Users\vasco\.m2\repository\org\opensaml\opensaml-xmlsec-api\3.4.6\opensaml-xmlsec-api-3.4.6.jar;C:\Users\vasco\.m2\repository\org\opensaml\opensaml-soap-api\3.4.6\opensaml-soap-api-3.4.6.jar;C:\Users\vasco\.m2\repository\org\opensaml\opensaml-security-impl\3.4.6\opensaml-security-impl-3.4.6.jar;C:\Users\vasco\.m2\repository\org\opensaml\opensaml-security-api\3.4.6\opensaml-security-api-3.4.6.jar;C:\Users\vasco\.m2\repository\org\opensaml\opensaml-xmlsec-impl\3.4.6\opensaml-xmlsec-impl-3.4.6.jar;C:\Users\vasco\.m2\repository\net\shibboleth\utilities\java-support\7.5.2\java-support-7.5.2.jar;C:\Users\vasco\.m2\repository\org\cryptacular\cryptacular\1.2.4\cryptacular-1.2.4.jar;C:\Users\vasco\.m2\repository\org\bouncycastle\bcprov-jdk15on\1.64\bcprov-jdk15on-1.64.jar;C:\Users\vasco\.m2\repository\joda-time\joda-time\2.10.10\joda-time-2.10.10.jar;C:\Users\vasco\.m2\repository\org\opensaml\opensaml-xacml-impl\3.4.6\opensaml-xacml-impl-3.4.6.jar;C:\Users\vasco\.m2\repository\org\opensaml\opensaml-xacml-api\3.4.6\opensaml-xacml-api-3.4.6.jar;C:\Users\vasco\.m2\repository\org\opensaml\opensaml-xacml-saml-impl\3.4.6\opensaml-xacml-saml-impl-3.4.6.jar;C:\Users\vasco\.m2\repository\org\opensaml\opensaml-xacml-saml-api\3.4.6\opensaml-xacml-saml-api-3.4.6.jar;C:\Users\vasco\.m2\repository\org\jasypt\jasypt\1.9.3\jasypt-1.9.3.jar;C:\Users\vasco\.m2\repository\org\apache\geronimo\javamail\geronimo-javamail_1.4_mail\1.8.4\geronimo-javamail_1.4_mail-1.8.4.jar;C:\Users\vasco\.m2\repository\org\apache\wss4j\wss4j-policy\2.4.1\wss4j-policy-2.4.1.jar;C:\Users\vasco\.m2\repository\org\apache\neethi\neethi\3.1.1\neethi-3.1.1.jar;C:\Users\vasco\.m2\repository\org\apache\wss4j\wss4j-ws-security-stax\2.4.1\wss4j-ws-security-stax-2.4.1.jar;C:\Users\vasco\.m2\repository\org\apache\wss4j\wss4j-bindings\2.4.1\wss4j-bindings-2.4.1.jar;C:\Users\vasco\.m2\repository\org\apache\wss4j\wss4j-ws-security-policy-stax\2.4.1\wss4j-ws-security-policy-stax-2.4.1.jar;C:\Users\vasco\.m2\repository\eu\europa\ec\joinup\sd-dss\dss-signature-soap\5.12.1\dss-signature-soap-5.12.1.jar;C:\Users\vasco\.m2\repository\eu\europa\ec\joinup\sd-dss\dss-signature-soap-client\5.12.1\dss-signature-soap-client-5.12.1.jar;C:\Users\vasco\.m2\repository\eu\europa\ec\joinup\sd-dss\dss-signature-dto\5.12.1\dss-signature-dto-5.12.1.jar;C:\Users\vasco\.m2\repository\eu\europa\ec\joinup\sd-dss\dss-common-remote-dto\5.12.1\dss-common-remote-dto-5.12.1.jar;C:\Users\vasco\.m2\repository\eu\europa\ec\joinup\sd-dss\dss-signature-remote\5.12.1\dss-signature-remote-5.12.1.jar;C:\Users\vasco\.m2\repository\eu\europa\ec\joinup\sd-dss\dss-common-remote-converter\5.12.1\dss-common-remote-converter-5.12.1.jar;C:\Users\vasco\.m2\repository\eu\europa\ec\joinup\sd-dss\dss-cades\5.12.1\dss-cades-5.12.1.jar;C:\Users\vasco\.m2\repository\eu\europa\ec\joinup\sd-dss\dss-jades\5.12.1\dss-jades-5.12.1.jar;C:\Users\vasco\.m2\repository\eu\europa\ec\joinup\sd-dss\specs-jades\5.12.1\specs-jades-5.12.1.jar;C:\Users\vasco\.m2\repository\eu\europa\ec\joinup\sd-dss\specs-jws\5.12.1\specs-jws-5.12.1.jar;C:\Users\vasco\.m2\repository\com\github\erosb\everit-json-schema\1.14.2\everit-json-schema-1.14.2.jar;C:\Users\vasco\.m2\repository\org\json\json\20230227\json-20230227.jar;C:\Users\vasco\.m2\repository\commons-validator\commons-validator\1.7\commons-validator-1.7.jar;C:\Users\vasco\.m2\repository\commons-digester\commons-digester\2.1\commons-digester-2.1.jar;C:\Users\vasco\.m2\repository\commons-collections\commons-collections\3.2.2\commons-collections-3.2.2.jar;C:\Users\vasco\.m2\repository\com\damnhandy\handy-uri-templates\2.1.8\handy-uri-templates-2.1.8.jar;C:\Users\vasco\.m2\repository\com\google\re2j\re2j\1.6\re2j-1.6.jar;C:\Users\vasco\.m2\repository\org\bitbucket\b_c\jose4j\0.9.3\jose4j-0.9.3.jar;C:\Users\vasco\.m2\repository\eu\europa\ec\joinup\sd-dss\dss-asic-cades\5.12.1\dss-asic-cades-5.12.1.jar;C:\Users\vasco\.m2\repository\eu\europa\ec\joinup\sd-dss\dss-asic-common\5.12.1\dss-asic-common-5.12.1.jar;C:\Users\vasco\.m2\repository\eu\europa\ec\joinup\sd-dss\dss-asic-xades\5.12.1\dss-asic-xades-5.12.1.jar;C:\Users\vasco\.m2\repository\eu\europa\ec\joinup\sd-dss\dss-validation-soap\5.12.1\dss-validation-soap-5.12.1.jar;C:\Users\vasco\.m2\repository\eu\europa\ec\joinup\sd-dss\dss-validation-soap-client\5.12.1\dss-validation-soap-client-5.12.1.jar;C:\Users\vasco\.m2\repository\eu\europa\ec\joinup\sd-dss\dss-validation-dto\5.12.1\dss-validation-dto-5.12.1.jar;C:\Users\vasco\.m2\repository\eu\europa\ec\joinup\sd-dss\dss-diagnostic-jaxb\5.12.1\dss-diagnostic-jaxb-5.12.1.jar;C:\Users\vasco\.m2\repository\eu\europa\ec\joinup\sd-dss\dss-simple-report-jaxb\5.12.1\dss-simple-report-jaxb-5.12.1.jar;C:\Users\vasco\.m2\repository\eu\europa\ec\joinup\sd-dss\dss-detailed-report-jaxb\5.12.1\dss-detailed-report-jaxb-5.12.1.jar;C:\Users\vasco\.m2\repository\eu\europa\ec\joinup\sd-dss\specs-validation-report\5.12.1\specs-validation-report-5.12.1.jar;C:\Users\vasco\.m2\repository\eu\europa\ec\joinup\sd-dss\dss-validation-server-common\5.12.1\dss-validation-server-common-5.12.1.jar;C:\Users\vasco\.m2\repository\eu\europa\ec\joinup\sd-dss\dss-certificate-validation-soap\5.12.1\dss-certificate-validation-soap-5.12.1.jar;C:\Users\vasco\.m2\repository\eu\europa\ec\joinup\sd-dss\dss-certificate-validation-common\5.12.1\dss-certificate-validation-common-5.12.1.jar;C:\Users\vasco\.m2\repository\eu\europa\ec\joinup\sd-dss\dss-certificate-validation-dto\5.12.1\dss-certificate-validation-dto-5.12.1.jar;C:\Users\vasco\.m2\repository\eu\europa\ec\joinup\sd-dss\dss-simple-certificate-report-jaxb\5.12.1\dss-simple-certificate-report-jaxb-5.12.1.jar;C:\Users\vasco\.m2\repository\eu\europa\ec\joinup\sd-dss\dss-certificate-validation-soap-client\5.12.1\dss-certificate-validation-soap-client-5.12.1.jar;C:\Users\vasco\.m2\repository\eu\europa\ec\joinup\sd-dss\dss-server-signing-soap\5.12.1\dss-server-signing-soap-5.12.1.jar;C:\Users\vasco\.m2\repository\eu\europa\ec\joinup\sd-dss\dss-server-signing-common\5.12.1\dss-server-signing-common-5.12.1.jar;C:\Users\vasco\.m2\repository\eu\europa\ec\joinup\sd-dss\dss-server-signing-dto\5.12.1\dss-server-signing-dto-5.12.1.jar;C:\Users\vasco\.m2\repository\eu\europa\ec\joinup\sd-dss\dss-server-signing-soap-client\5.12.1\dss-server-signing-soap-client-5.12.1.jar;C:\Users\vasco\.m2\repository\eu\europa\ec\joinup\sd-dss\dss-timestamp-remote-soap\5.12.1\dss-timestamp-remote-soap-5.12.1.jar;C:\Users\vasco\.m2\repository\eu\europa\ec\joinup\sd-dss\dss-timestamp-remote\5.12.1\dss-timestamp-remote-5.12.1.jar;C:\Users\vasco\.m2\repository\eu\europa\ec\joinup\sd-dss\dss-timestamp-dto\5.12.1\dss-timestamp-dto-5.12.1.jar;C:\Users\vasco\.m2\repository\eu\europa\ec\joinup\sd-dss\dss-timestamp-remote-soap-client\5.12.1\dss-timestamp-remote-soap-client-5.12.1.jar;C:\Users\vasco\.m2\repository\eu\europa\ec\joinup\sd-dss\dss-pades-pdfbox\5.12.1\dss-pades-pdfbox-5.12.1.jar;C:\Users\vasco\.m2\repository\eu\europa\ec\joinup\sd-dss\dss-pades\5.12.1\dss-pades-5.12.1.jar;C:\Users\vasco\.m2\repository\org\apache\pdfbox\pdfbox\2.0.28\pdfbox-2.0.28.jar;C:\Users\vasco\.m2\repository\org\apache\pdfbox\fontbox\2.0.28\fontbox-2.0.28.jar;C:\Users\vasco\.m2\repository\org\apache\cxf\cxf-rt-rs-service-description\3.5.5\cxf-rt-rs-service-description-3.5.5.jar;C:\Users\vasco\.m2\repository\org\apache\cxf\cxf-rt-frontend-jaxrs\3.5.5\cxf-rt-frontend-jaxrs-3.5.5.jar;C:\Users\vasco\.m2\repository\jakarta\ws\rs\jakarta.ws.rs-api\2.1.6\jakarta.ws.rs-api-2.1.6.jar;C:\Users\vasco\.m2\repository\org\apache\cxf\cxf-rt-features-logging\3.5.5\cxf-rt-features-logging-3.5.5.jar;C:\Users\vasco\.m2\repository\org\apache\cxf\cxf-rt-rs-service-description-openapi-v3\3.5.5\cxf-rt-rs-service-description-openapi-v3-3.5.5.jar;C:\Users\vasco\.m2\repository\org\apache\cxf\cxf-rt-rs-service-description-common-openapi\3.5.5\cxf-rt-rs-service-description-common-openapi-3.5.5.jar;C:\Users\vasco\.m2\repository\org\apache\cxf\cxf-rt-rs-service-description-swagger-ui\3.5.5\cxf-rt-rs-service-description-swagger-ui-3.5.5.jar;C:\Users\vasco\.m2\repository\io\swagger\core\v3\swagger-jaxrs2\2.1.13\swagger-jaxrs2-2.1.13.jar;C:\Users\vasco\.m2\repository\io\github\classgraph\classgraph\4.8.138\classgraph-4.8.138.jar;C:\Users\vasco\.m2\repository\io\swagger\core\v3\swagger-models\2.1.13\swagger-models-2.1.13.jar;C:\Users\vasco\.m2\repository\io\swagger\core\v3\swagger-annotations\2.1.13\swagger-annotations-2.1.13.jar;C:\Users\vasco\.m2\repository\io\swagger\core\v3\swagger-integration\2.1.13\swagger-integration-2.1.13.jar;C:\Users\vasco\.m2\repository\io\swagger\core\v3\swagger-core\2.1.13\swagger-core-2.1.13.jar;C:\Users\vasco\.m2\repository\org\apache\commons\commons-lang3\3.12.0\commons-lang3-3.12.0.jar;C:\Users\vasco\.m2\repository\com\fasterxml\jackson\dataformat\jackson-dataformat-yaml\2.12.1\jackson-dataformat-yaml-2.12.1.jar;C:\Users\vasco\.m2\repository\com\fasterxml\jackson\datatype\jackson-datatype-jsr310\2.12.1\jackson-datatype-jsr310-2.12.1.jar;C:\Users\vasco\.m2\repository\org\webjars\swagger-ui\4.18.2\swagger-ui-4.18.2.jar;C:\Users\vasco\.m2\repository\com\fasterxml\jackson\jaxrs\jackson-jaxrs-json-provider\2.15.1\jackson-jaxrs-json-provider-2.15.1.jar;C:\Users\vasco\.m2\repository\com\fasterxml\jackson\jaxrs\jackson-jaxrs-base\2.15.1\jackson-jaxrs-base-2.15.1.jar;C:\Users\vasco\.m2\repository\com\fasterxml\jackson\core\jackson-core\2.15.1\jackson-core-2.15.1.jar;C:\Users\vasco\.m2\repository\com\fasterxml\jackson\core\jackson-databind\2.15.1\jackson-databind-2.15.1.jar;C:\Users\vasco\.m2\repository\com\fasterxml\jackson\module\jackson-module-jaxb-annotations\2.15.1\jackson-module-jaxb-annotations-2.15.1.jar;C:\Users\vasco\.m2\repository\com\fasterxml\jackson\core\jackson-annotations\2.15.1\jackson-annotations-2.15.1.jar;C:\Users\vasco\.m2\repository\eu\europa\ec\joinup\sd-dss\dss-signature-rest\5.12.1\dss-signature-rest-5.12.1.jar;C:\Users\vasco\.m2\repository\eu\europa\ec\joinup\sd-dss\dss-signature-rest-client\5.12.1\dss-signature-rest-client-5.12.1.jar;C:\Users\vasco\.m2\repository\eu\europa\ec\joinup\sd-dss\dss-validation-rest\5.12.1\dss-validation-rest-5.12.1.jar;C:\Users\vasco\.m2\repository\eu\europa\ec\joinup\sd-dss\dss-validation-rest-client\5.12.1\dss-validation-rest-client-5.12.1.jar;C:\Users\vasco\.m2\repository\eu\europa\ec\joinup\sd-dss\dss-certificate-validation-rest\5.12.1\dss-certificate-validation-rest-5.12.1.jar;C:\Users\vasco\.m2\repository\eu\europa\ec\joinup\sd-dss\dss-certificate-validation-rest-client\5.12.1\dss-certificate-validation-rest-client-5.12.1.jar;C:\Users\vasco\.m2\repository\eu\europa\ec\joinup\sd-dss\dss-server-signing-rest\5.12.1\dss-server-signing-rest-5.12.1.jar;C:\Users\vasco\.m2\repository\eu\europa\ec\joinup\sd-dss\dss-server-signing-rest-client\5.12.1\dss-server-signing-rest-client-5.12.1.jar;C:\Users\vasco\.m2\repository\eu\europa\ec\joinup\sd-dss\dss-timestamp-remote-rest\5.12.1\dss-timestamp-remote-rest-5.12.1.jar;C:\Users\vasco\.m2\repository\eu\europa\ec\joinup\sd-dss\dss-timestamp-remote-rest-client\5.12.1\dss-timestamp-remote-rest-client-5.12.1.jar;C:\Users\vasco\.m2\repository\org\apache\cxf\cxf-rt-rs-client\3.5.5\cxf-rt-rs-client-3.5.5.jar;C:\Users\vasco\.m2\repository\eu\europa\ec\joinup\sd-dss\dss-token\5.12.1\dss-token-5.12.1.jar;C:\Users\vasco\.m2\repository\eu\europa\ec\joinup\sd-dss\dss-model\5.12.1\dss-model-5.12.1.jar;C:\Users\vasco\.m2\repository\eu\europa\ec\joinup\sd-dss\dss-enumerations\5.12.1\dss-enumerations-5.12.1.jar;C:\Users\vasco\.m2\repository\org\slf4j\jcl-over-slf4j\2.0.7\jcl-over-slf4j-2.0.7.jar;C:\Users\vasco\.m2\repository\org\slf4j\slf4j-api\2.0.7\slf4j-api-2.0.7.jar;C:\Users\vasco\.m2\repository\ch\qos\logback\logback-classic\1.3.7\logback-classic-1.3.7.jar;C:\Users\vasco\.m2\repository\ch\qos\logback\logback-core\1.3.7\logback-core-1.3.7.jar;C:\Users\vasco\.m2\repository\org\hsqldb\hsqldb\2.5.2\hsqldb-2.5.2.jar;C:\Users\vasco\.m2\repository\com\zaxxer\HikariCP\4.0.3\HikariCP-4.0.3.jar;C:\Users\vasco\.m2\repository\commons-fileupload\commons-fileupload\1.5\commons-fileupload-1.5.jar;C:\Users\vasco\.m2\repository\commons-io\commons-io\2.12.0\commons-io-2.12.0.jar;C:\Users\vasco\.m2\repository\org\freemarker\freemarker\2.3.32\freemarker-2.3.32.jar;C:\Users\vasco\.m2\repository\org\apache\xmlgraphics\fop-core\2.8\fop-core-2.8.jar;C:\Users\vasco\.m2\repository\org\apache\xmlgraphics\batik-anim\1.16\batik-anim-1.16.jar;C:\Users\vasco\.m2\repository\org\apache\xmlgraphics\batik-css\1.16\batik-css-1.16.jar;C:\Users\vasco\.m2\repository\org\apache\xmlgraphics\batik-dom\1.16\batik-dom-1.16.jar;C:\Users\vasco\.m2\repository\xml-apis\xml-apis\1.4.01\xml-apis-1.4.01.jar;C:\Users\vasco\.m2\repository\org\apache\xmlgraphics\batik-ext\1.16\batik-ext-1.16.jar;C:\Users\vasco\.m2\repository\org\apache\xmlgraphics\batik-parser\1.16\batik-parser-1.16.jar;C:\Users\vasco\.m2\repository\org\apache\xmlgraphics\batik-shared-resources\1.16\batik-shared-resources-1.16.jar;C:\Users\vasco\.m2\repository\org\apache\xmlgraphics\batik-svg-dom\1.16\batik-svg-dom-1.16.jar;C:\Users\vasco\.m2\repository\org\apache\xmlgraphics\batik-util\1.16\batik-util-1.16.jar;C:\Users\vasco\.m2\repository\org\apache\xmlgraphics\batik-constants\1.16\batik-constants-1.16.jar;C:\Users\vasco\.m2\repository\org\apache\xmlgraphics\batik-i18n\1.16\batik-i18n-1.16.jar;C:\Users\vasco\.m2\repository\xml-apis\xml-apis-ext\1.3.04\xml-apis-ext-1.3.04.jar;C:\Users\vasco\.m2\repository\org\apache\xmlgraphics\batik-awt-util\1.16\batik-awt-util-1.16.jar;C:\Users\vasco\.m2\repository\org\apache\xmlgraphics\batik-bridge\1.16\batik-bridge-1.16.jar;C:\Users\vasco\.m2\repository\org\apache\xmlgraphics\batik-script\1.16\batik-script-1.16.jar;C:\Users\vasco\.m2\repository\org\apache\xmlgraphics\batik-xml\1.16\batik-xml-1.16.jar;C:\Users\vasco\.m2\repository\org\apache\xmlgraphics\batik-extension\1.16\batik-extension-1.16.jar;C:\Users\vasco\.m2\repository\org\apache\xmlgraphics\batik-gvt\1.16\batik-gvt-1.16.jar;C:\Users\vasco\.m2\repository\org\apache\xmlgraphics\batik-transcoder\1.16\batik-transcoder-1.16.jar;C:\Users\vasco\.m2\repository\org\apache\xmlgraphics\batik-svggen\1.16\batik-svggen-1.16.jar;C:\Users\vasco\.m2\repository\org\apache\xmlgraphics\fop-events\2.8\fop-events-2.8.jar;C:\Users\vasco\.m2\repository\com\thoughtworks\qdox\qdox\1.12\qdox-1.12.jar;C:\Users\vasco\.m2\repository\org\apache\xmlgraphics\fop-util\2.8\fop-util-2.8.jar;C:\Users\vasco\.m2\repository\org\apache\xmlgraphics\xmlgraphics-commons\2.8\xmlgraphics-commons-2.8.jar;C:\Users\vasco\.m2\repository\org\glassfish\jaxb\jaxb-runtime\2.3.8\jaxb-runtime-2.3.8.jar;C:\Users\vasco\.m2\repository\jakarta\xml\bind\jakarta.xml.bind-api\2.3.3\jakarta.xml.bind-api-2.3.3.jar;C:\Users\vasco\.m2\repository\org\glassfish\jaxb\txw2\2.3.8\txw2-2.3.8.jar;C:\Users\vasco\.m2\repository\com\sun\istack\istack-commons-runtime\3.0.12\istack-commons-runtime-3.0.12.jar;C:\Users\vasco\.m2\repository\org\webjars\bootstrap\4.6.2\bootstrap-4.6.2.jar;C:\Users\vasco\.m2\repository\org\webjars\popper.js\1.16.0\popper.js-1.16.0.jar;C:\Users\vasco\.m2\repository\org\webjars\jquery\3.6.4\jquery-3.6.4.jar;C:\Users\vasco\.m2\repository\org\webjars\font-awesome\4.7.0\font-awesome-4.7.0.jar;C:\Users\vasco\.m2\repository\org\webjars\highlightjs\11.5.0\highlightjs-11.5.0.jar;C:\Users\vasco\.m2\repository\javax\servlet\javax.servlet-api\4.0.1\javax.servlet-api-4.0.1.jar;C:\Users\vasco\.m2\repository\org\hibernate\validator\hibernate-validator\6.2.5.Final\hibernate-validator-6.2.5.Final.jar;C:\Users\vasco\.m2\repository\jakarta\validation\jakarta.validation-api\2.0.2\jakarta.validation-api-2.0.2.jar;C:\Users\vasco\.m2\repository\org\jboss\logging\jboss-logging\3.4.1.Final\jboss-logging-3.4.1.Final.jar;C:\Users\vasco\.m2\repository\com\fasterxml\classmate\1.5.1\classmate-1.5.1.jar;C:\Users\vasco\.m2\repository\org\junit\jupiter\junit-jupiter-engine\5.9.3\junit-jupiter-engine-5.9.3.jar;C:\Users\vasco\.m2\repository\org\junit\platform\junit-platform-engine\1.9.3\junit-platform-engine-1.9.3.jar;C:\Users\vasco\.m2\repository\org\opentest4j\opentest4j\1.2.0\opentest4j-1.2.0.jar;C:\Users\vasco\.m2\repository\org\junit\platform\junit-platform-commons\1.9.3\junit-platform-commons-1.9.3.jar;C:\Users\vasco\.m2\repository\org\junit\jupiter\junit-jupiter-api\5.9.3\junit-jupiter-api-5.9.3.jar;C:\Users\vasco\.m2\repository\org\apiguardian\apiguardian-api\1.1.2\apiguardian-api-1.1.2.jar;C:\Users\vasco\.m2\repository\org\springframework\spring-test\5.3.27\spring-test-5.3.27.jar;C:\Users\vasco\.m2\repository\org\apache\tomcat\embed\tomcat-embed-core\9.0.75\tomcat-embed-core-9.0.75.jar;C:\Users\vasco\.m2\repository\org\apache\tomcat\tomcat-annotations-api\9.0.75\tomcat-annotations-api-9.0.75.jar;"/>
    <property name="sun.cpu.endian" value="little"/>
    <property name="user.home" value="C:\Users\vasco"/>
    <property name="user.language" value="en"/>
    <property name="java.specification.vendor" value="Oracle Corporation"/>
    <property name="java.version.date" value="2023-04-18"/>
    <property name="java.home" value="C:\Program Files\Java\jdk-20"/>
    <property name="file.separator" value="\"/>
    <property name="basedir" value="C:\Users\vasco\OneDrive\Documents\Grupo1\AP2-PD2\dss-demonstrations-5.12.1\dss-demo-webapp"/>
    <property name="java.vm.compressedOopsMode" value="Zero based"/>
    <property name="line.separator" value="&#10;"/>
    <property name="java.vm.specification.vendor" value="Oracle Corporation"/>
    <property name="java.specification.name" value="Java Platform API Specification"/>
    <property name="surefire.real.class.path" value="C:\Users\vasco\AppData\Local\Temp\surefire3691779001801147563\surefirebooter-20230612193056887_7.jar"/>
    <property name="user.script" value=""/>
    <property name="sun.management.compiler" value="HotSpot 64-Bit Tiered Compilers"/>
    <property name="java.runtime.version" value="20.0.1+9-29"/>
    <property name="user.name" value="vasco"/>
    <property name="stdout.encoding" value="Cp1252"/>
    <property name="path.separator" value=";"/>
    <property name="os.version" value="10.0"/>
    <property name="java.runtime.name" value="Java(TM) SE Runtime Environment"/>
    <property name="file.encoding" value="UTF-8"/>
    <property name="java.vm.name" value="Java HotSpot(TM) 64-Bit Server VM"/>
    <property name="localRepository" value="C:\Users\vasco\.m2\repository"/>
    <property name="java.vendor.url.bug" value="https://bugreport.java.com/bugreport/"/>
    <property name="java.io.tmpdir" value="C:\Users\vasco\AppData\Local\Temp\"/>
    <property name="java.version" value="20.0.1"/>
    <property name="user.dir" value="C:\Users\vasco\OneDrive\Documents\Grupo1\AP2-PD2\dss-demonstrations-5.12.1\dss-demo-webapp"/>
    <property name="os.arch" value="amd64"/>
    <property name="java.vm.specification.name" value="Java Virtual Machine Specification"/>
    <property name="user.language.format" value="pt"/>
    <property name="sun.os.patch.level" value=""/>
    <property name="native.encoding" value="Cp1252"/>
    <property name="java.library.path" value="C:\Program Files\Java\jdk-20\bin;C:\Windows\Sun\Java\bin;C:\Windows\system32;C:\Windows;C:\Program Files\Common Files\Oracle\Java\javapath;C:\Windows\system32;C:\Windows;C:\Windows\System32\Wbem;C:\Windows\System32\WindowsPowerShell\v1.0\;C:\Windows\System32\OpenSSH\;C:\Program Files\Intel\WiFi\bin\;C:\Program Files\Common Files\Intel\WirelessCommon\;C:\Program Files\NVIDIA Corporation\NVIDIA NvDLISR;C:\Program Files\Git\cmd;C:\Program Files (x86)\NVIDIA Corporation\PhysX\Common;C:\Program Files\nodejs\;C:\Program Files\Maven\apache-maven-3.9.2\bin;C:\Users\vasco\AppData\Local\Microsoft\WindowsApps;C:\Users\vasco\AppData\Local\Programs\Microsoft VS Code\bin;C:\Users\vasco\AppData\Local\GitHubDesktop\bin;C:\Users\vasco\AppData\Local\JetBrains\Toolbox\scripts;C:\Users\vasco\AppData\Roaming\npm;."/>
    <property name="java.vm.info" value="mixed mode, sharing"/>
    <property name="stderr.encoding" value="Cp1252"/>
    <property name="java.vendor" value="Oracle Corporation"/>
    <property name="java.vm.version" value="20.0.1+9-29"/>
    <property name="sun.io.unicode.encoding" value="UnicodeLittle"/>
    <property name="java.class.version" value="64.0"/>
  </properties>
  <testcase name="generateDetailedReportMultiSignatures" classname="eu.europa.esig.dss.web.service.XSLTServiceTest" time="0">
    <error message="Failed to load ApplicationContext" type="java.lang.IllegalStateException"><![CDATA[java.lang.IllegalStateException: Failed to load ApplicationContext
	at org.springframework.test.context.cache.DefaultCacheAwareContextLoaderDelegate.loadContext(DefaultCacheAwareContextLoaderDelegate.java:98)
	at org.springframework.test.context.support.DefaultTestContext.getApplicationContext(DefaultTestContext.java:124)
	at org.springframework.test.context.web.ServletTestExecutionListener.setUpRequestContextIfNecessary(ServletTestExecutionListener.java:190)
	at org.springframework.test.context.web.ServletTestExecutionListener.prepareTestInstance(ServletTestExecutionListener.java:132)
	at org.springframework.test.context.TestContextManager.prepareTestInstance(TestContextManager.java:248)
	at org.springframework.test.context.junit.jupiter.SpringExtension.postProcessTestInstance(SpringExtension.java:138)
	at org.junit.jupiter.engine.descriptor.ClassBasedTestDescriptor.lambda$invokeTestInstancePostProcessors$10(ClassBasedTestDescriptor.java:377)
	at org.junit.jupiter.engine.descriptor.ClassBasedTestDescriptor.executeAndMaskThrowable(ClassBasedTestDescriptor.java:382)
	at org.junit.jupiter.engine.descriptor.ClassBasedTestDescriptor.lambda$invokeTestInstancePostProcessors$11(ClassBasedTestDescriptor.java:377)
	at java.base/java.util.stream.ReferencePipeline$3$1.accept(ReferencePipeline.java:197)
	at java.base/java.util.stream.ReferencePipeline$2$1.accept(ReferencePipeline.java:179)
	at java.base/java.util.ArrayList$ArrayListSpliterator.forEachRemaining(ArrayList.java:1625)
	at java.base/java.util.stream.AbstractPipeline.copyInto(AbstractPipeline.java:509)
	at java.base/java.util.stream.AbstractPipeline.wrapAndCopyInto(AbstractPipeline.java:499)
	at java.base/java.util.stream.StreamSpliterators$WrappingSpliterator.forEachRemaining(StreamSpliterators.java:310)
	at java.base/java.util.stream.Streams$ConcatSpliterator.forEachRemaining(Streams.java:735)
	at java.base/java.util.stream.Streams$ConcatSpliterator.forEachRemaining(Streams.java:734)
	at java.base/java.util.stream.ReferencePipeline$Head.forEach(ReferencePipeline.java:762)
	at org.junit.jupiter.engine.descriptor.ClassBasedTestDescriptor.invokeTestInstancePostProcessors(ClassBasedTestDescriptor.java:376)
	at org.junit.jupiter.engine.descriptor.ClassBasedTestDescriptor.lambda$instantiateAndPostProcessTestInstance$6(ClassBasedTestDescriptor.java:289)
	at org.junit.platform.engine.support.hierarchical.ThrowableCollector.execute(ThrowableCollector.java:73)
	at org.junit.jupiter.engine.descriptor.ClassBasedTestDescriptor.instantiateAndPostProcessTestInstance(ClassBasedTestDescriptor.java:288)
	at org.junit.jupiter.engine.descriptor.ClassBasedTestDescriptor.lambda$testInstancesProvider$4(ClassBasedTestDescriptor.java:278)
	at java.base/java.util.Optional.orElseGet(Optional.java:364)
	at org.junit.jupiter.engine.descriptor.ClassBasedTestDescriptor.lambda$testInstancesProvider$5(ClassBasedTestDescriptor.java:277)
	at org.junit.jupiter.engine.execution.TestInstancesProvider.getTestInstances(TestInstancesProvider.java:31)
	at org.junit.jupiter.engine.descriptor.TestMethodTestDescriptor.lambda$prepare$0(TestMethodTestDescriptor.java:105)
	at org.junit.platform.engine.support.hierarchical.ThrowableCollector.execute(ThrowableCollector.java:73)
	at org.junit.jupiter.engine.descriptor.TestMethodTestDescriptor.prepare(TestMethodTestDescriptor.java:104)
	at org.junit.jupiter.engine.descriptor.TestMethodTestDescriptor.prepare(TestMethodTestDescriptor.java:68)
	at org.junit.platform.engine.support.hierarchical.NodeTestTask.lambda$prepare$2(NodeTestTask.java:123)
	at org.junit.platform.engine.support.hierarchical.ThrowableCollector.execute(ThrowableCollector.java:73)
	at org.junit.platform.engine.support.hierarchical.NodeTestTask.prepare(NodeTestTask.java:123)
	at org.junit.platform.engine.support.hierarchical.NodeTestTask.execute(NodeTestTask.java:90)
	at java.base/java.util.ArrayList.forEach(ArrayList.java:1511)
	at org.junit.platform.engine.support.hierarchical.SameThreadHierarchicalTestExecutorService.invokeAll(SameThreadHierarchicalTestExecutorService.java:41)
	at org.junit.platform.engine.support.hierarchical.NodeTestTask.lambda$executeRecursively$6(NodeTestTask.java:155)
	at org.junit.platform.engine.support.hierarchical.ThrowableCollector.execute(ThrowableCollector.java:73)
	at org.junit.platform.engine.support.hierarchical.NodeTestTask.lambda$executeRecursively$8(NodeTestTask.java:141)
	at org.junit.platform.engine.support.hierarchical.Node.around(Node.java:137)
	at org.junit.platform.engine.support.hierarchical.NodeTestTask.lambda$executeRecursively$9(NodeTestTask.java:139)
	at org.junit.platform.engine.support.hierarchical.ThrowableCollector.execute(ThrowableCollector.java:73)
	at org.junit.platform.engine.support.hierarchical.NodeTestTask.executeRecursively(NodeTestTask.java:138)
	at org.junit.platform.engine.support.hierarchical.NodeTestTask.execute(NodeTestTask.java:95)
	at java.base/java.util.ArrayList.forEach(ArrayList.java:1511)
	at org.junit.platform.engine.support.hierarchical.SameThreadHierarchicalTestExecutorService.invokeAll(SameThreadHierarchicalTestExecutorService.java:41)
	at org.junit.platform.engine.support.hierarchical.NodeTestTask.lambda$executeRecursively$6(NodeTestTask.java:155)
	at org.junit.platform.engine.support.hierarchical.ThrowableCollector.execute(ThrowableCollector.java:73)
	at org.junit.platform.engine.support.hierarchical.NodeTestTask.lambda$executeRecursively$8(NodeTestTask.java:141)
	at org.junit.platform.engine.support.hierarchical.Node.around(Node.java:137)
	at org.junit.platform.engine.support.hierarchical.NodeTestTask.lambda$executeRecursively$9(NodeTestTask.java:139)
	at org.junit.platform.engine.support.hierarchical.ThrowableCollector.execute(ThrowableCollector.java:73)
	at org.junit.platform.engine.support.hierarchical.NodeTestTask.executeRecursively(NodeTestTask.java:138)
	at org.junit.platform.engine.support.hierarchical.NodeTestTask.execute(NodeTestTask.java:95)
	at org.junit.platform.engine.support.hierarchical.SameThreadHierarchicalTestExecutorService.submit(SameThreadHierarchicalTestExecutorService.java:35)
	at org.junit.platform.engine.support.hierarchical.HierarchicalTestExecutor.execute(HierarchicalTestExecutor.java:57)
	at org.junit.platform.engine.support.hierarchical.HierarchicalTestEngine.execute(HierarchicalTestEngine.java:54)
	at org.junit.platform.launcher.core.EngineExecutionOrchestrator.execute(EngineExecutionOrchestrator.java:147)
	at org.junit.platform.launcher.core.EngineExecutionOrchestrator.execute(EngineExecutionOrchestrator.java:127)
	at org.junit.platform.launcher.core.EngineExecutionOrchestrator.execute(EngineExecutionOrchestrator.java:90)
	at org.junit.platform.launcher.core.EngineExecutionOrchestrator.lambda$execute$0(EngineExecutionOrchestrator.java:55)
	at org.junit.platform.launcher.core.EngineExecutionOrchestrator.withInterceptedStreams(EngineExecutionOrchestrator.java:102)
	at org.junit.platform.launcher.core.EngineExecutionOrchestrator.execute(EngineExecutionOrchestrator.java:54)
	at org.junit.platform.launcher.core.DefaultLauncher.execute(DefaultLauncher.java:114)
	at org.junit.platform.launcher.core.DefaultLauncher.execute(DefaultLauncher.java:86)
	at org.junit.platform.launcher.core.DefaultLauncherSession$DelegatingLauncher.execute(DefaultLauncherSession.java:86)
	at org.apache.maven.surefire.junitplatform.LazyLauncher.execute(LazyLauncher.java:50)
	at org.apache.maven.surefire.junitplatform.JUnitPlatformProvider.execute(JUnitPlatformProvider.java:184)
	at org.apache.maven.surefire.junitplatform.JUnitPlatformProvider.invokeAllTests(JUnitPlatformProvider.java:148)
	at org.apache.maven.surefire.junitplatform.JUnitPlatformProvider.invoke(JUnitPlatformProvider.java:122)
	at org.apache.maven.surefire.booter.ForkedBooter.runSuitesInProcess(ForkedBooter.java:385)
	at org.apache.maven.surefire.booter.ForkedBooter.execute(ForkedBooter.java:162)
	at org.apache.maven.surefire.booter.ForkedBooter.run(ForkedBooter.java:507)
	at org.apache.maven.surefire.booter.ForkedBooter.main(ForkedBooter.java:495)
Caused by: org.springframework.beans.factory.UnsatisfiedDependencyException: Error creating bean with name 'userService' defined in file [C:\Users\vasco\OneDrive\Documents\Grupo1\AP2-PD2\dss-demonstrations-5.12.1\dss-demo-webapp\target\classes\eu\europa\esig\dss\web\service\UserService.class]: Unsatisfied dependency expressed through constructor parameter 0; nested exception is org.springframework.beans.factory.NoSuchBeanDefinitionException: No qualifying bean of type 'eu.europa.esig.dss.web.repository.UserRepository' available: expected at least 1 bean which qualifies as autowire candidate. Dependency annotations: {}
	at org.springframework.beans.factory.support.ConstructorResolver.createArgumentArray(ConstructorResolver.java:800)
	at org.springframework.beans.factory.support.ConstructorResolver.autowireConstructor(ConstructorResolver.java:229)
	at org.springframework.beans.factory.support.AbstractAutowireCapableBeanFactory.autowireConstructor(AbstractAutowireCapableBeanFactory.java:1372)
	at org.springframework.beans.factory.support.AbstractAutowireCapableBeanFactory.createBeanInstance(AbstractAutowireCapableBeanFactory.java:1222)
	at org.springframework.beans.factory.support.AbstractAutowireCapableBeanFactory.doCreateBean(AbstractAutowireCapableBeanFactory.java:582)
	at org.springframework.beans.factory.support.AbstractAutowireCapableBeanFactory.createBean(AbstractAutowireCapableBeanFactory.java:542)
	at org.springframework.beans.factory.support.AbstractBeanFactory.lambda$doGetBean$0(AbstractBeanFactory.java:335)
	at org.springframework.beans.factory.support.DefaultSingletonBeanRegistry.getSingleton(DefaultSingletonBeanRegistry.java:234)
	at org.springframework.beans.factory.support.AbstractBeanFactory.doGetBean(AbstractBeanFactory.java:333)
	at org.springframework.beans.factory.support.AbstractBeanFactory.getBean(AbstractBeanFactory.java:208)
	at org.springframework.beans.factory.support.DefaultListableBeanFactory.preInstantiateSingletons(DefaultListableBeanFactory.java:955)
	at org.springframework.context.support.AbstractApplicationContext.finishBeanFactoryInitialization(AbstractApplicationContext.java:920)
	at org.springframework.context.support.AbstractApplicationContext.refresh(AbstractApplicationContext.java:583)
	at org.springframework.test.context.web.AbstractGenericWebContextLoader.loadContext(AbstractGenericWebContextLoader.java:129)
	at org.springframework.test.context.web.AbstractGenericWebContextLoader.loadContext(AbstractGenericWebContextLoader.java:61)
	at org.springframework.test.context.support.AbstractDelegatingSmartContextLoader.delegateLoading(AbstractDelegatingSmartContextLoader.java:276)
	at org.springframework.test.context.support.AbstractDelegatingSmartContextLoader.loadContext(AbstractDelegatingSmartContextLoader.java:244)
	at org.springframework.test.context.cache.DefaultCacheAwareContextLoaderDelegate.loadContextInternal(DefaultCacheAwareContextLoaderDelegate.java:141)
	at org.springframework.test.context.cache.DefaultCacheAwareContextLoaderDelegate.loadContext(DefaultCacheAwareContextLoaderDelegate.java:90)
	... 73 more
Caused by: org.springframework.beans.factory.NoSuchBeanDefinitionException: No qualifying bean of type 'eu.europa.esig.dss.web.repository.UserRepository' available: expected at least 1 bean which qualifies as autowire candidate. Dependency annotations: {}
	at org.springframework.beans.factory.support.DefaultListableBeanFactory.raiseNoMatchingBeanFound(DefaultListableBeanFactory.java:1801)
	at org.springframework.beans.factory.support.DefaultListableBeanFactory.doResolveDependency(DefaultListableBeanFactory.java:1357)
	at org.springframework.beans.factory.support.DefaultListableBeanFactory.resolveDependency(DefaultListableBeanFactory.java:1311)
	at org.springframework.beans.factory.support.ConstructorResolver.resolveAutowiredArgument(ConstructorResolver.java:887)
	at org.springframework.beans.factory.support.ConstructorResolver.createArgumentArray(ConstructorResolver.java:791)
	... 91 more
]]></error>
    <system-out><![CDATA[19:32:46.191 [main] INFO  o.s.t.c.w.WebTestContextBootstrapper - Loaded default TestExecutionListener class names from location [META-INF/spring.factories]: [org.springframework.test.context.web.ServletTestExecutionListener, org.springframework.test.context.support.DirtiesContextBeforeModesTestExecutionListener, org.springframework.test.context.event.ApplicationEventsTestExecutionListener, org.springframework.test.context.support.DependencyInjectionTestExecutionListener, org.springframework.test.context.support.DirtiesContextTestExecutionListener, org.springframework.test.context.transaction.TransactionalTestExecutionListener, org.springframework.test.context.jdbc.SqlScriptsTestExecutionListener, org.springframework.test.context.event.EventPublishingTestExecutionListener]
19:32:46.191 [main] INFO  o.s.t.c.w.WebTestContextBootstrapper - Using TestExecutionListeners: [org.springframework.test.context.web.ServletTestExecutionListener@1f02b6d1, org.springframework.test.context.support.DirtiesContextBeforeModesTestExecutionListener@66a50c93, org.springframework.test.context.event.ApplicationEventsTestExecutionListener@5bddd141, org.springframework.test.context.support.DependencyInjectionTestExecutionListener@4d6027be, org.springframework.test.context.support.DirtiesContextTestExecutionListener@475eb4fd, org.springframework.test.context.transaction.TransactionalTestExecutionListener@951e911, org.springframework.test.context.jdbc.SqlScriptsTestExecutionListener@3cb376a3, org.springframework.test.context.event.EventPublishingTestExecutionListener@7022fb5c]
19:32:46.206 [main] INFO  o.s.c.a.ConfigurationClassParser - Properties location [classpath:dss-custom.properties] not resolvable: class path resource [dss-custom.properties] cannot be opened because it does not exist
19:32:46.264 [main] DEBUG com.zaxxer.hikari.HikariConfig - Driver class org.hsqldb.jdbcDriver found in Thread context class loader jdk.internal.loader.ClassLoaders$AppClassLoader@70dea4e
19:32:46.346 [main] INFO  e.e.esig.dss.tsl.job.TLValidationJob - Offline refresh is running...
19:32:46.346 [main] INFO  e.e.esig.dss.tsl.job.TLValidationJob - Running analysis for 1 LOTLSource(s)
19:32:46.491 [pool-12-thread-1] INFO  e.e.e.d.v.CommonCertificateVerifier - + New CommonCertificateVerifier created.
19:32:46.496 [pool-12-thread-1] INFO  e.e.e.d.v.SignedDocumentValidator - Document validation...
19:32:46.500 [pool-12-thread-1] INFO  e.e.e.d.v.CommonCertificateVerifier - + New CommonCertificateVerifier created.
19:32:46.539 [pool-12-thread-1] INFO  e.e.e.d.x.v.XAdESCertificateSource - +XAdESCertificateSource
19:32:46.544 [pool-12-thread-1] INFO  e.e.e.d.v.CommonCertificateVerifier - + New CommonCertificateVerifier created.
19:32:46.588 [pool-12-thread-1] INFO  e.e.e.d.v.CommonCertificateVerifier - + New CommonCertificateVerifier created.
19:32:46.592 [pool-12-thread-1] INFO  e.e.e.d.v.SignedDocumentValidator - Document validation...
19:32:46.596 [pool-12-thread-1] INFO  e.e.e.d.v.CommonCertificateVerifier - + New CommonCertificateVerifier created.
19:32:46.629 [pool-12-thread-1] INFO  e.e.e.d.x.v.XAdESCertificateSource - +XAdESCertificateSource
19:32:46.634 [pool-12-thread-1] INFO  e.e.e.d.v.CommonCertificateVerifier - + New CommonCertificateVerifier created.
19:32:46.689 [pool-12-thread-1] INFO  e.e.e.d.v.CommonCertificateVerifier - + New CommonCertificateVerifier created.
19:32:46.695 [pool-12-thread-1] INFO  e.e.e.d.v.SignedDocumentValidator - Document validation...
19:32:46.698 [pool-12-thread-1] INFO  e.e.e.d.v.CommonCertificateVerifier - + New CommonCertificateVerifier created.
19:32:46.741 [pool-12-thread-1] INFO  e.e.e.d.x.v.XAdESCertificateSource - +XAdESCertificateSource
19:32:46.744 [pool-12-thread-1] INFO  e.e.e.d.v.CommonCertificateVerifier - + New CommonCertificateVerifier created.
19:32:46.793 [main] INFO  e.e.esig.dss.tsl.job.TLValidationJob - Analysis is DONE for 1 LOTLSource(s)
19:32:46.798 [main] INFO  e.e.esig.dss.tsl.job.TLValidationJob - Running analysis for 31 TLSource(s)
19:32:46.814 [pool-12-thread-12] ERROR e.e.e.d.t.runnable.AbstractAnalysis - Cannot retrieve data from url [https://www.ssi.gouv.fr/uploads/tl-fr.xml]. Empty content is obtained!
19:32:46.849 [pool-12-thread-7] INFO  e.e.e.d.v.CommonCertificateVerifier - + New CommonCertificateVerifier created.
19:32:46.856 [pool-12-thread-7] INFO  e.e.e.d.v.SignedDocumentValidator - Document validation...
19:32:46.863 [pool-12-thread-4] INFO  e.e.e.d.v.CommonCertificateVerifier - + New CommonCertificateVerifier created.
19:32:46.907 [pool-12-thread-7] INFO  e.e.e.d.v.CommonCertificateVerifier - + New CommonCertificateVerifier created.
19:32:46.916 [pool-12-thread-13] INFO  e.e.e.d.v.CommonCertificateVerifier - + New CommonCertificateVerifier created.
19:32:46.935 [pool-12-thread-7] INFO  e.e.e.d.x.v.XAdESCertificateSource - +XAdESCertificateSource
19:32:46.979 [pool-12-thread-11] INFO  e.e.e.d.v.CommonCertificateVerifier - + New CommonCertificateVerifier created.
19:32:47.002 [pool-12-thread-13] INFO  e.e.e.d.v.SignedDocumentValidator - Document validation...
19:32:47.009 [pool-12-thread-4] INFO  e.e.e.d.v.SignedDocumentValidator - Document validation...
19:32:47.014 [pool-12-thread-8] INFO  e.e.e.d.v.CommonCertificateVerifier - + New CommonCertificateVerifier created.
19:32:47.014 [pool-12-thread-20] INFO  e.e.e.d.v.CommonCertificateVerifier - + New CommonCertificateVerifier created.
19:32:47.017 [pool-12-thread-11] INFO  e.e.e.d.v.SignedDocumentValidator - Document validation...
19:32:47.017 [pool-12-thread-7] INFO  e.e.e.d.v.CommonCertificateVerifier - + New CommonCertificateVerifier created.
19:32:47.058 [pool-12-thread-4] INFO  e.e.e.d.v.CommonCertificateVerifier - + New CommonCertificateVerifier created.
19:32:47.059 [pool-12-thread-8] INFO  e.e.e.d.v.SignedDocumentValidator - Document validation...
19:32:47.059 [pool-12-thread-13] INFO  e.e.e.d.v.CommonCertificateVerifier - + New CommonCertificateVerifier created.
19:32:47.062 [pool-12-thread-17] INFO  e.e.e.d.v.CommonCertificateVerifier - + New CommonCertificateVerifier created.
19:32:47.067 [pool-12-thread-11] INFO  e.e.e.d.v.CommonCertificateVerifier - + New CommonCertificateVerifier created.
19:32:47.105 [pool-12-thread-1] WARN  e.e.e.d.t.f.c.DigitalIdentityListTypeConverter - Unable to load certificate 'MIIDDjCCAnegAwIBAgIBATANBgkqhkiG9w0BAQUFADCBmjELMAkGA1UEBhMCQVQxSDBGBgNVBAoTP0EtVHJ1c3QgR2VzLiBmLiBTaWNoZXJoZWl0c3N5c3RlbWUgaW0gZWxla3RyLiBEYXRlbnZlcmtlaHIgR21iSDEXMBUGA1UECxMOd3d3LmEtdHJ1c3QuYXQxEzARBgNVBAsTCmEtc2lnbiB1bmkxEzARBgNVBAMTCmEtc2lnbiB1bmkwHhcNMDIwOTEzMTgzMjM4WhcNMzIwOTEzMTgzMjM4WjCBmjELMAkGA1UEBhMCQVQxSDBGBgNVBAoTP0EtVHJ1c3QgR2VzLiBmLiBTaWNoZXJoZWl0c3N5c3RlbWUgaW0gZWxla3RyLiBEYXRlbnZlcmtlaHIgR21iSDEXMBUGA1UECxMOd3d3LmEtdHJ1c3QuYXQxEzARBgNVBAsTCmEtc2lnbiB1bmkxEzARBgNVBAMTCmEtc2lnbiB1bmkwgZ4wCwYJKoZIhvcNAQEBA4GOADCBigKBgQCvBqGXYw0rNZyQR8YG+EQ4GeoQgMRdsYPhnuvkl6aEMWdMvDuvAPlLi4rXNNq3mb4yKKCswSp5SPiRo43uwrpfCjLxu9RT+Fi3wDE1Z5tBr7iQOnOCx5IKs2X94hcdsJClWHYoxT4f5Jnq86kNVYys+T8TUJCrsHm/8TCr3x7vuwIEAAAAA6NjMGEwDgYDVR0PAQH/BAQDAgEGMA8GA1UdEwEB/wQFMAMBAf8wHQYDVR0OBBYEFBXzfvl2WIKcUwhZzt+1wC1ShQPBMB8GA1UdIwQYMBaAFBXzfvl2WIKcUwhZzt+1wC1ShQPBMA0GCSqGSIb3DQEBBQUAA4GBAALtJ7UT/H4ZwUAeKV1X1Gz+pIqVtCsECNKWHiZeXx0ly/insjh+vbNVNy2RyOimKWtms0GZ0Kj/oDK81efRL9YvHKMlCLlz6FBKaUTUztO1FYa2othUGsu8LsBtPPU6u0wMPGhE3DEdo5/4lA6gMbsOvKQ6jQyeCjqOB22EjbJd' (more details with enabled DEBUG mode)
19:32:47.108 [pool-12-thread-17] INFO  e.e.e.d.v.SignedDocumentValidator - Document validation...
19:32:47.116 [pool-12-thread-11] INFO  e.e.e.d.x.v.XAdESCertificateSource - +XAdESCertificateSource
19:32:47.125 [pool-12-thread-12] INFO  e.e.e.d.v.CommonCertificateVerifier - + New CommonCertificateVerifier created.
19:32:47.128 [pool-12-thread-20] INFO  e.e.e.d.v.SignedDocumentValidator - Document validation...
19:32:47.130 [pool-12-thread-21] INFO  e.e.e.d.v.CommonCertificateVerifier - + New CommonCertificateVerifier created.
19:32:47.134 [pool-12-thread-17] INFO  e.e.e.d.v.CommonCertificateVerifier - + New CommonCertificateVerifier created.
19:32:47.134 [pool-12-thread-11] INFO  e.e.e.d.v.CommonCertificateVerifier - + New CommonCertificateVerifier created.
19:32:47.135 [pool-12-thread-12] INFO  e.e.e.d.v.SignedDocumentValidator - Document validation...
19:32:47.135 [pool-12-thread-21] INFO  e.e.e.d.v.SignedDocumentValidator - Document validation...
19:32:47.141 [pool-12-thread-12] INFO  e.e.e.d.v.CommonCertificateVerifier - + New CommonCertificateVerifier created.
19:32:47.142 [pool-12-thread-21] INFO  e.e.e.d.v.CommonCertificateVerifier - + New CommonCertificateVerifier created.
19:32:47.156 [pool-12-thread-2] INFO  e.e.e.d.v.CommonCertificateVerifier - + New CommonCertificateVerifier created.
19:32:47.158 [pool-12-thread-8] INFO  e.e.e.d.v.CommonCertificateVerifier - + New CommonCertificateVerifier created.
19:32:47.159 [pool-12-thread-4] INFO  e.e.e.d.x.v.XAdESCertificateSource - +XAdESCertificateSource
19:32:47.162 [pool-12-thread-12] INFO  e.e.e.d.x.v.XAdESCertificateSource - +XAdESCertificateSource
19:32:47.165 [pool-12-thread-4] INFO  e.e.e.d.v.CommonCertificateVerifier - + New CommonCertificateVerifier created.
19:32:47.171 [pool-12-thread-2] INFO  e.e.e.d.v.SignedDocumentValidator - Document validation...
19:32:47.179 [pool-12-thread-20] INFO  e.e.e.d.v.CommonCertificateVerifier - + New CommonCertificateVerifier created.
19:32:47.221 [pool-12-thread-2] INFO  e.e.e.d.v.CommonCertificateVerifier - + New CommonCertificateVerifier created.
19:32:47.244 [pool-12-thread-13] INFO  e.e.e.d.x.v.XAdESCertificateSource - +XAdESCertificateSource
19:32:47.253 [pool-12-thread-13] INFO  e.e.e.d.v.CommonCertificateVerifier - + New CommonCertificateVerifier created.
19:32:47.254 [pool-12-thread-26] INFO  e.e.e.d.v.CommonCertificateVerifier - + New CommonCertificateVerifier created.
19:32:47.281 [pool-12-thread-9] INFO  e.e.e.d.v.CommonCertificateVerifier - + New CommonCertificateVerifier created.
19:32:47.296 [pool-12-thread-9] INFO  e.e.e.d.v.SignedDocumentValidator - Document validation...
19:32:47.296 [pool-12-thread-17] INFO  e.e.e.d.x.v.XAdESCertificateSource - +XAdESCertificateSource
19:32:47.297 [pool-12-thread-21] INFO  e.e.e.d.x.v.XAdESCertificateSource - +XAdESCertificateSource
19:32:47.304 [pool-12-thread-12] INFO  e.e.e.d.v.CommonCertificateVerifier - + New CommonCertificateVerifier created.
19:32:47.322 [pool-12-thread-26] INFO  e.e.e.d.v.SignedDocumentValidator - Document validation...
19:32:47.327 [pool-12-thread-21] INFO  e.e.e.d.v.CommonCertificateVerifier - + New CommonCertificateVerifier created.
19:32:47.327 [pool-12-thread-15] INFO  e.e.e.d.v.CommonCertificateVerifier - + New CommonCertificateVerifier created.
19:32:47.337 [pool-12-thread-26] INFO  e.e.e.d.v.CommonCertificateVerifier - + New CommonCertificateVerifier created.
19:32:47.345 [pool-12-thread-17] INFO  e.e.e.d.v.CommonCertificateVerifier - + New CommonCertificateVerifier created.
19:32:47.351 [pool-12-thread-15] INFO  e.e.e.d.v.SignedDocumentValidator - Document validation...
19:32:47.359 [pool-12-thread-15] INFO  e.e.e.d.v.CommonCertificateVerifier - + New CommonCertificateVerifier created.
19:32:47.405 [pool-12-thread-15] INFO  e.e.e.d.x.v.XAdESCertificateSource - +XAdESCertificateSource
19:32:47.416 [pool-12-thread-9] INFO  e.e.e.d.v.CommonCertificateVerifier - + New CommonCertificateVerifier created.
19:32:47.496 [pool-12-thread-28] INFO  e.e.e.d.v.CommonCertificateVerifier - + New CommonCertificateVerifier created.
19:32:47.496 [pool-12-thread-5] INFO  e.e.e.d.v.CommonCertificateVerifier - + New CommonCertificateVerifier created.
19:32:47.512 [pool-12-thread-28] INFO  e.e.e.d.v.SignedDocumentValidator - Document validation...
19:32:47.558 [pool-12-thread-28] INFO  e.e.e.d.v.CommonCertificateVerifier - + New CommonCertificateVerifier created.
19:32:47.586 [pool-12-thread-15] INFO  e.e.e.d.v.CommonCertificateVerifier - + New CommonCertificateVerifier created.
19:32:47.587 [pool-12-thread-20] INFO  e.e.e.d.x.v.XAdESCertificateSource - +XAdESCertificateSource
19:32:47.629 [pool-12-thread-2] INFO  e.e.e.d.x.v.XAdESCertificateSource - +XAdESCertificateSource
19:32:47.641 [pool-12-thread-8] INFO  e.e.e.d.x.v.XAdESCertificateSource - +XAdESCertificateSource
19:32:47.646 [pool-12-thread-5] INFO  e.e.e.d.v.SignedDocumentValidator - Document validation...
19:32:47.654 [pool-12-thread-8] INFO  e.e.e.d.v.CommonCertificateVerifier - + New CommonCertificateVerifier created.
19:32:47.663 [pool-12-thread-5] INFO  e.e.e.d.v.CommonCertificateVerifier - + New CommonCertificateVerifier created.
19:32:47.665 [pool-12-thread-20] INFO  e.e.e.d.v.CommonCertificateVerifier - + New CommonCertificateVerifier created.
19:32:47.691 [pool-12-thread-2] INFO  e.e.e.d.v.CommonCertificateVerifier - + New CommonCertificateVerifier created.
19:32:47.736 [pool-12-thread-30] INFO  e.e.e.d.v.CommonCertificateVerifier - + New CommonCertificateVerifier created.
19:32:47.746 [pool-12-thread-30] INFO  e.e.e.d.v.SignedDocumentValidator - Document validation...
19:32:47.754 [pool-12-thread-30] INFO  e.e.e.d.v.CommonCertificateVerifier - + New CommonCertificateVerifier created.
19:32:47.831 [pool-12-thread-26] INFO  e.e.e.d.x.v.XAdESCertificateSource - +XAdESCertificateSource
19:32:47.835 [pool-12-thread-27] INFO  e.e.e.d.v.CommonCertificateVerifier - + New CommonCertificateVerifier created.
19:32:47.851 [pool-12-thread-26] INFO  e.e.e.d.v.CommonCertificateVerifier - + New CommonCertificateVerifier created.
19:32:47.862 [pool-12-thread-30] INFO  e.e.e.d.x.v.XAdESCertificateSource - +XAdESCertificateSource
19:32:47.871 [pool-12-thread-30] INFO  e.e.e.d.v.CommonCertificateVerifier - + New CommonCertificateVerifier created.
19:32:47.914 [pool-12-thread-27] INFO  e.e.e.d.v.SignedDocumentValidator - Document validation...
19:32:47.921 [pool-12-thread-27] INFO  e.e.e.d.v.CommonCertificateVerifier - + New CommonCertificateVerifier created.
19:32:48.004 [pool-12-thread-27] INFO  e.e.e.d.x.v.XAdESCertificateSource - +XAdESCertificateSource
19:32:48.008 [pool-12-thread-9] INFO  e.e.e.d.x.v.XAdESCertificateSource - +XAdESCertificateSource
19:32:48.024 [pool-12-thread-9] INFO  e.e.e.d.v.CommonCertificateVerifier - + New CommonCertificateVerifier created.
19:32:48.038 [pool-12-thread-27] INFO  e.e.e.d.v.CommonCertificateVerifier - + New CommonCertificateVerifier created.
19:32:48.236 [pool-12-thread-19] INFO  e.e.e.d.v.CommonCertificateVerifier - + New CommonCertificateVerifier created.
19:32:48.262 [pool-12-thread-28] INFO  e.e.e.d.x.v.XAdESCertificateSource - +XAdESCertificateSource
19:32:48.288 [pool-12-thread-19] INFO  e.e.e.d.v.SignedDocumentValidator - Document validation...
19:32:48.297 [pool-12-thread-19] INFO  e.e.e.d.v.CommonCertificateVerifier - + New CommonCertificateVerifier created.
19:32:48.334 [pool-12-thread-28] INFO  e.e.e.d.v.CommonCertificateVerifier - + New CommonCertificateVerifier created.
19:32:48.597 [pool-12-thread-19] INFO  e.e.e.d.x.v.XAdESCertificateSource - +XAdESCertificateSource
19:32:48.611 [pool-12-thread-19] INFO  e.e.e.d.v.CommonCertificateVerifier - + New CommonCertificateVerifier created.
19:32:48.717 [pool-12-thread-5] INFO  e.e.e.d.x.v.XAdESCertificateSource - +XAdESCertificateSource
19:32:48.741 [pool-12-thread-5] INFO  e.e.e.d.v.CommonCertificateVerifier - + New CommonCertificateVerifier created.
19:32:49.598 [pool-12-thread-18] INFO  e.e.e.d.v.CommonCertificateVerifier - + New CommonCertificateVerifier created.
19:32:49.616 [pool-12-thread-18] INFO  e.e.e.d.v.SignedDocumentValidator - Document validation...
19:32:49.628 [pool-12-thread-18] INFO  e.e.e.d.v.CommonCertificateVerifier - + New CommonCertificateVerifier created.
19:32:49.845 [pool-12-thread-18] INFO  e.e.e.d.x.v.XAdESCertificateSource - +XAdESCertificateSource
19:32:49.861 [pool-12-thread-18] INFO  e.e.e.d.v.CommonCertificateVerifier - + New CommonCertificateVerifier created.
19:32:50.186 [pool-12-thread-1] WARN  e.e.e.d.t.f.c.DigitalIdentityListTypeConverter - Unable to load certificate 'MIIC2jCCAkOgAwIBAgIBATANBgkqhkiG9w0BAQUFADCBgDELMAkGA1UEBhMCQVQxHTAbBgNVBAoTFERhdGFrb20gQXVzdHJpYSBHbWJIMRowGAYDVQQLExFhLXNpZ24uZGF0YWtvbS5hdDEaMBgGA1UECxMRYS1zaWduIFByZW1pdW0gQ0ExGjAYBgNVBAMTEWEtc2lnbiBQcmVtaXVtIENBMB4XDTAxMTEyMTE2MDk0NFoXDTMxMTEyMTE2MDk0NFowgYAxCzAJBgNVBAYTAkFUMR0wGwYDVQQKExREYXRha29tIEF1c3RyaWEgR21iSDEaMBgGA1UECxMRYS1zaWduLmRhdGFrb20uYXQxGjAYBgNVBAsTEWEtc2lnbiBQcmVtaXVtIENBMRowGAYDVQQDExFhLXNpZ24gUHJlbWl1bSBDQTCBnjALBgkqhkiG9w0BAQEDgY4AMIGKAoGBAKpdHrr/9I5zG2jGfpHeZpMkm58ZJBtXG73qH7+mTAkgWosabkMynNCayPiA1//ZHS2s2kTB5FYtXwmVFyqIIDQelt4IZwLDLdJQItxvYMV17DFO+ZebQe7bljUwwGOdguq9MuDBI2xYYE2z2JVDuOuDpKS+/YPC02OzTo/jWSb5AgQAAAADo2MwYTAOBgNVHQ8BAf8EBAMCAQYwDwYDVR0TAQH/BAUwAwEB/zAdBgNVHQ4EFgQUoX0/IPOimGkJ9u1tRx6O0guPGNEwHwYDVR0jBBgwFoAUoX0/IPOimGkJ9u1tRx6O0guPGNEwDQYJKoZIhvcNAQEFBQADgYEAhUKQ8tg1IWl1w6uD0ylZ0RdFg5Fygd+KGLCOwaVIgpFieWDKBJMdavgu+uyWOWY2cQW5NiSG2jnqKfKJkX9znBcUUcjj4PfGfj9OLEiNAMa/zBPCgCrhGq07M4I2W6G39D8ExWscBFuQxKnpnLLsTVpS8GMe81lFge3O2VABiUo=' (more details with enabled DEBUG mode)
19:32:50.311 [pool-12-thread-3] INFO  e.e.e.d.v.CommonCertificateVerifier - + New CommonCertificateVerifier created.
19:32:50.323 [pool-12-thread-3] INFO  e.e.e.d.v.SignedDocumentValidator - Document validation...
19:32:50.336 [pool-12-thread-3] INFO  e.e.e.d.v.CommonCertificateVerifier - + New CommonCertificateVerifier created.
19:32:50.508 [pool-12-thread-3] INFO  e.e.e.d.x.v.XAdESCertificateSource - +XAdESCertificateSource
19:32:50.522 [pool-12-thread-3] INFO  e.e.e.d.v.CommonCertificateVerifier - + New CommonCertificateVerifier created.
19:32:51.245 [pool-12-thread-23] INFO  e.e.e.d.v.CommonCertificateVerifier - + New CommonCertificateVerifier created.
19:32:51.254 [pool-12-thread-23] INFO  e.e.e.d.v.SignedDocumentValidator - Document validation...
19:32:51.264 [pool-12-thread-23] INFO  e.e.e.d.v.CommonCertificateVerifier - + New CommonCertificateVerifier created.
19:32:51.391 [pool-12-thread-23] INFO  e.e.e.d.x.v.XAdESCertificateSource - +XAdESCertificateSource
19:32:51.402 [pool-12-thread-23] INFO  e.e.e.d.v.CommonCertificateVerifier - + New CommonCertificateVerifier created.
19:32:51.570 [pool-12-thread-25] INFO  e.e.e.d.v.CommonCertificateVerifier - + New CommonCertificateVerifier created.
19:32:51.583 [pool-12-thread-25] INFO  e.e.e.d.v.SignedDocumentValidator - Document validation...
19:32:51.594 [pool-12-thread-25] INFO  e.e.e.d.v.CommonCertificateVerifier - + New CommonCertificateVerifier created.
19:32:51.822 [pool-12-thread-25] INFO  e.e.e.d.x.v.XAdESCertificateSource - +XAdESCertificateSource
19:32:51.838 [pool-12-thread-25] INFO  e.e.e.d.v.CommonCertificateVerifier - + New CommonCertificateVerifier created.
19:32:52.078 [pool-12-thread-14] INFO  e.e.e.d.v.CommonCertificateVerifier - + New CommonCertificateVerifier created.
19:32:52.103 [pool-12-thread-14] INFO  e.e.e.d.v.SignedDocumentValidator - Document validation...
19:32:52.120 [pool-12-thread-14] INFO  e.e.e.d.v.CommonCertificateVerifier - + New CommonCertificateVerifier created.
19:32:52.231 [pool-12-thread-24] INFO  e.e.e.d.v.CommonCertificateVerifier - + New CommonCertificateVerifier created.
19:32:52.242 [pool-12-thread-24] INFO  e.e.e.d.v.SignedDocumentValidator - Document validation...
19:32:52.258 [pool-12-thread-24] INFO  e.e.e.d.v.CommonCertificateVerifier - + New CommonCertificateVerifier created.
19:32:52.491 [pool-12-thread-14] INFO  e.e.e.d.x.v.XAdESCertificateSource - +XAdESCertificateSource
19:32:52.518 [pool-12-thread-14] INFO  e.e.e.d.v.CommonCertificateVerifier - + New CommonCertificateVerifier created.
19:32:52.532 [pool-12-thread-24] INFO  e.e.e.d.x.v.XAdESCertificateSource - +XAdESCertificateSource
19:32:52.551 [pool-12-thread-24] INFO  e.e.e.d.v.CommonCertificateVerifier - + New CommonCertificateVerifier created.
19:32:53.230 [pool-12-thread-1] INFO  e.e.e.d.v.CommonCertificateVerifier - + New CommonCertificateVerifier created.
19:32:53.238 [pool-12-thread-1] INFO  e.e.e.d.v.SignedDocumentValidator - Document validation...
19:32:53.243 [pool-12-thread-1] INFO  e.e.e.d.v.CommonCertificateVerifier - + New CommonCertificateVerifier created.
19:32:53.347 [pool-12-thread-1] INFO  e.e.e.d.x.v.XAdESCertificateSource - +XAdESCertificateSource
19:32:53.354 [pool-12-thread-1] INFO  e.e.e.d.v.CommonCertificateVerifier - + New CommonCertificateVerifier created.
19:32:53.527 [pool-12-thread-29] INFO  e.e.e.d.v.CommonCertificateVerifier - + New CommonCertificateVerifier created.
19:32:53.536 [pool-12-thread-29] INFO  e.e.e.d.v.SignedDocumentValidator - Document validation...
19:32:53.545 [pool-12-thread-29] INFO  e.e.e.d.v.CommonCertificateVerifier - + New CommonCertificateVerifier created.
19:32:53.578 [pool-12-thread-22] INFO  e.e.e.d.v.CommonCertificateVerifier - + New CommonCertificateVerifier created.
19:32:53.591 [pool-12-thread-22] INFO  e.e.e.d.v.SignedDocumentValidator - Document validation...
19:32:53.599 [pool-12-thread-22] INFO  e.e.e.d.v.CommonCertificateVerifier - + New CommonCertificateVerifier created.
19:32:53.718 [pool-12-thread-29] INFO  e.e.e.d.x.v.XAdESCertificateSource - +XAdESCertificateSource
19:32:53.732 [pool-12-thread-29] INFO  e.e.e.d.v.CommonCertificateVerifier - + New CommonCertificateVerifier created.
19:32:53.864 [pool-12-thread-22] INFO  e.e.e.d.x.v.XAdESCertificateSource - +XAdESCertificateSource
19:32:53.879 [pool-12-thread-22] INFO  e.e.e.d.v.CommonCertificateVerifier - + New CommonCertificateVerifier created.
19:32:58.932 [pool-12-thread-6] INFO  e.e.e.d.v.CommonCertificateVerifier - + New CommonCertificateVerifier created.
19:32:58.963 [pool-12-thread-10] INFO  e.e.e.d.v.CommonCertificateVerifier - + New CommonCertificateVerifier created.
19:32:58.969 [pool-12-thread-6] INFO  e.e.e.d.v.SignedDocumentValidator - Document validation...
19:32:58.982 [pool-12-thread-10] INFO  e.e.e.d.v.SignedDocumentValidator - Document validation...
19:32:59.000 [pool-12-thread-10] INFO  e.e.e.d.v.CommonCertificateVerifier - + New CommonCertificateVerifier created.
19:32:59.004 [pool-12-thread-6] INFO  e.e.e.d.v.CommonCertificateVerifier - + New CommonCertificateVerifier created.
19:32:59.423 [pool-12-thread-10] INFO  e.e.e.d.x.v.XAdESCertificateSource - +XAdESCertificateSource
19:32:59.444 [pool-12-thread-10] INFO  e.e.e.d.v.CommonCertificateVerifier - + New CommonCertificateVerifier created.
19:33:00.169 [pool-12-thread-6] INFO  e.e.e.d.x.v.XAdESCertificateSource - +XAdESCertificateSource
19:33:00.220 [pool-12-thread-6] INFO  e.e.e.d.v.CommonCertificateVerifier - + New CommonCertificateVerifier created.
19:33:00.841 [pool-12-thread-16] INFO  e.e.e.d.v.CommonCertificateVerifier - + New CommonCertificateVerifier created.
19:33:00.857 [pool-12-thread-16] INFO  e.e.e.d.v.SignedDocumentValidator - Document validation...
19:33:00.874 [pool-12-thread-16] INFO  e.e.e.d.v.CommonCertificateVerifier - + New CommonCertificateVerifier created.
19:33:01.254 [pool-12-thread-16] INFO  e.e.e.d.x.v.XAdESCertificateSource - +XAdESCertificateSource
19:33:01.274 [pool-12-thread-16] INFO  e.e.e.d.v.CommonCertificateVerifier - + New CommonCertificateVerifier created.
19:33:01.810 [main] INFO  e.e.esig.dss.tsl.job.TLValidationJob - Analysis is DONE for 31 TLSource(s)
19:33:01.840 [main] WARN  e.e.e.d.t.s.TrustedListCertificateSourceSynchronizer - No Parsing result for TLInfo with url [https://www.ssi.gouv.fr/uploads/tl-fr.xml]
19:33:01.931 [main] INFO  e.e.esig.dss.tsl.job.TLValidationJob - Offline refresh is DONE.
19:33:02.658 [main] DEBUG FOP - target-resolution set to: 72.0dpi (px2mm=0.35277778)
19:33:02.663 [main] INFO  e.e.e.d.v.CommonCertificateVerifier - + New CommonCertificateVerifier created.
19:33:02.670 [main] WARN  o.s.w.c.s.GenericWebApplicationContext - Exception encountered during context initialization - cancelling refresh attempt: org.springframework.beans.factory.UnsatisfiedDependencyException: Error creating bean with name 'userService' defined in file [C:\Users\vasco\OneDrive\Documents\Grupo1\AP2-PD2\dss-demonstrations-5.12.1\dss-demo-webapp\target\classes\eu\europa\esig\dss\web\service\UserService.class]: Unsatisfied dependency expressed through constructor parameter 0; nested exception is org.springframework.beans.factory.NoSuchBeanDefinitionException: No qualifying bean of type 'eu.europa.esig.dss.web.repository.UserRepository' available: expected at least 1 bean which qualifies as autowire candidate. Dependency annotations: {}
19:33:02.670 [main] ERROR o.s.test.context.TestContextManager - Caught exception while allowing TestExecutionListener [org.springframework.test.context.web.ServletTestExecutionListener@1f02b6d1] to prepare test instance [eu.europa.esig.dss.web.service.XSLTServiceTest@7d0e43d6]
java.lang.IllegalStateException: Failed to load ApplicationContext
	at org.springframework.test.context.cache.DefaultCacheAwareContextLoaderDelegate.loadContext(DefaultCacheAwareContextLoaderDelegate.java:98)
	at org.springframework.test.context.support.DefaultTestContext.getApplicationContext(DefaultTestContext.java:124)
	at org.springframework.test.context.web.ServletTestExecutionListener.setUpRequestContextIfNecessary(ServletTestExecutionListener.java:190)
	at org.springframework.test.context.web.ServletTestExecutionListener.prepareTestInstance(ServletTestExecutionListener.java:132)
	at org.springframework.test.context.TestContextManager.prepareTestInstance(TestContextManager.java:248)
	at org.springframework.test.context.junit.jupiter.SpringExtension.postProcessTestInstance(SpringExtension.java:138)
	at org.junit.jupiter.engine.descriptor.ClassBasedTestDescriptor.lambda$invokeTestInstancePostProcessors$10(ClassBasedTestDescriptor.java:377)
	at org.junit.jupiter.engine.descriptor.ClassBasedTestDescriptor.executeAndMaskThrowable(ClassBasedTestDescriptor.java:382)
	at org.junit.jupiter.engine.descriptor.ClassBasedTestDescriptor.lambda$invokeTestInstancePostProcessors$11(ClassBasedTestDescriptor.java:377)
	at java.base/java.util.stream.ReferencePipeline$3$1.accept(ReferencePipeline.java:197)
	at java.base/java.util.stream.ReferencePipeline$2$1.accept(ReferencePipeline.java:179)
	at java.base/java.util.ArrayList$ArrayListSpliterator.forEachRemaining(ArrayList.java:1625)
	at java.base/java.util.stream.AbstractPipeline.copyInto(AbstractPipeline.java:509)
	at java.base/java.util.stream.AbstractPipeline.wrapAndCopyInto(AbstractPipeline.java:499)
	at java.base/java.util.stream.StreamSpliterators$WrappingSpliterator.forEachRemaining(StreamSpliterators.java:310)
	at java.base/java.util.stream.Streams$ConcatSpliterator.forEachRemaining(Streams.java:735)
	at java.base/java.util.stream.Streams$ConcatSpliterator.forEachRemaining(Streams.java:734)
	at java.base/java.util.stream.ReferencePipeline$Head.forEach(ReferencePipeline.java:762)
	at org.junit.jupiter.engine.descriptor.ClassBasedTestDescriptor.invokeTestInstancePostProcessors(ClassBasedTestDescriptor.java:376)
	at org.junit.jupiter.engine.descriptor.ClassBasedTestDescriptor.lambda$instantiateAndPostProcessTestInstance$6(ClassBasedTestDescriptor.java:289)
	at org.junit.platform.engine.support.hierarchical.ThrowableCollector.execute(ThrowableCollector.java:73)
	at org.junit.jupiter.engine.descriptor.ClassBasedTestDescriptor.instantiateAndPostProcessTestInstance(ClassBasedTestDescriptor.java:288)
	at org.junit.jupiter.engine.descriptor.ClassBasedTestDescriptor.lambda$testInstancesProvider$4(ClassBasedTestDescriptor.java:278)
	at java.base/java.util.Optional.orElseGet(Optional.java:364)
	at org.junit.jupiter.engine.descriptor.ClassBasedTestDescriptor.lambda$testInstancesProvider$5(ClassBasedTestDescriptor.java:277)
	at org.junit.jupiter.engine.execution.TestInstancesProvider.getTestInstances(TestInstancesProvider.java:31)
	at org.junit.jupiter.engine.descriptor.TestMethodTestDescriptor.lambda$prepare$0(TestMethodTestDescriptor.java:105)
	at org.junit.platform.engine.support.hierarchical.ThrowableCollector.execute(ThrowableCollector.java:73)
	at org.junit.jupiter.engine.descriptor.TestMethodTestDescriptor.prepare(TestMethodTestDescriptor.java:104)
	at org.junit.jupiter.engine.descriptor.TestMethodTestDescriptor.prepare(TestMethodTestDescriptor.java:68)
	at org.junit.platform.engine.support.hierarchical.NodeTestTask.lambda$prepare$2(NodeTestTask.java:123)
	at org.junit.platform.engine.support.hierarchical.ThrowableCollector.execute(ThrowableCollector.java:73)
	at org.junit.platform.engine.support.hierarchical.NodeTestTask.prepare(NodeTestTask.java:123)
	at org.junit.platform.engine.support.hierarchical.NodeTestTask.execute(NodeTestTask.java:90)
	at java.base/java.util.ArrayList.forEach(ArrayList.java:1511)
	at org.junit.platform.engine.support.hierarchical.SameThreadHierarchicalTestExecutorService.invokeAll(SameThreadHierarchicalTestExecutorService.java:41)
	at org.junit.platform.engine.support.hierarchical.NodeTestTask.lambda$executeRecursively$6(NodeTestTask.java:155)
	at org.junit.platform.engine.support.hierarchical.ThrowableCollector.execute(ThrowableCollector.java:73)
	at org.junit.platform.engine.support.hierarchical.NodeTestTask.lambda$executeRecursively$8(NodeTestTask.java:141)
	at org.junit.platform.engine.support.hierarchical.Node.around(Node.java:137)
	at org.junit.platform.engine.support.hierarchical.NodeTestTask.lambda$executeRecursively$9(NodeTestTask.java:139)
	at org.junit.platform.engine.support.hierarchical.ThrowableCollector.execute(ThrowableCollector.java:73)
	at org.junit.platform.engine.support.hierarchical.NodeTestTask.executeRecursively(NodeTestTask.java:138)
	at org.junit.platform.engine.support.hierarchical.NodeTestTask.execute(NodeTestTask.java:95)
	at java.base/java.util.ArrayList.forEach(ArrayList.java:1511)
	at org.junit.platform.engine.support.hierarchical.SameThreadHierarchicalTestExecutorService.invokeAll(SameThreadHierarchicalTestExecutorService.java:41)
	at org.junit.platform.engine.support.hierarchical.NodeTestTask.lambda$executeRecursively$6(NodeTestTask.java:155)
	at org.junit.platform.engine.support.hierarchical.ThrowableCollector.execute(ThrowableCollector.java:73)
	at org.junit.platform.engine.support.hierarchical.NodeTestTask.lambda$executeRecursively$8(NodeTestTask.java:141)
	at org.junit.platform.engine.support.hierarchical.Node.around(Node.java:137)
	at org.junit.platform.engine.support.hierarchical.NodeTestTask.lambda$executeRecursively$9(NodeTestTask.java:139)
	at org.junit.platform.engine.support.hierarchical.ThrowableCollector.execute(ThrowableCollector.java:73)
	at org.junit.platform.engine.support.hierarchical.NodeTestTask.executeRecursively(NodeTestTask.java:138)
	at org.junit.platform.engine.support.hierarchical.NodeTestTask.execute(NodeTestTask.java:95)
	at org.junit.platform.engine.support.hierarchical.SameThreadHierarchicalTestExecutorService.submit(SameThreadHierarchicalTestExecutorService.java:35)
	at org.junit.platform.engine.support.hierarchical.HierarchicalTestExecutor.execute(HierarchicalTestExecutor.java:57)
	at org.junit.platform.engine.support.hierarchical.HierarchicalTestEngine.execute(HierarchicalTestEngine.java:54)
	at org.junit.platform.launcher.core.EngineExecutionOrchestrator.execute(EngineExecutionOrchestrator.java:147)
	at org.junit.platform.launcher.core.EngineExecutionOrchestrator.execute(EngineExecutionOrchestrator.java:127)
	at org.junit.platform.launcher.core.EngineExecutionOrchestrator.execute(EngineExecutionOrchestrator.java:90)
	at org.junit.platform.launcher.core.EngineExecutionOrchestrator.lambda$execute$0(EngineExecutionOrchestrator.java:55)
	at org.junit.platform.launcher.core.EngineExecutionOrchestrator.withInterceptedStreams(EngineExecutionOrchestrator.java:102)
	at org.junit.platform.launcher.core.EngineExecutionOrchestrator.execute(EngineExecutionOrchestrator.java:54)
	at org.junit.platform.launcher.core.DefaultLauncher.execute(DefaultLauncher.java:114)
	at org.junit.platform.launcher.core.DefaultLauncher.execute(DefaultLauncher.java:86)
	at org.junit.platform.launcher.core.DefaultLauncherSession$DelegatingLauncher.execute(DefaultLauncherSession.java:86)
	at org.apache.maven.surefire.junitplatform.LazyLauncher.execute(LazyLauncher.java:50)
	at org.apache.maven.surefire.junitplatform.JUnitPlatformProvider.execute(JUnitPlatformProvider.java:184)
	at org.apache.maven.surefire.junitplatform.JUnitPlatformProvider.invokeAllTests(JUnitPlatformProvider.java:148)
	at org.apache.maven.surefire.junitplatform.JUnitPlatformProvider.invoke(JUnitPlatformProvider.java:122)
	at org.apache.maven.surefire.booter.ForkedBooter.runSuitesInProcess(ForkedBooter.java:385)
	at org.apache.maven.surefire.booter.ForkedBooter.execute(ForkedBooter.java:162)
	at org.apache.maven.surefire.booter.ForkedBooter.run(ForkedBooter.java:507)
	at org.apache.maven.surefire.booter.ForkedBooter.main(ForkedBooter.java:495)
Caused by: org.springframework.beans.factory.UnsatisfiedDependencyException: Error creating bean with name 'userService' defined in file [C:\Users\vasco\OneDrive\Documents\Grupo1\AP2-PD2\dss-demonstrations-5.12.1\dss-demo-webapp\target\classes\eu\europa\esig\dss\web\service\UserService.class]: Unsatisfied dependency expressed through constructor parameter 0; nested exception is org.springframework.beans.factory.NoSuchBeanDefinitionException: No qualifying bean of type 'eu.europa.esig.dss.web.repository.UserRepository' available: expected at least 1 bean which qualifies as autowire candidate. Dependency annotations: {}
	at org.springframework.beans.factory.support.ConstructorResolver.createArgumentArray(ConstructorResolver.java:800)
	at org.springframework.beans.factory.support.ConstructorResolver.autowireConstructor(ConstructorResolver.java:229)
	at org.springframework.beans.factory.support.AbstractAutowireCapableBeanFactory.autowireConstructor(AbstractAutowireCapableBeanFactory.java:1372)
	at org.springframework.beans.factory.support.AbstractAutowireCapableBeanFactory.createBeanInstance(AbstractAutowireCapableBeanFactory.java:1222)
	at org.springframework.beans.factory.support.AbstractAutowireCapableBeanFactory.doCreateBean(AbstractAutowireCapableBeanFactory.java:582)
	at org.springframework.beans.factory.support.AbstractAutowireCapableBeanFactory.createBean(AbstractAutowireCapableBeanFactory.java:542)
	at org.springframework.beans.factory.support.AbstractBeanFactory.lambda$doGetBean$0(AbstractBeanFactory.java:335)
	at org.springframework.beans.factory.support.DefaultSingletonBeanRegistry.getSingleton(DefaultSingletonBeanRegistry.java:234)
	at org.springframework.beans.factory.support.AbstractBeanFactory.doGetBean(AbstractBeanFactory.java:333)
	at org.springframework.beans.factory.support.AbstractBeanFactory.getBean(AbstractBeanFactory.java:208)
	at org.springframework.beans.factory.support.DefaultListableBeanFactory.preInstantiateSingletons(DefaultListableBeanFactory.java:955)
	at org.springframework.context.support.AbstractApplicationContext.finishBeanFactoryInitialization(AbstractApplicationContext.java:920)
	at org.springframework.context.support.AbstractApplicationContext.refresh(AbstractApplicationContext.java:583)
	at org.springframework.test.context.web.AbstractGenericWebContextLoader.loadContext(AbstractGenericWebContextLoader.java:129)
	at org.springframework.test.context.web.AbstractGenericWebContextLoader.loadContext(AbstractGenericWebContextLoader.java:61)
	at org.springframework.test.context.support.AbstractDelegatingSmartContextLoader.delegateLoading(AbstractDelegatingSmartContextLoader.java:276)
	at org.springframework.test.context.support.AbstractDelegatingSmartContextLoader.loadContext(AbstractDelegatingSmartContextLoader.java:244)
	at org.springframework.test.context.cache.DefaultCacheAwareContextLoaderDelegate.loadContextInternal(DefaultCacheAwareContextLoaderDelegate.java:141)
	at org.springframework.test.context.cache.DefaultCacheAwareContextLoaderDelegate.loadContext(DefaultCacheAwareContextLoaderDelegate.java:90)
	... 73 common frames omitted
Caused by: org.springframework.beans.factory.NoSuchBeanDefinitionException: No qualifying bean of type 'eu.europa.esig.dss.web.repository.UserRepository' available: expected at least 1 bean which qualifies as autowire candidate. Dependency annotations: {}
	at org.springframework.beans.factory.support.DefaultListableBeanFactory.raiseNoMatchingBeanFound(DefaultListableBeanFactory.java:1801)
	at org.springframework.beans.factory.support.DefaultListableBeanFactory.doResolveDependency(DefaultListableBeanFactory.java:1357)
	at org.springframework.beans.factory.support.DefaultListableBeanFactory.resolveDependency(DefaultListableBeanFactory.java:1311)
	at org.springframework.beans.factory.support.ConstructorResolver.resolveAutowiredArgument(ConstructorResolver.java:887)
	at org.springframework.beans.factory.support.ConstructorResolver.createArgumentArray(ConstructorResolver.java:791)
	... 91 common frames omitted
]]></system-out>
    <system-err><![CDATA[jun. 12, 2023 7:33:02 DA TARDE org.apache.cxf.wsdl.service.factory.ReflectionServiceFactoryBean buildServiceFromWSDL
INFO: Creating Service {http://tempuri.org/}CCMovelDigitalSignature from WSDL: https://cmd.autenticacao.gov.pt/Ama.Authentication.Frontend/CCMovelDigitalSignature.svc?wsdl
]]></system-err>
  </testcase>
  <testcase name="generateSimpleReport" classname="eu.europa.esig.dss.web.service.XSLTServiceTest" time="0">
    <error message="Failed to load ApplicationContext" type="java.lang.IllegalStateException"><![CDATA[java.lang.IllegalStateException: Failed to load ApplicationContext
	at org.springframework.test.context.cache.DefaultCacheAwareContextLoaderDelegate.loadContext(DefaultCacheAwareContextLoaderDelegate.java:98)
	at org.springframework.test.context.support.DefaultTestContext.getApplicationContext(DefaultTestContext.java:124)
	at org.springframework.test.context.web.ServletTestExecutionListener.setUpRequestContextIfNecessary(ServletTestExecutionListener.java:190)
	at org.springframework.test.context.web.ServletTestExecutionListener.prepareTestInstance(ServletTestExecutionListener.java:132)
	at org.springframework.test.context.TestContextManager.prepareTestInstance(TestContextManager.java:248)
	at org.springframework.test.context.junit.jupiter.SpringExtension.postProcessTestInstance(SpringExtension.java:138)
	at org.junit.jupiter.engine.descriptor.ClassBasedTestDescriptor.lambda$invokeTestInstancePostProcessors$10(ClassBasedTestDescriptor.java:377)
	at org.junit.jupiter.engine.descriptor.ClassBasedTestDescriptor.executeAndMaskThrowable(ClassBasedTestDescriptor.java:382)
	at org.junit.jupiter.engine.descriptor.ClassBasedTestDescriptor.lambda$invokeTestInstancePostProcessors$11(ClassBasedTestDescriptor.java:377)
	at java.base/java.util.stream.ReferencePipeline$3$1.accept(ReferencePipeline.java:197)
	at java.base/java.util.stream.ReferencePipeline$2$1.accept(ReferencePipeline.java:179)
	at java.base/java.util.ArrayList$ArrayListSpliterator.forEachRemaining(ArrayList.java:1625)
	at java.base/java.util.stream.AbstractPipeline.copyInto(AbstractPipeline.java:509)
	at java.base/java.util.stream.AbstractPipeline.wrapAndCopyInto(AbstractPipeline.java:499)
	at java.base/java.util.stream.StreamSpliterators$WrappingSpliterator.forEachRemaining(StreamSpliterators.java:310)
	at java.base/java.util.stream.Streams$ConcatSpliterator.forEachRemaining(Streams.java:735)
	at java.base/java.util.stream.Streams$ConcatSpliterator.forEachRemaining(Streams.java:734)
	at java.base/java.util.stream.ReferencePipeline$Head.forEach(ReferencePipeline.java:762)
	at org.junit.jupiter.engine.descriptor.ClassBasedTestDescriptor.invokeTestInstancePostProcessors(ClassBasedTestDescriptor.java:376)
	at org.junit.jupiter.engine.descriptor.ClassBasedTestDescriptor.lambda$instantiateAndPostProcessTestInstance$6(ClassBasedTestDescriptor.java:289)
	at org.junit.platform.engine.support.hierarchical.ThrowableCollector.execute(ThrowableCollector.java:73)
	at org.junit.jupiter.engine.descriptor.ClassBasedTestDescriptor.instantiateAndPostProcessTestInstance(ClassBasedTestDescriptor.java:288)
	at org.junit.jupiter.engine.descriptor.ClassBasedTestDescriptor.lambda$testInstancesProvider$4(ClassBasedTestDescriptor.java:278)
	at java.base/java.util.Optional.orElseGet(Optional.java:364)
	at org.junit.jupiter.engine.descriptor.ClassBasedTestDescriptor.lambda$testInstancesProvider$5(ClassBasedTestDescriptor.java:277)
	at org.junit.jupiter.engine.execution.TestInstancesProvider.getTestInstances(TestInstancesProvider.java:31)
	at org.junit.jupiter.engine.descriptor.TestMethodTestDescriptor.lambda$prepare$0(TestMethodTestDescriptor.java:105)
	at org.junit.platform.engine.support.hierarchical.ThrowableCollector.execute(ThrowableCollector.java:73)
	at org.junit.jupiter.engine.descriptor.TestMethodTestDescriptor.prepare(TestMethodTestDescriptor.java:104)
	at org.junit.jupiter.engine.descriptor.TestMethodTestDescriptor.prepare(TestMethodTestDescriptor.java:68)
	at org.junit.platform.engine.support.hierarchical.NodeTestTask.lambda$prepare$2(NodeTestTask.java:123)
	at org.junit.platform.engine.support.hierarchical.ThrowableCollector.execute(ThrowableCollector.java:73)
	at org.junit.platform.engine.support.hierarchical.NodeTestTask.prepare(NodeTestTask.java:123)
	at org.junit.platform.engine.support.hierarchical.NodeTestTask.execute(NodeTestTask.java:90)
	at java.base/java.util.ArrayList.forEach(ArrayList.java:1511)
	at org.junit.platform.engine.support.hierarchical.SameThreadHierarchicalTestExecutorService.invokeAll(SameThreadHierarchicalTestExecutorService.java:41)
	at org.junit.platform.engine.support.hierarchical.NodeTestTask.lambda$executeRecursively$6(NodeTestTask.java:155)
	at org.junit.platform.engine.support.hierarchical.ThrowableCollector.execute(ThrowableCollector.java:73)
	at org.junit.platform.engine.support.hierarchical.NodeTestTask.lambda$executeRecursively$8(NodeTestTask.java:141)
	at org.junit.platform.engine.support.hierarchical.Node.around(Node.java:137)
	at org.junit.platform.engine.support.hierarchical.NodeTestTask.lambda$executeRecursively$9(NodeTestTask.java:139)
	at org.junit.platform.engine.support.hierarchical.ThrowableCollector.execute(ThrowableCollector.java:73)
	at org.junit.platform.engine.support.hierarchical.NodeTestTask.executeRecursively(NodeTestTask.java:138)
	at org.junit.platform.engine.support.hierarchical.NodeTestTask.execute(NodeTestTask.java:95)
	at java.base/java.util.ArrayList.forEach(ArrayList.java:1511)
	at org.junit.platform.engine.support.hierarchical.SameThreadHierarchicalTestExecutorService.invokeAll(SameThreadHierarchicalTestExecutorService.java:41)
	at org.junit.platform.engine.support.hierarchical.NodeTestTask.lambda$executeRecursively$6(NodeTestTask.java:155)
	at org.junit.platform.engine.support.hierarchical.ThrowableCollector.execute(ThrowableCollector.java:73)
	at org.junit.platform.engine.support.hierarchical.NodeTestTask.lambda$executeRecursively$8(NodeTestTask.java:141)
	at org.junit.platform.engine.support.hierarchical.Node.around(Node.java:137)
	at org.junit.platform.engine.support.hierarchical.NodeTestTask.lambda$executeRecursively$9(NodeTestTask.java:139)
	at org.junit.platform.engine.support.hierarchical.ThrowableCollector.execute(ThrowableCollector.java:73)
	at org.junit.platform.engine.support.hierarchical.NodeTestTask.executeRecursively(NodeTestTask.java:138)
	at org.junit.platform.engine.support.hierarchical.NodeTestTask.execute(NodeTestTask.java:95)
	at org.junit.platform.engine.support.hierarchical.SameThreadHierarchicalTestExecutorService.submit(SameThreadHierarchicalTestExecutorService.java:35)
	at org.junit.platform.engine.support.hierarchical.HierarchicalTestExecutor.execute(HierarchicalTestExecutor.java:57)
	at org.junit.platform.engine.support.hierarchical.HierarchicalTestEngine.execute(HierarchicalTestEngine.java:54)
	at org.junit.platform.launcher.core.EngineExecutionOrchestrator.execute(EngineExecutionOrchestrator.java:147)
	at org.junit.platform.launcher.core.EngineExecutionOrchestrator.execute(EngineExecutionOrchestrator.java:127)
	at org.junit.platform.launcher.core.EngineExecutionOrchestrator.execute(EngineExecutionOrchestrator.java:90)
	at org.junit.platform.launcher.core.EngineExecutionOrchestrator.lambda$execute$0(EngineExecutionOrchestrator.java:55)
	at org.junit.platform.launcher.core.EngineExecutionOrchestrator.withInterceptedStreams(EngineExecutionOrchestrator.java:102)
	at org.junit.platform.launcher.core.EngineExecutionOrchestrator.execute(EngineExecutionOrchestrator.java:54)
	at org.junit.platform.launcher.core.DefaultLauncher.execute(DefaultLauncher.java:114)
	at org.junit.platform.launcher.core.DefaultLauncher.execute(DefaultLauncher.java:86)
	at org.junit.platform.launcher.core.DefaultLauncherSession$DelegatingLauncher.execute(DefaultLauncherSession.java:86)
	at org.apache.maven.surefire.junitplatform.LazyLauncher.execute(LazyLauncher.java:50)
	at org.apache.maven.surefire.junitplatform.JUnitPlatformProvider.execute(JUnitPlatformProvider.java:184)
	at org.apache.maven.surefire.junitplatform.JUnitPlatformProvider.invokeAllTests(JUnitPlatformProvider.java:148)
	at org.apache.maven.surefire.junitplatform.JUnitPlatformProvider.invoke(JUnitPlatformProvider.java:122)
	at org.apache.maven.surefire.booter.ForkedBooter.runSuitesInProcess(ForkedBooter.java:385)
	at org.apache.maven.surefire.booter.ForkedBooter.execute(ForkedBooter.java:162)
	at org.apache.maven.surefire.booter.ForkedBooter.run(ForkedBooter.java:507)
	at org.apache.maven.surefire.booter.ForkedBooter.main(ForkedBooter.java:495)
Caused by: org.springframework.beans.factory.UnsatisfiedDependencyException: Error creating bean with name 'userService' defined in file [C:\Users\vasco\OneDrive\Documents\Grupo1\AP2-PD2\dss-demonstrations-5.12.1\dss-demo-webapp\target\classes\eu\europa\esig\dss\web\service\UserService.class]: Unsatisfied dependency expressed through constructor parameter 0; nested exception is org.springframework.beans.factory.NoSuchBeanDefinitionException: No qualifying bean of type 'eu.europa.esig.dss.web.repository.UserRepository' available: expected at least 1 bean which qualifies as autowire candidate. Dependency annotations: {}
	at org.springframework.beans.factory.support.ConstructorResolver.createArgumentArray(ConstructorResolver.java:800)
	at org.springframework.beans.factory.support.ConstructorResolver.autowireConstructor(ConstructorResolver.java:229)
	at org.springframework.beans.factory.support.AbstractAutowireCapableBeanFactory.autowireConstructor(AbstractAutowireCapableBeanFactory.java:1372)
	at org.springframework.beans.factory.support.AbstractAutowireCapableBeanFactory.createBeanInstance(AbstractAutowireCapableBeanFactory.java:1222)
	at org.springframework.beans.factory.support.AbstractAutowireCapableBeanFactory.doCreateBean(AbstractAutowireCapableBeanFactory.java:582)
	at org.springframework.beans.factory.support.AbstractAutowireCapableBeanFactory.createBean(AbstractAutowireCapableBeanFactory.java:542)
	at org.springframework.beans.factory.support.AbstractBeanFactory.lambda$doGetBean$0(AbstractBeanFactory.java:335)
	at org.springframework.beans.factory.support.DefaultSingletonBeanRegistry.getSingleton(DefaultSingletonBeanRegistry.java:234)
	at org.springframework.beans.factory.support.AbstractBeanFactory.doGetBean(AbstractBeanFactory.java:333)
	at org.springframework.beans.factory.support.AbstractBeanFactory.getBean(AbstractBeanFactory.java:208)
	at org.springframework.beans.factory.support.DefaultListableBeanFactory.preInstantiateSingletons(DefaultListableBeanFactory.java:955)
	at org.springframework.context.support.AbstractApplicationContext.finishBeanFactoryInitialization(AbstractApplicationContext.java:920)
	at org.springframework.context.support.AbstractApplicationContext.refresh(AbstractApplicationContext.java:583)
	at org.springframework.test.context.web.AbstractGenericWebContextLoader.loadContext(AbstractGenericWebContextLoader.java:129)
	at org.springframework.test.context.web.AbstractGenericWebContextLoader.loadContext(AbstractGenericWebContextLoader.java:61)
	at org.springframework.test.context.support.AbstractDelegatingSmartContextLoader.delegateLoading(AbstractDelegatingSmartContextLoader.java:276)
	at org.springframework.test.context.support.AbstractDelegatingSmartContextLoader.loadContext(AbstractDelegatingSmartContextLoader.java:244)
	at org.springframework.test.context.cache.DefaultCacheAwareContextLoaderDelegate.loadContextInternal(DefaultCacheAwareContextLoaderDelegate.java:141)
	at org.springframework.test.context.cache.DefaultCacheAwareContextLoaderDelegate.loadContext(DefaultCacheAwareContextLoaderDelegate.java:90)
	... 73 more
Caused by: org.springframework.beans.factory.NoSuchBeanDefinitionException: No qualifying bean of type 'eu.europa.esig.dss.web.repository.UserRepository' available: expected at least 1 bean which qualifies as autowire candidate. Dependency annotations: {}
	at org.springframework.beans.factory.support.DefaultListableBeanFactory.raiseNoMatchingBeanFound(DefaultListableBeanFactory.java:1801)
	at org.springframework.beans.factory.support.DefaultListableBeanFactory.doResolveDependency(DefaultListableBeanFactory.java:1357)
	at org.springframework.beans.factory.support.DefaultListableBeanFactory.resolveDependency(DefaultListableBeanFactory.java:1311)
	at org.springframework.beans.factory.support.ConstructorResolver.resolveAutowiredArgument(ConstructorResolver.java:887)
	at org.springframework.beans.factory.support.ConstructorResolver.createArgumentArray(ConstructorResolver.java:791)
	... 91 more
]]></error>
    <system-out><![CDATA[19:33:02.685 [main] INFO  o.s.c.a.ConfigurationClassParser - Properties location [classpath:dss-custom.properties] not resolvable: class path resource [dss-custom.properties] cannot be opened because it does not exist
19:33:02.746 [main] DEBUG com.zaxxer.hikari.HikariConfig - Driver class org.hsqldb.jdbcDriver found in Thread context class loader jdk.internal.loader.ClassLoaders$AppClassLoader@70dea4e
19:33:02.879 [main] INFO  e.e.esig.dss.tsl.job.TLValidationJob - Offline refresh is running...
19:33:02.879 [main] INFO  e.e.esig.dss.tsl.job.TLValidationJob - Running analysis for 1 LOTLSource(s)
19:33:04.825 [pool-14-thread-1] INFO  e.e.e.d.v.CommonCertificateVerifier - + New CommonCertificateVerifier created.
19:33:04.829 [pool-14-thread-1] INFO  e.e.e.d.v.SignedDocumentValidator - Document validation...
19:33:04.832 [pool-14-thread-1] INFO  e.e.e.d.v.CommonCertificateVerifier - + New CommonCertificateVerifier created.
19:33:04.865 [pool-14-thread-1] INFO  e.e.e.d.x.v.XAdESCertificateSource - +XAdESCertificateSource
19:33:04.869 [pool-14-thread-1] INFO  e.e.e.d.v.CommonCertificateVerifier - + New CommonCertificateVerifier created.
19:33:04.911 [pool-14-thread-1] INFO  e.e.e.d.v.CommonCertificateVerifier - + New CommonCertificateVerifier created.
19:33:04.916 [pool-14-thread-1] INFO  e.e.e.d.v.SignedDocumentValidator - Document validation...
19:33:04.919 [pool-14-thread-1] INFO  e.e.e.d.v.CommonCertificateVerifier - + New CommonCertificateVerifier created.
19:33:04.952 [pool-14-thread-1] INFO  e.e.e.d.x.v.XAdESCertificateSource - +XAdESCertificateSource
19:33:04.956 [pool-14-thread-1] INFO  e.e.e.d.v.CommonCertificateVerifier - + New CommonCertificateVerifier created.
19:33:05.002 [pool-14-thread-1] INFO  e.e.e.d.v.CommonCertificateVerifier - + New CommonCertificateVerifier created.
19:33:05.006 [pool-14-thread-1] INFO  e.e.e.d.v.SignedDocumentValidator - Document validation...
19:33:05.010 [pool-14-thread-1] INFO  e.e.e.d.v.CommonCertificateVerifier - + New CommonCertificateVerifier created.
19:33:05.046 [pool-14-thread-1] INFO  e.e.e.d.x.v.XAdESCertificateSource - +XAdESCertificateSource
19:33:05.050 [pool-14-thread-1] INFO  e.e.e.d.v.CommonCertificateVerifier - + New CommonCertificateVerifier created.
19:33:05.091 [main] INFO  e.e.esig.dss.tsl.job.TLValidationJob - Analysis is DONE for 1 LOTLSource(s)
19:33:05.095 [main] INFO  e.e.esig.dss.tsl.job.TLValidationJob - Running analysis for 31 TLSource(s)
19:33:05.098 [pool-14-thread-12] ERROR e.e.e.d.t.runnable.AbstractAnalysis - Cannot retrieve data from url [https://www.ssi.gouv.fr/uploads/tl-fr.xml]. Empty content is obtained!
19:33:05.182 [pool-14-thread-16] INFO  e.e.e.d.v.CommonCertificateVerifier - + New CommonCertificateVerifier created.
19:33:05.187 [pool-14-thread-16] INFO  e.e.e.d.v.SignedDocumentValidator - Document validation...
19:33:05.200 [pool-14-thread-1] WARN  e.e.e.d.t.f.c.DigitalIdentityListTypeConverter - Unable to load certificate 'MIIDDjCCAnegAwIBAgIBATANBgkqhkiG9w0BAQUFADCBmjELMAkGA1UEBhMCQVQxSDBGBgNVBAoTP0EtVHJ1c3QgR2VzLiBmLiBTaWNoZXJoZWl0c3N5c3RlbWUgaW0gZWxla3RyLiBEYXRlbnZlcmtlaHIgR21iSDEXMBUGA1UECxMOd3d3LmEtdHJ1c3QuYXQxEzARBgNVBAsTCmEtc2lnbiB1bmkxEzARBgNVBAMTCmEtc2lnbiB1bmkwHhcNMDIwOTEzMTgzMjM4WhcNMzIwOTEzMTgzMjM4WjCBmjELMAkGA1UEBhMCQVQxSDBGBgNVBAoTP0EtVHJ1c3QgR2VzLiBmLiBTaWNoZXJoZWl0c3N5c3RlbWUgaW0gZWxla3RyLiBEYXRlbnZlcmtlaHIgR21iSDEXMBUGA1UECxMOd3d3LmEtdHJ1c3QuYXQxEzARBgNVBAsTCmEtc2lnbiB1bmkxEzARBgNVBAMTCmEtc2lnbiB1bmkwgZ4wCwYJKoZIhvcNAQEBA4GOADCBigKBgQCvBqGXYw0rNZyQR8YG+EQ4GeoQgMRdsYPhnuvkl6aEMWdMvDuvAPlLi4rXNNq3mb4yKKCswSp5SPiRo43uwrpfCjLxu9RT+Fi3wDE1Z5tBr7iQOnOCx5IKs2X94hcdsJClWHYoxT4f5Jnq86kNVYys+T8TUJCrsHm/8TCr3x7vuwIEAAAAA6NjMGEwDgYDVR0PAQH/BAQDAgEGMA8GA1UdEwEB/wQFMAMBAf8wHQYDVR0OBBYEFBXzfvl2WIKcUwhZzt+1wC1ShQPBMB8GA1UdIwQYMBaAFBXzfvl2WIKcUwhZzt+1wC1ShQPBMA0GCSqGSIb3DQEBBQUAA4GBAALtJ7UT/H4ZwUAeKV1X1Gz+pIqVtCsECNKWHiZeXx0ly/insjh+vbNVNy2RyOimKWtms0GZ0Kj/oDK81efRL9YvHKMlCLlz6FBKaUTUztO1FYa2othUGsu8LsBtPPU6u0wMPGhE3DEdo5/4lA6gMbsOvKQ6jQyeCjqOB22EjbJd' (more details with enabled DEBUG mode)
19:33:05.201 [pool-14-thread-16] INFO  e.e.e.d.v.CommonCertificateVerifier - + New CommonCertificateVerifier created.
19:33:05.202 [pool-14-thread-1] WARN  e.e.e.d.t.f.c.DigitalIdentityListTypeConverter - Unable to load certificate 'MIIC2jCCAkOgAwIBAgIBATANBgkqhkiG9w0BAQUFADCBgDELMAkGA1UEBhMCQVQxHTAbBgNVBAoTFERhdGFrb20gQXVzdHJpYSBHbWJIMRowGAYDVQQLExFhLXNpZ24uZGF0YWtvbS5hdDEaMBgGA1UECxMRYS1zaWduIFByZW1pdW0gQ0ExGjAYBgNVBAMTEWEtc2lnbiBQcmVtaXVtIENBMB4XDTAxMTEyMTE2MDk0NFoXDTMxMTEyMTE2MDk0NFowgYAxCzAJBgNVBAYTAkFUMR0wGwYDVQQKExREYXRha29tIEF1c3RyaWEgR21iSDEaMBgGA1UECxMRYS1zaWduLmRhdGFrb20uYXQxGjAYBgNVBAsTEWEtc2lnbiBQcmVtaXVtIENBMRowGAYDVQQDExFhLXNpZ24gUHJlbWl1bSBDQTCBnjALBgkqhkiG9w0BAQEDgY4AMIGKAoGBAKpdHrr/9I5zG2jGfpHeZpMkm58ZJBtXG73qH7+mTAkgWosabkMynNCayPiA1//ZHS2s2kTB5FYtXwmVFyqIIDQelt4IZwLDLdJQItxvYMV17DFO+ZebQe7bljUwwGOdguq9MuDBI2xYYE2z2JVDuOuDpKS+/YPC02OzTo/jWSb5AgQAAAADo2MwYTAOBgNVHQ8BAf8EBAMCAQYwDwYDVR0TAQH/BAUwAwEB/zAdBgNVHQ4EFgQUoX0/IPOimGkJ9u1tRx6O0guPGNEwHwYDVR0jBBgwFoAUoX0/IPOimGkJ9u1tRx6O0guPGNEwDQYJKoZIhvcNAQEFBQADgYEAhUKQ8tg1IWl1w6uD0ylZ0RdFg5Fygd+KGLCOwaVIgpFieWDKBJMdavgu+uyWOWY2cQW5NiSG2jnqKfKJkX9znBcUUcjj4PfGfj9OLEiNAMa/zBPCgCrhGq07M4I2W6G39D8ExWscBFuQxKnpnLLsTVpS8GMe81lFge3O2VABiUo=' (more details with enabled DEBUG mode)
19:33:05.210 [pool-14-thread-1] INFO  e.e.e.d.v.CommonCertificateVerifier - + New CommonCertificateVerifier created.
19:33:05.230 [pool-14-thread-3] INFO  e.e.e.d.v.CommonCertificateVerifier - + New CommonCertificateVerifier created.
19:33:05.265 [pool-14-thread-16] INFO  e.e.e.d.x.v.XAdESCertificateSource - +XAdESCertificateSource
19:33:05.275 [pool-14-thread-16] INFO  e.e.e.d.v.CommonCertificateVerifier - + New CommonCertificateVerifier created.
19:33:05.319 [pool-14-thread-23] INFO  e.e.e.d.v.CommonCertificateVerifier - + New CommonCertificateVerifier created.
19:33:05.329 [pool-14-thread-1] INFO  e.e.e.d.v.SignedDocumentValidator - Document validation...
19:33:05.339 [pool-14-thread-23] INFO  e.e.e.d.v.SignedDocumentValidator - Document validation...
19:33:05.340 [pool-14-thread-1] INFO  e.e.e.d.v.CommonCertificateVerifier - + New CommonCertificateVerifier created.
19:33:05.340 [pool-14-thread-20] INFO  e.e.e.d.v.CommonCertificateVerifier - + New CommonCertificateVerifier created.
19:33:05.341 [pool-14-thread-27] INFO  e.e.e.d.v.CommonCertificateVerifier - + New CommonCertificateVerifier created.
19:33:05.345 [pool-14-thread-27] INFO  e.e.e.d.v.SignedDocumentValidator - Document validation...
19:33:05.350 [pool-14-thread-20] INFO  e.e.e.d.v.SignedDocumentValidator - Document validation...
19:33:05.351 [pool-14-thread-27] INFO  e.e.e.d.v.CommonCertificateVerifier - + New CommonCertificateVerifier created.
19:33:05.358 [pool-14-thread-20] INFO  e.e.e.d.v.CommonCertificateVerifier - + New CommonCertificateVerifier created.
19:33:05.370 [pool-14-thread-30] INFO  e.e.e.d.v.CommonCertificateVerifier - + New CommonCertificateVerifier created.
19:33:05.380 [pool-14-thread-3] INFO  e.e.e.d.v.SignedDocumentValidator - Document validation...
19:33:05.391 [pool-14-thread-3] INFO  e.e.e.d.v.CommonCertificateVerifier - + New CommonCertificateVerifier created.
19:33:05.391 [pool-14-thread-23] INFO  e.e.e.d.v.CommonCertificateVerifier - + New CommonCertificateVerifier created.
19:33:05.409 [pool-14-thread-27] INFO  e.e.e.d.x.v.XAdESCertificateSource - +XAdESCertificateSource
19:33:05.415 [pool-14-thread-27] INFO  e.e.e.d.v.CommonCertificateVerifier - + New CommonCertificateVerifier created.
19:33:05.424 [pool-14-thread-30] INFO  e.e.e.d.v.SignedDocumentValidator - Document validation...
19:33:05.432 [pool-14-thread-30] INFO  e.e.e.d.v.CommonCertificateVerifier - + New CommonCertificateVerifier created.
19:33:05.444 [pool-14-thread-19] INFO  e.e.e.d.v.CommonCertificateVerifier - + New CommonCertificateVerifier created.
19:33:05.470 [pool-14-thread-20] INFO  e.e.e.d.x.v.XAdESCertificateSource - +XAdESCertificateSource
19:33:05.531 [pool-14-thread-30] INFO  e.e.e.d.x.v.XAdESCertificateSource - +XAdESCertificateSource
19:33:05.567 [pool-14-thread-24] INFO  e.e.e.d.v.CommonCertificateVerifier - + New CommonCertificateVerifier created.
19:33:05.567 [pool-14-thread-30] INFO  e.e.e.d.v.CommonCertificateVerifier - + New CommonCertificateVerifier created.
19:33:05.576 [pool-14-thread-22] INFO  e.e.e.d.v.CommonCertificateVerifier - + New CommonCertificateVerifier created.
19:33:05.607 [pool-14-thread-20] INFO  e.e.e.d.v.CommonCertificateVerifier - + New CommonCertificateVerifier created.
19:33:05.694 [pool-14-thread-22] INFO  e.e.e.d.v.SignedDocumentValidator - Document validation...
19:33:05.708 [pool-14-thread-22] INFO  e.e.e.d.v.CommonCertificateVerifier - + New CommonCertificateVerifier created.
19:33:05.714 [pool-14-thread-23] INFO  e.e.e.d.x.v.XAdESCertificateSource - +XAdESCertificateSource
19:33:05.722 [pool-14-thread-24] INFO  e.e.e.d.v.SignedDocumentValidator - Document validation...
19:33:05.796 [pool-14-thread-15] INFO  e.e.e.d.v.CommonCertificateVerifier - + New CommonCertificateVerifier created.
19:33:05.856 [pool-14-thread-15] INFO  e.e.e.d.v.SignedDocumentValidator - Document validation...
19:33:05.865 [pool-14-thread-1] INFO  e.e.e.d.x.v.XAdESCertificateSource - +XAdESCertificateSource
19:33:05.869 [pool-14-thread-24] INFO  e.e.e.d.v.CommonCertificateVerifier - + New CommonCertificateVerifier created.
19:33:05.872 [pool-14-thread-23] INFO  e.e.e.d.v.CommonCertificateVerifier - + New CommonCertificateVerifier created.
19:33:05.875 [pool-14-thread-15] INFO  e.e.e.d.v.CommonCertificateVerifier - + New CommonCertificateVerifier created.
19:33:05.877 [pool-14-thread-1] INFO  e.e.e.d.v.CommonCertificateVerifier - + New CommonCertificateVerifier created.
19:33:05.937 [pool-14-thread-3] INFO  e.e.e.d.x.v.XAdESCertificateSource - +XAdESCertificateSource
19:33:05.948 [pool-14-thread-3] INFO  e.e.e.d.v.CommonCertificateVerifier - + New CommonCertificateVerifier created.
19:33:06.000 [pool-14-thread-15] INFO  e.e.e.d.x.v.XAdESCertificateSource - +XAdESCertificateSource
19:33:06.045 [pool-14-thread-19] INFO  e.e.e.d.v.SignedDocumentValidator - Document validation...
19:33:06.048 [pool-14-thread-15] INFO  e.e.e.d.v.CommonCertificateVerifier - + New CommonCertificateVerifier created.
19:33:06.058 [pool-14-thread-19] INFO  e.e.e.d.v.CommonCertificateVerifier - + New CommonCertificateVerifier created.
19:33:06.081 [pool-14-thread-21] INFO  e.e.e.d.v.CommonCertificateVerifier - + New CommonCertificateVerifier created.
19:33:06.087 [pool-14-thread-21] INFO  e.e.e.d.v.SignedDocumentValidator - Document validation...
19:33:06.127 [pool-14-thread-21] INFO  e.e.e.d.v.CommonCertificateVerifier - + New CommonCertificateVerifier created.
19:33:06.155 [pool-14-thread-21] INFO  e.e.e.d.x.v.XAdESCertificateSource - +XAdESCertificateSource
19:33:06.203 [pool-14-thread-21] INFO  e.e.e.d.v.CommonCertificateVerifier - + New CommonCertificateVerifier created.
19:33:06.356 [pool-14-thread-18] INFO  e.e.e.d.v.CommonCertificateVerifier - + New CommonCertificateVerifier created.
19:33:06.464 [pool-14-thread-22] INFO  e.e.e.d.x.v.XAdESCertificateSource - +XAdESCertificateSource
19:33:06.478 [pool-14-thread-19] INFO  e.e.e.d.x.v.XAdESCertificateSource - +XAdESCertificateSource
19:33:06.482 [pool-14-thread-18] INFO  e.e.e.d.v.SignedDocumentValidator - Document validation...
19:33:06.489 [pool-14-thread-18] INFO  e.e.e.d.v.CommonCertificateVerifier - + New CommonCertificateVerifier created.
19:33:06.491 [pool-14-thread-19] INFO  e.e.e.d.v.CommonCertificateVerifier - + New CommonCertificateVerifier created.
19:33:06.513 [pool-14-thread-22] INFO  e.e.e.d.v.CommonCertificateVerifier - + New CommonCertificateVerifier created.
19:33:06.660 [pool-14-thread-24] INFO  e.e.e.d.x.v.XAdESCertificateSource - +XAdESCertificateSource
19:33:06.729 [pool-14-thread-24] INFO  e.e.e.d.v.CommonCertificateVerifier - + New CommonCertificateVerifier created.
19:33:06.735 [pool-14-thread-18] INFO  e.e.e.d.x.v.XAdESCertificateSource - +XAdESCertificateSource
19:33:06.743 [pool-14-thread-18] INFO  e.e.e.d.v.CommonCertificateVerifier - + New CommonCertificateVerifier created.
19:33:06.870 [pool-14-thread-4] INFO  e.e.e.d.v.CommonCertificateVerifier - + New CommonCertificateVerifier created.
19:33:06.906 [pool-14-thread-4] INFO  e.e.e.d.v.SignedDocumentValidator - Document validation...
19:33:06.946 [pool-14-thread-4] INFO  e.e.e.d.v.CommonCertificateVerifier - + New CommonCertificateVerifier created.
19:33:06.951 [pool-14-thread-7] INFO  e.e.e.d.v.CommonCertificateVerifier - + New CommonCertificateVerifier created.
19:33:06.957 [pool-14-thread-7] INFO  e.e.e.d.v.SignedDocumentValidator - Document validation...
19:33:06.964 [pool-14-thread-4] INFO  e.e.e.d.x.v.XAdESCertificateSource - +XAdESCertificateSource
19:33:06.970 [pool-14-thread-4] INFO  e.e.e.d.v.CommonCertificateVerifier - + New CommonCertificateVerifier created.
19:33:06.997 [pool-14-thread-7] INFO  e.e.e.d.v.CommonCertificateVerifier - + New CommonCertificateVerifier created.
19:33:07.025 [pool-14-thread-7] INFO  e.e.e.d.x.v.XAdESCertificateSource - +XAdESCertificateSource
19:33:07.061 [pool-14-thread-7] INFO  e.e.e.d.v.CommonCertificateVerifier - + New CommonCertificateVerifier created.
19:33:07.184 [pool-14-thread-13] INFO  e.e.e.d.v.CommonCertificateVerifier - + New CommonCertificateVerifier created.
19:33:07.199 [pool-14-thread-13] INFO  e.e.e.d.v.SignedDocumentValidator - Document validation...
19:33:07.206 [pool-14-thread-13] INFO  e.e.e.d.v.CommonCertificateVerifier - + New CommonCertificateVerifier created.
19:33:07.299 [pool-14-thread-13] INFO  e.e.e.d.x.v.XAdESCertificateSource - +XAdESCertificateSource
19:33:07.300 [pool-14-thread-8] INFO  e.e.e.d.v.CommonCertificateVerifier - + New CommonCertificateVerifier created.
19:33:07.310 [pool-14-thread-13] INFO  e.e.e.d.v.CommonCertificateVerifier - + New CommonCertificateVerifier created.
19:33:07.334 [pool-14-thread-8] INFO  e.e.e.d.v.SignedDocumentValidator - Document validation...
19:33:07.342 [pool-14-thread-8] INFO  e.e.e.d.v.CommonCertificateVerifier - + New CommonCertificateVerifier created.
19:33:07.542 [pool-14-thread-8] INFO  e.e.e.d.x.v.XAdESCertificateSource - +XAdESCertificateSource
19:33:07.559 [pool-14-thread-8] INFO  e.e.e.d.v.CommonCertificateVerifier - + New CommonCertificateVerifier created.
19:33:07.715 [pool-14-thread-12] INFO  e.e.e.d.v.CommonCertificateVerifier - + New CommonCertificateVerifier created.
19:33:07.758 [pool-14-thread-12] INFO  e.e.e.d.v.SignedDocumentValidator - Document validation...
19:33:07.766 [pool-14-thread-12] INFO  e.e.e.d.v.CommonCertificateVerifier - + New CommonCertificateVerifier created.
19:33:07.938 [pool-14-thread-12] INFO  e.e.e.d.x.v.XAdESCertificateSource - +XAdESCertificateSource
19:33:07.955 [pool-14-thread-12] INFO  e.e.e.d.v.CommonCertificateVerifier - + New CommonCertificateVerifier created.
19:33:07.962 [pool-14-thread-11] INFO  e.e.e.d.v.CommonCertificateVerifier - + New CommonCertificateVerifier created.
19:33:07.969 [pool-14-thread-11] INFO  e.e.e.d.v.SignedDocumentValidator - Document validation...
19:33:07.975 [pool-14-thread-11] INFO  e.e.e.d.v.CommonCertificateVerifier - + New CommonCertificateVerifier created.
19:33:08.202 [pool-14-thread-11] INFO  e.e.e.d.x.v.XAdESCertificateSource - +XAdESCertificateSource
19:33:08.210 [pool-14-thread-11] INFO  e.e.e.d.v.CommonCertificateVerifier - + New CommonCertificateVerifier created.
19:33:08.339 [pool-14-thread-28] INFO  e.e.e.d.v.CommonCertificateVerifier - + New CommonCertificateVerifier created.
19:33:08.355 [pool-14-thread-28] INFO  e.e.e.d.v.SignedDocumentValidator - Document validation...
19:33:08.367 [pool-14-thread-28] INFO  e.e.e.d.v.CommonCertificateVerifier - + New CommonCertificateVerifier created.
19:33:08.577 [pool-14-thread-28] INFO  e.e.e.d.x.v.XAdESCertificateSource - +XAdESCertificateSource
19:33:08.593 [pool-14-thread-28] INFO  e.e.e.d.v.CommonCertificateVerifier - + New CommonCertificateVerifier created.
19:33:10.001 [pool-14-thread-26] INFO  e.e.e.d.v.CommonCertificateVerifier - + New CommonCertificateVerifier created.
19:33:10.011 [pool-14-thread-26] INFO  e.e.e.d.v.SignedDocumentValidator - Document validation...
19:33:10.021 [pool-14-thread-26] INFO  e.e.e.d.v.CommonCertificateVerifier - + New CommonCertificateVerifier created.
19:33:10.155 [pool-14-thread-26] INFO  e.e.e.d.x.v.XAdESCertificateSource - +XAdESCertificateSource
19:33:10.167 [pool-14-thread-26] INFO  e.e.e.d.v.CommonCertificateVerifier - + New CommonCertificateVerifier created.
19:33:10.226 [pool-14-thread-2] INFO  e.e.e.d.v.CommonCertificateVerifier - + New CommonCertificateVerifier created.
19:33:10.237 [pool-14-thread-2] INFO  e.e.e.d.v.SignedDocumentValidator - Document validation...
19:33:10.259 [pool-14-thread-2] INFO  e.e.e.d.v.CommonCertificateVerifier - + New CommonCertificateVerifier created.
19:33:10.363 [pool-14-thread-25] INFO  e.e.e.d.v.CommonCertificateVerifier - + New CommonCertificateVerifier created.
19:33:10.381 [pool-14-thread-25] INFO  e.e.e.d.v.SignedDocumentValidator - Document validation...
19:33:10.394 [pool-14-thread-25] INFO  e.e.e.d.v.CommonCertificateVerifier - + New CommonCertificateVerifier created.
19:33:10.441 [pool-14-thread-2] INFO  e.e.e.d.x.v.XAdESCertificateSource - +XAdESCertificateSource
19:33:10.455 [pool-14-thread-2] INFO  e.e.e.d.v.CommonCertificateVerifier - + New CommonCertificateVerifier created.
19:33:10.551 [pool-14-thread-25] INFO  e.e.e.d.x.v.XAdESCertificateSource - +XAdESCertificateSource
19:33:10.562 [pool-14-thread-25] INFO  e.e.e.d.v.CommonCertificateVerifier - + New CommonCertificateVerifier created.
19:33:10.606 [pool-14-thread-14] INFO  e.e.e.d.v.CommonCertificateVerifier - + New CommonCertificateVerifier created.
19:33:10.632 [pool-14-thread-14] INFO  e.e.e.d.v.SignedDocumentValidator - Document validation...
19:33:10.655 [pool-14-thread-14] INFO  e.e.e.d.v.CommonCertificateVerifier - + New CommonCertificateVerifier created.
19:33:10.966 [pool-14-thread-14] INFO  e.e.e.d.x.v.XAdESCertificateSource - +XAdESCertificateSource
19:33:10.985 [pool-14-thread-14] INFO  e.e.e.d.v.CommonCertificateVerifier - + New CommonCertificateVerifier created.
19:33:11.794 [pool-14-thread-29] INFO  e.e.e.d.v.CommonCertificateVerifier - + New CommonCertificateVerifier created.
19:33:11.808 [pool-14-thread-29] INFO  e.e.e.d.v.SignedDocumentValidator - Document validation...
19:33:11.816 [pool-14-thread-29] INFO  e.e.e.d.v.CommonCertificateVerifier - + New CommonCertificateVerifier created.
19:33:11.922 [pool-14-thread-5] INFO  e.e.e.d.v.CommonCertificateVerifier - + New CommonCertificateVerifier created.
19:33:11.937 [pool-14-thread-5] INFO  e.e.e.d.v.SignedDocumentValidator - Document validation...
19:33:11.949 [pool-14-thread-5] INFO  e.e.e.d.v.CommonCertificateVerifier - + New CommonCertificateVerifier created.
19:33:12.024 [pool-14-thread-29] INFO  e.e.e.d.x.v.XAdESCertificateSource - +XAdESCertificateSource
19:33:12.043 [pool-14-thread-29] INFO  e.e.e.d.v.CommonCertificateVerifier - + New CommonCertificateVerifier created.
19:33:12.218 [pool-14-thread-5] INFO  e.e.e.d.x.v.XAdESCertificateSource - +XAdESCertificateSource
19:33:12.231 [pool-14-thread-5] INFO  e.e.e.d.v.CommonCertificateVerifier - + New CommonCertificateVerifier created.
19:33:13.604 [pool-14-thread-9] INFO  e.e.e.d.v.CommonCertificateVerifier - + New CommonCertificateVerifier created.
19:33:13.612 [pool-14-thread-9] INFO  e.e.e.d.v.SignedDocumentValidator - Document validation...
19:33:13.618 [pool-14-thread-9] INFO  e.e.e.d.v.CommonCertificateVerifier - + New CommonCertificateVerifier created.
19:33:13.781 [pool-14-thread-9] INFO  e.e.e.d.x.v.XAdESCertificateSource - +XAdESCertificateSource
19:33:13.789 [pool-14-thread-9] INFO  e.e.e.d.v.CommonCertificateVerifier - + New CommonCertificateVerifier created.
19:33:17.462 [pool-14-thread-6] INFO  e.e.e.d.v.CommonCertificateVerifier - + New CommonCertificateVerifier created.
19:33:17.515 [pool-14-thread-6] INFO  e.e.e.d.v.SignedDocumentValidator - Document validation...
19:33:17.571 [pool-14-thread-6] INFO  e.e.e.d.v.CommonCertificateVerifier - + New CommonCertificateVerifier created.
19:33:17.674 [pool-14-thread-10] INFO  e.e.e.d.v.CommonCertificateVerifier - + New CommonCertificateVerifier created.
19:33:17.699 [pool-14-thread-10] INFO  e.e.e.d.v.SignedDocumentValidator - Document validation...
19:33:17.717 [pool-14-thread-10] INFO  e.e.e.d.v.CommonCertificateVerifier - + New CommonCertificateVerifier created.
19:33:18.129 [pool-14-thread-10] INFO  e.e.e.d.x.v.XAdESCertificateSource - +XAdESCertificateSource
19:33:18.150 [pool-14-thread-10] INFO  e.e.e.d.v.CommonCertificateVerifier - + New CommonCertificateVerifier created.
19:33:18.672 [pool-14-thread-6] INFO  e.e.e.d.x.v.XAdESCertificateSource - +XAdESCertificateSource
19:33:18.738 [pool-14-thread-6] INFO  e.e.e.d.v.CommonCertificateVerifier - + New CommonCertificateVerifier created.
19:33:19.625 [pool-14-thread-17] INFO  e.e.e.d.v.CommonCertificateVerifier - + New CommonCertificateVerifier created.
19:33:19.649 [pool-14-thread-17] INFO  e.e.e.d.v.SignedDocumentValidator - Document validation...
19:33:19.678 [pool-14-thread-17] INFO  e.e.e.d.v.CommonCertificateVerifier - + New CommonCertificateVerifier created.
19:33:20.029 [pool-14-thread-17] INFO  e.e.e.d.x.v.XAdESCertificateSource - +XAdESCertificateSource
19:33:20.050 [pool-14-thread-17] INFO  e.e.e.d.v.CommonCertificateVerifier - + New CommonCertificateVerifier created.
19:33:20.567 [main] INFO  e.e.esig.dss.tsl.job.TLValidationJob - Analysis is DONE for 31 TLSource(s)
19:33:20.597 [main] WARN  e.e.e.d.t.s.TrustedListCertificateSourceSynchronizer - No Parsing result for TLInfo with url [https://www.ssi.gouv.fr/uploads/tl-fr.xml]
19:33:20.701 [main] INFO  e.e.esig.dss.tsl.job.TLValidationJob - Offline refresh is DONE.
19:33:21.412 [main] DEBUG FOP - target-resolution set to: 72.0dpi (px2mm=0.35277778)
19:33:21.415 [main] INFO  e.e.e.d.v.CommonCertificateVerifier - + New CommonCertificateVerifier created.
19:33:21.421 [main] WARN  o.s.w.c.s.GenericWebApplicationContext - Exception encountered during context initialization - cancelling refresh attempt: org.springframework.beans.factory.UnsatisfiedDependencyException: Error creating bean with name 'userService' defined in file [C:\Users\vasco\OneDrive\Documents\Grupo1\AP2-PD2\dss-demonstrations-5.12.1\dss-demo-webapp\target\classes\eu\europa\esig\dss\web\service\UserService.class]: Unsatisfied dependency expressed through constructor parameter 0; nested exception is org.springframework.beans.factory.NoSuchBeanDefinitionException: No qualifying bean of type 'eu.europa.esig.dss.web.repository.UserRepository' available: expected at least 1 bean which qualifies as autowire candidate. Dependency annotations: {}
19:33:21.421 [main] ERROR o.s.test.context.TestContextManager - Caught exception while allowing TestExecutionListener [org.springframework.test.context.web.ServletTestExecutionListener@1f02b6d1] to prepare test instance [eu.europa.esig.dss.web.service.XSLTServiceTest@4e77f29e]
java.lang.IllegalStateException: Failed to load ApplicationContext
	at org.springframework.test.context.cache.DefaultCacheAwareContextLoaderDelegate.loadContext(DefaultCacheAwareContextLoaderDelegate.java:98)
	at org.springframework.test.context.support.DefaultTestContext.getApplicationContext(DefaultTestContext.java:124)
	at org.springframework.test.context.web.ServletTestExecutionListener.setUpRequestContextIfNecessary(ServletTestExecutionListener.java:190)
	at org.springframework.test.context.web.ServletTestExecutionListener.prepareTestInstance(ServletTestExecutionListener.java:132)
	at org.springframework.test.context.TestContextManager.prepareTestInstance(TestContextManager.java:248)
	at org.springframework.test.context.junit.jupiter.SpringExtension.postProcessTestInstance(SpringExtension.java:138)
	at org.junit.jupiter.engine.descriptor.ClassBasedTestDescriptor.lambda$invokeTestInstancePostProcessors$10(ClassBasedTestDescriptor.java:377)
	at org.junit.jupiter.engine.descriptor.ClassBasedTestDescriptor.executeAndMaskThrowable(ClassBasedTestDescriptor.java:382)
	at org.junit.jupiter.engine.descriptor.ClassBasedTestDescriptor.lambda$invokeTestInstancePostProcessors$11(ClassBasedTestDescriptor.java:377)
	at java.base/java.util.stream.ReferencePipeline$3$1.accept(ReferencePipeline.java:197)
	at java.base/java.util.stream.ReferencePipeline$2$1.accept(ReferencePipeline.java:179)
	at java.base/java.util.ArrayList$ArrayListSpliterator.forEachRemaining(ArrayList.java:1625)
	at java.base/java.util.stream.AbstractPipeline.copyInto(AbstractPipeline.java:509)
	at java.base/java.util.stream.AbstractPipeline.wrapAndCopyInto(AbstractPipeline.java:499)
	at java.base/java.util.stream.StreamSpliterators$WrappingSpliterator.forEachRemaining(StreamSpliterators.java:310)
	at java.base/java.util.stream.Streams$ConcatSpliterator.forEachRemaining(Streams.java:735)
	at java.base/java.util.stream.Streams$ConcatSpliterator.forEachRemaining(Streams.java:734)
	at java.base/java.util.stream.ReferencePipeline$Head.forEach(ReferencePipeline.java:762)
	at org.junit.jupiter.engine.descriptor.ClassBasedTestDescriptor.invokeTestInstancePostProcessors(ClassBasedTestDescriptor.java:376)
	at org.junit.jupiter.engine.descriptor.ClassBasedTestDescriptor.lambda$instantiateAndPostProcessTestInstance$6(ClassBasedTestDescriptor.java:289)
	at org.junit.platform.engine.support.hierarchical.ThrowableCollector.execute(ThrowableCollector.java:73)
	at org.junit.jupiter.engine.descriptor.ClassBasedTestDescriptor.instantiateAndPostProcessTestInstance(ClassBasedTestDescriptor.java:288)
	at org.junit.jupiter.engine.descriptor.ClassBasedTestDescriptor.lambda$testInstancesProvider$4(ClassBasedTestDescriptor.java:278)
	at java.base/java.util.Optional.orElseGet(Optional.java:364)
	at org.junit.jupiter.engine.descriptor.ClassBasedTestDescriptor.lambda$testInstancesProvider$5(ClassBasedTestDescriptor.java:277)
	at org.junit.jupiter.engine.execution.TestInstancesProvider.getTestInstances(TestInstancesProvider.java:31)
	at org.junit.jupiter.engine.descriptor.TestMethodTestDescriptor.lambda$prepare$0(TestMethodTestDescriptor.java:105)
	at org.junit.platform.engine.support.hierarchical.ThrowableCollector.execute(ThrowableCollector.java:73)
	at org.junit.jupiter.engine.descriptor.TestMethodTestDescriptor.prepare(TestMethodTestDescriptor.java:104)
	at org.junit.jupiter.engine.descriptor.TestMethodTestDescriptor.prepare(TestMethodTestDescriptor.java:68)
	at org.junit.platform.engine.support.hierarchical.NodeTestTask.lambda$prepare$2(NodeTestTask.java:123)
	at org.junit.platform.engine.support.hierarchical.ThrowableCollector.execute(ThrowableCollector.java:73)
	at org.junit.platform.engine.support.hierarchical.NodeTestTask.prepare(NodeTestTask.java:123)
	at org.junit.platform.engine.support.hierarchical.NodeTestTask.execute(NodeTestTask.java:90)
	at java.base/java.util.ArrayList.forEach(ArrayList.java:1511)
	at org.junit.platform.engine.support.hierarchical.SameThreadHierarchicalTestExecutorService.invokeAll(SameThreadHierarchicalTestExecutorService.java:41)
	at org.junit.platform.engine.support.hierarchical.NodeTestTask.lambda$executeRecursively$6(NodeTestTask.java:155)
	at org.junit.platform.engine.support.hierarchical.ThrowableCollector.execute(ThrowableCollector.java:73)
	at org.junit.platform.engine.support.hierarchical.NodeTestTask.lambda$executeRecursively$8(NodeTestTask.java:141)
	at org.junit.platform.engine.support.hierarchical.Node.around(Node.java:137)
	at org.junit.platform.engine.support.hierarchical.NodeTestTask.lambda$executeRecursively$9(NodeTestTask.java:139)
	at org.junit.platform.engine.support.hierarchical.ThrowableCollector.execute(ThrowableCollector.java:73)
	at org.junit.platform.engine.support.hierarchical.NodeTestTask.executeRecursively(NodeTestTask.java:138)
	at org.junit.platform.engine.support.hierarchical.NodeTestTask.execute(NodeTestTask.java:95)
	at java.base/java.util.ArrayList.forEach(ArrayList.java:1511)
	at org.junit.platform.engine.support.hierarchical.SameThreadHierarchicalTestExecutorService.invokeAll(SameThreadHierarchicalTestExecutorService.java:41)
	at org.junit.platform.engine.support.hierarchical.NodeTestTask.lambda$executeRecursively$6(NodeTestTask.java:155)
	at org.junit.platform.engine.support.hierarchical.ThrowableCollector.execute(ThrowableCollector.java:73)
	at org.junit.platform.engine.support.hierarchical.NodeTestTask.lambda$executeRecursively$8(NodeTestTask.java:141)
	at org.junit.platform.engine.support.hierarchical.Node.around(Node.java:137)
	at org.junit.platform.engine.support.hierarchical.NodeTestTask.lambda$executeRecursively$9(NodeTestTask.java:139)
	at org.junit.platform.engine.support.hierarchical.ThrowableCollector.execute(ThrowableCollector.java:73)
	at org.junit.platform.engine.support.hierarchical.NodeTestTask.executeRecursively(NodeTestTask.java:138)
	at org.junit.platform.engine.support.hierarchical.NodeTestTask.execute(NodeTestTask.java:95)
	at org.junit.platform.engine.support.hierarchical.SameThreadHierarchicalTestExecutorService.submit(SameThreadHierarchicalTestExecutorService.java:35)
	at org.junit.platform.engine.support.hierarchical.HierarchicalTestExecutor.execute(HierarchicalTestExecutor.java:57)
	at org.junit.platform.engine.support.hierarchical.HierarchicalTestEngine.execute(HierarchicalTestEngine.java:54)
	at org.junit.platform.launcher.core.EngineExecutionOrchestrator.execute(EngineExecutionOrchestrator.java:147)
	at org.junit.platform.launcher.core.EngineExecutionOrchestrator.execute(EngineExecutionOrchestrator.java:127)
	at org.junit.platform.launcher.core.EngineExecutionOrchestrator.execute(EngineExecutionOrchestrator.java:90)
	at org.junit.platform.launcher.core.EngineExecutionOrchestrator.lambda$execute$0(EngineExecutionOrchestrator.java:55)
	at org.junit.platform.launcher.core.EngineExecutionOrchestrator.withInterceptedStreams(EngineExecutionOrchestrator.java:102)
	at org.junit.platform.launcher.core.EngineExecutionOrchestrator.execute(EngineExecutionOrchestrator.java:54)
	at org.junit.platform.launcher.core.DefaultLauncher.execute(DefaultLauncher.java:114)
	at org.junit.platform.launcher.core.DefaultLauncher.execute(DefaultLauncher.java:86)
	at org.junit.platform.launcher.core.DefaultLauncherSession$DelegatingLauncher.execute(DefaultLauncherSession.java:86)
	at org.apache.maven.surefire.junitplatform.LazyLauncher.execute(LazyLauncher.java:50)
	at org.apache.maven.surefire.junitplatform.JUnitPlatformProvider.execute(JUnitPlatformProvider.java:184)
	at org.apache.maven.surefire.junitplatform.JUnitPlatformProvider.invokeAllTests(JUnitPlatformProvider.java:148)
	at org.apache.maven.surefire.junitplatform.JUnitPlatformProvider.invoke(JUnitPlatformProvider.java:122)
	at org.apache.maven.surefire.booter.ForkedBooter.runSuitesInProcess(ForkedBooter.java:385)
	at org.apache.maven.surefire.booter.ForkedBooter.execute(ForkedBooter.java:162)
	at org.apache.maven.surefire.booter.ForkedBooter.run(ForkedBooter.java:507)
	at org.apache.maven.surefire.booter.ForkedBooter.main(ForkedBooter.java:495)
Caused by: org.springframework.beans.factory.UnsatisfiedDependencyException: Error creating bean with name 'userService' defined in file [C:\Users\vasco\OneDrive\Documents\Grupo1\AP2-PD2\dss-demonstrations-5.12.1\dss-demo-webapp\target\classes\eu\europa\esig\dss\web\service\UserService.class]: Unsatisfied dependency expressed through constructor parameter 0; nested exception is org.springframework.beans.factory.NoSuchBeanDefinitionException: No qualifying bean of type 'eu.europa.esig.dss.web.repository.UserRepository' available: expected at least 1 bean which qualifies as autowire candidate. Dependency annotations: {}
	at org.springframework.beans.factory.support.ConstructorResolver.createArgumentArray(ConstructorResolver.java:800)
	at org.springframework.beans.factory.support.ConstructorResolver.autowireConstructor(ConstructorResolver.java:229)
	at org.springframework.beans.factory.support.AbstractAutowireCapableBeanFactory.autowireConstructor(AbstractAutowireCapableBeanFactory.java:1372)
	at org.springframework.beans.factory.support.AbstractAutowireCapableBeanFactory.createBeanInstance(AbstractAutowireCapableBeanFactory.java:1222)
	at org.springframework.beans.factory.support.AbstractAutowireCapableBeanFactory.doCreateBean(AbstractAutowireCapableBeanFactory.java:582)
	at org.springframework.beans.factory.support.AbstractAutowireCapableBeanFactory.createBean(AbstractAutowireCapableBeanFactory.java:542)
	at org.springframework.beans.factory.support.AbstractBeanFactory.lambda$doGetBean$0(AbstractBeanFactory.java:335)
	at org.springframework.beans.factory.support.DefaultSingletonBeanRegistry.getSingleton(DefaultSingletonBeanRegistry.java:234)
	at org.springframework.beans.factory.support.AbstractBeanFactory.doGetBean(AbstractBeanFactory.java:333)
	at org.springframework.beans.factory.support.AbstractBeanFactory.getBean(AbstractBeanFactory.java:208)
	at org.springframework.beans.factory.support.DefaultListableBeanFactory.preInstantiateSingletons(DefaultListableBeanFactory.java:955)
	at org.springframework.context.support.AbstractApplicationContext.finishBeanFactoryInitialization(AbstractApplicationContext.java:920)
	at org.springframework.context.support.AbstractApplicationContext.refresh(AbstractApplicationContext.java:583)
	at org.springframework.test.context.web.AbstractGenericWebContextLoader.loadContext(AbstractGenericWebContextLoader.java:129)
	at org.springframework.test.context.web.AbstractGenericWebContextLoader.loadContext(AbstractGenericWebContextLoader.java:61)
	at org.springframework.test.context.support.AbstractDelegatingSmartContextLoader.delegateLoading(AbstractDelegatingSmartContextLoader.java:276)
	at org.springframework.test.context.support.AbstractDelegatingSmartContextLoader.loadContext(AbstractDelegatingSmartContextLoader.java:244)
	at org.springframework.test.context.cache.DefaultCacheAwareContextLoaderDelegate.loadContextInternal(DefaultCacheAwareContextLoaderDelegate.java:141)
	at org.springframework.test.context.cache.DefaultCacheAwareContextLoaderDelegate.loadContext(DefaultCacheAwareContextLoaderDelegate.java:90)
	... 73 common frames omitted
Caused by: org.springframework.beans.factory.NoSuchBeanDefinitionException: No qualifying bean of type 'eu.europa.esig.dss.web.repository.UserRepository' available: expected at least 1 bean which qualifies as autowire candidate. Dependency annotations: {}
	at org.springframework.beans.factory.support.DefaultListableBeanFactory.raiseNoMatchingBeanFound(DefaultListableBeanFactory.java:1801)
	at org.springframework.beans.factory.support.DefaultListableBeanFactory.doResolveDependency(DefaultListableBeanFactory.java:1357)
	at org.springframework.beans.factory.support.DefaultListableBeanFactory.resolveDependency(DefaultListableBeanFactory.java:1311)
	at org.springframework.beans.factory.support.ConstructorResolver.resolveAutowiredArgument(ConstructorResolver.java:887)
	at org.springframework.beans.factory.support.ConstructorResolver.createArgumentArray(ConstructorResolver.java:791)
	... 91 common frames omitted
]]></system-out>
    <system-err><![CDATA[jun. 12, 2023 7:33:21 DA TARDE org.apache.cxf.wsdl.service.factory.ReflectionServiceFactoryBean buildServiceFromWSDL
INFO: Creating Service {http://tempuri.org/}CCMovelDigitalSignature from WSDL: https://cmd.autenticacao.gov.pt/Ama.Authentication.Frontend/CCMovelDigitalSignature.svc?wsdl
]]></system-err>
  </testcase>
  <testcase name="generateSimpleReportMulti" classname="eu.europa.esig.dss.web.service.XSLTServiceTest" time="0">
    <error message="Failed to load ApplicationContext" type="java.lang.IllegalStateException"><![CDATA[java.lang.IllegalStateException: Failed to load ApplicationContext
	at org.springframework.test.context.cache.DefaultCacheAwareContextLoaderDelegate.loadContext(DefaultCacheAwareContextLoaderDelegate.java:98)
	at org.springframework.test.context.support.DefaultTestContext.getApplicationContext(DefaultTestContext.java:124)
	at org.springframework.test.context.web.ServletTestExecutionListener.setUpRequestContextIfNecessary(ServletTestExecutionListener.java:190)
	at org.springframework.test.context.web.ServletTestExecutionListener.prepareTestInstance(ServletTestExecutionListener.java:132)
	at org.springframework.test.context.TestContextManager.prepareTestInstance(TestContextManager.java:248)
	at org.springframework.test.context.junit.jupiter.SpringExtension.postProcessTestInstance(SpringExtension.java:138)
	at org.junit.jupiter.engine.descriptor.ClassBasedTestDescriptor.lambda$invokeTestInstancePostProcessors$10(ClassBasedTestDescriptor.java:377)
	at org.junit.jupiter.engine.descriptor.ClassBasedTestDescriptor.executeAndMaskThrowable(ClassBasedTestDescriptor.java:382)
	at org.junit.jupiter.engine.descriptor.ClassBasedTestDescriptor.lambda$invokeTestInstancePostProcessors$11(ClassBasedTestDescriptor.java:377)
	at java.base/java.util.stream.ReferencePipeline$3$1.accept(ReferencePipeline.java:197)
	at java.base/java.util.stream.ReferencePipeline$2$1.accept(ReferencePipeline.java:179)
	at java.base/java.util.ArrayList$ArrayListSpliterator.forEachRemaining(ArrayList.java:1625)
	at java.base/java.util.stream.AbstractPipeline.copyInto(AbstractPipeline.java:509)
	at java.base/java.util.stream.AbstractPipeline.wrapAndCopyInto(AbstractPipeline.java:499)
	at java.base/java.util.stream.StreamSpliterators$WrappingSpliterator.forEachRemaining(StreamSpliterators.java:310)
	at java.base/java.util.stream.Streams$ConcatSpliterator.forEachRemaining(Streams.java:735)
	at java.base/java.util.stream.Streams$ConcatSpliterator.forEachRemaining(Streams.java:734)
	at java.base/java.util.stream.ReferencePipeline$Head.forEach(ReferencePipeline.java:762)
	at org.junit.jupiter.engine.descriptor.ClassBasedTestDescriptor.invokeTestInstancePostProcessors(ClassBasedTestDescriptor.java:376)
	at org.junit.jupiter.engine.descriptor.ClassBasedTestDescriptor.lambda$instantiateAndPostProcessTestInstance$6(ClassBasedTestDescriptor.java:289)
	at org.junit.platform.engine.support.hierarchical.ThrowableCollector.execute(ThrowableCollector.java:73)
	at org.junit.jupiter.engine.descriptor.ClassBasedTestDescriptor.instantiateAndPostProcessTestInstance(ClassBasedTestDescriptor.java:288)
	at org.junit.jupiter.engine.descriptor.ClassBasedTestDescriptor.lambda$testInstancesProvider$4(ClassBasedTestDescriptor.java:278)
	at java.base/java.util.Optional.orElseGet(Optional.java:364)
	at org.junit.jupiter.engine.descriptor.ClassBasedTestDescriptor.lambda$testInstancesProvider$5(ClassBasedTestDescriptor.java:277)
	at org.junit.jupiter.engine.execution.TestInstancesProvider.getTestInstances(TestInstancesProvider.java:31)
	at org.junit.jupiter.engine.descriptor.TestMethodTestDescriptor.lambda$prepare$0(TestMethodTestDescriptor.java:105)
	at org.junit.platform.engine.support.hierarchical.ThrowableCollector.execute(ThrowableCollector.java:73)
	at org.junit.jupiter.engine.descriptor.TestMethodTestDescriptor.prepare(TestMethodTestDescriptor.java:104)
	at org.junit.jupiter.engine.descriptor.TestMethodTestDescriptor.prepare(TestMethodTestDescriptor.java:68)
	at org.junit.platform.engine.support.hierarchical.NodeTestTask.lambda$prepare$2(NodeTestTask.java:123)
	at org.junit.platform.engine.support.hierarchical.ThrowableCollector.execute(ThrowableCollector.java:73)
	at org.junit.platform.engine.support.hierarchical.NodeTestTask.prepare(NodeTestTask.java:123)
	at org.junit.platform.engine.support.hierarchical.NodeTestTask.execute(NodeTestTask.java:90)
	at java.base/java.util.ArrayList.forEach(ArrayList.java:1511)
	at org.junit.platform.engine.support.hierarchical.SameThreadHierarchicalTestExecutorService.invokeAll(SameThreadHierarchicalTestExecutorService.java:41)
	at org.junit.platform.engine.support.hierarchical.NodeTestTask.lambda$executeRecursively$6(NodeTestTask.java:155)
	at org.junit.platform.engine.support.hierarchical.ThrowableCollector.execute(ThrowableCollector.java:73)
	at org.junit.platform.engine.support.hierarchical.NodeTestTask.lambda$executeRecursively$8(NodeTestTask.java:141)
	at org.junit.platform.engine.support.hierarchical.Node.around(Node.java:137)
	at org.junit.platform.engine.support.hierarchical.NodeTestTask.lambda$executeRecursively$9(NodeTestTask.java:139)
	at org.junit.platform.engine.support.hierarchical.ThrowableCollector.execute(ThrowableCollector.java:73)
	at org.junit.platform.engine.support.hierarchical.NodeTestTask.executeRecursively(NodeTestTask.java:138)
	at org.junit.platform.engine.support.hierarchical.NodeTestTask.execute(NodeTestTask.java:95)
	at java.base/java.util.ArrayList.forEach(ArrayList.java:1511)
	at org.junit.platform.engine.support.hierarchical.SameThreadHierarchicalTestExecutorService.invokeAll(SameThreadHierarchicalTestExecutorService.java:41)
	at org.junit.platform.engine.support.hierarchical.NodeTestTask.lambda$executeRecursively$6(NodeTestTask.java:155)
	at org.junit.platform.engine.support.hierarchical.ThrowableCollector.execute(ThrowableCollector.java:73)
	at org.junit.platform.engine.support.hierarchical.NodeTestTask.lambda$executeRecursively$8(NodeTestTask.java:141)
	at org.junit.platform.engine.support.hierarchical.Node.around(Node.java:137)
	at org.junit.platform.engine.support.hierarchical.NodeTestTask.lambda$executeRecursively$9(NodeTestTask.java:139)
	at org.junit.platform.engine.support.hierarchical.ThrowableCollector.execute(ThrowableCollector.java:73)
	at org.junit.platform.engine.support.hierarchical.NodeTestTask.executeRecursively(NodeTestTask.java:138)
	at org.junit.platform.engine.support.hierarchical.NodeTestTask.execute(NodeTestTask.java:95)
	at org.junit.platform.engine.support.hierarchical.SameThreadHierarchicalTestExecutorService.submit(SameThreadHierarchicalTestExecutorService.java:35)
	at org.junit.platform.engine.support.hierarchical.HierarchicalTestExecutor.execute(HierarchicalTestExecutor.java:57)
	at org.junit.platform.engine.support.hierarchical.HierarchicalTestEngine.execute(HierarchicalTestEngine.java:54)
	at org.junit.platform.launcher.core.EngineExecutionOrchestrator.execute(EngineExecutionOrchestrator.java:147)
	at org.junit.platform.launcher.core.EngineExecutionOrchestrator.execute(EngineExecutionOrchestrator.java:127)
	at org.junit.platform.launcher.core.EngineExecutionOrchestrator.execute(EngineExecutionOrchestrator.java:90)
	at org.junit.platform.launcher.core.EngineExecutionOrchestrator.lambda$execute$0(EngineExecutionOrchestrator.java:55)
	at org.junit.platform.launcher.core.EngineExecutionOrchestrator.withInterceptedStreams(EngineExecutionOrchestrator.java:102)
	at org.junit.platform.launcher.core.EngineExecutionOrchestrator.execute(EngineExecutionOrchestrator.java:54)
	at org.junit.platform.launcher.core.DefaultLauncher.execute(DefaultLauncher.java:114)
	at org.junit.platform.launcher.core.DefaultLauncher.execute(DefaultLauncher.java:86)
	at org.junit.platform.launcher.core.DefaultLauncherSession$DelegatingLauncher.execute(DefaultLauncherSession.java:86)
	at org.apache.maven.surefire.junitplatform.LazyLauncher.execute(LazyLauncher.java:50)
	at org.apache.maven.surefire.junitplatform.JUnitPlatformProvider.execute(JUnitPlatformProvider.java:184)
	at org.apache.maven.surefire.junitplatform.JUnitPlatformProvider.invokeAllTests(JUnitPlatformProvider.java:148)
	at org.apache.maven.surefire.junitplatform.JUnitPlatformProvider.invoke(JUnitPlatformProvider.java:122)
	at org.apache.maven.surefire.booter.ForkedBooter.runSuitesInProcess(ForkedBooter.java:385)
	at org.apache.maven.surefire.booter.ForkedBooter.execute(ForkedBooter.java:162)
	at org.apache.maven.surefire.booter.ForkedBooter.run(ForkedBooter.java:507)
	at org.apache.maven.surefire.booter.ForkedBooter.main(ForkedBooter.java:495)
Caused by: org.springframework.beans.factory.UnsatisfiedDependencyException: Error creating bean with name 'userService' defined in file [C:\Users\vasco\OneDrive\Documents\Grupo1\AP2-PD2\dss-demonstrations-5.12.1\dss-demo-webapp\target\classes\eu\europa\esig\dss\web\service\UserService.class]: Unsatisfied dependency expressed through constructor parameter 0; nested exception is org.springframework.beans.factory.NoSuchBeanDefinitionException: No qualifying bean of type 'eu.europa.esig.dss.web.repository.UserRepository' available: expected at least 1 bean which qualifies as autowire candidate. Dependency annotations: {}
	at org.springframework.beans.factory.support.ConstructorResolver.createArgumentArray(ConstructorResolver.java:800)
	at org.springframework.beans.factory.support.ConstructorResolver.autowireConstructor(ConstructorResolver.java:229)
	at org.springframework.beans.factory.support.AbstractAutowireCapableBeanFactory.autowireConstructor(AbstractAutowireCapableBeanFactory.java:1372)
	at org.springframework.beans.factory.support.AbstractAutowireCapableBeanFactory.createBeanInstance(AbstractAutowireCapableBeanFactory.java:1222)
	at org.springframework.beans.factory.support.AbstractAutowireCapableBeanFactory.doCreateBean(AbstractAutowireCapableBeanFactory.java:582)
	at org.springframework.beans.factory.support.AbstractAutowireCapableBeanFactory.createBean(AbstractAutowireCapableBeanFactory.java:542)
	at org.springframework.beans.factory.support.AbstractBeanFactory.lambda$doGetBean$0(AbstractBeanFactory.java:335)
	at org.springframework.beans.factory.support.DefaultSingletonBeanRegistry.getSingleton(DefaultSingletonBeanRegistry.java:234)
	at org.springframework.beans.factory.support.AbstractBeanFactory.doGetBean(AbstractBeanFactory.java:333)
	at org.springframework.beans.factory.support.AbstractBeanFactory.getBean(AbstractBeanFactory.java:208)
	at org.springframework.beans.factory.support.DefaultListableBeanFactory.preInstantiateSingletons(DefaultListableBeanFactory.java:955)
	at org.springframework.context.support.AbstractApplicationContext.finishBeanFactoryInitialization(AbstractApplicationContext.java:920)
	at org.springframework.context.support.AbstractApplicationContext.refresh(AbstractApplicationContext.java:583)
	at org.springframework.test.context.web.AbstractGenericWebContextLoader.loadContext(AbstractGenericWebContextLoader.java:129)
	at org.springframework.test.context.web.AbstractGenericWebContextLoader.loadContext(AbstractGenericWebContextLoader.java:61)
	at org.springframework.test.context.support.AbstractDelegatingSmartContextLoader.delegateLoading(AbstractDelegatingSmartContextLoader.java:276)
	at org.springframework.test.context.support.AbstractDelegatingSmartContextLoader.loadContext(AbstractDelegatingSmartContextLoader.java:244)
	at org.springframework.test.context.cache.DefaultCacheAwareContextLoaderDelegate.loadContextInternal(DefaultCacheAwareContextLoaderDelegate.java:141)
	at org.springframework.test.context.cache.DefaultCacheAwareContextLoaderDelegate.loadContext(DefaultCacheAwareContextLoaderDelegate.java:90)
	... 73 more
Caused by: org.springframework.beans.factory.NoSuchBeanDefinitionException: No qualifying bean of type 'eu.europa.esig.dss.web.repository.UserRepository' available: expected at least 1 bean which qualifies as autowire candidate. Dependency annotations: {}
	at org.springframework.beans.factory.support.DefaultListableBeanFactory.raiseNoMatchingBeanFound(DefaultListableBeanFactory.java:1801)
	at org.springframework.beans.factory.support.DefaultListableBeanFactory.doResolveDependency(DefaultListableBeanFactory.java:1357)
	at org.springframework.beans.factory.support.DefaultListableBeanFactory.resolveDependency(DefaultListableBeanFactory.java:1311)
	at org.springframework.beans.factory.support.ConstructorResolver.resolveAutowiredArgument(ConstructorResolver.java:887)
	at org.springframework.beans.factory.support.ConstructorResolver.createArgumentArray(ConstructorResolver.java:791)
	... 91 more
]]></error>
    <system-out><![CDATA[19:33:21.435 [main] INFO  o.s.c.a.ConfigurationClassParser - Properties location [classpath:dss-custom.properties] not resolvable: class path resource [dss-custom.properties] cannot be opened because it does not exist
19:33:21.487 [main] DEBUG com.zaxxer.hikari.HikariConfig - Driver class org.hsqldb.jdbcDriver found in Thread context class loader jdk.internal.loader.ClassLoaders$AppClassLoader@70dea4e
19:33:21.567 [main] INFO  e.e.esig.dss.tsl.job.TLValidationJob - Offline refresh is running...
19:33:21.567 [main] INFO  e.e.esig.dss.tsl.job.TLValidationJob - Running analysis for 1 LOTLSource(s)
19:33:21.735 [pool-16-thread-1] INFO  e.e.e.d.v.CommonCertificateVerifier - + New CommonCertificateVerifier created.
19:33:21.739 [pool-16-thread-1] INFO  e.e.e.d.v.SignedDocumentValidator - Document validation...
19:33:21.743 [pool-16-thread-1] INFO  e.e.e.d.v.CommonCertificateVerifier - + New CommonCertificateVerifier created.
19:33:21.791 [pool-16-thread-1] INFO  e.e.e.d.x.v.XAdESCertificateSource - +XAdESCertificateSource
19:33:21.795 [pool-16-thread-1] INFO  e.e.e.d.v.CommonCertificateVerifier - + New CommonCertificateVerifier created.
19:33:21.849 [pool-16-thread-1] INFO  e.e.e.d.v.CommonCertificateVerifier - + New CommonCertificateVerifier created.
19:33:21.854 [pool-16-thread-1] INFO  e.e.e.d.v.SignedDocumentValidator - Document validation...
19:33:21.858 [pool-16-thread-1] INFO  e.e.e.d.v.CommonCertificateVerifier - + New CommonCertificateVerifier created.
19:33:21.890 [pool-16-thread-1] INFO  e.e.e.d.x.v.XAdESCertificateSource - +XAdESCertificateSource
19:33:21.894 [pool-16-thread-1] INFO  e.e.e.d.v.CommonCertificateVerifier - + New CommonCertificateVerifier created.
19:33:21.937 [pool-16-thread-1] INFO  e.e.e.d.v.CommonCertificateVerifier - + New CommonCertificateVerifier created.
19:33:21.942 [pool-16-thread-1] INFO  e.e.e.d.v.SignedDocumentValidator - Document validation...
19:33:21.944 [pool-16-thread-1] INFO  e.e.e.d.v.CommonCertificateVerifier - + New CommonCertificateVerifier created.
19:33:21.984 [pool-16-thread-1] INFO  e.e.e.d.x.v.XAdESCertificateSource - +XAdESCertificateSource
19:33:21.988 [pool-16-thread-1] INFO  e.e.e.d.v.CommonCertificateVerifier - + New CommonCertificateVerifier created.
19:33:22.040 [main] INFO  e.e.esig.dss.tsl.job.TLValidationJob - Analysis is DONE for 1 LOTLSource(s)
19:33:22.046 [main] INFO  e.e.esig.dss.tsl.job.TLValidationJob - Running analysis for 31 TLSource(s)
19:33:22.048 [pool-16-thread-12] ERROR e.e.e.d.t.runnable.AbstractAnalysis - Cannot retrieve data from url [https://www.ssi.gouv.fr/uploads/tl-fr.xml]. Empty content is obtained!
19:33:22.067 [pool-16-thread-4] INFO  e.e.e.d.v.CommonCertificateVerifier - + New CommonCertificateVerifier created.
19:33:22.070 [pool-16-thread-7] INFO  e.e.e.d.v.CommonCertificateVerifier - + New CommonCertificateVerifier created.
19:33:22.071 [pool-16-thread-4] INFO  e.e.e.d.v.SignedDocumentValidator - Document validation...
19:33:22.072 [pool-16-thread-12] INFO  e.e.e.d.v.CommonCertificateVerifier - + New CommonCertificateVerifier created.
19:33:22.077 [pool-16-thread-11] INFO  e.e.e.d.v.CommonCertificateVerifier - + New CommonCertificateVerifier created.
19:33:22.077 [pool-16-thread-12] INFO  e.e.e.d.v.SignedDocumentValidator - Document validation...
19:33:22.077 [pool-16-thread-4] INFO  e.e.e.d.v.CommonCertificateVerifier - + New CommonCertificateVerifier created.
19:33:22.078 [pool-16-thread-7] INFO  e.e.e.d.v.SignedDocumentValidator - Document validation...
19:33:22.117 [pool-16-thread-4] INFO  e.e.e.d.x.v.XAdESCertificateSource - +XAdESCertificateSource
19:33:22.127 [pool-16-thread-4] INFO  e.e.e.d.v.CommonCertificateVerifier - + New CommonCertificateVerifier created.
19:33:22.132 [pool-16-thread-13] INFO  e.e.e.d.v.CommonCertificateVerifier - + New CommonCertificateVerifier created.
19:33:22.141 [pool-16-thread-13] INFO  e.e.e.d.v.SignedDocumentValidator - Document validation...
19:33:22.150 [pool-16-thread-13] INFO  e.e.e.d.v.CommonCertificateVerifier - + New CommonCertificateVerifier created.
19:33:22.156 [pool-16-thread-15] INFO  e.e.e.d.v.CommonCertificateVerifier - + New CommonCertificateVerifier created.
19:33:22.162 [pool-16-thread-15] INFO  e.e.e.d.v.SignedDocumentValidator - Document validation...
19:33:22.173 [pool-16-thread-15] INFO  e.e.e.d.v.CommonCertificateVerifier - + New CommonCertificateVerifier created.
19:33:22.195 [pool-16-thread-11] INFO  e.e.e.d.v.SignedDocumentValidator - Document validation...
19:33:22.197 [pool-16-thread-15] INFO  e.e.e.d.x.v.XAdESCertificateSource - +XAdESCertificateSource
19:33:22.202 [pool-16-thread-11] INFO  e.e.e.d.v.CommonCertificateVerifier - + New CommonCertificateVerifier created.
19:33:22.211 [pool-16-thread-7] INFO  e.e.e.d.v.CommonCertificateVerifier - + New CommonCertificateVerifier created.
19:33:22.238 [pool-16-thread-7] INFO  e.e.e.d.x.v.XAdESCertificateSource - +XAdESCertificateSource
19:33:22.247 [pool-16-thread-13] INFO  e.e.e.d.x.v.XAdESCertificateSource - +XAdESCertificateSource
19:33:22.266 [pool-16-thread-12] INFO  e.e.e.d.v.CommonCertificateVerifier - + New CommonCertificateVerifier created.
19:33:22.270 [pool-16-thread-8] INFO  e.e.e.d.v.CommonCertificateVerifier - + New CommonCertificateVerifier created.
19:33:22.273 [pool-16-thread-15] INFO  e.e.e.d.v.CommonCertificateVerifier - + New CommonCertificateVerifier created.
19:33:22.283 [pool-16-thread-8] INFO  e.e.e.d.v.SignedDocumentValidator - Document validation...
19:33:22.287 [pool-16-thread-13] INFO  e.e.e.d.v.CommonCertificateVerifier - + New CommonCertificateVerifier created.
19:33:22.295 [pool-16-thread-8] INFO  e.e.e.d.v.CommonCertificateVerifier - + New CommonCertificateVerifier created.
19:33:22.341 [pool-16-thread-7] INFO  e.e.e.d.v.CommonCertificateVerifier - + New CommonCertificateVerifier created.
19:33:22.359 [pool-16-thread-20] INFO  e.e.e.d.v.CommonCertificateVerifier - + New CommonCertificateVerifier created.
19:33:22.366 [pool-16-thread-21] INFO  e.e.e.d.v.CommonCertificateVerifier - + New CommonCertificateVerifier created.
19:33:22.370 [pool-16-thread-20] INFO  e.e.e.d.v.SignedDocumentValidator - Document validation...
19:33:22.392 [pool-16-thread-11] INFO  e.e.e.d.x.v.XAdESCertificateSource - +XAdESCertificateSource
19:33:22.396 [pool-16-thread-20] INFO  e.e.e.d.v.CommonCertificateVerifier - + New CommonCertificateVerifier created.
19:33:22.401 [pool-16-thread-11] INFO  e.e.e.d.v.CommonCertificateVerifier - + New CommonCertificateVerifier created.
19:33:22.401 [pool-16-thread-2] INFO  e.e.e.d.v.CommonCertificateVerifier - + New CommonCertificateVerifier created.
19:33:22.414 [pool-16-thread-2] INFO  e.e.e.d.v.SignedDocumentValidator - Document validation...
19:33:22.426 [pool-16-thread-2] INFO  e.e.e.d.v.CommonCertificateVerifier - + New CommonCertificateVerifier created.
19:33:22.474 [pool-16-thread-21] INFO  e.e.e.d.v.SignedDocumentValidator - Document validation...
19:33:22.477 [pool-16-thread-28] INFO  e.e.e.d.v.CommonCertificateVerifier - + New CommonCertificateVerifier created.
19:33:22.479 [pool-16-thread-9] INFO  e.e.e.d.v.CommonCertificateVerifier - + New CommonCertificateVerifier created.
19:33:22.480 [pool-16-thread-21] INFO  e.e.e.d.v.CommonCertificateVerifier - + New CommonCertificateVerifier created.
19:33:22.492 [pool-16-thread-9] INFO  e.e.e.d.v.SignedDocumentValidator - Document validation...
19:33:22.504 [pool-16-thread-9] INFO  e.e.e.d.v.CommonCertificateVerifier - + New CommonCertificateVerifier created.
19:33:22.507 [pool-16-thread-28] INFO  e.e.e.d.v.SignedDocumentValidator - Document validation...
19:33:22.540 [pool-16-thread-14] INFO  e.e.e.d.v.CommonCertificateVerifier - + New CommonCertificateVerifier created.
19:33:22.544 [pool-16-thread-26] INFO  e.e.e.d.v.CommonCertificateVerifier - + New CommonCertificateVerifier created.
19:33:22.551 [pool-16-thread-21] INFO  e.e.e.d.x.v.XAdESCertificateSource - +XAdESCertificateSource
19:33:22.556 [pool-16-thread-26] INFO  e.e.e.d.v.SignedDocumentValidator - Document validation...
19:33:22.556 [pool-16-thread-12] INFO  e.e.e.d.x.v.XAdESCertificateSource - +XAdESCertificateSource
19:33:22.565 [pool-16-thread-12] INFO  e.e.e.d.v.CommonCertificateVerifier - + New CommonCertificateVerifier created.
19:33:22.569 [pool-16-thread-21] INFO  e.e.e.d.v.CommonCertificateVerifier - + New CommonCertificateVerifier created.
19:33:22.571 [pool-16-thread-28] INFO  e.e.e.d.v.CommonCertificateVerifier - + New CommonCertificateVerifier created.
19:33:22.572 [pool-16-thread-25] INFO  e.e.e.d.v.CommonCertificateVerifier - + New CommonCertificateVerifier created.
19:33:22.586 [pool-16-thread-20] INFO  e.e.e.d.x.v.XAdESCertificateSource - +XAdESCertificateSource
19:33:22.596 [pool-16-thread-20] INFO  e.e.e.d.v.CommonCertificateVerifier - + New CommonCertificateVerifier created.
19:33:22.600 [pool-16-thread-26] INFO  e.e.e.d.v.CommonCertificateVerifier - + New CommonCertificateVerifier created.
19:33:22.637 [pool-16-thread-14] INFO  e.e.e.d.v.SignedDocumentValidator - Document validation...
19:33:22.674 [pool-16-thread-1] WARN  e.e.e.d.t.f.c.DigitalIdentityListTypeConverter - Unable to load certificate 'MIIDDjCCAnegAwIBAgIBATANBgkqhkiG9w0BAQUFADCBmjELMAkGA1UEBhMCQVQxSDBGBgNVBAoTP0EtVHJ1c3QgR2VzLiBmLiBTaWNoZXJoZWl0c3N5c3RlbWUgaW0gZWxla3RyLiBEYXRlbnZlcmtlaHIgR21iSDEXMBUGA1UECxMOd3d3LmEtdHJ1c3QuYXQxEzARBgNVBAsTCmEtc2lnbiB1bmkxEzARBgNVBAMTCmEtc2lnbiB1bmkwHhcNMDIwOTEzMTgzMjM4WhcNMzIwOTEzMTgzMjM4WjCBmjELMAkGA1UEBhMCQVQxSDBGBgNVBAoTP0EtVHJ1c3QgR2VzLiBmLiBTaWNoZXJoZWl0c3N5c3RlbWUgaW0gZWxla3RyLiBEYXRlbnZlcmtlaHIgR21iSDEXMBUGA1UECxMOd3d3LmEtdHJ1c3QuYXQxEzARBgNVBAsTCmEtc2lnbiB1bmkxEzARBgNVBAMTCmEtc2lnbiB1bmkwgZ4wCwYJKoZIhvcNAQEBA4GOADCBigKBgQCvBqGXYw0rNZyQR8YG+EQ4GeoQgMRdsYPhnuvkl6aEMWdMvDuvAPlLi4rXNNq3mb4yKKCswSp5SPiRo43uwrpfCjLxu9RT+Fi3wDE1Z5tBr7iQOnOCx5IKs2X94hcdsJClWHYoxT4f5Jnq86kNVYys+T8TUJCrsHm/8TCr3x7vuwIEAAAAA6NjMGEwDgYDVR0PAQH/BAQDAgEGMA8GA1UdEwEB/wQFMAMBAf8wHQYDVR0OBBYEFBXzfvl2WIKcUwhZzt+1wC1ShQPBMB8GA1UdIwQYMBaAFBXzfvl2WIKcUwhZzt+1wC1ShQPBMA0GCSqGSIb3DQEBBQUAA4GBAALtJ7UT/H4ZwUAeKV1X1Gz+pIqVtCsECNKWHiZeXx0ly/insjh+vbNVNy2RyOimKWtms0GZ0Kj/oDK81efRL9YvHKMlCLlz6FBKaUTUztO1FYa2othUGsu8LsBtPPU6u0wMPGhE3DEdo5/4lA6gMbsOvKQ6jQyeCjqOB22EjbJd' (more details with enabled DEBUG mode)
19:33:22.689 [pool-16-thread-14] INFO  e.e.e.d.v.CommonCertificateVerifier - + New CommonCertificateVerifier created.
19:33:22.689 [pool-16-thread-5] INFO  e.e.e.d.v.CommonCertificateVerifier - + New CommonCertificateVerifier created.
19:33:22.693 [pool-16-thread-16] INFO  e.e.e.d.v.CommonCertificateVerifier - + New CommonCertificateVerifier created.
19:33:22.694 [pool-16-thread-8] INFO  e.e.e.d.x.v.XAdESCertificateSource - +XAdESCertificateSource
19:33:22.701 [pool-16-thread-16] INFO  e.e.e.d.v.SignedDocumentValidator - Document validation...
19:33:22.706 [pool-16-thread-25] INFO  e.e.e.d.v.SignedDocumentValidator - Document validation...
19:33:22.787 [pool-16-thread-16] INFO  e.e.e.d.v.CommonCertificateVerifier - + New CommonCertificateVerifier created.
19:33:22.802 [pool-16-thread-25] INFO  e.e.e.d.v.CommonCertificateVerifier - + New CommonCertificateVerifier created.
19:33:22.806 [pool-16-thread-16] INFO  e.e.e.d.x.v.XAdESCertificateSource - +XAdESCertificateSource
19:33:22.826 [pool-16-thread-16] INFO  e.e.e.d.v.CommonCertificateVerifier - + New CommonCertificateVerifier created.
19:33:22.842 [pool-16-thread-27] INFO  e.e.e.d.v.CommonCertificateVerifier - + New CommonCertificateVerifier created.
19:33:22.849 [pool-16-thread-27] INFO  e.e.e.d.v.SignedDocumentValidator - Document validation...
19:33:22.857 [pool-16-thread-27] INFO  e.e.e.d.v.CommonCertificateVerifier - + New CommonCertificateVerifier created.
19:33:22.867 [pool-16-thread-8] INFO  e.e.e.d.v.CommonCertificateVerifier - + New CommonCertificateVerifier created.
19:33:22.887 [pool-16-thread-5] INFO  e.e.e.d.v.SignedDocumentValidator - Document validation...
19:33:22.905 [pool-16-thread-5] INFO  e.e.e.d.v.CommonCertificateVerifier - + New CommonCertificateVerifier created.
19:33:22.946 [pool-16-thread-27] INFO  e.e.e.d.x.v.XAdESCertificateSource - +XAdESCertificateSource
19:33:22.975 [pool-16-thread-30] INFO  e.e.e.d.v.CommonCertificateVerifier - + New CommonCertificateVerifier created.
19:33:22.980 [pool-16-thread-27] INFO  e.e.e.d.v.CommonCertificateVerifier - + New CommonCertificateVerifier created.
19:33:23.091 [pool-16-thread-9] INFO  e.e.e.d.x.v.XAdESCertificateSource - +XAdESCertificateSource
19:33:23.091 [pool-16-thread-2] INFO  e.e.e.d.x.v.XAdESCertificateSource - +XAdESCertificateSource
19:33:23.110 [pool-16-thread-9] INFO  e.e.e.d.v.CommonCertificateVerifier - + New CommonCertificateVerifier created.
19:33:23.118 [pool-16-thread-30] INFO  e.e.e.d.v.SignedDocumentValidator - Document validation...
19:33:23.124 [pool-16-thread-2] INFO  e.e.e.d.v.CommonCertificateVerifier - + New CommonCertificateVerifier created.
19:33:23.124 [pool-16-thread-30] INFO  e.e.e.d.v.CommonCertificateVerifier - + New CommonCertificateVerifier created.
19:33:23.152 [pool-16-thread-26] INFO  e.e.e.d.x.v.XAdESCertificateSource - +XAdESCertificateSource
19:33:23.166 [pool-16-thread-26] INFO  e.e.e.d.v.CommonCertificateVerifier - + New CommonCertificateVerifier created.
19:33:23.222 [pool-16-thread-28] INFO  e.e.e.d.x.v.XAdESCertificateSource - +XAdESCertificateSource
19:33:23.253 [pool-16-thread-30] INFO  e.e.e.d.x.v.XAdESCertificateSource - +XAdESCertificateSource
19:33:23.261 [pool-16-thread-30] INFO  e.e.e.d.v.CommonCertificateVerifier - + New CommonCertificateVerifier created.
19:33:23.285 [pool-16-thread-28] INFO  e.e.e.d.v.CommonCertificateVerifier - + New CommonCertificateVerifier created.
19:33:23.310 [pool-16-thread-25] INFO  e.e.e.d.x.v.XAdESCertificateSource - +XAdESCertificateSource
19:33:23.327 [pool-16-thread-25] INFO  e.e.e.d.v.CommonCertificateVerifier - + New CommonCertificateVerifier created.
19:33:23.544 [pool-16-thread-19] INFO  e.e.e.d.v.CommonCertificateVerifier - + New CommonCertificateVerifier created.
19:33:23.666 [pool-16-thread-19] INFO  e.e.e.d.v.SignedDocumentValidator - Document validation...
19:33:23.694 [pool-16-thread-19] INFO  e.e.e.d.v.CommonCertificateVerifier - + New CommonCertificateVerifier created.
19:33:23.733 [pool-16-thread-14] INFO  e.e.e.d.x.v.XAdESCertificateSource - +XAdESCertificateSource
19:33:23.794 [pool-16-thread-14] INFO  e.e.e.d.v.CommonCertificateVerifier - + New CommonCertificateVerifier created.
19:33:23.840 [pool-16-thread-5] INFO  e.e.e.d.x.v.XAdESCertificateSource - +XAdESCertificateSource
19:33:23.865 [pool-16-thread-5] INFO  e.e.e.d.v.CommonCertificateVerifier - + New CommonCertificateVerifier created.
19:33:23.987 [pool-16-thread-19] INFO  e.e.e.d.x.v.XAdESCertificateSource - +XAdESCertificateSource
19:33:23.999 [pool-16-thread-19] INFO  e.e.e.d.v.CommonCertificateVerifier - + New CommonCertificateVerifier created.
19:33:24.512 [pool-16-thread-18] INFO  e.e.e.d.v.CommonCertificateVerifier - + New CommonCertificateVerifier created.
19:33:24.527 [pool-16-thread-18] INFO  e.e.e.d.v.SignedDocumentValidator - Document validation...
19:33:24.538 [pool-16-thread-18] INFO  e.e.e.d.v.CommonCertificateVerifier - + New CommonCertificateVerifier created.
19:33:24.705 [pool-16-thread-18] INFO  e.e.e.d.x.v.XAdESCertificateSource - +XAdESCertificateSource
19:33:24.716 [pool-16-thread-18] INFO  e.e.e.d.v.CommonCertificateVerifier - + New CommonCertificateVerifier created.
19:33:25.044 [pool-16-thread-3] INFO  e.e.e.d.v.CommonCertificateVerifier - + New CommonCertificateVerifier created.
19:33:25.054 [pool-16-thread-3] INFO  e.e.e.d.v.SignedDocumentValidator - Document validation...
19:33:25.064 [pool-16-thread-3] INFO  e.e.e.d.v.CommonCertificateVerifier - + New CommonCertificateVerifier created.
19:33:25.185 [pool-16-thread-3] INFO  e.e.e.d.x.v.XAdESCertificateSource - +XAdESCertificateSource
19:33:25.196 [pool-16-thread-3] INFO  e.e.e.d.v.CommonCertificateVerifier - + New CommonCertificateVerifier created.
19:33:25.241 [pool-16-thread-1] WARN  e.e.e.d.t.f.c.DigitalIdentityListTypeConverter - Unable to load certificate 'MIIC2jCCAkOgAwIBAgIBATANBgkqhkiG9w0BAQUFADCBgDELMAkGA1UEBhMCQVQxHTAbBgNVBAoTFERhdGFrb20gQXVzdHJpYSBHbWJIMRowGAYDVQQLExFhLXNpZ24uZGF0YWtvbS5hdDEaMBgGA1UECxMRYS1zaWduIFByZW1pdW0gQ0ExGjAYBgNVBAMTEWEtc2lnbiBQcmVtaXVtIENBMB4XDTAxMTEyMTE2MDk0NFoXDTMxMTEyMTE2MDk0NFowgYAxCzAJBgNVBAYTAkFUMR0wGwYDVQQKExREYXRha29tIEF1c3RyaWEgR21iSDEaMBgGA1UECxMRYS1zaWduLmRhdGFrb20uYXQxGjAYBgNVBAsTEWEtc2lnbiBQcmVtaXVtIENBMRowGAYDVQQDExFhLXNpZ24gUHJlbWl1bSBDQTCBnjALBgkqhkiG9w0BAQEDgY4AMIGKAoGBAKpdHrr/9I5zG2jGfpHeZpMkm58ZJBtXG73qH7+mTAkgWosabkMynNCayPiA1//ZHS2s2kTB5FYtXwmVFyqIIDQelt4IZwLDLdJQItxvYMV17DFO+ZebQe7bljUwwGOdguq9MuDBI2xYYE2z2JVDuOuDpKS+/YPC02OzTo/jWSb5AgQAAAADo2MwYTAOBgNVHQ8BAf8EBAMCAQYwDwYDVR0TAQH/BAUwAwEB/zAdBgNVHQ4EFgQUoX0/IPOimGkJ9u1tRx6O0guPGNEwHwYDVR0jBBgwFoAUoX0/IPOimGkJ9u1tRx6O0guPGNEwDQYJKoZIhvcNAQEFBQADgYEAhUKQ8tg1IWl1w6uD0ylZ0RdFg5Fygd+KGLCOwaVIgpFieWDKBJMdavgu+uyWOWY2cQW5NiSG2jnqKfKJkX9znBcUUcjj4PfGfj9OLEiNAMa/zBPCgCrhGq07M4I2W6G39D8ExWscBFuQxKnpnLLsTVpS8GMe81lFge3O2VABiUo=' (more details with enabled DEBUG mode)
19:33:26.008 [pool-16-thread-23] INFO  e.e.e.d.v.CommonCertificateVerifier - + New CommonCertificateVerifier created.
19:33:26.013 [pool-16-thread-23] INFO  e.e.e.d.v.SignedDocumentValidator - Document validation...
19:33:26.018 [pool-16-thread-23] INFO  e.e.e.d.v.CommonCertificateVerifier - + New CommonCertificateVerifier created.
19:33:26.100 [pool-16-thread-23] INFO  e.e.e.d.x.v.XAdESCertificateSource - +XAdESCertificateSource
19:33:26.109 [pool-16-thread-23] INFO  e.e.e.d.v.CommonCertificateVerifier - + New CommonCertificateVerifier created.
19:33:26.646 [pool-16-thread-24] INFO  e.e.e.d.v.CommonCertificateVerifier - + New CommonCertificateVerifier created.
19:33:26.658 [pool-16-thread-24] INFO  e.e.e.d.v.SignedDocumentValidator - Document validation...
19:33:26.666 [pool-16-thread-24] INFO  e.e.e.d.v.CommonCertificateVerifier - + New CommonCertificateVerifier created.
19:33:26.888 [pool-16-thread-24] INFO  e.e.e.d.x.v.XAdESCertificateSource - +XAdESCertificateSource
19:33:26.900 [pool-16-thread-24] INFO  e.e.e.d.v.CommonCertificateVerifier - + New CommonCertificateVerifier created.
19:33:27.598 [pool-16-thread-1] INFO  e.e.e.d.v.CommonCertificateVerifier - + New CommonCertificateVerifier created.
19:33:27.607 [pool-16-thread-1] INFO  e.e.e.d.v.SignedDocumentValidator - Document validation...
19:33:27.615 [pool-16-thread-1] INFO  e.e.e.d.v.CommonCertificateVerifier - + New CommonCertificateVerifier created.
19:33:27.730 [pool-16-thread-1] INFO  e.e.e.d.x.v.XAdESCertificateSource - +XAdESCertificateSource
19:33:27.738 [pool-16-thread-1] INFO  e.e.e.d.v.CommonCertificateVerifier - + New CommonCertificateVerifier created.
19:33:27.828 [pool-16-thread-22] INFO  e.e.e.d.v.CommonCertificateVerifier - + New CommonCertificateVerifier created.
19:33:27.845 [pool-16-thread-22] INFO  e.e.e.d.v.SignedDocumentValidator - Document validation...
19:33:27.861 [pool-16-thread-22] INFO  e.e.e.d.v.CommonCertificateVerifier - + New CommonCertificateVerifier created.
19:33:28.080 [pool-16-thread-29] INFO  e.e.e.d.v.CommonCertificateVerifier - + New CommonCertificateVerifier created.
19:33:28.098 [pool-16-thread-29] INFO  e.e.e.d.v.SignedDocumentValidator - Document validation...
19:33:28.110 [pool-16-thread-29] INFO  e.e.e.d.v.CommonCertificateVerifier - + New CommonCertificateVerifier created.
19:33:28.159 [pool-16-thread-22] INFO  e.e.e.d.x.v.XAdESCertificateSource - +XAdESCertificateSource
19:33:28.175 [pool-16-thread-22] INFO  e.e.e.d.v.CommonCertificateVerifier - + New CommonCertificateVerifier created.
19:33:28.297 [pool-16-thread-29] INFO  e.e.e.d.x.v.XAdESCertificateSource - +XAdESCertificateSource
19:33:28.308 [pool-16-thread-29] INFO  e.e.e.d.v.CommonCertificateVerifier - + New CommonCertificateVerifier created.
19:33:33.506 [pool-16-thread-10] INFO  e.e.e.d.v.CommonCertificateVerifier - + New CommonCertificateVerifier created.
19:33:33.525 [pool-16-thread-6] INFO  e.e.e.d.v.CommonCertificateVerifier - + New CommonCertificateVerifier created.
19:33:33.546 [pool-16-thread-10] INFO  e.e.e.d.v.SignedDocumentValidator - Document validation...
19:33:33.562 [pool-16-thread-10] INFO  e.e.e.d.v.CommonCertificateVerifier - + New CommonCertificateVerifier created.
19:33:33.586 [pool-16-thread-6] INFO  e.e.e.d.v.SignedDocumentValidator - Document validation...
19:33:33.623 [pool-16-thread-6] INFO  e.e.e.d.v.CommonCertificateVerifier - + New CommonCertificateVerifier created.
19:33:33.947 [pool-16-thread-10] INFO  e.e.e.d.x.v.XAdESCertificateSource - +XAdESCertificateSource
19:33:33.968 [pool-16-thread-10] INFO  e.e.e.d.v.CommonCertificateVerifier - + New CommonCertificateVerifier created.
19:33:34.622 [pool-16-thread-6] INFO  e.e.e.d.x.v.XAdESCertificateSource - +XAdESCertificateSource
19:33:34.676 [pool-16-thread-6] INFO  e.e.e.d.v.CommonCertificateVerifier - + New CommonCertificateVerifier created.
19:33:35.326 [pool-16-thread-17] INFO  e.e.e.d.v.CommonCertificateVerifier - + New CommonCertificateVerifier created.
19:33:35.342 [pool-16-thread-17] INFO  e.e.e.d.v.SignedDocumentValidator - Document validation...
19:33:35.357 [pool-16-thread-17] INFO  e.e.e.d.v.CommonCertificateVerifier - + New CommonCertificateVerifier created.
19:33:35.853 [pool-16-thread-17] INFO  e.e.e.d.x.v.XAdESCertificateSource - +XAdESCertificateSource
19:33:35.872 [pool-16-thread-17] INFO  e.e.e.d.v.CommonCertificateVerifier - + New CommonCertificateVerifier created.
19:33:36.401 [main] INFO  e.e.esig.dss.tsl.job.TLValidationJob - Analysis is DONE for 31 TLSource(s)
19:33:36.431 [main] WARN  e.e.e.d.t.s.TrustedListCertificateSourceSynchronizer - No Parsing result for TLInfo with url [https://www.ssi.gouv.fr/uploads/tl-fr.xml]
19:33:36.532 [main] INFO  e.e.esig.dss.tsl.job.TLValidationJob - Offline refresh is DONE.
19:33:37.246 [main] DEBUG FOP - target-resolution set to: 72.0dpi (px2mm=0.35277778)
19:33:37.248 [main] INFO  e.e.e.d.v.CommonCertificateVerifier - + New CommonCertificateVerifier created.
19:33:37.255 [main] WARN  o.s.w.c.s.GenericWebApplicationContext - Exception encountered during context initialization - cancelling refresh attempt: org.springframework.beans.factory.UnsatisfiedDependencyException: Error creating bean with name 'userService' defined in file [C:\Users\vasco\OneDrive\Documents\Grupo1\AP2-PD2\dss-demonstrations-5.12.1\dss-demo-webapp\target\classes\eu\europa\esig\dss\web\service\UserService.class]: Unsatisfied dependency expressed through constructor parameter 0; nested exception is org.springframework.beans.factory.NoSuchBeanDefinitionException: No qualifying bean of type 'eu.europa.esig.dss.web.repository.UserRepository' available: expected at least 1 bean which qualifies as autowire candidate. Dependency annotations: {}
19:33:37.255 [main] ERROR o.s.test.context.TestContextManager - Caught exception while allowing TestExecutionListener [org.springframework.test.context.web.ServletTestExecutionListener@1f02b6d1] to prepare test instance [eu.europa.esig.dss.web.service.XSLTServiceTest@3dceec83]
java.lang.IllegalStateException: Failed to load ApplicationContext
	at org.springframework.test.context.cache.DefaultCacheAwareContextLoaderDelegate.loadContext(DefaultCacheAwareContextLoaderDelegate.java:98)
	at org.springframework.test.context.support.DefaultTestContext.getApplicationContext(DefaultTestContext.java:124)
	at org.springframework.test.context.web.ServletTestExecutionListener.setUpRequestContextIfNecessary(ServletTestExecutionListener.java:190)
	at org.springframework.test.context.web.ServletTestExecutionListener.prepareTestInstance(ServletTestExecutionListener.java:132)
	at org.springframework.test.context.TestContextManager.prepareTestInstance(TestContextManager.java:248)
	at org.springframework.test.context.junit.jupiter.SpringExtension.postProcessTestInstance(SpringExtension.java:138)
	at org.junit.jupiter.engine.descriptor.ClassBasedTestDescriptor.lambda$invokeTestInstancePostProcessors$10(ClassBasedTestDescriptor.java:377)
	at org.junit.jupiter.engine.descriptor.ClassBasedTestDescriptor.executeAndMaskThrowable(ClassBasedTestDescriptor.java:382)
	at org.junit.jupiter.engine.descriptor.ClassBasedTestDescriptor.lambda$invokeTestInstancePostProcessors$11(ClassBasedTestDescriptor.java:377)
	at java.base/java.util.stream.ReferencePipeline$3$1.accept(ReferencePipeline.java:197)
	at java.base/java.util.stream.ReferencePipeline$2$1.accept(ReferencePipeline.java:179)
	at java.base/java.util.ArrayList$ArrayListSpliterator.forEachRemaining(ArrayList.java:1625)
	at java.base/java.util.stream.AbstractPipeline.copyInto(AbstractPipeline.java:509)
	at java.base/java.util.stream.AbstractPipeline.wrapAndCopyInto(AbstractPipeline.java:499)
	at java.base/java.util.stream.StreamSpliterators$WrappingSpliterator.forEachRemaining(StreamSpliterators.java:310)
	at java.base/java.util.stream.Streams$ConcatSpliterator.forEachRemaining(Streams.java:735)
	at java.base/java.util.stream.Streams$ConcatSpliterator.forEachRemaining(Streams.java:734)
	at java.base/java.util.stream.ReferencePipeline$Head.forEach(ReferencePipeline.java:762)
	at org.junit.jupiter.engine.descriptor.ClassBasedTestDescriptor.invokeTestInstancePostProcessors(ClassBasedTestDescriptor.java:376)
	at org.junit.jupiter.engine.descriptor.ClassBasedTestDescriptor.lambda$instantiateAndPostProcessTestInstance$6(ClassBasedTestDescriptor.java:289)
	at org.junit.platform.engine.support.hierarchical.ThrowableCollector.execute(ThrowableCollector.java:73)
	at org.junit.jupiter.engine.descriptor.ClassBasedTestDescriptor.instantiateAndPostProcessTestInstance(ClassBasedTestDescriptor.java:288)
	at org.junit.jupiter.engine.descriptor.ClassBasedTestDescriptor.lambda$testInstancesProvider$4(ClassBasedTestDescriptor.java:278)
	at java.base/java.util.Optional.orElseGet(Optional.java:364)
	at org.junit.jupiter.engine.descriptor.ClassBasedTestDescriptor.lambda$testInstancesProvider$5(ClassBasedTestDescriptor.java:277)
	at org.junit.jupiter.engine.execution.TestInstancesProvider.getTestInstances(TestInstancesProvider.java:31)
	at org.junit.jupiter.engine.descriptor.TestMethodTestDescriptor.lambda$prepare$0(TestMethodTestDescriptor.java:105)
	at org.junit.platform.engine.support.hierarchical.ThrowableCollector.execute(ThrowableCollector.java:73)
	at org.junit.jupiter.engine.descriptor.TestMethodTestDescriptor.prepare(TestMethodTestDescriptor.java:104)
	at org.junit.jupiter.engine.descriptor.TestMethodTestDescriptor.prepare(TestMethodTestDescriptor.java:68)
	at org.junit.platform.engine.support.hierarchical.NodeTestTask.lambda$prepare$2(NodeTestTask.java:123)
	at org.junit.platform.engine.support.hierarchical.ThrowableCollector.execute(ThrowableCollector.java:73)
	at org.junit.platform.engine.support.hierarchical.NodeTestTask.prepare(NodeTestTask.java:123)
	at org.junit.platform.engine.support.hierarchical.NodeTestTask.execute(NodeTestTask.java:90)
	at java.base/java.util.ArrayList.forEach(ArrayList.java:1511)
	at org.junit.platform.engine.support.hierarchical.SameThreadHierarchicalTestExecutorService.invokeAll(SameThreadHierarchicalTestExecutorService.java:41)
	at org.junit.platform.engine.support.hierarchical.NodeTestTask.lambda$executeRecursively$6(NodeTestTask.java:155)
	at org.junit.platform.engine.support.hierarchical.ThrowableCollector.execute(ThrowableCollector.java:73)
	at org.junit.platform.engine.support.hierarchical.NodeTestTask.lambda$executeRecursively$8(NodeTestTask.java:141)
	at org.junit.platform.engine.support.hierarchical.Node.around(Node.java:137)
	at org.junit.platform.engine.support.hierarchical.NodeTestTask.lambda$executeRecursively$9(NodeTestTask.java:139)
	at org.junit.platform.engine.support.hierarchical.ThrowableCollector.execute(ThrowableCollector.java:73)
	at org.junit.platform.engine.support.hierarchical.NodeTestTask.executeRecursively(NodeTestTask.java:138)
	at org.junit.platform.engine.support.hierarchical.NodeTestTask.execute(NodeTestTask.java:95)
	at java.base/java.util.ArrayList.forEach(ArrayList.java:1511)
	at org.junit.platform.engine.support.hierarchical.SameThreadHierarchicalTestExecutorService.invokeAll(SameThreadHierarchicalTestExecutorService.java:41)
	at org.junit.platform.engine.support.hierarchical.NodeTestTask.lambda$executeRecursively$6(NodeTestTask.java:155)
	at org.junit.platform.engine.support.hierarchical.ThrowableCollector.execute(ThrowableCollector.java:73)
	at org.junit.platform.engine.support.hierarchical.NodeTestTask.lambda$executeRecursively$8(NodeTestTask.java:141)
	at org.junit.platform.engine.support.hierarchical.Node.around(Node.java:137)
	at org.junit.platform.engine.support.hierarchical.NodeTestTask.lambda$executeRecursively$9(NodeTestTask.java:139)
	at org.junit.platform.engine.support.hierarchical.ThrowableCollector.execute(ThrowableCollector.java:73)
	at org.junit.platform.engine.support.hierarchical.NodeTestTask.executeRecursively(NodeTestTask.java:138)
	at org.junit.platform.engine.support.hierarchical.NodeTestTask.execute(NodeTestTask.java:95)
	at org.junit.platform.engine.support.hierarchical.SameThreadHierarchicalTestExecutorService.submit(SameThreadHierarchicalTestExecutorService.java:35)
	at org.junit.platform.engine.support.hierarchical.HierarchicalTestExecutor.execute(HierarchicalTestExecutor.java:57)
	at org.junit.platform.engine.support.hierarchical.HierarchicalTestEngine.execute(HierarchicalTestEngine.java:54)
	at org.junit.platform.launcher.core.EngineExecutionOrchestrator.execute(EngineExecutionOrchestrator.java:147)
	at org.junit.platform.launcher.core.EngineExecutionOrchestrator.execute(EngineExecutionOrchestrator.java:127)
	at org.junit.platform.launcher.core.EngineExecutionOrchestrator.execute(EngineExecutionOrchestrator.java:90)
	at org.junit.platform.launcher.core.EngineExecutionOrchestrator.lambda$execute$0(EngineExecutionOrchestrator.java:55)
	at org.junit.platform.launcher.core.EngineExecutionOrchestrator.withInterceptedStreams(EngineExecutionOrchestrator.java:102)
	at org.junit.platform.launcher.core.EngineExecutionOrchestrator.execute(EngineExecutionOrchestrator.java:54)
	at org.junit.platform.launcher.core.DefaultLauncher.execute(DefaultLauncher.java:114)
	at org.junit.platform.launcher.core.DefaultLauncher.execute(DefaultLauncher.java:86)
	at org.junit.platform.launcher.core.DefaultLauncherSession$DelegatingLauncher.execute(DefaultLauncherSession.java:86)
	at org.apache.maven.surefire.junitplatform.LazyLauncher.execute(LazyLauncher.java:50)
	at org.apache.maven.surefire.junitplatform.JUnitPlatformProvider.execute(JUnitPlatformProvider.java:184)
	at org.apache.maven.surefire.junitplatform.JUnitPlatformProvider.invokeAllTests(JUnitPlatformProvider.java:148)
	at org.apache.maven.surefire.junitplatform.JUnitPlatformProvider.invoke(JUnitPlatformProvider.java:122)
	at org.apache.maven.surefire.booter.ForkedBooter.runSuitesInProcess(ForkedBooter.java:385)
	at org.apache.maven.surefire.booter.ForkedBooter.execute(ForkedBooter.java:162)
	at org.apache.maven.surefire.booter.ForkedBooter.run(ForkedBooter.java:507)
	at org.apache.maven.surefire.booter.ForkedBooter.main(ForkedBooter.java:495)
Caused by: org.springframework.beans.factory.UnsatisfiedDependencyException: Error creating bean with name 'userService' defined in file [C:\Users\vasco\OneDrive\Documents\Grupo1\AP2-PD2\dss-demonstrations-5.12.1\dss-demo-webapp\target\classes\eu\europa\esig\dss\web\service\UserService.class]: Unsatisfied dependency expressed through constructor parameter 0; nested exception is org.springframework.beans.factory.NoSuchBeanDefinitionException: No qualifying bean of type 'eu.europa.esig.dss.web.repository.UserRepository' available: expected at least 1 bean which qualifies as autowire candidate. Dependency annotations: {}
	at org.springframework.beans.factory.support.ConstructorResolver.createArgumentArray(ConstructorResolver.java:800)
	at org.springframework.beans.factory.support.ConstructorResolver.autowireConstructor(ConstructorResolver.java:229)
	at org.springframework.beans.factory.support.AbstractAutowireCapableBeanFactory.autowireConstructor(AbstractAutowireCapableBeanFactory.java:1372)
	at org.springframework.beans.factory.support.AbstractAutowireCapableBeanFactory.createBeanInstance(AbstractAutowireCapableBeanFactory.java:1222)
	at org.springframework.beans.factory.support.AbstractAutowireCapableBeanFactory.doCreateBean(AbstractAutowireCapableBeanFactory.java:582)
	at org.springframework.beans.factory.support.AbstractAutowireCapableBeanFactory.createBean(AbstractAutowireCapableBeanFactory.java:542)
	at org.springframework.beans.factory.support.AbstractBeanFactory.lambda$doGetBean$0(AbstractBeanFactory.java:335)
	at org.springframework.beans.factory.support.DefaultSingletonBeanRegistry.getSingleton(DefaultSingletonBeanRegistry.java:234)
	at org.springframework.beans.factory.support.AbstractBeanFactory.doGetBean(AbstractBeanFactory.java:333)
	at org.springframework.beans.factory.support.AbstractBeanFactory.getBean(AbstractBeanFactory.java:208)
	at org.springframework.beans.factory.support.DefaultListableBeanFactory.preInstantiateSingletons(DefaultListableBeanFactory.java:955)
	at org.springframework.context.support.AbstractApplicationContext.finishBeanFactoryInitialization(AbstractApplicationContext.java:920)
	at org.springframework.context.support.AbstractApplicationContext.refresh(AbstractApplicationContext.java:583)
	at org.springframework.test.context.web.AbstractGenericWebContextLoader.loadContext(AbstractGenericWebContextLoader.java:129)
	at org.springframework.test.context.web.AbstractGenericWebContextLoader.loadContext(AbstractGenericWebContextLoader.java:61)
	at org.springframework.test.context.support.AbstractDelegatingSmartContextLoader.delegateLoading(AbstractDelegatingSmartContextLoader.java:276)
	at org.springframework.test.context.support.AbstractDelegatingSmartContextLoader.loadContext(AbstractDelegatingSmartContextLoader.java:244)
	at org.springframework.test.context.cache.DefaultCacheAwareContextLoaderDelegate.loadContextInternal(DefaultCacheAwareContextLoaderDelegate.java:141)
	at org.springframework.test.context.cache.DefaultCacheAwareContextLoaderDelegate.loadContext(DefaultCacheAwareContextLoaderDelegate.java:90)
	... 73 common frames omitted
Caused by: org.springframework.beans.factory.NoSuchBeanDefinitionException: No qualifying bean of type 'eu.europa.esig.dss.web.repository.UserRepository' available: expected at least 1 bean which qualifies as autowire candidate. Dependency annotations: {}
	at org.springframework.beans.factory.support.DefaultListableBeanFactory.raiseNoMatchingBeanFound(DefaultListableBeanFactory.java:1801)
	at org.springframework.beans.factory.support.DefaultListableBeanFactory.doResolveDependency(DefaultListableBeanFactory.java:1357)
	at org.springframework.beans.factory.support.DefaultListableBeanFactory.resolveDependency(DefaultListableBeanFactory.java:1311)
	at org.springframework.beans.factory.support.ConstructorResolver.resolveAutowiredArgument(ConstructorResolver.java:887)
	at org.springframework.beans.factory.support.ConstructorResolver.createArgumentArray(ConstructorResolver.java:791)
	... 91 common frames omitted
]]></system-out>
    <system-err><![CDATA[jun. 12, 2023 7:33:36 DA TARDE org.apache.cxf.wsdl.service.factory.ReflectionServiceFactoryBean buildServiceFromWSDL
INFO: Creating Service {http://tempuri.org/}CCMovelDigitalSignature from WSDL: https://cmd.autenticacao.gov.pt/Ama.Authentication.Frontend/CCMovelDigitalSignature.svc?wsdl
]]></system-err>
  </testcase>
  <testcase name="generateDetailedReport" classname="eu.europa.esig.dss.web.service.XSLTServiceTest" time="0">
    <error message="Failed to load ApplicationContext" type="java.lang.IllegalStateException"><![CDATA[java.lang.IllegalStateException: Failed to load ApplicationContext
	at org.springframework.test.context.cache.DefaultCacheAwareContextLoaderDelegate.loadContext(DefaultCacheAwareContextLoaderDelegate.java:98)
	at org.springframework.test.context.support.DefaultTestContext.getApplicationContext(DefaultTestContext.java:124)
	at org.springframework.test.context.web.ServletTestExecutionListener.setUpRequestContextIfNecessary(ServletTestExecutionListener.java:190)
	at org.springframework.test.context.web.ServletTestExecutionListener.prepareTestInstance(ServletTestExecutionListener.java:132)
	at org.springframework.test.context.TestContextManager.prepareTestInstance(TestContextManager.java:248)
	at org.springframework.test.context.junit.jupiter.SpringExtension.postProcessTestInstance(SpringExtension.java:138)
	at org.junit.jupiter.engine.descriptor.ClassBasedTestDescriptor.lambda$invokeTestInstancePostProcessors$10(ClassBasedTestDescriptor.java:377)
	at org.junit.jupiter.engine.descriptor.ClassBasedTestDescriptor.executeAndMaskThrowable(ClassBasedTestDescriptor.java:382)
	at org.junit.jupiter.engine.descriptor.ClassBasedTestDescriptor.lambda$invokeTestInstancePostProcessors$11(ClassBasedTestDescriptor.java:377)
	at java.base/java.util.stream.ReferencePipeline$3$1.accept(ReferencePipeline.java:197)
	at java.base/java.util.stream.ReferencePipeline$2$1.accept(ReferencePipeline.java:179)
	at java.base/java.util.ArrayList$ArrayListSpliterator.forEachRemaining(ArrayList.java:1625)
	at java.base/java.util.stream.AbstractPipeline.copyInto(AbstractPipeline.java:509)
	at java.base/java.util.stream.AbstractPipeline.wrapAndCopyInto(AbstractPipeline.java:499)
	at java.base/java.util.stream.StreamSpliterators$WrappingSpliterator.forEachRemaining(StreamSpliterators.java:310)
	at java.base/java.util.stream.Streams$ConcatSpliterator.forEachRemaining(Streams.java:735)
	at java.base/java.util.stream.Streams$ConcatSpliterator.forEachRemaining(Streams.java:734)
	at java.base/java.util.stream.ReferencePipeline$Head.forEach(ReferencePipeline.java:762)
	at org.junit.jupiter.engine.descriptor.ClassBasedTestDescriptor.invokeTestInstancePostProcessors(ClassBasedTestDescriptor.java:376)
	at org.junit.jupiter.engine.descriptor.ClassBasedTestDescriptor.lambda$instantiateAndPostProcessTestInstance$6(ClassBasedTestDescriptor.java:289)
	at org.junit.platform.engine.support.hierarchical.ThrowableCollector.execute(ThrowableCollector.java:73)
	at org.junit.jupiter.engine.descriptor.ClassBasedTestDescriptor.instantiateAndPostProcessTestInstance(ClassBasedTestDescriptor.java:288)
	at org.junit.jupiter.engine.descriptor.ClassBasedTestDescriptor.lambda$testInstancesProvider$4(ClassBasedTestDescriptor.java:278)
	at java.base/java.util.Optional.orElseGet(Optional.java:364)
	at org.junit.jupiter.engine.descriptor.ClassBasedTestDescriptor.lambda$testInstancesProvider$5(ClassBasedTestDescriptor.java:277)
	at org.junit.jupiter.engine.execution.TestInstancesProvider.getTestInstances(TestInstancesProvider.java:31)
	at org.junit.jupiter.engine.descriptor.TestMethodTestDescriptor.lambda$prepare$0(TestMethodTestDescriptor.java:105)
	at org.junit.platform.engine.support.hierarchical.ThrowableCollector.execute(ThrowableCollector.java:73)
	at org.junit.jupiter.engine.descriptor.TestMethodTestDescriptor.prepare(TestMethodTestDescriptor.java:104)
	at org.junit.jupiter.engine.descriptor.TestMethodTestDescriptor.prepare(TestMethodTestDescriptor.java:68)
	at org.junit.platform.engine.support.hierarchical.NodeTestTask.lambda$prepare$2(NodeTestTask.java:123)
	at org.junit.platform.engine.support.hierarchical.ThrowableCollector.execute(ThrowableCollector.java:73)
	at org.junit.platform.engine.support.hierarchical.NodeTestTask.prepare(NodeTestTask.java:123)
	at org.junit.platform.engine.support.hierarchical.NodeTestTask.execute(NodeTestTask.java:90)
	at java.base/java.util.ArrayList.forEach(ArrayList.java:1511)
	at org.junit.platform.engine.support.hierarchical.SameThreadHierarchicalTestExecutorService.invokeAll(SameThreadHierarchicalTestExecutorService.java:41)
	at org.junit.platform.engine.support.hierarchical.NodeTestTask.lambda$executeRecursively$6(NodeTestTask.java:155)
	at org.junit.platform.engine.support.hierarchical.ThrowableCollector.execute(ThrowableCollector.java:73)
	at org.junit.platform.engine.support.hierarchical.NodeTestTask.lambda$executeRecursively$8(NodeTestTask.java:141)
	at org.junit.platform.engine.support.hierarchical.Node.around(Node.java:137)
	at org.junit.platform.engine.support.hierarchical.NodeTestTask.lambda$executeRecursively$9(NodeTestTask.java:139)
	at org.junit.platform.engine.support.hierarchical.ThrowableCollector.execute(ThrowableCollector.java:73)
	at org.junit.platform.engine.support.hierarchical.NodeTestTask.executeRecursively(NodeTestTask.java:138)
	at org.junit.platform.engine.support.hierarchical.NodeTestTask.execute(NodeTestTask.java:95)
	at java.base/java.util.ArrayList.forEach(ArrayList.java:1511)
	at org.junit.platform.engine.support.hierarchical.SameThreadHierarchicalTestExecutorService.invokeAll(SameThreadHierarchicalTestExecutorService.java:41)
	at org.junit.platform.engine.support.hierarchical.NodeTestTask.lambda$executeRecursively$6(NodeTestTask.java:155)
	at org.junit.platform.engine.support.hierarchical.ThrowableCollector.execute(ThrowableCollector.java:73)
	at org.junit.platform.engine.support.hierarchical.NodeTestTask.lambda$executeRecursively$8(NodeTestTask.java:141)
	at org.junit.platform.engine.support.hierarchical.Node.around(Node.java:137)
	at org.junit.platform.engine.support.hierarchical.NodeTestTask.lambda$executeRecursively$9(NodeTestTask.java:139)
	at org.junit.platform.engine.support.hierarchical.ThrowableCollector.execute(ThrowableCollector.java:73)
	at org.junit.platform.engine.support.hierarchical.NodeTestTask.executeRecursively(NodeTestTask.java:138)
	at org.junit.platform.engine.support.hierarchical.NodeTestTask.execute(NodeTestTask.java:95)
	at org.junit.platform.engine.support.hierarchical.SameThreadHierarchicalTestExecutorService.submit(SameThreadHierarchicalTestExecutorService.java:35)
	at org.junit.platform.engine.support.hierarchical.HierarchicalTestExecutor.execute(HierarchicalTestExecutor.java:57)
	at org.junit.platform.engine.support.hierarchical.HierarchicalTestEngine.execute(HierarchicalTestEngine.java:54)
	at org.junit.platform.launcher.core.EngineExecutionOrchestrator.execute(EngineExecutionOrchestrator.java:147)
	at org.junit.platform.launcher.core.EngineExecutionOrchestrator.execute(EngineExecutionOrchestrator.java:127)
	at org.junit.platform.launcher.core.EngineExecutionOrchestrator.execute(EngineExecutionOrchestrator.java:90)
	at org.junit.platform.launcher.core.EngineExecutionOrchestrator.lambda$execute$0(EngineExecutionOrchestrator.java:55)
	at org.junit.platform.launcher.core.EngineExecutionOrchestrator.withInterceptedStreams(EngineExecutionOrchestrator.java:102)
	at org.junit.platform.launcher.core.EngineExecutionOrchestrator.execute(EngineExecutionOrchestrator.java:54)
	at org.junit.platform.launcher.core.DefaultLauncher.execute(DefaultLauncher.java:114)
	at org.junit.platform.launcher.core.DefaultLauncher.execute(DefaultLauncher.java:86)
	at org.junit.platform.launcher.core.DefaultLauncherSession$DelegatingLauncher.execute(DefaultLauncherSession.java:86)
	at org.apache.maven.surefire.junitplatform.LazyLauncher.execute(LazyLauncher.java:50)
	at org.apache.maven.surefire.junitplatform.JUnitPlatformProvider.execute(JUnitPlatformProvider.java:184)
	at org.apache.maven.surefire.junitplatform.JUnitPlatformProvider.invokeAllTests(JUnitPlatformProvider.java:148)
	at org.apache.maven.surefire.junitplatform.JUnitPlatformProvider.invoke(JUnitPlatformProvider.java:122)
	at org.apache.maven.surefire.booter.ForkedBooter.runSuitesInProcess(ForkedBooter.java:385)
	at org.apache.maven.surefire.booter.ForkedBooter.execute(ForkedBooter.java:162)
	at org.apache.maven.surefire.booter.ForkedBooter.run(ForkedBooter.java:507)
	at org.apache.maven.surefire.booter.ForkedBooter.main(ForkedBooter.java:495)
Caused by: org.springframework.beans.factory.UnsatisfiedDependencyException: Error creating bean with name 'userService' defined in file [C:\Users\vasco\OneDrive\Documents\Grupo1\AP2-PD2\dss-demonstrations-5.12.1\dss-demo-webapp\target\classes\eu\europa\esig\dss\web\service\UserService.class]: Unsatisfied dependency expressed through constructor parameter 0; nested exception is org.springframework.beans.factory.NoSuchBeanDefinitionException: No qualifying bean of type 'eu.europa.esig.dss.web.repository.UserRepository' available: expected at least 1 bean which qualifies as autowire candidate. Dependency annotations: {}
	at org.springframework.beans.factory.support.ConstructorResolver.createArgumentArray(ConstructorResolver.java:800)
	at org.springframework.beans.factory.support.ConstructorResolver.autowireConstructor(ConstructorResolver.java:229)
	at org.springframework.beans.factory.support.AbstractAutowireCapableBeanFactory.autowireConstructor(AbstractAutowireCapableBeanFactory.java:1372)
	at org.springframework.beans.factory.support.AbstractAutowireCapableBeanFactory.createBeanInstance(AbstractAutowireCapableBeanFactory.java:1222)
	at org.springframework.beans.factory.support.AbstractAutowireCapableBeanFactory.doCreateBean(AbstractAutowireCapableBeanFactory.java:582)
	at org.springframework.beans.factory.support.AbstractAutowireCapableBeanFactory.createBean(AbstractAutowireCapableBeanFactory.java:542)
	at org.springframework.beans.factory.support.AbstractBeanFactory.lambda$doGetBean$0(AbstractBeanFactory.java:335)
	at org.springframework.beans.factory.support.DefaultSingletonBeanRegistry.getSingleton(DefaultSingletonBeanRegistry.java:234)
	at org.springframework.beans.factory.support.AbstractBeanFactory.doGetBean(AbstractBeanFactory.java:333)
	at org.springframework.beans.factory.support.AbstractBeanFactory.getBean(AbstractBeanFactory.java:208)
	at org.springframework.beans.factory.support.DefaultListableBeanFactory.preInstantiateSingletons(DefaultListableBeanFactory.java:955)
	at org.springframework.context.support.AbstractApplicationContext.finishBeanFactoryInitialization(AbstractApplicationContext.java:920)
	at org.springframework.context.support.AbstractApplicationContext.refresh(AbstractApplicationContext.java:583)
	at org.springframework.test.context.web.AbstractGenericWebContextLoader.loadContext(AbstractGenericWebContextLoader.java:129)
	at org.springframework.test.context.web.AbstractGenericWebContextLoader.loadContext(AbstractGenericWebContextLoader.java:61)
	at org.springframework.test.context.support.AbstractDelegatingSmartContextLoader.delegateLoading(AbstractDelegatingSmartContextLoader.java:276)
	at org.springframework.test.context.support.AbstractDelegatingSmartContextLoader.loadContext(AbstractDelegatingSmartContextLoader.java:244)
	at org.springframework.test.context.cache.DefaultCacheAwareContextLoaderDelegate.loadContextInternal(DefaultCacheAwareContextLoaderDelegate.java:141)
	at org.springframework.test.context.cache.DefaultCacheAwareContextLoaderDelegate.loadContext(DefaultCacheAwareContextLoaderDelegate.java:90)
	... 73 more
Caused by: org.springframework.beans.factory.NoSuchBeanDefinitionException: No qualifying bean of type 'eu.europa.esig.dss.web.repository.UserRepository' available: expected at least 1 bean which qualifies as autowire candidate. Dependency annotations: {}
	at org.springframework.beans.factory.support.DefaultListableBeanFactory.raiseNoMatchingBeanFound(DefaultListableBeanFactory.java:1801)
	at org.springframework.beans.factory.support.DefaultListableBeanFactory.doResolveDependency(DefaultListableBeanFactory.java:1357)
	at org.springframework.beans.factory.support.DefaultListableBeanFactory.resolveDependency(DefaultListableBeanFactory.java:1311)
	at org.springframework.beans.factory.support.ConstructorResolver.resolveAutowiredArgument(ConstructorResolver.java:887)
	at org.springframework.beans.factory.support.ConstructorResolver.createArgumentArray(ConstructorResolver.java:791)
	... 91 more
]]></error>
    <system-out><![CDATA[19:33:37.267 [main] INFO  o.s.c.a.ConfigurationClassParser - Properties location [classpath:dss-custom.properties] not resolvable: class path resource [dss-custom.properties] cannot be opened because it does not exist
19:33:37.315 [main] DEBUG com.zaxxer.hikari.HikariConfig - Driver class org.hsqldb.jdbcDriver found in Thread context class loader jdk.internal.loader.ClassLoaders$AppClassLoader@70dea4e
19:33:37.428 [main] INFO  e.e.esig.dss.tsl.job.TLValidationJob - Offline refresh is running...
19:33:37.428 [main] INFO  e.e.esig.dss.tsl.job.TLValidationJob - Running analysis for 1 LOTLSource(s)
19:33:39.250 [pool-18-thread-1] INFO  e.e.e.d.v.CommonCertificateVerifier - + New CommonCertificateVerifier created.
19:33:39.254 [pool-18-thread-1] INFO  e.e.e.d.v.SignedDocumentValidator - Document validation...
19:33:39.256 [pool-18-thread-1] INFO  e.e.e.d.v.CommonCertificateVerifier - + New CommonCertificateVerifier created.
19:33:39.287 [pool-18-thread-1] INFO  e.e.e.d.x.v.XAdESCertificateSource - +XAdESCertificateSource
19:33:39.290 [pool-18-thread-1] INFO  e.e.e.d.v.CommonCertificateVerifier - + New CommonCertificateVerifier created.
19:33:39.333 [pool-18-thread-1] INFO  e.e.e.d.v.CommonCertificateVerifier - + New CommonCertificateVerifier created.
19:33:39.337 [pool-18-thread-1] INFO  e.e.e.d.v.SignedDocumentValidator - Document validation...
19:33:39.341 [pool-18-thread-1] INFO  e.e.e.d.v.CommonCertificateVerifier - + New CommonCertificateVerifier created.
19:33:39.374 [pool-18-thread-1] INFO  e.e.e.d.x.v.XAdESCertificateSource - +XAdESCertificateSource
19:33:39.378 [pool-18-thread-1] INFO  e.e.e.d.v.CommonCertificateVerifier - + New CommonCertificateVerifier created.
19:33:39.420 [pool-18-thread-1] INFO  e.e.e.d.v.CommonCertificateVerifier - + New CommonCertificateVerifier created.
19:33:39.424 [pool-18-thread-1] INFO  e.e.e.d.v.SignedDocumentValidator - Document validation...
19:33:39.427 [pool-18-thread-1] INFO  e.e.e.d.v.CommonCertificateVerifier - + New CommonCertificateVerifier created.
19:33:39.460 [pool-18-thread-1] INFO  e.e.e.d.x.v.XAdESCertificateSource - +XAdESCertificateSource
19:33:39.464 [pool-18-thread-1] INFO  e.e.e.d.v.CommonCertificateVerifier - + New CommonCertificateVerifier created.
19:33:39.504 [main] INFO  e.e.esig.dss.tsl.job.TLValidationJob - Analysis is DONE for 1 LOTLSource(s)
19:33:39.507 [main] INFO  e.e.esig.dss.tsl.job.TLValidationJob - Running analysis for 31 TLSource(s)
19:33:39.512 [pool-18-thread-12] ERROR e.e.e.d.t.runnable.AbstractAnalysis - Cannot retrieve data from url [https://www.ssi.gouv.fr/uploads/tl-fr.xml]. Empty content is obtained!
19:33:39.605 [pool-18-thread-16] INFO  e.e.e.d.v.CommonCertificateVerifier - + New CommonCertificateVerifier created.
19:33:39.612 [pool-18-thread-16] INFO  e.e.e.d.v.SignedDocumentValidator - Document validation...
19:33:39.619 [pool-18-thread-16] INFO  e.e.e.d.v.CommonCertificateVerifier - + New CommonCertificateVerifier created.
19:33:39.627 [pool-18-thread-28] INFO  e.e.e.d.v.CommonCertificateVerifier - + New CommonCertificateVerifier created.
19:33:39.696 [pool-18-thread-16] INFO  e.e.e.d.x.v.XAdESCertificateSource - +XAdESCertificateSource
19:33:39.707 [pool-18-thread-16] INFO  e.e.e.d.v.CommonCertificateVerifier - + New CommonCertificateVerifier created.
19:33:39.707 [pool-18-thread-1] WARN  e.e.e.d.t.f.c.DigitalIdentityListTypeConverter - Unable to load certificate 'MIIDDjCCAnegAwIBAgIBATANBgkqhkiG9w0BAQUFADCBmjELMAkGA1UEBhMCQVQxSDBGBgNVBAoTP0EtVHJ1c3QgR2VzLiBmLiBTaWNoZXJoZWl0c3N5c3RlbWUgaW0gZWxla3RyLiBEYXRlbnZlcmtlaHIgR21iSDEXMBUGA1UECxMOd3d3LmEtdHJ1c3QuYXQxEzARBgNVBAsTCmEtc2lnbiB1bmkxEzARBgNVBAMTCmEtc2lnbiB1bmkwHhcNMDIwOTEzMTgzMjM4WhcNMzIwOTEzMTgzMjM4WjCBmjELMAkGA1UEBhMCQVQxSDBGBgNVBAoTP0EtVHJ1c3QgR2VzLiBmLiBTaWNoZXJoZWl0c3N5c3RlbWUgaW0gZWxla3RyLiBEYXRlbnZlcmtlaHIgR21iSDEXMBUGA1UECxMOd3d3LmEtdHJ1c3QuYXQxEzARBgNVBAsTCmEtc2lnbiB1bmkxEzARBgNVBAMTCmEtc2lnbiB1bmkwgZ4wCwYJKoZIhvcNAQEBA4GOADCBigKBgQCvBqGXYw0rNZyQR8YG+EQ4GeoQgMRdsYPhnuvkl6aEMWdMvDuvAPlLi4rXNNq3mb4yKKCswSp5SPiRo43uwrpfCjLxu9RT+Fi3wDE1Z5tBr7iQOnOCx5IKs2X94hcdsJClWHYoxT4f5Jnq86kNVYys+T8TUJCrsHm/8TCr3x7vuwIEAAAAA6NjMGEwDgYDVR0PAQH/BAQDAgEGMA8GA1UdEwEB/wQFMAMBAf8wHQYDVR0OBBYEFBXzfvl2WIKcUwhZzt+1wC1ShQPBMB8GA1UdIwQYMBaAFBXzfvl2WIKcUwhZzt+1wC1ShQPBMA0GCSqGSIb3DQEBBQUAA4GBAALtJ7UT/H4ZwUAeKV1X1Gz+pIqVtCsECNKWHiZeXx0ly/insjh+vbNVNy2RyOimKWtms0GZ0Kj/oDK81efRL9YvHKMlCLlz6FBKaUTUztO1FYa2othUGsu8LsBtPPU6u0wMPGhE3DEdo5/4lA6gMbsOvKQ6jQyeCjqOB22EjbJd' (more details with enabled DEBUG mode)
19:33:39.710 [pool-18-thread-1] WARN  e.e.e.d.t.f.c.DigitalIdentityListTypeConverter - Unable to load certificate 'MIIC2jCCAkOgAwIBAgIBATANBgkqhkiG9w0BAQUFADCBgDELMAkGA1UEBhMCQVQxHTAbBgNVBAoTFERhdGFrb20gQXVzdHJpYSBHbWJIMRowGAYDVQQLExFhLXNpZ24uZGF0YWtvbS5hdDEaMBgGA1UECxMRYS1zaWduIFByZW1pdW0gQ0ExGjAYBgNVBAMTEWEtc2lnbiBQcmVtaXVtIENBMB4XDTAxMTEyMTE2MDk0NFoXDTMxMTEyMTE2MDk0NFowgYAxCzAJBgNVBAYTAkFUMR0wGwYDVQQKExREYXRha29tIEF1c3RyaWEgR21iSDEaMBgGA1UECxMRYS1zaWduLmRhdGFrb20uYXQxGjAYBgNVBAsTEWEtc2lnbiBQcmVtaXVtIENBMRowGAYDVQQDExFhLXNpZ24gUHJlbWl1bSBDQTCBnjALBgkqhkiG9w0BAQEDgY4AMIGKAoGBAKpdHrr/9I5zG2jGfpHeZpMkm58ZJBtXG73qH7+mTAkgWosabkMynNCayPiA1//ZHS2s2kTB5FYtXwmVFyqIIDQelt4IZwLDLdJQItxvYMV17DFO+ZebQe7bljUwwGOdguq9MuDBI2xYYE2z2JVDuOuDpKS+/YPC02OzTo/jWSb5AgQAAAADo2MwYTAOBgNVHQ8BAf8EBAMCAQYwDwYDVR0TAQH/BAUwAwEB/zAdBgNVHQ4EFgQUoX0/IPOimGkJ9u1tRx6O0guPGNEwHwYDVR0jBBgwFoAUoX0/IPOimGkJ9u1tRx6O0guPGNEwDQYJKoZIhvcNAQEFBQADgYEAhUKQ8tg1IWl1w6uD0ylZ0RdFg5Fygd+KGLCOwaVIgpFieWDKBJMdavgu+uyWOWY2cQW5NiSG2jnqKfKJkX9znBcUUcjj4PfGfj9OLEiNAMa/zBPCgCrhGq07M4I2W6G39D8ExWscBFuQxKnpnLLsTVpS8GMe81lFge3O2VABiUo=' (more details with enabled DEBUG mode)
19:33:39.722 [pool-18-thread-1] INFO  e.e.e.d.v.CommonCertificateVerifier - + New CommonCertificateVerifier created.
19:33:39.737 [pool-18-thread-28] INFO  e.e.e.d.v.SignedDocumentValidator - Document validation...
19:33:39.756 [pool-18-thread-28] INFO  e.e.e.d.v.CommonCertificateVerifier - + New CommonCertificateVerifier created.
19:33:39.772 [pool-18-thread-24] INFO  e.e.e.d.v.CommonCertificateVerifier - + New CommonCertificateVerifier created.
19:33:39.784 [pool-18-thread-19] INFO  e.e.e.d.v.CommonCertificateVerifier - + New CommonCertificateVerifier created.
19:33:39.785 [pool-18-thread-1] INFO  e.e.e.d.v.SignedDocumentValidator - Document validation...
19:33:39.825 [pool-18-thread-1] INFO  e.e.e.d.v.CommonCertificateVerifier - + New CommonCertificateVerifier created.
19:33:39.840 [pool-18-thread-19] INFO  e.e.e.d.v.SignedDocumentValidator - Document validation...
19:33:39.851 [pool-18-thread-19] INFO  e.e.e.d.v.CommonCertificateVerifier - + New CommonCertificateVerifier created.
19:33:39.877 [pool-18-thread-24] INFO  e.e.e.d.v.SignedDocumentValidator - Document validation...
19:33:39.937 [pool-18-thread-20] INFO  e.e.e.d.v.CommonCertificateVerifier - + New CommonCertificateVerifier created.
19:33:39.938 [pool-18-thread-28] INFO  e.e.e.d.x.v.XAdESCertificateSource - +XAdESCertificateSource
19:33:39.941 [pool-18-thread-24] INFO  e.e.e.d.v.CommonCertificateVerifier - + New CommonCertificateVerifier created.
19:33:39.947 [pool-18-thread-28] INFO  e.e.e.d.v.CommonCertificateVerifier - + New CommonCertificateVerifier created.
19:33:39.949 [pool-18-thread-3] INFO  e.e.e.d.v.CommonCertificateVerifier - + New CommonCertificateVerifier created.
19:33:39.967 [pool-18-thread-31] INFO  e.e.e.d.v.CommonCertificateVerifier - + New CommonCertificateVerifier created.
19:33:39.974 [pool-18-thread-31] INFO  e.e.e.d.v.SignedDocumentValidator - Document validation...
19:33:39.995 [pool-18-thread-23] INFO  e.e.e.d.v.CommonCertificateVerifier - + New CommonCertificateVerifier created.
19:33:40.018 [pool-18-thread-31] INFO  e.e.e.d.v.CommonCertificateVerifier - + New CommonCertificateVerifier created.
19:33:40.050 [pool-18-thread-20] INFO  e.e.e.d.v.SignedDocumentValidator - Document validation...
19:33:40.056 [pool-18-thread-23] INFO  e.e.e.d.v.SignedDocumentValidator - Document validation...
19:33:40.056 [pool-18-thread-20] INFO  e.e.e.d.v.CommonCertificateVerifier - + New CommonCertificateVerifier created.
19:33:40.080 [pool-18-thread-23] INFO  e.e.e.d.v.CommonCertificateVerifier - + New CommonCertificateVerifier created.
19:33:40.094 [pool-18-thread-3] INFO  e.e.e.d.v.SignedDocumentValidator - Document validation...
19:33:40.104 [pool-18-thread-3] INFO  e.e.e.d.v.CommonCertificateVerifier - + New CommonCertificateVerifier created.
19:33:40.163 [pool-18-thread-31] INFO  e.e.e.d.x.v.XAdESCertificateSource - +XAdESCertificateSource
19:33:40.175 [pool-18-thread-1] INFO  e.e.e.d.x.v.XAdESCertificateSource - +XAdESCertificateSource
19:33:40.175 [pool-18-thread-31] INFO  e.e.e.d.v.CommonCertificateVerifier - + New CommonCertificateVerifier created.
19:33:40.182 [pool-18-thread-20] INFO  e.e.e.d.x.v.XAdESCertificateSource - +XAdESCertificateSource
19:33:40.182 [pool-18-thread-24] INFO  e.e.e.d.x.v.XAdESCertificateSource - +XAdESCertificateSource
19:33:40.188 [pool-18-thread-1] INFO  e.e.e.d.v.CommonCertificateVerifier - + New CommonCertificateVerifier created.
19:33:40.190 [pool-18-thread-20] INFO  e.e.e.d.v.CommonCertificateVerifier - + New CommonCertificateVerifier created.
19:33:40.194 [pool-18-thread-24] INFO  e.e.e.d.v.CommonCertificateVerifier - + New CommonCertificateVerifier created.
19:33:40.255 [pool-18-thread-25] INFO  e.e.e.d.v.CommonCertificateVerifier - + New CommonCertificateVerifier created.
19:33:40.274 [pool-18-thread-25] INFO  e.e.e.d.v.SignedDocumentValidator - Document validation...
19:33:40.361 [pool-18-thread-25] INFO  e.e.e.d.v.CommonCertificateVerifier - + New CommonCertificateVerifier created.
19:33:40.456 [pool-18-thread-22] INFO  e.e.e.d.v.CommonCertificateVerifier - + New CommonCertificateVerifier created.
19:33:40.471 [pool-18-thread-3] INFO  e.e.e.d.x.v.XAdESCertificateSource - +XAdESCertificateSource
19:33:40.480 [pool-18-thread-19] INFO  e.e.e.d.x.v.XAdESCertificateSource - +XAdESCertificateSource
19:33:40.484 [pool-18-thread-3] INFO  e.e.e.d.v.CommonCertificateVerifier - + New CommonCertificateVerifier created.
19:33:40.494 [pool-18-thread-19] INFO  e.e.e.d.v.CommonCertificateVerifier - + New CommonCertificateVerifier created.
19:33:40.507 [pool-18-thread-15] INFO  e.e.e.d.v.CommonCertificateVerifier - + New CommonCertificateVerifier created.
19:33:40.544 [pool-18-thread-22] INFO  e.e.e.d.v.SignedDocumentValidator - Document validation...
19:33:40.551 [pool-18-thread-22] INFO  e.e.e.d.v.CommonCertificateVerifier - + New CommonCertificateVerifier created.
19:33:40.565 [pool-18-thread-15] INFO  e.e.e.d.v.SignedDocumentValidator - Document validation...
19:33:40.630 [pool-18-thread-10] INFO  e.e.e.d.v.CommonCertificateVerifier - + New CommonCertificateVerifier created.
19:33:40.647 [pool-18-thread-15] INFO  e.e.e.d.v.CommonCertificateVerifier - + New CommonCertificateVerifier created.
19:33:40.650 [pool-18-thread-22] INFO  e.e.e.d.x.v.XAdESCertificateSource - +XAdESCertificateSource
19:33:40.657 [pool-18-thread-22] INFO  e.e.e.d.v.CommonCertificateVerifier - + New CommonCertificateVerifier created.
19:33:40.675 [pool-18-thread-15] INFO  e.e.e.d.x.v.XAdESCertificateSource - +XAdESCertificateSource
19:33:40.681 [pool-18-thread-15] INFO  e.e.e.d.v.CommonCertificateVerifier - + New CommonCertificateVerifier created.
19:33:40.688 [pool-18-thread-17] INFO  e.e.e.d.v.CommonCertificateVerifier - + New CommonCertificateVerifier created.
19:33:40.720 [pool-18-thread-10] INFO  e.e.e.d.v.SignedDocumentValidator - Document validation...
19:33:40.762 [pool-18-thread-10] INFO  e.e.e.d.v.CommonCertificateVerifier - + New CommonCertificateVerifier created.
19:33:40.779 [pool-18-thread-18] INFO  e.e.e.d.v.CommonCertificateVerifier - + New CommonCertificateVerifier created.
19:33:40.862 [pool-18-thread-30] INFO  e.e.e.d.v.CommonCertificateVerifier - + New CommonCertificateVerifier created.
19:33:40.900 [pool-18-thread-17] INFO  e.e.e.d.v.SignedDocumentValidator - Document validation...
19:33:40.907 [pool-18-thread-18] INFO  e.e.e.d.v.SignedDocumentValidator - Document validation...
19:33:41.045 [pool-18-thread-18] INFO  e.e.e.d.v.CommonCertificateVerifier - + New CommonCertificateVerifier created.
19:33:41.049 [pool-18-thread-17] INFO  e.e.e.d.v.CommonCertificateVerifier - + New CommonCertificateVerifier created.
19:33:41.080 [pool-18-thread-30] INFO  e.e.e.d.v.SignedDocumentValidator - Document validation...
19:33:41.091 [pool-18-thread-4] INFO  e.e.e.d.v.CommonCertificateVerifier - + New CommonCertificateVerifier created.
19:33:41.152 [pool-18-thread-30] INFO  e.e.e.d.v.CommonCertificateVerifier - + New CommonCertificateVerifier created.
19:33:41.156 [pool-18-thread-4] INFO  e.e.e.d.v.SignedDocumentValidator - Document validation...
19:33:41.163 [pool-18-thread-4] INFO  e.e.e.d.v.CommonCertificateVerifier - + New CommonCertificateVerifier created.
19:33:41.190 [pool-18-thread-25] INFO  e.e.e.d.x.v.XAdESCertificateSource - +XAdESCertificateSource
19:33:41.214 [pool-18-thread-4] INFO  e.e.e.d.x.v.XAdESCertificateSource - +XAdESCertificateSource
19:33:41.218 [pool-18-thread-25] INFO  e.e.e.d.v.CommonCertificateVerifier - + New CommonCertificateVerifier created.
19:33:41.221 [pool-18-thread-4] INFO  e.e.e.d.v.CommonCertificateVerifier - + New CommonCertificateVerifier created.
19:33:41.233 [pool-18-thread-18] INFO  e.e.e.d.x.v.XAdESCertificateSource - +XAdESCertificateSource
19:33:41.258 [pool-18-thread-23] INFO  e.e.e.d.x.v.XAdESCertificateSource - +XAdESCertificateSource
19:33:41.298 [pool-18-thread-18] INFO  e.e.e.d.v.CommonCertificateVerifier - + New CommonCertificateVerifier created.
19:33:41.319 [pool-18-thread-23] INFO  e.e.e.d.v.CommonCertificateVerifier - + New CommonCertificateVerifier created.
19:33:41.730 [pool-18-thread-7] INFO  e.e.e.d.v.CommonCertificateVerifier - + New CommonCertificateVerifier created.
19:33:41.795 [pool-18-thread-30] INFO  e.e.e.d.x.v.XAdESCertificateSource - +XAdESCertificateSource
19:33:41.842 [pool-18-thread-11] INFO  e.e.e.d.v.CommonCertificateVerifier - + New CommonCertificateVerifier created.
19:33:41.845 [pool-18-thread-7] INFO  e.e.e.d.v.SignedDocumentValidator - Document validation...
19:33:41.851 [pool-18-thread-7] INFO  e.e.e.d.v.CommonCertificateVerifier - + New CommonCertificateVerifier created.
19:33:41.851 [pool-18-thread-30] INFO  e.e.e.d.v.CommonCertificateVerifier - + New CommonCertificateVerifier created.
19:33:41.874 [pool-18-thread-8] INFO  e.e.e.d.v.CommonCertificateVerifier - + New CommonCertificateVerifier created.
19:33:41.876 [pool-18-thread-7] INFO  e.e.e.d.x.v.XAdESCertificateSource - +XAdESCertificateSource
19:33:41.884 [pool-18-thread-11] INFO  e.e.e.d.v.SignedDocumentValidator - Document validation...
19:33:41.890 [pool-18-thread-11] INFO  e.e.e.d.v.CommonCertificateVerifier - + New CommonCertificateVerifier created.
19:33:41.894 [pool-18-thread-8] INFO  e.e.e.d.v.SignedDocumentValidator - Document validation...
19:33:41.905 [pool-18-thread-8] INFO  e.e.e.d.v.CommonCertificateVerifier - + New CommonCertificateVerifier created.
19:33:41.917 [pool-18-thread-7] INFO  e.e.e.d.v.CommonCertificateVerifier - + New CommonCertificateVerifier created.
19:33:41.952 [pool-18-thread-13] INFO  e.e.e.d.v.CommonCertificateVerifier - + New CommonCertificateVerifier created.
19:33:42.018 [pool-18-thread-13] INFO  e.e.e.d.v.SignedDocumentValidator - Document validation...
19:33:42.028 [pool-18-thread-13] INFO  e.e.e.d.v.CommonCertificateVerifier - + New CommonCertificateVerifier created.
19:33:42.076 [pool-18-thread-11] INFO  e.e.e.d.x.v.XAdESCertificateSource - +XAdESCertificateSource
19:33:42.087 [pool-18-thread-11] INFO  e.e.e.d.v.CommonCertificateVerifier - + New CommonCertificateVerifier created.
19:33:42.105 [pool-18-thread-10] INFO  e.e.e.d.x.v.XAdESCertificateSource - +XAdESCertificateSource
19:33:42.131 [pool-18-thread-8] INFO  e.e.e.d.x.v.XAdESCertificateSource - +XAdESCertificateSource
19:33:42.149 [pool-18-thread-8] INFO  e.e.e.d.v.CommonCertificateVerifier - + New CommonCertificateVerifier created.
19:33:42.159 [pool-18-thread-10] INFO  e.e.e.d.v.CommonCertificateVerifier - + New CommonCertificateVerifier created.
19:33:42.183 [pool-18-thread-21] INFO  e.e.e.d.v.CommonCertificateVerifier - + New CommonCertificateVerifier created.
19:33:42.190 [pool-18-thread-13] INFO  e.e.e.d.x.v.XAdESCertificateSource - +XAdESCertificateSource
19:33:42.200 [pool-18-thread-13] INFO  e.e.e.d.v.CommonCertificateVerifier - + New CommonCertificateVerifier created.
19:33:42.229 [pool-18-thread-21] INFO  e.e.e.d.v.SignedDocumentValidator - Document validation...
19:33:42.242 [pool-18-thread-17] INFO  e.e.e.d.x.v.XAdESCertificateSource - +XAdESCertificateSource
19:33:42.267 [pool-18-thread-21] INFO  e.e.e.d.v.CommonCertificateVerifier - + New CommonCertificateVerifier created.
19:33:42.295 [pool-18-thread-17] INFO  e.e.e.d.v.CommonCertificateVerifier - + New CommonCertificateVerifier created.
19:33:42.397 [pool-18-thread-21] INFO  e.e.e.d.x.v.XAdESCertificateSource - +XAdESCertificateSource
19:33:42.406 [pool-18-thread-21] INFO  e.e.e.d.v.CommonCertificateVerifier - + New CommonCertificateVerifier created.
19:33:43.260 [pool-18-thread-29] INFO  e.e.e.d.v.CommonCertificateVerifier - + New CommonCertificateVerifier created.
19:33:43.272 [pool-18-thread-29] INFO  e.e.e.d.v.SignedDocumentValidator - Document validation...
19:33:43.284 [pool-18-thread-29] INFO  e.e.e.d.v.CommonCertificateVerifier - + New CommonCertificateVerifier created.
19:33:43.529 [pool-18-thread-29] INFO  e.e.e.d.x.v.XAdESCertificateSource - +XAdESCertificateSource
19:33:43.547 [pool-18-thread-29] INFO  e.e.e.d.v.CommonCertificateVerifier - + New CommonCertificateVerifier created.
19:33:44.236 [pool-18-thread-27] INFO  e.e.e.d.v.CommonCertificateVerifier - + New CommonCertificateVerifier created.
19:33:44.245 [pool-18-thread-27] INFO  e.e.e.d.v.SignedDocumentValidator - Document validation...
19:33:44.254 [pool-18-thread-27] INFO  e.e.e.d.v.CommonCertificateVerifier - + New CommonCertificateVerifier created.
19:33:44.369 [pool-18-thread-27] INFO  e.e.e.d.x.v.XAdESCertificateSource - +XAdESCertificateSource
19:33:44.376 [pool-18-thread-27] INFO  e.e.e.d.v.CommonCertificateVerifier - + New CommonCertificateVerifier created.
19:33:44.685 [pool-18-thread-26] INFO  e.e.e.d.v.CommonCertificateVerifier - + New CommonCertificateVerifier created.
19:33:44.694 [pool-18-thread-2] INFO  e.e.e.d.v.CommonCertificateVerifier - + New CommonCertificateVerifier created.
19:33:44.695 [pool-18-thread-26] INFO  e.e.e.d.v.SignedDocumentValidator - Document validation...
19:33:44.702 [pool-18-thread-2] INFO  e.e.e.d.v.SignedDocumentValidator - Document validation...
19:33:44.702 [pool-18-thread-26] INFO  e.e.e.d.v.CommonCertificateVerifier - + New CommonCertificateVerifier created.
19:33:44.709 [pool-18-thread-2] INFO  e.e.e.d.v.CommonCertificateVerifier - + New CommonCertificateVerifier created.
19:33:44.827 [pool-18-thread-2] INFO  e.e.e.d.x.v.XAdESCertificateSource - +XAdESCertificateSource
19:33:44.829 [pool-18-thread-26] INFO  e.e.e.d.x.v.XAdESCertificateSource - +XAdESCertificateSource
19:33:44.837 [pool-18-thread-2] INFO  e.e.e.d.v.CommonCertificateVerifier - + New CommonCertificateVerifier created.
19:33:44.840 [pool-18-thread-26] INFO  e.e.e.d.v.CommonCertificateVerifier - + New CommonCertificateVerifier created.
19:33:44.962 [pool-18-thread-14] INFO  e.e.e.d.v.CommonCertificateVerifier - + New CommonCertificateVerifier created.
19:33:44.985 [pool-18-thread-14] INFO  e.e.e.d.v.SignedDocumentValidator - Document validation...
19:33:45.007 [pool-18-thread-14] INFO  e.e.e.d.v.CommonCertificateVerifier - + New CommonCertificateVerifier created.
19:33:45.381 [pool-18-thread-14] INFO  e.e.e.d.x.v.XAdESCertificateSource - +XAdESCertificateSource
19:33:45.400 [pool-18-thread-14] INFO  e.e.e.d.v.CommonCertificateVerifier - + New CommonCertificateVerifier created.
19:33:45.847 [pool-18-thread-5] INFO  e.e.e.d.v.CommonCertificateVerifier - + New CommonCertificateVerifier created.
19:33:45.859 [pool-18-thread-5] INFO  e.e.e.d.v.SignedDocumentValidator - Document validation...
19:33:45.867 [pool-18-thread-5] INFO  e.e.e.d.v.CommonCertificateVerifier - + New CommonCertificateVerifier created.
19:33:46.048 [pool-18-thread-5] INFO  e.e.e.d.x.v.XAdESCertificateSource - +XAdESCertificateSource
19:33:46.059 [pool-18-thread-5] INFO  e.e.e.d.v.CommonCertificateVerifier - + New CommonCertificateVerifier created.
19:33:47.391 [pool-18-thread-9] INFO  e.e.e.d.v.CommonCertificateVerifier - + New CommonCertificateVerifier created.
19:33:47.397 [pool-18-thread-9] INFO  e.e.e.d.v.SignedDocumentValidator - Document validation...
19:33:47.402 [pool-18-thread-9] INFO  e.e.e.d.v.CommonCertificateVerifier - + New CommonCertificateVerifier created.
19:33:47.476 [pool-18-thread-9] INFO  e.e.e.d.x.v.XAdESCertificateSource - +XAdESCertificateSource
19:33:47.482 [pool-18-thread-9] INFO  e.e.e.d.v.CommonCertificateVerifier - + New CommonCertificateVerifier created.
19:33:50.279 [pool-18-thread-6] INFO  e.e.e.d.v.CommonCertificateVerifier - + New CommonCertificateVerifier created.
19:33:50.315 [pool-18-thread-6] INFO  e.e.e.d.v.SignedDocumentValidator - Document validation...
19:33:50.348 [pool-18-thread-6] INFO  e.e.e.d.v.CommonCertificateVerifier - + New CommonCertificateVerifier created.
19:33:51.251 [pool-18-thread-6] INFO  e.e.e.d.x.v.XAdESCertificateSource - +XAdESCertificateSource
19:33:51.300 [pool-18-thread-6] INFO  e.e.e.d.v.CommonCertificateVerifier - + New CommonCertificateVerifier created.
19:33:52.509 [main] INFO  e.e.esig.dss.tsl.job.TLValidationJob - Analysis is DONE for 31 TLSource(s)
19:33:52.540 [main] WARN  e.e.e.d.t.s.TrustedListCertificateSourceSynchronizer - No Parsing result for TLInfo with url [https://www.ssi.gouv.fr/uploads/tl-fr.xml]
19:33:52.647 [main] INFO  e.e.esig.dss.tsl.job.TLValidationJob - Offline refresh is DONE.
19:33:53.386 [main] DEBUG FOP - target-resolution set to: 72.0dpi (px2mm=0.35277778)
19:33:53.390 [main] INFO  e.e.e.d.v.CommonCertificateVerifier - + New CommonCertificateVerifier created.
19:33:53.395 [main] WARN  o.s.w.c.s.GenericWebApplicationContext - Exception encountered during context initialization - cancelling refresh attempt: org.springframework.beans.factory.UnsatisfiedDependencyException: Error creating bean with name 'userService' defined in file [C:\Users\vasco\OneDrive\Documents\Grupo1\AP2-PD2\dss-demonstrations-5.12.1\dss-demo-webapp\target\classes\eu\europa\esig\dss\web\service\UserService.class]: Unsatisfied dependency expressed through constructor parameter 0; nested exception is org.springframework.beans.factory.NoSuchBeanDefinitionException: No qualifying bean of type 'eu.europa.esig.dss.web.repository.UserRepository' available: expected at least 1 bean which qualifies as autowire candidate. Dependency annotations: {}
19:33:53.395 [main] ERROR o.s.test.context.TestContextManager - Caught exception while allowing TestExecutionListener [org.springframework.test.context.web.ServletTestExecutionListener@1f02b6d1] to prepare test instance [eu.europa.esig.dss.web.service.XSLTServiceTest@5c70eda4]
java.lang.IllegalStateException: Failed to load ApplicationContext
	at org.springframework.test.context.cache.DefaultCacheAwareContextLoaderDelegate.loadContext(DefaultCacheAwareContextLoaderDelegate.java:98)
	at org.springframework.test.context.support.DefaultTestContext.getApplicationContext(DefaultTestContext.java:124)
	at org.springframework.test.context.web.ServletTestExecutionListener.setUpRequestContextIfNecessary(ServletTestExecutionListener.java:190)
	at org.springframework.test.context.web.ServletTestExecutionListener.prepareTestInstance(ServletTestExecutionListener.java:132)
	at org.springframework.test.context.TestContextManager.prepareTestInstance(TestContextManager.java:248)
	at org.springframework.test.context.junit.jupiter.SpringExtension.postProcessTestInstance(SpringExtension.java:138)
	at org.junit.jupiter.engine.descriptor.ClassBasedTestDescriptor.lambda$invokeTestInstancePostProcessors$10(ClassBasedTestDescriptor.java:377)
	at org.junit.jupiter.engine.descriptor.ClassBasedTestDescriptor.executeAndMaskThrowable(ClassBasedTestDescriptor.java:382)
	at org.junit.jupiter.engine.descriptor.ClassBasedTestDescriptor.lambda$invokeTestInstancePostProcessors$11(ClassBasedTestDescriptor.java:377)
	at java.base/java.util.stream.ReferencePipeline$3$1.accept(ReferencePipeline.java:197)
	at java.base/java.util.stream.ReferencePipeline$2$1.accept(ReferencePipeline.java:179)
	at java.base/java.util.ArrayList$ArrayListSpliterator.forEachRemaining(ArrayList.java:1625)
	at java.base/java.util.stream.AbstractPipeline.copyInto(AbstractPipeline.java:509)
	at java.base/java.util.stream.AbstractPipeline.wrapAndCopyInto(AbstractPipeline.java:499)
	at java.base/java.util.stream.StreamSpliterators$WrappingSpliterator.forEachRemaining(StreamSpliterators.java:310)
	at java.base/java.util.stream.Streams$ConcatSpliterator.forEachRemaining(Streams.java:735)
	at java.base/java.util.stream.Streams$ConcatSpliterator.forEachRemaining(Streams.java:734)
	at java.base/java.util.stream.ReferencePipeline$Head.forEach(ReferencePipeline.java:762)
	at org.junit.jupiter.engine.descriptor.ClassBasedTestDescriptor.invokeTestInstancePostProcessors(ClassBasedTestDescriptor.java:376)
	at org.junit.jupiter.engine.descriptor.ClassBasedTestDescriptor.lambda$instantiateAndPostProcessTestInstance$6(ClassBasedTestDescriptor.java:289)
	at org.junit.platform.engine.support.hierarchical.ThrowableCollector.execute(ThrowableCollector.java:73)
	at org.junit.jupiter.engine.descriptor.ClassBasedTestDescriptor.instantiateAndPostProcessTestInstance(ClassBasedTestDescriptor.java:288)
	at org.junit.jupiter.engine.descriptor.ClassBasedTestDescriptor.lambda$testInstancesProvider$4(ClassBasedTestDescriptor.java:278)
	at java.base/java.util.Optional.orElseGet(Optional.java:364)
	at org.junit.jupiter.engine.descriptor.ClassBasedTestDescriptor.lambda$testInstancesProvider$5(ClassBasedTestDescriptor.java:277)
	at org.junit.jupiter.engine.execution.TestInstancesProvider.getTestInstances(TestInstancesProvider.java:31)
	at org.junit.jupiter.engine.descriptor.TestMethodTestDescriptor.lambda$prepare$0(TestMethodTestDescriptor.java:105)
	at org.junit.platform.engine.support.hierarchical.ThrowableCollector.execute(ThrowableCollector.java:73)
	at org.junit.jupiter.engine.descriptor.TestMethodTestDescriptor.prepare(TestMethodTestDescriptor.java:104)
	at org.junit.jupiter.engine.descriptor.TestMethodTestDescriptor.prepare(TestMethodTestDescriptor.java:68)
	at org.junit.platform.engine.support.hierarchical.NodeTestTask.lambda$prepare$2(NodeTestTask.java:123)
	at org.junit.platform.engine.support.hierarchical.ThrowableCollector.execute(ThrowableCollector.java:73)
	at org.junit.platform.engine.support.hierarchical.NodeTestTask.prepare(NodeTestTask.java:123)
	at org.junit.platform.engine.support.hierarchical.NodeTestTask.execute(NodeTestTask.java:90)
	at java.base/java.util.ArrayList.forEach(ArrayList.java:1511)
	at org.junit.platform.engine.support.hierarchical.SameThreadHierarchicalTestExecutorService.invokeAll(SameThreadHierarchicalTestExecutorService.java:41)
	at org.junit.platform.engine.support.hierarchical.NodeTestTask.lambda$executeRecursively$6(NodeTestTask.java:155)
	at org.junit.platform.engine.support.hierarchical.ThrowableCollector.execute(ThrowableCollector.java:73)
	at org.junit.platform.engine.support.hierarchical.NodeTestTask.lambda$executeRecursively$8(NodeTestTask.java:141)
	at org.junit.platform.engine.support.hierarchical.Node.around(Node.java:137)
	at org.junit.platform.engine.support.hierarchical.NodeTestTask.lambda$executeRecursively$9(NodeTestTask.java:139)
	at org.junit.platform.engine.support.hierarchical.ThrowableCollector.execute(ThrowableCollector.java:73)
	at org.junit.platform.engine.support.hierarchical.NodeTestTask.executeRecursively(NodeTestTask.java:138)
	at org.junit.platform.engine.support.hierarchical.NodeTestTask.execute(NodeTestTask.java:95)
	at java.base/java.util.ArrayList.forEach(ArrayList.java:1511)
	at org.junit.platform.engine.support.hierarchical.SameThreadHierarchicalTestExecutorService.invokeAll(SameThreadHierarchicalTestExecutorService.java:41)
	at org.junit.platform.engine.support.hierarchical.NodeTestTask.lambda$executeRecursively$6(NodeTestTask.java:155)
	at org.junit.platform.engine.support.hierarchical.ThrowableCollector.execute(ThrowableCollector.java:73)
	at org.junit.platform.engine.support.hierarchical.NodeTestTask.lambda$executeRecursively$8(NodeTestTask.java:141)
	at org.junit.platform.engine.support.hierarchical.Node.around(Node.java:137)
	at org.junit.platform.engine.support.hierarchical.NodeTestTask.lambda$executeRecursively$9(NodeTestTask.java:139)
	at org.junit.platform.engine.support.hierarchical.ThrowableCollector.execute(ThrowableCollector.java:73)
	at org.junit.platform.engine.support.hierarchical.NodeTestTask.executeRecursively(NodeTestTask.java:138)
	at org.junit.platform.engine.support.hierarchical.NodeTestTask.execute(NodeTestTask.java:95)
	at org.junit.platform.engine.support.hierarchical.SameThreadHierarchicalTestExecutorService.submit(SameThreadHierarchicalTestExecutorService.java:35)
	at org.junit.platform.engine.support.hierarchical.HierarchicalTestExecutor.execute(HierarchicalTestExecutor.java:57)
	at org.junit.platform.engine.support.hierarchical.HierarchicalTestEngine.execute(HierarchicalTestEngine.java:54)
	at org.junit.platform.launcher.core.EngineExecutionOrchestrator.execute(EngineExecutionOrchestrator.java:147)
	at org.junit.platform.launcher.core.EngineExecutionOrchestrator.execute(EngineExecutionOrchestrator.java:127)
	at org.junit.platform.launcher.core.EngineExecutionOrchestrator.execute(EngineExecutionOrchestrator.java:90)
	at org.junit.platform.launcher.core.EngineExecutionOrchestrator.lambda$execute$0(EngineExecutionOrchestrator.java:55)
	at org.junit.platform.launcher.core.EngineExecutionOrchestrator.withInterceptedStreams(EngineExecutionOrchestrator.java:102)
	at org.junit.platform.launcher.core.EngineExecutionOrchestrator.execute(EngineExecutionOrchestrator.java:54)
	at org.junit.platform.launcher.core.DefaultLauncher.execute(DefaultLauncher.java:114)
	at org.junit.platform.launcher.core.DefaultLauncher.execute(DefaultLauncher.java:86)
	at org.junit.platform.launcher.core.DefaultLauncherSession$DelegatingLauncher.execute(DefaultLauncherSession.java:86)
	at org.apache.maven.surefire.junitplatform.LazyLauncher.execute(LazyLauncher.java:50)
	at org.apache.maven.surefire.junitplatform.JUnitPlatformProvider.execute(JUnitPlatformProvider.java:184)
	at org.apache.maven.surefire.junitplatform.JUnitPlatformProvider.invokeAllTests(JUnitPlatformProvider.java:148)
	at org.apache.maven.surefire.junitplatform.JUnitPlatformProvider.invoke(JUnitPlatformProvider.java:122)
	at org.apache.maven.surefire.booter.ForkedBooter.runSuitesInProcess(ForkedBooter.java:385)
	at org.apache.maven.surefire.booter.ForkedBooter.execute(ForkedBooter.java:162)
	at org.apache.maven.surefire.booter.ForkedBooter.run(ForkedBooter.java:507)
	at org.apache.maven.surefire.booter.ForkedBooter.main(ForkedBooter.java:495)
Caused by: org.springframework.beans.factory.UnsatisfiedDependencyException: Error creating bean with name 'userService' defined in file [C:\Users\vasco\OneDrive\Documents\Grupo1\AP2-PD2\dss-demonstrations-5.12.1\dss-demo-webapp\target\classes\eu\europa\esig\dss\web\service\UserService.class]: Unsatisfied dependency expressed through constructor parameter 0; nested exception is org.springframework.beans.factory.NoSuchBeanDefinitionException: No qualifying bean of type 'eu.europa.esig.dss.web.repository.UserRepository' available: expected at least 1 bean which qualifies as autowire candidate. Dependency annotations: {}
	at org.springframework.beans.factory.support.ConstructorResolver.createArgumentArray(ConstructorResolver.java:800)
	at org.springframework.beans.factory.support.ConstructorResolver.autowireConstructor(ConstructorResolver.java:229)
	at org.springframework.beans.factory.support.AbstractAutowireCapableBeanFactory.autowireConstructor(AbstractAutowireCapableBeanFactory.java:1372)
	at org.springframework.beans.factory.support.AbstractAutowireCapableBeanFactory.createBeanInstance(AbstractAutowireCapableBeanFactory.java:1222)
	at org.springframework.beans.factory.support.AbstractAutowireCapableBeanFactory.doCreateBean(AbstractAutowireCapableBeanFactory.java:582)
	at org.springframework.beans.factory.support.AbstractAutowireCapableBeanFactory.createBean(AbstractAutowireCapableBeanFactory.java:542)
	at org.springframework.beans.factory.support.AbstractBeanFactory.lambda$doGetBean$0(AbstractBeanFactory.java:335)
	at org.springframework.beans.factory.support.DefaultSingletonBeanRegistry.getSingleton(DefaultSingletonBeanRegistry.java:234)
	at org.springframework.beans.factory.support.AbstractBeanFactory.doGetBean(AbstractBeanFactory.java:333)
	at org.springframework.beans.factory.support.AbstractBeanFactory.getBean(AbstractBeanFactory.java:208)
	at org.springframework.beans.factory.support.DefaultListableBeanFactory.preInstantiateSingletons(DefaultListableBeanFactory.java:955)
	at org.springframework.context.support.AbstractApplicationContext.finishBeanFactoryInitialization(AbstractApplicationContext.java:920)
	at org.springframework.context.support.AbstractApplicationContext.refresh(AbstractApplicationContext.java:583)
	at org.springframework.test.context.web.AbstractGenericWebContextLoader.loadContext(AbstractGenericWebContextLoader.java:129)
	at org.springframework.test.context.web.AbstractGenericWebContextLoader.loadContext(AbstractGenericWebContextLoader.java:61)
	at org.springframework.test.context.support.AbstractDelegatingSmartContextLoader.delegateLoading(AbstractDelegatingSmartContextLoader.java:276)
	at org.springframework.test.context.support.AbstractDelegatingSmartContextLoader.loadContext(AbstractDelegatingSmartContextLoader.java:244)
	at org.springframework.test.context.cache.DefaultCacheAwareContextLoaderDelegate.loadContextInternal(DefaultCacheAwareContextLoaderDelegate.java:141)
	at org.springframework.test.context.cache.DefaultCacheAwareContextLoaderDelegate.loadContext(DefaultCacheAwareContextLoaderDelegate.java:90)
	... 73 common frames omitted
Caused by: org.springframework.beans.factory.NoSuchBeanDefinitionException: No qualifying bean of type 'eu.europa.esig.dss.web.repository.UserRepository' available: expected at least 1 bean which qualifies as autowire candidate. Dependency annotations: {}
	at org.springframework.beans.factory.support.DefaultListableBeanFactory.raiseNoMatchingBeanFound(DefaultListableBeanFactory.java:1801)
	at org.springframework.beans.factory.support.DefaultListableBeanFactory.doResolveDependency(DefaultListableBeanFactory.java:1357)
	at org.springframework.beans.factory.support.DefaultListableBeanFactory.resolveDependency(DefaultListableBeanFactory.java:1311)
	at org.springframework.beans.factory.support.ConstructorResolver.resolveAutowiredArgument(ConstructorResolver.java:887)
	at org.springframework.beans.factory.support.ConstructorResolver.createArgumentArray(ConstructorResolver.java:791)
	... 91 common frames omitted
]]></system-out>
    <system-err><![CDATA[jun. 12, 2023 7:33:53 DA TARDE org.apache.cxf.wsdl.service.factory.ReflectionServiceFactoryBean buildServiceFromWSDL
INFO: Creating Service {http://tempuri.org/}CCMovelDigitalSignature from WSDL: https://cmd.autenticacao.gov.pt/Ama.Authentication.Frontend/CCMovelDigitalSignature.svc?wsdl
]]></system-err>
  </testcase>
</testsuite>