<?xml version="1.0" encoding="UTF-8"?>
<testsuite xmlns:xsi="http://www.w3.org/2001/XMLSchema-instance" xsi:noNamespaceSchemaLocation="https://maven.apache.org/surefire/maven-surefire-plugin/xsd/surefire-test-report-3.0.xsd" version="3.0" name="eu.europa.esig.dss.web.service.FOPServiceTest" time="86.876" tests="4" errors="4" skipped="0" failures="0">
  <properties>
    <property name="java.specification.version" value="20"/>
    <property name="sun.cpu.isalist" value="amd64"/>
    <property name="sun.jnu.encoding" value="Cp1252"/>
    <property name="java.class.path" value="C:\Users\vasco\OneDrive\Documents\Grupo1\AP2-PD2\dss-demonstrations-5.12.1\dss-demo-webapp\target\test-classes;C:\Users\vasco\OneDrive\Documents\Grupo1\AP2-PD2\dss-demonstrations-5.12.1\dss-demo-webapp\target\classes;C:\Users\vasco\.m2\repository\org\springframework\boot\spring-boot-starter-data-jpa\2.5.2\spring-boot-starter-data-jpa-2.5.2.jar;C:\Users\vasco\.m2\repository\org\springframework\boot\spring-boot-starter-aop\2.5.2\spring-boot-starter-aop-2.5.2.jar;C:\Users\vasco\.m2\repository\org\springframework\boot\spring-boot-starter\2.5.2\spring-boot-starter-2.5.2.jar;C:\Users\vasco\.m2\repository\org\springframework\boot\spring-boot\2.5.2\spring-boot-2.5.2.jar;C:\Users\vasco\.m2\repository\org\springframework\boot\spring-boot-autoconfigure\2.5.2\spring-boot-autoconfigure-2.5.2.jar;C:\Users\vasco\.m2\repository\org\springframework\boot\spring-boot-starter-logging\2.5.2\spring-boot-starter-logging-2.5.2.jar;C:\Users\vasco\.m2\repository\org\apache\logging\log4j\log4j-to-slf4j\2.14.1\log4j-to-slf4j-2.14.1.jar;C:\Users\vasco\.m2\repository\org\apache\logging\log4j\log4j-api\2.14.1\log4j-api-2.14.1.jar;C:\Users\vasco\.m2\repository\org\slf4j\jul-to-slf4j\2.0.7\jul-to-slf4j-2.0.7.jar;C:\Users\vasco\.m2\repository\org\yaml\snakeyaml\1.28\snakeyaml-1.28.jar;C:\Users\vasco\.m2\repository\org\aspectj\aspectjweaver\1.9.6\aspectjweaver-1.9.6.jar;C:\Users\vasco\.m2\repository\org\springframework\boot\spring-boot-starter-jdbc\2.5.2\spring-boot-starter-jdbc-2.5.2.jar;C:\Users\vasco\.m2\repository\jakarta\transaction\jakarta.transaction-api\1.3.3\jakarta.transaction-api-1.3.3.jar;C:\Users\vasco\.m2\repository\jakarta\persistence\jakarta.persistence-api\2.2.3\jakarta.persistence-api-2.2.3.jar;C:\Users\vasco\.m2\repository\org\hibernate\hibernate-core\5.4.32.Final\hibernate-core-5.4.32.Final.jar;C:\Users\vasco\.m2\repository\org\javassist\javassist\3.27.0-GA\javassist-3.27.0-GA.jar;C:\Users\vasco\.m2\repository\net\bytebuddy\byte-buddy\1.10.22\byte-buddy-1.10.22.jar;C:\Users\vasco\.m2\repository\antlr\antlr\2.7.7\antlr-2.7.7.jar;C:\Users\vasco\.m2\repository\org\jboss\jandex\2.2.3.Final\jandex-2.2.3.Final.jar;C:\Users\vasco\.m2\repository\org\dom4j\dom4j\2.1.3\dom4j-2.1.3.jar;C:\Users\vasco\.m2\repository\org\hibernate\common\hibernate-commons-annotations\5.1.2.Final\hibernate-commons-annotations-5.1.2.Final.jar;C:\Users\vasco\.m2\repository\org\springframework\data\spring-data-jpa\2.5.2\spring-data-jpa-2.5.2.jar;C:\Users\vasco\.m2\repository\org\springframework\data\spring-data-commons\2.5.2\spring-data-commons-2.5.2.jar;C:\Users\vasco\.m2\repository\org\springframework\spring-orm\5.3.8\spring-orm-5.3.8.jar;C:\Users\vasco\.m2\repository\org\springframework\spring-aspects\5.3.8\spring-aspects-5.3.8.jar;C:\Users\vasco\.m2\repository\org\postgresql\postgresql\42.5.4\postgresql-42.5.4.jar;C:\Users\vasco\.m2\repository\org\checkerframework\checker-qual\3.5.0\checker-qual-3.5.0.jar;C:\Users\vasco\.m2\repository\org\springframework\spring-webmvc\5.3.27\spring-webmvc-5.3.27.jar;C:\Users\vasco\.m2\repository\org\springframework\spring-aop\5.3.27\spring-aop-5.3.27.jar;C:\Users\vasco\.m2\repository\org\springframework\spring-beans\5.3.27\spring-beans-5.3.27.jar;C:\Users\vasco\.m2\repository\org\springframework\spring-context\5.3.27\spring-context-5.3.27.jar;C:\Users\vasco\.m2\repository\org\springframework\spring-core\5.3.27\spring-core-5.3.27.jar;C:\Users\vasco\.m2\repository\org\springframework\spring-jcl\5.3.27\spring-jcl-5.3.27.jar;C:\Users\vasco\.m2\repository\org\springframework\spring-expression\5.3.27\spring-expression-5.3.27.jar;C:\Users\vasco\.m2\repository\org\springframework\spring-web\5.3.27\spring-web-5.3.27.jar;C:\Users\vasco\.m2\repository\org\springframework\spring-context-support\5.3.27\spring-context-support-5.3.27.jar;C:\Users\vasco\.m2\repository\org\springframework\spring-jdbc\5.3.27\spring-jdbc-5.3.27.jar;C:\Users\vasco\.m2\repository\org\springframework\spring-tx\5.3.27\spring-tx-5.3.27.jar;C:\Users\vasco\.m2\repository\org\springframework\spring-oxm\5.3.27\spring-oxm-5.3.27.jar;C:\Users\vasco\.m2\repository\org\springframework\security\spring-security-web\5.8.3\spring-security-web-5.8.3.jar;C:\Users\vasco\.m2\repository\org\springframework\security\spring-security-core\5.8.3\spring-security-core-5.8.3.jar;C:\Users\vasco\.m2\repository\org\springframework\security\spring-security-crypto\5.8.3\spring-security-crypto-5.8.3.jar;C:\Users\vasco\.m2\repository\org\springframework\security\spring-security-config\5.8.3\spring-security-config-5.8.3.jar;C:\Users\vasco\.m2\repository\org\thymeleaf\thymeleaf-spring5\3.0.15.RELEASE\thymeleaf-spring5-3.0.15.RELEASE.jar;C:\Users\vasco\.m2\repository\org\thymeleaf\thymeleaf\3.0.15.RELEASE\thymeleaf-3.0.15.RELEASE.jar;C:\Users\vasco\.m2\repository\org\attoparser\attoparser\2.0.5.RELEASE\attoparser-2.0.5.RELEASE.jar;C:\Users\vasco\.m2\repository\org\unbescape\unbescape\1.1.6.RELEASE\unbescape-1.1.6.RELEASE.jar;C:\Users\vasco\.m2\repository\nz\net\ultraq\thymeleaf\thymeleaf-layout-dialect\3.2.1\thymeleaf-layout-dialect-3.2.1.jar;C:\Users\vasco\.m2\repository\org\apache\groovy\groovy\4.0.10\groovy-4.0.10.jar;C:\Users\vasco\.m2\repository\nz\net\ultraq\groovy\groovy-extensions\2.1.0\groovy-extensions-2.1.0.jar;C:\Users\vasco\.m2\repository\nz\net\ultraq\thymeleaf\thymeleaf-expression-processor\3.1.1\thymeleaf-expression-processor-3.1.1.jar;C:\Users\vasco\OneDrive\Documents\Grupo1\AP2-PD2\dss-demonstrations-5.12.1\dss-mock-tsa\target\dss-mock-tsa-5.12.1.jar;C:\Users\vasco\.m2\repository\eu\europa\ec\joinup\sd-dss\dss-spi\5.12.1\dss-spi-5.12.1.jar;C:\Users\vasco\.m2\repository\org\bouncycastle\bcpkix-jdk18on\1.72\bcpkix-jdk18on-1.72.jar;C:\Users\vasco\.m2\repository\org\bouncycastle\bcutil-jdk18on\1.72\bcutil-jdk18on-1.72.jar;C:\Users\vasco\.m2\repository\eu\europa\ec\joinup\sd-dss\dss-service\5.12.1\dss-service-5.12.1.jar;C:\Users\vasco\.m2\repository\org\apache\httpcomponents\client5\httpclient5\5.2.1\httpclient5-5.2.1.jar;C:\Users\vasco\.m2\repository\org\apache\httpcomponents\core5\httpcore5\5.2\httpcore5-5.2.jar;C:\Users\vasco\.m2\repository\org\apache\httpcomponents\core5\httpcore5-h2\5.2\httpcore5-h2-5.2.jar;C:\Users\vasco\.m2\repository\eu\europa\ec\joinup\sd-dss\dss-tsl-validation\5.12.1\dss-tsl-validation-5.12.1.jar;C:\Users\vasco\.m2\repository\eu\europa\ec\joinup\sd-dss\specs-trusted-list\5.12.1\specs-trusted-list-5.12.1.jar;C:\Users\vasco\.m2\repository\eu\europa\ec\joinup\sd-dss\specs-xmldsig\5.12.1\specs-xmldsig-5.12.1.jar;C:\Users\vasco\.m2\repository\eu\europa\ec\joinup\sd-dss\dss-jaxb-common\5.12.1\dss-jaxb-common-5.12.1.jar;C:\Users\vasco\.m2\repository\eu\europa\ec\joinup\sd-dss\dss-alert\5.12.1\dss-alert-5.12.1.jar;C:\Users\vasco\.m2\repository\eu\europa\ec\joinup\sd-dss\specs-xades\5.12.1\specs-xades-5.12.1.jar;C:\Users\vasco\.m2\repository\eu\europa\ec\joinup\sd-dss\dss-jaxb-parsers\5.12.1\dss-jaxb-parsers-5.12.1.jar;C:\Users\vasco\.m2\repository\eu\europa\ec\joinup\sd-dss\dss-xades\5.12.1\dss-xades-5.12.1.jar;C:\Users\vasco\.m2\repository\eu\europa\ec\joinup\sd-dss\dss-document\5.12.1\dss-document-5.12.1.jar;C:\Users\vasco\.m2\repository\eu\europa\ec\joinup\sd-dss\validation-policy\5.12.1\validation-policy-5.12.1.jar;C:\Users\vasco\.m2\repository\eu\europa\ec\joinup\sd-dss\dss-policy-jaxb\5.12.1\dss-policy-jaxb-5.12.1.jar;C:\Users\vasco\.m2\repository\eu\europa\ec\joinup\sd-dss\dss-i18n\5.12.1\dss-i18n-5.12.1.jar;C:\Users\vasco\.m2\repository\org\apache\santuario\xmlsec\2.3.3\xmlsec-2.3.3.jar;C:\Users\vasco\.m2\repository\commons-codec\commons-codec\1.15\commons-codec-1.15.jar;C:\Users\vasco\.m2\repository\eu\europa\ec\joinup\sd-dss\dss-utils-google-guava\5.12.1\dss-utils-google-guava-5.12.1.jar;C:\Users\vasco\.m2\repository\eu\europa\ec\joinup\sd-dss\dss-utils\5.12.1\dss-utils-5.12.1.jar;C:\Users\vasco\.m2\repository\com\google\guava\guava\32.0.0-jre\guava-32.0.0-jre.jar;C:\Users\vasco\.m2\repository\com\google\guava\failureaccess\1.0.1\failureaccess-1.0.1.jar;C:\Users\vasco\.m2\repository\com\google\guava\listenablefuture\9999.0-empty-to-avoid-conflict-with-guava\listenablefuture-9999.0-empty-to-avoid-conflict-with-guava.jar;C:\Users\vasco\.m2\repository\com\google\code\findbugs\jsr305\3.0.2\jsr305-3.0.2.jar;C:\Users\vasco\.m2\repository\com\google\errorprone\error_prone_annotations\2.18.0\error_prone_annotations-2.18.0.jar;C:\Users\vasco\.m2\repository\com\google\j2objc\j2objc-annotations\2.8\j2objc-annotations-2.8.jar;C:\Users\vasco\.m2\repository\eu\europa\ec\joinup\sd-dss\dss-crl-parser-stream\5.12.1\dss-crl-parser-stream-5.12.1.jar;C:\Users\vasco\.m2\repository\eu\europa\ec\joinup\sd-dss\dss-crl-parser\5.12.1\dss-crl-parser-5.12.1.jar;C:\Users\vasco\.m2\repository\org\bouncycastle\bcprov-jdk18on\1.72\bcprov-jdk18on-1.72.jar;C:\Users\vasco\.m2\repository\org\apache\cxf\cxf-rt-transports-http\3.5.5\cxf-rt-transports-http-3.5.5.jar;C:\Users\vasco\.m2\repository\org\apache\cxf\cxf-core\3.5.5\cxf-core-3.5.5.jar;C:\Users\vasco\.m2\repository\com\fasterxml\woodstox\woodstox-core\6.5.0\woodstox-core-6.5.0.jar;C:\Users\vasco\.m2\repository\org\codehaus\woodstox\stax2-api\4.2.1\stax2-api-4.2.1.jar;C:\Users\vasco\.m2\repository\org\apache\ws\xmlschema\xmlschema-core\2.3.0\xmlschema-core-2.3.0.jar;C:\Users\vasco\.m2\repository\jakarta\annotation\jakarta.annotation-api\1.3.5\jakarta.annotation-api-1.3.5.jar;C:\Users\vasco\.m2\repository\jakarta\xml\ws\jakarta.xml.ws-api\2.3.3\jakarta.xml.ws-api-2.3.3.jar;C:\Users\vasco\.m2\repository\jakarta\jws\jakarta.jws-api\2.1.0\jakarta.jws-api-2.1.0.jar;C:\Users\vasco\.m2\repository\jakarta\xml\soap\jakarta.xml.soap-api\1.4.2\jakarta.xml.soap-api-1.4.2.jar;C:\Users\vasco\.m2\repository\jakarta\activation\jakarta.activation-api\1.2.2\jakarta.activation-api-1.2.2.jar;C:\Users\vasco\.m2\repository\com\sun\activation\jakarta.activation\1.2.2\jakarta.activation-1.2.2.jar;C:\Users\vasco\.m2\repository\com\sun\xml\messaging\saaj\saaj-impl\1.5.3\saaj-impl-1.5.3.jar;C:\Users\vasco\.m2\repository\org\jvnet\staxex\stax-ex\1.8.3\stax-ex-1.8.3.jar;C:\Users\vasco\.m2\repository\org\apache\geronimo\specs\geronimo-jta_1.1_spec\1.1.1\geronimo-jta_1.1_spec-1.1.1.jar;C:\Users\vasco\.m2\repository\org\apache\cxf\cxf-rt-frontend-jaxws\3.5.5\cxf-rt-frontend-jaxws-3.5.5.jar;C:\Users\vasco\.m2\repository\xml-resolver\xml-resolver\1.2\xml-resolver-1.2.jar;C:\Users\vasco\.m2\repository\org\ow2\asm\asm\9.4\asm-9.4.jar;C:\Users\vasco\.m2\repository\org\apache\cxf\cxf-rt-bindings-soap\3.5.5\cxf-rt-bindings-soap-3.5.5.jar;C:\Users\vasco\.m2\repository\org\apache\cxf\cxf-rt-wsdl\3.5.5\cxf-rt-wsdl-3.5.5.jar;C:\Users\vasco\.m2\repository\wsdl4j\wsdl4j\1.6.3\wsdl4j-1.6.3.jar;C:\Users\vasco\.m2\repository\org\apache\cxf\cxf-rt-databinding-jaxb\3.5.5\cxf-rt-databinding-jaxb-3.5.5.jar;C:\Users\vasco\.m2\repository\org\apache\cxf\cxf-rt-bindings-xml\3.5.5\cxf-rt-bindings-xml-3.5.5.jar;C:\Users\vasco\.m2\repository\org\apache\cxf\cxf-rt-frontend-simple\3.5.5\cxf-rt-frontend-simple-3.5.5.jar;C:\Users\vasco\.m2\repository\org\apache\cxf\cxf-rt-ws-addr\3.5.5\cxf-rt-ws-addr-3.5.5.jar;C:\Users\vasco\.m2\repository\org\apache\cxf\cxf-rt-ws-policy\3.5.5\cxf-rt-ws-policy-3.5.5.jar;C:\Users\vasco\.m2\repository\org\apache\cxf\cxf-rt-ws-security\3.5.5\cxf-rt-ws-security-3.5.5.jar;C:\Users\vasco\.m2\repository\org\apache\cxf\cxf-rt-security-saml\3.5.5\cxf-rt-security-saml-3.5.5.jar;C:\Users\vasco\.m2\repository\org\apache\cxf\cxf-rt-security\3.5.5\cxf-rt-security-3.5.5.jar;C:\Users\vasco\.m2\repository\org\ehcache\ehcache\3.9.3\ehcache-3.9.3.jar;C:\Users\vasco\.m2\repository\org\apache\wss4j\wss4j-ws-security-dom\2.4.1\wss4j-ws-security-dom-2.4.1.jar;C:\Users\vasco\.m2\repository\org\apache\wss4j\wss4j-ws-security-common\2.4.1\wss4j-ws-security-common-2.4.1.jar;C:\Users\vasco\.m2\repository\org\opensaml\opensaml-saml-impl\3.4.6\opensaml-saml-impl-3.4.6.jar;C:\Users\vasco\.m2\repository\org\opensaml\opensaml-profile-api\3.4.6\opensaml-profile-api-3.4.6.jar;C:\Users\vasco\.m2\repository\org\opensaml\opensaml-core\3.4.6\opensaml-core-3.4.6.jar;C:\Users\vasco\.m2\repository\io\dropwizard\metrics\metrics-core\3.1.5\metrics-core-3.1.5.jar;C:\Users\vasco\.m2\repository\org\opensaml\opensaml-saml-api\3.4.6\opensaml-saml-api-3.4.6.jar;C:\Users\vasco\.m2\repository\org\opensaml\opensaml-xmlsec-api\3.4.6\opensaml-xmlsec-api-3.4.6.jar;C:\Users\vasco\.m2\repository\org\opensaml\opensaml-soap-api\3.4.6\opensaml-soap-api-3.4.6.jar;C:\Users\vasco\.m2\repository\org\opensaml\opensaml-security-impl\3.4.6\opensaml-security-impl-3.4.6.jar;C:\Users\vasco\.m2\repository\org\opensaml\opensaml-security-api\3.4.6\opensaml-security-api-3.4.6.jar;C:\Users\vasco\.m2\repository\org\opensaml\opensaml-xmlsec-impl\3.4.6\opensaml-xmlsec-impl-3.4.6.jar;C:\Users\vasco\.m2\repository\net\shibboleth\utilities\java-support\7.5.2\java-support-7.5.2.jar;C:\Users\vasco\.m2\repository\org\cryptacular\cryptacular\1.2.4\cryptacular-1.2.4.jar;C:\Users\vasco\.m2\repository\org\bouncycastle\bcprov-jdk15on\1.64\bcprov-jdk15on-1.64.jar;C:\Users\vasco\.m2\repository\joda-time\joda-time\2.10.10\joda-time-2.10.10.jar;C:\Users\vasco\.m2\repository\org\opensaml\opensaml-xacml-impl\3.4.6\opensaml-xacml-impl-3.4.6.jar;C:\Users\vasco\.m2\repository\org\opensaml\opensaml-xacml-api\3.4.6\opensaml-xacml-api-3.4.6.jar;C:\Users\vasco\.m2\repository\org\opensaml\opensaml-xacml-saml-impl\3.4.6\opensaml-xacml-saml-impl-3.4.6.jar;C:\Users\vasco\.m2\repository\org\opensaml\opensaml-xacml-saml-api\3.4.6\opensaml-xacml-saml-api-3.4.6.jar;C:\Users\vasco\.m2\repository\org\jasypt\jasypt\1.9.3\jasypt-1.9.3.jar;C:\Users\vasco\.m2\repository\org\apache\geronimo\javamail\geronimo-javamail_1.4_mail\1.8.4\geronimo-javamail_1.4_mail-1.8.4.jar;C:\Users\vasco\.m2\repository\org\apache\wss4j\wss4j-policy\2.4.1\wss4j-policy-2.4.1.jar;C:\Users\vasco\.m2\repository\org\apache\neethi\neethi\3.1.1\neethi-3.1.1.jar;C:\Users\vasco\.m2\repository\org\apache\wss4j\wss4j-ws-security-stax\2.4.1\wss4j-ws-security-stax-2.4.1.jar;C:\Users\vasco\.m2\repository\org\apache\wss4j\wss4j-bindings\2.4.1\wss4j-bindings-2.4.1.jar;C:\Users\vasco\.m2\repository\org\apache\wss4j\wss4j-ws-security-policy-stax\2.4.1\wss4j-ws-security-policy-stax-2.4.1.jar;C:\Users\vasco\.m2\repository\eu\europa\ec\joinup\sd-dss\dss-signature-soap\5.12.1\dss-signature-soap-5.12.1.jar;C:\Users\vasco\.m2\repository\eu\europa\ec\joinup\sd-dss\dss-signature-soap-client\5.12.1\dss-signature-soap-client-5.12.1.jar;C:\Users\vasco\.m2\repository\eu\europa\ec\joinup\sd-dss\dss-signature-dto\5.12.1\dss-signature-dto-5.12.1.jar;C:\Users\vasco\.m2\repository\eu\europa\ec\joinup\sd-dss\dss-common-remote-dto\5.12.1\dss-common-remote-dto-5.12.1.jar;C:\Users\vasco\.m2\repository\eu\europa\ec\joinup\sd-dss\dss-signature-remote\5.12.1\dss-signature-remote-5.12.1.jar;C:\Users\vasco\.m2\repository\eu\europa\ec\joinup\sd-dss\dss-common-remote-converter\5.12.1\dss-common-remote-converter-5.12.1.jar;C:\Users\vasco\.m2\repository\eu\europa\ec\joinup\sd-dss\dss-cades\5.12.1\dss-cades-5.12.1.jar;C:\Users\vasco\.m2\repository\eu\europa\ec\joinup\sd-dss\dss-jades\5.12.1\dss-jades-5.12.1.jar;C:\Users\vasco\.m2\repository\eu\europa\ec\joinup\sd-dss\specs-jades\5.12.1\specs-jades-5.12.1.jar;C:\Users\vasco\.m2\repository\eu\europa\ec\joinup\sd-dss\specs-jws\5.12.1\specs-jws-5.12.1.jar;C:\Users\vasco\.m2\repository\com\github\erosb\everit-json-schema\1.14.2\everit-json-schema-1.14.2.jar;C:\Users\vasco\.m2\repository\org\json\json\20230227\json-20230227.jar;C:\Users\vasco\.m2\repository\commons-validator\commons-validator\1.7\commons-validator-1.7.jar;C:\Users\vasco\.m2\repository\commons-digester\commons-digester\2.1\commons-digester-2.1.jar;C:\Users\vasco\.m2\repository\commons-collections\commons-collections\3.2.2\commons-collections-3.2.2.jar;C:\Users\vasco\.m2\repository\com\damnhandy\handy-uri-templates\2.1.8\handy-uri-templates-2.1.8.jar;C:\Users\vasco\.m2\repository\com\google\re2j\re2j\1.6\re2j-1.6.jar;C:\Users\vasco\.m2\repository\org\bitbucket\b_c\jose4j\0.9.3\jose4j-0.9.3.jar;C:\Users\vasco\.m2\repository\eu\europa\ec\joinup\sd-dss\dss-asic-cades\5.12.1\dss-asic-cades-5.12.1.jar;C:\Users\vasco\.m2\repository\eu\europa\ec\joinup\sd-dss\dss-asic-common\5.12.1\dss-asic-common-5.12.1.jar;C:\Users\vasco\.m2\repository\eu\europa\ec\joinup\sd-dss\dss-asic-xades\5.12.1\dss-asic-xades-5.12.1.jar;C:\Users\vasco\.m2\repository\eu\europa\ec\joinup\sd-dss\dss-validation-soap\5.12.1\dss-validation-soap-5.12.1.jar;C:\Users\vasco\.m2\repository\eu\europa\ec\joinup\sd-dss\dss-validation-soap-client\5.12.1\dss-validation-soap-client-5.12.1.jar;C:\Users\vasco\.m2\repository\eu\europa\ec\joinup\sd-dss\dss-validation-dto\5.12.1\dss-validation-dto-5.12.1.jar;C:\Users\vasco\.m2\repository\eu\europa\ec\joinup\sd-dss\dss-diagnostic-jaxb\5.12.1\dss-diagnostic-jaxb-5.12.1.jar;C:\Users\vasco\.m2\repository\eu\europa\ec\joinup\sd-dss\dss-simple-report-jaxb\5.12.1\dss-simple-report-jaxb-5.12.1.jar;C:\Users\vasco\.m2\repository\eu\europa\ec\joinup\sd-dss\dss-detailed-report-jaxb\5.12.1\dss-detailed-report-jaxb-5.12.1.jar;C:\Users\vasco\.m2\repository\eu\europa\ec\joinup\sd-dss\specs-validation-report\5.12.1\specs-validation-report-5.12.1.jar;C:\Users\vasco\.m2\repository\eu\europa\ec\joinup\sd-dss\dss-validation-server-common\5.12.1\dss-validation-server-common-5.12.1.jar;C:\Users\vasco\.m2\repository\eu\europa\ec\joinup\sd-dss\dss-certificate-validation-soap\5.12.1\dss-certificate-validation-soap-5.12.1.jar;C:\Users\vasco\.m2\repository\eu\europa\ec\joinup\sd-dss\dss-certificate-validation-common\5.12.1\dss-certificate-validation-common-5.12.1.jar;C:\Users\vasco\.m2\repository\eu\europa\ec\joinup\sd-dss\dss-certificate-validation-dto\5.12.1\dss-certificate-validation-dto-5.12.1.jar;C:\Users\vasco\.m2\repository\eu\europa\ec\joinup\sd-dss\dss-simple-certificate-report-jaxb\5.12.1\dss-simple-certificate-report-jaxb-5.12.1.jar;C:\Users\vasco\.m2\repository\eu\europa\ec\joinup\sd-dss\dss-certificate-validation-soap-client\5.12.1\dss-certificate-validation-soap-client-5.12.1.jar;C:\Users\vasco\.m2\repository\eu\europa\ec\joinup\sd-dss\dss-server-signing-soap\5.12.1\dss-server-signing-soap-5.12.1.jar;C:\Users\vasco\.m2\repository\eu\europa\ec\joinup\sd-dss\dss-server-signing-common\5.12.1\dss-server-signing-common-5.12.1.jar;C:\Users\vasco\.m2\repository\eu\europa\ec\joinup\sd-dss\dss-server-signing-dto\5.12.1\dss-server-signing-dto-5.12.1.jar;C:\Users\vasco\.m2\repository\eu\europa\ec\joinup\sd-dss\dss-server-signing-soap-client\5.12.1\dss-server-signing-soap-client-5.12.1.jar;C:\Users\vasco\.m2\repository\eu\europa\ec\joinup\sd-dss\dss-timestamp-remote-soap\5.12.1\dss-timestamp-remote-soap-5.12.1.jar;C:\Users\vasco\.m2\repository\eu\europa\ec\joinup\sd-dss\dss-timestamp-remote\5.12.1\dss-timestamp-remote-5.12.1.jar;C:\Users\vasco\.m2\repository\eu\europa\ec\joinup\sd-dss\dss-timestamp-dto\5.12.1\dss-timestamp-dto-5.12.1.jar;C:\Users\vasco\.m2\repository\eu\europa\ec\joinup\sd-dss\dss-timestamp-remote-soap-client\5.12.1\dss-timestamp-remote-soap-client-5.12.1.jar;C:\Users\vasco\.m2\repository\eu\europa\ec\joinup\sd-dss\dss-pades-pdfbox\5.12.1\dss-pades-pdfbox-5.12.1.jar;C:\Users\vasco\.m2\repository\eu\europa\ec\joinup\sd-dss\dss-pades\5.12.1\dss-pades-5.12.1.jar;C:\Users\vasco\.m2\repository\org\apache\pdfbox\pdfbox\2.0.28\pdfbox-2.0.28.jar;C:\Users\vasco\.m2\repository\org\apache\pdfbox\fontbox\2.0.28\fontbox-2.0.28.jar;C:\Users\vasco\.m2\repository\org\apache\cxf\cxf-rt-rs-service-description\3.5.5\cxf-rt-rs-service-description-3.5.5.jar;C:\Users\vasco\.m2\repository\org\apache\cxf\cxf-rt-frontend-jaxrs\3.5.5\cxf-rt-frontend-jaxrs-3.5.5.jar;C:\Users\vasco\.m2\repository\jakarta\ws\rs\jakarta.ws.rs-api\2.1.6\jakarta.ws.rs-api-2.1.6.jar;C:\Users\vasco\.m2\repository\org\apache\cxf\cxf-rt-features-logging\3.5.5\cxf-rt-features-logging-3.5.5.jar;C:\Users\vasco\.m2\repository\org\apache\cxf\cxf-rt-rs-service-description-openapi-v3\3.5.5\cxf-rt-rs-service-description-openapi-v3-3.5.5.jar;C:\Users\vasco\.m2\repository\org\apache\cxf\cxf-rt-rs-service-description-common-openapi\3.5.5\cxf-rt-rs-service-description-common-openapi-3.5.5.jar;C:\Users\vasco\.m2\repository\org\apache\cxf\cxf-rt-rs-service-description-swagger-ui\3.5.5\cxf-rt-rs-service-description-swagger-ui-3.5.5.jar;C:\Users\vasco\.m2\repository\io\swagger\core\v3\swagger-jaxrs2\2.1.13\swagger-jaxrs2-2.1.13.jar;C:\Users\vasco\.m2\repository\io\github\classgraph\classgraph\4.8.138\classgraph-4.8.138.jar;C:\Users\vasco\.m2\repository\io\swagger\core\v3\swagger-models\2.1.13\swagger-models-2.1.13.jar;C:\Users\vasco\.m2\repository\io\swagger\core\v3\swagger-annotations\2.1.13\swagger-annotations-2.1.13.jar;C:\Users\vasco\.m2\repository\io\swagger\core\v3\swagger-integration\2.1.13\swagger-integration-2.1.13.jar;C:\Users\vasco\.m2\repository\io\swagger\core\v3\swagger-core\2.1.13\swagger-core-2.1.13.jar;C:\Users\vasco\.m2\repository\org\apache\commons\commons-lang3\3.12.0\commons-lang3-3.12.0.jar;C:\Users\vasco\.m2\repository\com\fasterxml\jackson\dataformat\jackson-dataformat-yaml\2.12.1\jackson-dataformat-yaml-2.12.1.jar;C:\Users\vasco\.m2\repository\com\fasterxml\jackson\datatype\jackson-datatype-jsr310\2.12.1\jackson-datatype-jsr310-2.12.1.jar;C:\Users\vasco\.m2\repository\org\webjars\swagger-ui\4.18.2\swagger-ui-4.18.2.jar;C:\Users\vasco\.m2\repository\com\fasterxml\jackson\jaxrs\jackson-jaxrs-json-provider\2.15.1\jackson-jaxrs-json-provider-2.15.1.jar;C:\Users\vasco\.m2\repository\com\fasterxml\jackson\jaxrs\jackson-jaxrs-base\2.15.1\jackson-jaxrs-base-2.15.1.jar;C:\Users\vasco\.m2\repository\com\fasterxml\jackson\core\jackson-core\2.15.1\jackson-core-2.15.1.jar;C:\Users\vasco\.m2\repository\com\fasterxml\jackson\core\jackson-databind\2.15.1\jackson-databind-2.15.1.jar;C:\Users\vasco\.m2\repository\com\fasterxml\jackson\module\jackson-module-jaxb-annotations\2.15.1\jackson-module-jaxb-annotations-2.15.1.jar;C:\Users\vasco\.m2\repository\com\fasterxml\jackson\core\jackson-annotations\2.15.1\jackson-annotations-2.15.1.jar;C:\Users\vasco\.m2\repository\eu\europa\ec\joinup\sd-dss\dss-signature-rest\5.12.1\dss-signature-rest-5.12.1.jar;C:\Users\vasco\.m2\repository\eu\europa\ec\joinup\sd-dss\dss-signature-rest-client\5.12.1\dss-signature-rest-client-5.12.1.jar;C:\Users\vasco\.m2\repository\eu\europa\ec\joinup\sd-dss\dss-validation-rest\5.12.1\dss-validation-rest-5.12.1.jar;C:\Users\vasco\.m2\repository\eu\europa\ec\joinup\sd-dss\dss-validation-rest-client\5.12.1\dss-validation-rest-client-5.12.1.jar;C:\Users\vasco\.m2\repository\eu\europa\ec\joinup\sd-dss\dss-certificate-validation-rest\5.12.1\dss-certificate-validation-rest-5.12.1.jar;C:\Users\vasco\.m2\repository\eu\europa\ec\joinup\sd-dss\dss-certificate-validation-rest-client\5.12.1\dss-certificate-validation-rest-client-5.12.1.jar;C:\Users\vasco\.m2\repository\eu\europa\ec\joinup\sd-dss\dss-server-signing-rest\5.12.1\dss-server-signing-rest-5.12.1.jar;C:\Users\vasco\.m2\repository\eu\europa\ec\joinup\sd-dss\dss-server-signing-rest-client\5.12.1\dss-server-signing-rest-client-5.12.1.jar;C:\Users\vasco\.m2\repository\eu\europa\ec\joinup\sd-dss\dss-timestamp-remote-rest\5.12.1\dss-timestamp-remote-rest-5.12.1.jar;C:\Users\vasco\.m2\repository\eu\europa\ec\joinup\sd-dss\dss-timestamp-remote-rest-client\5.12.1\dss-timestamp-remote-rest-client-5.12.1.jar;C:\Users\vasco\.m2\repository\org\apache\cxf\cxf-rt-rs-client\3.5.5\cxf-rt-rs-client-3.5.5.jar;C:\Users\vasco\.m2\repository\eu\europa\ec\joinup\sd-dss\dss-token\5.12.1\dss-token-5.12.1.jar;C:\Users\vasco\.m2\repository\eu\europa\ec\joinup\sd-dss\dss-model\5.12.1\dss-model-5.12.1.jar;C:\Users\vasco\.m2\repository\eu\europa\ec\joinup\sd-dss\dss-enumerations\5.12.1\dss-enumerations-5.12.1.jar;C:\Users\vasco\.m2\repository\org\slf4j\jcl-over-slf4j\2.0.7\jcl-over-slf4j-2.0.7.jar;C:\Users\vasco\.m2\repository\org\slf4j\slf4j-api\2.0.7\slf4j-api-2.0.7.jar;C:\Users\vasco\.m2\repository\ch\qos\logback\logback-classic\1.3.7\logback-classic-1.3.7.jar;C:\Users\vasco\.m2\repository\ch\qos\logback\logback-core\1.3.7\logback-core-1.3.7.jar;C:\Users\vasco\.m2\repository\org\hsqldb\hsqldb\2.5.2\hsqldb-2.5.2.jar;C:\Users\vasco\.m2\repository\com\zaxxer\HikariCP\4.0.3\HikariCP-4.0.3.jar;C:\Users\vasco\.m2\repository\commons-fileupload\commons-fileupload\1.5\commons-fileupload-1.5.jar;C:\Users\vasco\.m2\repository\commons-io\commons-io\2.12.0\commons-io-2.12.0.jar;C:\Users\vasco\.m2\repository\org\freemarker\freemarker\2.3.32\freemarker-2.3.32.jar;C:\Users\vasco\.m2\repository\org\apache\xmlgraphics\fop-core\2.8\fop-core-2.8.jar;C:\Users\vasco\.m2\repository\org\apache\xmlgraphics\batik-anim\1.16\batik-anim-1.16.jar;C:\Users\vasco\.m2\repository\org\apache\xmlgraphics\batik-css\1.16\batik-css-1.16.jar;C:\Users\vasco\.m2\repository\org\apache\xmlgraphics\batik-dom\1.16\batik-dom-1.16.jar;C:\Users\vasco\.m2\repository\xml-apis\xml-apis\1.4.01\xml-apis-1.4.01.jar;C:\Users\vasco\.m2\repository\org\apache\xmlgraphics\batik-ext\1.16\batik-ext-1.16.jar;C:\Users\vasco\.m2\repository\org\apache\xmlgraphics\batik-parser\1.16\batik-parser-1.16.jar;C:\Users\vasco\.m2\repository\org\apache\xmlgraphics\batik-shared-resources\1.16\batik-shared-resources-1.16.jar;C:\Users\vasco\.m2\repository\org\apache\xmlgraphics\batik-svg-dom\1.16\batik-svg-dom-1.16.jar;C:\Users\vasco\.m2\repository\org\apache\xmlgraphics\batik-util\1.16\batik-util-1.16.jar;C:\Users\vasco\.m2\repository\org\apache\xmlgraphics\batik-constants\1.16\batik-constants-1.16.jar;C:\Users\vasco\.m2\repository\org\apache\xmlgraphics\batik-i18n\1.16\batik-i18n-1.16.jar;C:\Users\vasco\.m2\repository\xml-apis\xml-apis-ext\1.3.04\xml-apis-ext-1.3.04.jar;C:\Users\vasco\.m2\repository\org\apache\xmlgraphics\batik-awt-util\1.16\batik-awt-util-1.16.jar;C:\Users\vasco\.m2\repository\org\apache\xmlgraphics\batik-bridge\1.16\batik-bridge-1.16.jar;C:\Users\vasco\.m2\repository\org\apache\xmlgraphics\batik-script\1.16\batik-script-1.16.jar;C:\Users\vasco\.m2\repository\org\apache\xmlgraphics\batik-xml\1.16\batik-xml-1.16.jar;C:\Users\vasco\.m2\repository\org\apache\xmlgraphics\batik-extension\1.16\batik-extension-1.16.jar;C:\Users\vasco\.m2\repository\org\apache\xmlgraphics\batik-gvt\1.16\batik-gvt-1.16.jar;C:\Users\vasco\.m2\repository\org\apache\xmlgraphics\batik-transcoder\1.16\batik-transcoder-1.16.jar;C:\Users\vasco\.m2\repository\org\apache\xmlgraphics\batik-svggen\1.16\batik-svggen-1.16.jar;C:\Users\vasco\.m2\repository\org\apache\xmlgraphics\fop-events\2.8\fop-events-2.8.jar;C:\Users\vasco\.m2\repository\com\thoughtworks\qdox\qdox\1.12\qdox-1.12.jar;C:\Users\vasco\.m2\repository\org\apache\xmlgraphics\fop-util\2.8\fop-util-2.8.jar;C:\Users\vasco\.m2\repository\org\apache\xmlgraphics\xmlgraphics-commons\2.8\xmlgraphics-commons-2.8.jar;C:\Users\vasco\.m2\repository\org\glassfish\jaxb\jaxb-runtime\2.3.8\jaxb-runtime-2.3.8.jar;C:\Users\vasco\.m2\repository\jakarta\xml\bind\jakarta.xml.bind-api\2.3.3\jakarta.xml.bind-api-2.3.3.jar;C:\Users\vasco\.m2\repository\org\glassfish\jaxb\txw2\2.3.8\txw2-2.3.8.jar;C:\Users\vasco\.m2\repository\com\sun\istack\istack-commons-runtime\3.0.12\istack-commons-runtime-3.0.12.jar;C:\Users\vasco\.m2\repository\org\webjars\bootstrap\4.6.2\bootstrap-4.6.2.jar;C:\Users\vasco\.m2\repository\org\webjars\popper.js\1.16.0\popper.js-1.16.0.jar;C:\Users\vasco\.m2\repository\org\webjars\jquery\3.6.4\jquery-3.6.4.jar;C:\Users\vasco\.m2\repository\org\webjars\font-awesome\4.7.0\font-awesome-4.7.0.jar;C:\Users\vasco\.m2\repository\org\webjars\highlightjs\11.5.0\highlightjs-11.5.0.jar;C:\Users\vasco\.m2\repository\javax\servlet\javax.servlet-api\4.0.1\javax.servlet-api-4.0.1.jar;C:\Users\vasco\.m2\repository\org\hibernate\validator\hibernate-validator\6.2.5.Final\hibernate-validator-6.2.5.Final.jar;C:\Users\vasco\.m2\repository\jakarta\validation\jakarta.validation-api\2.0.2\jakarta.validation-api-2.0.2.jar;C:\Users\vasco\.m2\repository\org\jboss\logging\jboss-logging\3.4.1.Final\jboss-logging-3.4.1.Final.jar;C:\Users\vasco\.m2\repository\com\fasterxml\classmate\1.5.1\classmate-1.5.1.jar;C:\Users\vasco\.m2\repository\org\junit\jupiter\junit-jupiter-engine\5.9.3\junit-jupiter-engine-5.9.3.jar;C:\Users\vasco\.m2\repository\org\junit\platform\junit-platform-engine\1.9.3\junit-platform-engine-1.9.3.jar;C:\Users\vasco\.m2\repository\org\opentest4j\opentest4j\1.2.0\opentest4j-1.2.0.jar;C:\Users\vasco\.m2\repository\org\junit\platform\junit-platform-commons\1.9.3\junit-platform-commons-1.9.3.jar;C:\Users\vasco\.m2\repository\org\junit\jupiter\junit-jupiter-api\5.9.3\junit-jupiter-api-5.9.3.jar;C:\Users\vasco\.m2\repository\org\apiguardian\apiguardian-api\1.1.2\apiguardian-api-1.1.2.jar;C:\Users\vasco\.m2\repository\org\springframework\spring-test\5.3.27\spring-test-5.3.27.jar;C:\Users\vasco\.m2\repository\org\apache\tomcat\embed\tomcat-embed-core\9.0.75\tomcat-embed-core-9.0.75.jar;C:\Users\vasco\.m2\repository\org\apache\tomcat\tomcat-annotations-api\9.0.75\tomcat-annotations-api-9.0.75.jar;"/>
    <property name="java.vm.vendor" value="Oracle Corporation"/>
    <property name="sun.arch.data.model" value="64"/>
    <property name="user.variant" value=""/>
    <property name="java.vendor.url" value="https://java.oracle.com/"/>
    <property name="user.timezone" value="Europe/Lisbon"/>
    <property name="user.country.format" value="PT"/>
    <property name="os.name" value="Windows 11"/>
    <property name="java.vm.specification.version" value="20"/>
    <property name="sun.java.launcher" value="SUN_STANDARD"/>
    <property name="user.country" value="US"/>
    <property name="sun.boot.library.path" value="C:\Program Files\Java\jdk-20\bin"/>
    <property name="sun.java.command" value="C:\Users\vasco\AppData\Local\Temp\surefire3691779001801147563\surefirebooter-20230612193056887_7.jar C:\Users\vasco\AppData\Local\Temp\surefire3691779001801147563 2023-06-12T19-30-17_537-jvmRun1 surefire-20230612193056887_5tmp surefire_1-20230612193056887_6tmp"/>
    <property name="jdk.debug" value="release"/>
    <property name="surefire.test.class.path" value="C:\Users\vasco\OneDrive\Documents\Grupo1\AP2-PD2\dss-demonstrations-5.12.1\dss-demo-webapp\target\test-classes;C:\Users\vasco\OneDrive\Documents\Grupo1\AP2-PD2\dss-demonstrations-5.12.1\dss-demo-webapp\target\classes;C:\Users\vasco\.m2\repository\org\springframework\boot\spring-boot-starter-data-jpa\2.5.2\spring-boot-starter-data-jpa-2.5.2.jar;C:\Users\vasco\.m2\repository\org\springframework\boot\spring-boot-starter-aop\2.5.2\spring-boot-starter-aop-2.5.2.jar;C:\Users\vasco\.m2\repository\org\springframework\boot\spring-boot-starter\2.5.2\spring-boot-starter-2.5.2.jar;C:\Users\vasco\.m2\repository\org\springframework\boot\spring-boot\2.5.2\spring-boot-2.5.2.jar;C:\Users\vasco\.m2\repository\org\springframework\boot\spring-boot-autoconfigure\2.5.2\spring-boot-autoconfigure-2.5.2.jar;C:\Users\vasco\.m2\repository\org\springframework\boot\spring-boot-starter-logging\2.5.2\spring-boot-starter-logging-2.5.2.jar;C:\Users\vasco\.m2\repository\org\apache\logging\log4j\log4j-to-slf4j\2.14.1\log4j-to-slf4j-2.14.1.jar;C:\Users\vasco\.m2\repository\org\apache\logging\log4j\log4j-api\2.14.1\log4j-api-2.14.1.jar;C:\Users\vasco\.m2\repository\org\slf4j\jul-to-slf4j\2.0.7\jul-to-slf4j-2.0.7.jar;C:\Users\vasco\.m2\repository\org\yaml\snakeyaml\1.28\snakeyaml-1.28.jar;C:\Users\vasco\.m2\repository\org\aspectj\aspectjweaver\1.9.6\aspectjweaver-1.9.6.jar;C:\Users\vasco\.m2\repository\org\springframework\boot\spring-boot-starter-jdbc\2.5.2\spring-boot-starter-jdbc-2.5.2.jar;C:\Users\vasco\.m2\repository\jakarta\transaction\jakarta.transaction-api\1.3.3\jakarta.transaction-api-1.3.3.jar;C:\Users\vasco\.m2\repository\jakarta\persistence\jakarta.persistence-api\2.2.3\jakarta.persistence-api-2.2.3.jar;C:\Users\vasco\.m2\repository\org\hibernate\hibernate-core\5.4.32.Final\hibernate-core-5.4.32.Final.jar;C:\Users\vasco\.m2\repository\org\javassist\javassist\3.27.0-GA\javassist-3.27.0-GA.jar;C:\Users\vasco\.m2\repository\net\bytebuddy\byte-buddy\1.10.22\byte-buddy-1.10.22.jar;C:\Users\vasco\.m2\repository\antlr\antlr\2.7.7\antlr-2.7.7.jar;C:\Users\vasco\.m2\repository\org\jboss\jandex\2.2.3.Final\jandex-2.2.3.Final.jar;C:\Users\vasco\.m2\repository\org\dom4j\dom4j\2.1.3\dom4j-2.1.3.jar;C:\Users\vasco\.m2\repository\org\hibernate\common\hibernate-commons-annotations\5.1.2.Final\hibernate-commons-annotations-5.1.2.Final.jar;C:\Users\vasco\.m2\repository\org\springframework\data\spring-data-jpa\2.5.2\spring-data-jpa-2.5.2.jar;C:\Users\vasco\.m2\repository\org\springframework\data\spring-data-commons\2.5.2\spring-data-commons-2.5.2.jar;C:\Users\vasco\.m2\repository\org\springframework\spring-orm\5.3.8\spring-orm-5.3.8.jar;C:\Users\vasco\.m2\repository\org\springframework\spring-aspects\5.3.8\spring-aspects-5.3.8.jar;C:\Users\vasco\.m2\repository\org\postgresql\postgresql\42.5.4\postgresql-42.5.4.jar;C:\Users\vasco\.m2\repository\org\checkerframework\checker-qual\3.5.0\checker-qual-3.5.0.jar;C:\Users\vasco\.m2\repository\org\springframework\spring-webmvc\5.3.27\spring-webmvc-5.3.27.jar;C:\Users\vasco\.m2\repository\org\springframework\spring-aop\5.3.27\spring-aop-5.3.27.jar;C:\Users\vasco\.m2\repository\org\springframework\spring-beans\5.3.27\spring-beans-5.3.27.jar;C:\Users\vasco\.m2\repository\org\springframework\spring-context\5.3.27\spring-context-5.3.27.jar;C:\Users\vasco\.m2\repository\org\springframework\spring-core\5.3.27\spring-core-5.3.27.jar;C:\Users\vasco\.m2\repository\org\springframework\spring-jcl\5.3.27\spring-jcl-5.3.27.jar;C:\Users\vasco\.m2\repository\org\springframework\spring-expression\5.3.27\spring-expression-5.3.27.jar;C:\Users\vasco\.m2\repository\org\springframework\spring-web\5.3.27\spring-web-5.3.27.jar;C:\Users\vasco\.m2\repository\org\springframework\spring-context-support\5.3.27\spring-context-support-5.3.27.jar;C:\Users\vasco\.m2\repository\org\springframework\spring-jdbc\5.3.27\spring-jdbc-5.3.27.jar;C:\Users\vasco\.m2\repository\org\springframework\spring-tx\5.3.27\spring-tx-5.3.27.jar;C:\Users\vasco\.m2\repository\org\springframework\spring-oxm\5.3.27\spring-oxm-5.3.27.jar;C:\Users\vasco\.m2\repository\org\springframework\security\spring-security-web\5.8.3\spring-security-web-5.8.3.jar;C:\Users\vasco\.m2\repository\org\springframework\security\spring-security-core\5.8.3\spring-security-core-5.8.3.jar;C:\Users\vasco\.m2\repository\org\springframework\security\spring-security-crypto\5.8.3\spring-security-crypto-5.8.3.jar;C:\Users\vasco\.m2\repository\org\springframework\security\spring-security-config\5.8.3\spring-security-config-5.8.3.jar;C:\Users\vasco\.m2\repository\org\thymeleaf\thymeleaf-spring5\3.0.15.RELEASE\thymeleaf-spring5-3.0.15.RELEASE.jar;C:\Users\vasco\.m2\repository\org\thymeleaf\thymeleaf\3.0.15.RELEASE\thymeleaf-3.0.15.RELEASE.jar;C:\Users\vasco\.m2\repository\org\attoparser\attoparser\2.0.5.RELEASE\attoparser-2.0.5.RELEASE.jar;C:\Users\vasco\.m2\repository\org\unbescape\unbescape\1.1.6.RELEASE\unbescape-1.1.6.RELEASE.jar;C:\Users\vasco\.m2\repository\nz\net\ultraq\thymeleaf\thymeleaf-layout-dialect\3.2.1\thymeleaf-layout-dialect-3.2.1.jar;C:\Users\vasco\.m2\repository\org\apache\groovy\groovy\4.0.10\groovy-4.0.10.jar;C:\Users\vasco\.m2\repository\nz\net\ultraq\groovy\groovy-extensions\2.1.0\groovy-extensions-2.1.0.jar;C:\Users\vasco\.m2\repository\nz\net\ultraq\thymeleaf\thymeleaf-expression-processor\3.1.1\thymeleaf-expression-processor-3.1.1.jar;C:\Users\vasco\OneDrive\Documents\Grupo1\AP2-PD2\dss-demonstrations-5.12.1\dss-mock-tsa\target\dss-mock-tsa-5.12.1.jar;C:\Users\vasco\.m2\repository\eu\europa\ec\joinup\sd-dss\dss-spi\5.12.1\dss-spi-5.12.1.jar;C:\Users\vasco\.m2\repository\org\bouncycastle\bcpkix-jdk18on\1.72\bcpkix-jdk18on-1.72.jar;C:\Users\vasco\.m2\repository\org\bouncycastle\bcutil-jdk18on\1.72\bcutil-jdk18on-1.72.jar;C:\Users\vasco\.m2\repository\eu\europa\ec\joinup\sd-dss\dss-service\5.12.1\dss-service-5.12.1.jar;C:\Users\vasco\.m2\repository\org\apache\httpcomponents\client5\httpclient5\5.2.1\httpclient5-5.2.1.jar;C:\Users\vasco\.m2\repository\org\apache\httpcomponents\core5\httpcore5\5.2\httpcore5-5.2.jar;C:\Users\vasco\.m2\repository\org\apache\httpcomponents\core5\httpcore5-h2\5.2\httpcore5-h2-5.2.jar;C:\Users\vasco\.m2\repository\eu\europa\ec\joinup\sd-dss\dss-tsl-validation\5.12.1\dss-tsl-validation-5.12.1.jar;C:\Users\vasco\.m2\repository\eu\europa\ec\joinup\sd-dss\specs-trusted-list\5.12.1\specs-trusted-list-5.12.1.jar;C:\Users\vasco\.m2\repository\eu\europa\ec\joinup\sd-dss\specs-xmldsig\5.12.1\specs-xmldsig-5.12.1.jar;C:\Users\vasco\.m2\repository\eu\europa\ec\joinup\sd-dss\dss-jaxb-common\5.12.1\dss-jaxb-common-5.12.1.jar;C:\Users\vasco\.m2\repository\eu\europa\ec\joinup\sd-dss\dss-alert\5.12.1\dss-alert-5.12.1.jar;C:\Users\vasco\.m2\repository\eu\europa\ec\joinup\sd-dss\specs-xades\5.12.1\specs-xades-5.12.1.jar;C:\Users\vasco\.m2\repository\eu\europa\ec\joinup\sd-dss\dss-jaxb-parsers\5.12.1\dss-jaxb-parsers-5.12.1.jar;C:\Users\vasco\.m2\repository\eu\europa\ec\joinup\sd-dss\dss-xades\5.12.1\dss-xades-5.12.1.jar;C:\Users\vasco\.m2\repository\eu\europa\ec\joinup\sd-dss\dss-document\5.12.1\dss-document-5.12.1.jar;C:\Users\vasco\.m2\repository\eu\europa\ec\joinup\sd-dss\validation-policy\5.12.1\validation-policy-5.12.1.jar;C:\Users\vasco\.m2\repository\eu\europa\ec\joinup\sd-dss\dss-policy-jaxb\5.12.1\dss-policy-jaxb-5.12.1.jar;C:\Users\vasco\.m2\repository\eu\europa\ec\joinup\sd-dss\dss-i18n\5.12.1\dss-i18n-5.12.1.jar;C:\Users\vasco\.m2\repository\org\apache\santuario\xmlsec\2.3.3\xmlsec-2.3.3.jar;C:\Users\vasco\.m2\repository\commons-codec\commons-codec\1.15\commons-codec-1.15.jar;C:\Users\vasco\.m2\repository\eu\europa\ec\joinup\sd-dss\dss-utils-google-guava\5.12.1\dss-utils-google-guava-5.12.1.jar;C:\Users\vasco\.m2\repository\eu\europa\ec\joinup\sd-dss\dss-utils\5.12.1\dss-utils-5.12.1.jar;C:\Users\vasco\.m2\repository\com\google\guava\guava\32.0.0-jre\guava-32.0.0-jre.jar;C:\Users\vasco\.m2\repository\com\google\guava\failureaccess\1.0.1\failureaccess-1.0.1.jar;C:\Users\vasco\.m2\repository\com\google\guava\listenablefuture\9999.0-empty-to-avoid-conflict-with-guava\listenablefuture-9999.0-empty-to-avoid-conflict-with-guava.jar;C:\Users\vasco\.m2\repository\com\google\code\findbugs\jsr305\3.0.2\jsr305-3.0.2.jar;C:\Users\vasco\.m2\repository\com\google\errorprone\error_prone_annotations\2.18.0\error_prone_annotations-2.18.0.jar;C:\Users\vasco\.m2\repository\com\google\j2objc\j2objc-annotations\2.8\j2objc-annotations-2.8.jar;C:\Users\vasco\.m2\repository\eu\europa\ec\joinup\sd-dss\dss-crl-parser-stream\5.12.1\dss-crl-parser-stream-5.12.1.jar;C:\Users\vasco\.m2\repository\eu\europa\ec\joinup\sd-dss\dss-crl-parser\5.12.1\dss-crl-parser-5.12.1.jar;C:\Users\vasco\.m2\repository\org\bouncycastle\bcprov-jdk18on\1.72\bcprov-jdk18on-1.72.jar;C:\Users\vasco\.m2\repository\org\apache\cxf\cxf-rt-transports-http\3.5.5\cxf-rt-transports-http-3.5.5.jar;C:\Users\vasco\.m2\repository\org\apache\cxf\cxf-core\3.5.5\cxf-core-3.5.5.jar;C:\Users\vasco\.m2\repository\com\fasterxml\woodstox\woodstox-core\6.5.0\woodstox-core-6.5.0.jar;C:\Users\vasco\.m2\repository\org\codehaus\woodstox\stax2-api\4.2.1\stax2-api-4.2.1.jar;C:\Users\vasco\.m2\repository\org\apache\ws\xmlschema\xmlschema-core\2.3.0\xmlschema-core-2.3.0.jar;C:\Users\vasco\.m2\repository\jakarta\annotation\jakarta.annotation-api\1.3.5\jakarta.annotation-api-1.3.5.jar;C:\Users\vasco\.m2\repository\jakarta\xml\ws\jakarta.xml.ws-api\2.3.3\jakarta.xml.ws-api-2.3.3.jar;C:\Users\vasco\.m2\repository\jakarta\jws\jakarta.jws-api\2.1.0\jakarta.jws-api-2.1.0.jar;C:\Users\vasco\.m2\repository\jakarta\xml\soap\jakarta.xml.soap-api\1.4.2\jakarta.xml.soap-api-1.4.2.jar;C:\Users\vasco\.m2\repository\jakarta\activation\jakarta.activation-api\1.2.2\jakarta.activation-api-1.2.2.jar;C:\Users\vasco\.m2\repository\com\sun\activation\jakarta.activation\1.2.2\jakarta.activation-1.2.2.jar;C:\Users\vasco\.m2\repository\com\sun\xml\messaging\saaj\saaj-impl\1.5.3\saaj-impl-1.5.3.jar;C:\Users\vasco\.m2\repository\org\jvnet\staxex\stax-ex\1.8.3\stax-ex-1.8.3.jar;C:\Users\vasco\.m2\repository\org\apache\geronimo\specs\geronimo-jta_1.1_spec\1.1.1\geronimo-jta_1.1_spec-1.1.1.jar;C:\Users\vasco\.m2\repository\org\apache\cxf\cxf-rt-frontend-jaxws\3.5.5\cxf-rt-frontend-jaxws-3.5.5.jar;C:\Users\vasco\.m2\repository\xml-resolver\xml-resolver\1.2\xml-resolver-1.2.jar;C:\Users\vasco\.m2\repository\org\ow2\asm\asm\9.4\asm-9.4.jar;C:\Users\vasco\.m2\repository\org\apache\cxf\cxf-rt-bindings-soap\3.5.5\cxf-rt-bindings-soap-3.5.5.jar;C:\Users\vasco\.m2\repository\org\apache\cxf\cxf-rt-wsdl\3.5.5\cxf-rt-wsdl-3.5.5.jar;C:\Users\vasco\.m2\repository\wsdl4j\wsdl4j\1.6.3\wsdl4j-1.6.3.jar;C:\Users\vasco\.m2\repository\org\apache\cxf\cxf-rt-databinding-jaxb\3.5.5\cxf-rt-databinding-jaxb-3.5.5.jar;C:\Users\vasco\.m2\repository\org\apache\cxf\cxf-rt-bindings-xml\3.5.5\cxf-rt-bindings-xml-3.5.5.jar;C:\Users\vasco\.m2\repository\org\apache\cxf\cxf-rt-frontend-simple\3.5.5\cxf-rt-frontend-simple-3.5.5.jar;C:\Users\vasco\.m2\repository\org\apache\cxf\cxf-rt-ws-addr\3.5.5\cxf-rt-ws-addr-3.5.5.jar;C:\Users\vasco\.m2\repository\org\apache\cxf\cxf-rt-ws-policy\3.5.5\cxf-rt-ws-policy-3.5.5.jar;C:\Users\vasco\.m2\repository\org\apache\cxf\cxf-rt-ws-security\3.5.5\cxf-rt-ws-security-3.5.5.jar;C:\Users\vasco\.m2\repository\org\apache\cxf\cxf-rt-security-saml\3.5.5\cxf-rt-security-saml-3.5.5.jar;C:\Users\vasco\.m2\repository\org\apache\cxf\cxf-rt-security\3.5.5\cxf-rt-security-3.5.5.jar;C:\Users\vasco\.m2\repository\org\ehcache\ehcache\3.9.3\ehcache-3.9.3.jar;C:\Users\vasco\.m2\repository\org\apache\wss4j\wss4j-ws-security-dom\2.4.1\wss4j-ws-security-dom-2.4.1.jar;C:\Users\vasco\.m2\repository\org\apache\wss4j\wss4j-ws-security-common\2.4.1\wss4j-ws-security-common-2.4.1.jar;C:\Users\vasco\.m2\repository\org\opensaml\opensaml-saml-impl\3.4.6\opensaml-saml-impl-3.4.6.jar;C:\Users\vasco\.m2\repository\org\opensaml\opensaml-profile-api\3.4.6\opensaml-profile-api-3.4.6.jar;C:\Users\vasco\.m2\repository\org\opensaml\opensaml-core\3.4.6\opensaml-core-3.4.6.jar;C:\Users\vasco\.m2\repository\io\dropwizard\metrics\metrics-core\3.1.5\metrics-core-3.1.5.jar;C:\Users\vasco\.m2\repository\org\opensaml\opensaml-saml-api\3.4.6\opensaml-saml-api-3.4.6.jar;C:\Users\vasco\.m2\repository\org\opensaml\opensaml-xmlsec-api\3.4.6\opensaml-xmlsec-api-3.4.6.jar;C:\Users\vasco\.m2\repository\org\opensaml\opensaml-soap-api\3.4.6\opensaml-soap-api-3.4.6.jar;C:\Users\vasco\.m2\repository\org\opensaml\opensaml-security-impl\3.4.6\opensaml-security-impl-3.4.6.jar;C:\Users\vasco\.m2\repository\org\opensaml\opensaml-security-api\3.4.6\opensaml-security-api-3.4.6.jar;C:\Users\vasco\.m2\repository\org\opensaml\opensaml-xmlsec-impl\3.4.6\opensaml-xmlsec-impl-3.4.6.jar;C:\Users\vasco\.m2\repository\net\shibboleth\utilities\java-support\7.5.2\java-support-7.5.2.jar;C:\Users\vasco\.m2\repository\org\cryptacular\cryptacular\1.2.4\cryptacular-1.2.4.jar;C:\Users\vasco\.m2\repository\org\bouncycastle\bcprov-jdk15on\1.64\bcprov-jdk15on-1.64.jar;C:\Users\vasco\.m2\repository\joda-time\joda-time\2.10.10\joda-time-2.10.10.jar;C:\Users\vasco\.m2\repository\org\opensaml\opensaml-xacml-impl\3.4.6\opensaml-xacml-impl-3.4.6.jar;C:\Users\vasco\.m2\repository\org\opensaml\opensaml-xacml-api\3.4.6\opensaml-xacml-api-3.4.6.jar;C:\Users\vasco\.m2\repository\org\opensaml\opensaml-xacml-saml-impl\3.4.6\opensaml-xacml-saml-impl-3.4.6.jar;C:\Users\vasco\.m2\repository\org\opensaml\opensaml-xacml-saml-api\3.4.6\opensaml-xacml-saml-api-3.4.6.jar;C:\Users\vasco\.m2\repository\org\jasypt\jasypt\1.9.3\jasypt-1.9.3.jar;C:\Users\vasco\.m2\repository\org\apache\geronimo\javamail\geronimo-javamail_1.4_mail\1.8.4\geronimo-javamail_1.4_mail-1.8.4.jar;C:\Users\vasco\.m2\repository\org\apache\wss4j\wss4j-policy\2.4.1\wss4j-policy-2.4.1.jar;C:\Users\vasco\.m2\repository\org\apache\neethi\neethi\3.1.1\neethi-3.1.1.jar;C:\Users\vasco\.m2\repository\org\apache\wss4j\wss4j-ws-security-stax\2.4.1\wss4j-ws-security-stax-2.4.1.jar;C:\Users\vasco\.m2\repository\org\apache\wss4j\wss4j-bindings\2.4.1\wss4j-bindings-2.4.1.jar;C:\Users\vasco\.m2\repository\org\apache\wss4j\wss4j-ws-security-policy-stax\2.4.1\wss4j-ws-security-policy-stax-2.4.1.jar;C:\Users\vasco\.m2\repository\eu\europa\ec\joinup\sd-dss\dss-signature-soap\5.12.1\dss-signature-soap-5.12.1.jar;C:\Users\vasco\.m2\repository\eu\europa\ec\joinup\sd-dss\dss-signature-soap-client\5.12.1\dss-signature-soap-client-5.12.1.jar;C:\Users\vasco\.m2\repository\eu\europa\ec\joinup\sd-dss\dss-signature-dto\5.12.1\dss-signature-dto-5.12.1.jar;C:\Users\vasco\.m2\repository\eu\europa\ec\joinup\sd-dss\dss-common-remote-dto\5.12.1\dss-common-remote-dto-5.12.1.jar;C:\Users\vasco\.m2\repository\eu\europa\ec\joinup\sd-dss\dss-signature-remote\5.12.1\dss-signature-remote-5.12.1.jar;C:\Users\vasco\.m2\repository\eu\europa\ec\joinup\sd-dss\dss-common-remote-converter\5.12.1\dss-common-remote-converter-5.12.1.jar;C:\Users\vasco\.m2\repository\eu\europa\ec\joinup\sd-dss\dss-cades\5.12.1\dss-cades-5.12.1.jar;C:\Users\vasco\.m2\repository\eu\europa\ec\joinup\sd-dss\dss-jades\5.12.1\dss-jades-5.12.1.jar;C:\Users\vasco\.m2\repository\eu\europa\ec\joinup\sd-dss\specs-jades\5.12.1\specs-jades-5.12.1.jar;C:\Users\vasco\.m2\repository\eu\europa\ec\joinup\sd-dss\specs-jws\5.12.1\specs-jws-5.12.1.jar;C:\Users\vasco\.m2\repository\com\github\erosb\everit-json-schema\1.14.2\everit-json-schema-1.14.2.jar;C:\Users\vasco\.m2\repository\org\json\json\20230227\json-20230227.jar;C:\Users\vasco\.m2\repository\commons-validator\commons-validator\1.7\commons-validator-1.7.jar;C:\Users\vasco\.m2\repository\commons-digester\commons-digester\2.1\commons-digester-2.1.jar;C:\Users\vasco\.m2\repository\commons-collections\commons-collections\3.2.2\commons-collections-3.2.2.jar;C:\Users\vasco\.m2\repository\com\damnhandy\handy-uri-templates\2.1.8\handy-uri-templates-2.1.8.jar;C:\Users\vasco\.m2\repository\com\google\re2j\re2j\1.6\re2j-1.6.jar;C:\Users\vasco\.m2\repository\org\bitbucket\b_c\jose4j\0.9.3\jose4j-0.9.3.jar;C:\Users\vasco\.m2\repository\eu\europa\ec\joinup\sd-dss\dss-asic-cades\5.12.1\dss-asic-cades-5.12.1.jar;C:\Users\vasco\.m2\repository\eu\europa\ec\joinup\sd-dss\dss-asic-common\5.12.1\dss-asic-common-5.12.1.jar;C:\Users\vasco\.m2\repository\eu\europa\ec\joinup\sd-dss\dss-asic-xades\5.12.1\dss-asic-xades-5.12.1.jar;C:\Users\vasco\.m2\repository\eu\europa\ec\joinup\sd-dss\dss-validation-soap\5.12.1\dss-validation-soap-5.12.1.jar;C:\Users\vasco\.m2\repository\eu\europa\ec\joinup\sd-dss\dss-validation-soap-client\5.12.1\dss-validation-soap-client-5.12.1.jar;C:\Users\vasco\.m2\repository\eu\europa\ec\joinup\sd-dss\dss-validation-dto\5.12.1\dss-validation-dto-5.12.1.jar;C:\Users\vasco\.m2\repository\eu\europa\ec\joinup\sd-dss\dss-diagnostic-jaxb\5.12.1\dss-diagnostic-jaxb-5.12.1.jar;C:\Users\vasco\.m2\repository\eu\europa\ec\joinup\sd-dss\dss-simple-report-jaxb\5.12.1\dss-simple-report-jaxb-5.12.1.jar;C:\Users\vasco\.m2\repository\eu\europa\ec\joinup\sd-dss\dss-detailed-report-jaxb\5.12.1\dss-detailed-report-jaxb-5.12.1.jar;C:\Users\vasco\.m2\repository\eu\europa\ec\joinup\sd-dss\specs-validation-report\5.12.1\specs-validation-report-5.12.1.jar;C:\Users\vasco\.m2\repository\eu\europa\ec\joinup\sd-dss\dss-validation-server-common\5.12.1\dss-validation-server-common-5.12.1.jar;C:\Users\vasco\.m2\repository\eu\europa\ec\joinup\sd-dss\dss-certificate-validation-soap\5.12.1\dss-certificate-validation-soap-5.12.1.jar;C:\Users\vasco\.m2\repository\eu\europa\ec\joinup\sd-dss\dss-certificate-validation-common\5.12.1\dss-certificate-validation-common-5.12.1.jar;C:\Users\vasco\.m2\repository\eu\europa\ec\joinup\sd-dss\dss-certificate-validation-dto\5.12.1\dss-certificate-validation-dto-5.12.1.jar;C:\Users\vasco\.m2\repository\eu\europa\ec\joinup\sd-dss\dss-simple-certificate-report-jaxb\5.12.1\dss-simple-certificate-report-jaxb-5.12.1.jar;C:\Users\vasco\.m2\repository\eu\europa\ec\joinup\sd-dss\dss-certificate-validation-soap-client\5.12.1\dss-certificate-validation-soap-client-5.12.1.jar;C:\Users\vasco\.m2\repository\eu\europa\ec\joinup\sd-dss\dss-server-signing-soap\5.12.1\dss-server-signing-soap-5.12.1.jar;C:\Users\vasco\.m2\repository\eu\europa\ec\joinup\sd-dss\dss-server-signing-common\5.12.1\dss-server-signing-common-5.12.1.jar;C:\Users\vasco\.m2\repository\eu\europa\ec\joinup\sd-dss\dss-server-signing-dto\5.12.1\dss-server-signing-dto-5.12.1.jar;C:\Users\vasco\.m2\repository\eu\europa\ec\joinup\sd-dss\dss-server-signing-soap-client\5.12.1\dss-server-signing-soap-client-5.12.1.jar;C:\Users\vasco\.m2\repository\eu\europa\ec\joinup\sd-dss\dss-timestamp-remote-soap\5.12.1\dss-timestamp-remote-soap-5.12.1.jar;C:\Users\vasco\.m2\repository\eu\europa\ec\joinup\sd-dss\dss-timestamp-remote\5.12.1\dss-timestamp-remote-5.12.1.jar;C:\Users\vasco\.m2\repository\eu\europa\ec\joinup\sd-dss\dss-timestamp-dto\5.12.1\dss-timestamp-dto-5.12.1.jar;C:\Users\vasco\.m2\repository\eu\europa\ec\joinup\sd-dss\dss-timestamp-remote-soap-client\5.12.1\dss-timestamp-remote-soap-client-5.12.1.jar;C:\Users\vasco\.m2\repository\eu\europa\ec\joinup\sd-dss\dss-pades-pdfbox\5.12.1\dss-pades-pdfbox-5.12.1.jar;C:\Users\vasco\.m2\repository\eu\europa\ec\joinup\sd-dss\dss-pades\5.12.1\dss-pades-5.12.1.jar;C:\Users\vasco\.m2\repository\org\apache\pdfbox\pdfbox\2.0.28\pdfbox-2.0.28.jar;C:\Users\vasco\.m2\repository\org\apache\pdfbox\fontbox\2.0.28\fontbox-2.0.28.jar;C:\Users\vasco\.m2\repository\org\apache\cxf\cxf-rt-rs-service-description\3.5.5\cxf-rt-rs-service-description-3.5.5.jar;C:\Users\vasco\.m2\repository\org\apache\cxf\cxf-rt-frontend-jaxrs\3.5.5\cxf-rt-frontend-jaxrs-3.5.5.jar;C:\Users\vasco\.m2\repository\jakarta\ws\rs\jakarta.ws.rs-api\2.1.6\jakarta.ws.rs-api-2.1.6.jar;C:\Users\vasco\.m2\repository\org\apache\cxf\cxf-rt-features-logging\3.5.5\cxf-rt-features-logging-3.5.5.jar;C:\Users\vasco\.m2\repository\org\apache\cxf\cxf-rt-rs-service-description-openapi-v3\3.5.5\cxf-rt-rs-service-description-openapi-v3-3.5.5.jar;C:\Users\vasco\.m2\repository\org\apache\cxf\cxf-rt-rs-service-description-common-openapi\3.5.5\cxf-rt-rs-service-description-common-openapi-3.5.5.jar;C:\Users\vasco\.m2\repository\org\apache\cxf\cxf-rt-rs-service-description-swagger-ui\3.5.5\cxf-rt-rs-service-description-swagger-ui-3.5.5.jar;C:\Users\vasco\.m2\repository\io\swagger\core\v3\swagger-jaxrs2\2.1.13\swagger-jaxrs2-2.1.13.jar;C:\Users\vasco\.m2\repository\io\github\classgraph\classgraph\4.8.138\classgraph-4.8.138.jar;C:\Users\vasco\.m2\repository\io\swagger\core\v3\swagger-models\2.1.13\swagger-models-2.1.13.jar;C:\Users\vasco\.m2\repository\io\swagger\core\v3\swagger-annotations\2.1.13\swagger-annotations-2.1.13.jar;C:\Users\vasco\.m2\repository\io\swagger\core\v3\swagger-integration\2.1.13\swagger-integration-2.1.13.jar;C:\Users\vasco\.m2\repository\io\swagger\core\v3\swagger-core\2.1.13\swagger-core-2.1.13.jar;C:\Users\vasco\.m2\repository\org\apache\commons\commons-lang3\3.12.0\commons-lang3-3.12.0.jar;C:\Users\vasco\.m2\repository\com\fasterxml\jackson\dataformat\jackson-dataformat-yaml\2.12.1\jackson-dataformat-yaml-2.12.1.jar;C:\Users\vasco\.m2\repository\com\fasterxml\jackson\datatype\jackson-datatype-jsr310\2.12.1\jackson-datatype-jsr310-2.12.1.jar;C:\Users\vasco\.m2\repository\org\webjars\swagger-ui\4.18.2\swagger-ui-4.18.2.jar;C:\Users\vasco\.m2\repository\com\fasterxml\jackson\jaxrs\jackson-jaxrs-json-provider\2.15.1\jackson-jaxrs-json-provider-2.15.1.jar;C:\Users\vasco\.m2\repository\com\fasterxml\jackson\jaxrs\jackson-jaxrs-base\2.15.1\jackson-jaxrs-base-2.15.1.jar;C:\Users\vasco\.m2\repository\com\fasterxml\jackson\core\jackson-core\2.15.1\jackson-core-2.15.1.jar;C:\Users\vasco\.m2\repository\com\fasterxml\jackson\core\jackson-databind\2.15.1\jackson-databind-2.15.1.jar;C:\Users\vasco\.m2\repository\com\fasterxml\jackson\module\jackson-module-jaxb-annotations\2.15.1\jackson-module-jaxb-annotations-2.15.1.jar;C:\Users\vasco\.m2\repository\com\fasterxml\jackson\core\jackson-annotations\2.15.1\jackson-annotations-2.15.1.jar;C:\Users\vasco\.m2\repository\eu\europa\ec\joinup\sd-dss\dss-signature-rest\5.12.1\dss-signature-rest-5.12.1.jar;C:\Users\vasco\.m2\repository\eu\europa\ec\joinup\sd-dss\dss-signature-rest-client\5.12.1\dss-signature-rest-client-5.12.1.jar;C:\Users\vasco\.m2\repository\eu\europa\ec\joinup\sd-dss\dss-validation-rest\5.12.1\dss-validation-rest-5.12.1.jar;C:\Users\vasco\.m2\repository\eu\europa\ec\joinup\sd-dss\dss-validation-rest-client\5.12.1\dss-validation-rest-client-5.12.1.jar;C:\Users\vasco\.m2\repository\eu\europa\ec\joinup\sd-dss\dss-certificate-validation-rest\5.12.1\dss-certificate-validation-rest-5.12.1.jar;C:\Users\vasco\.m2\repository\eu\europa\ec\joinup\sd-dss\dss-certificate-validation-rest-client\5.12.1\dss-certificate-validation-rest-client-5.12.1.jar;C:\Users\vasco\.m2\repository\eu\europa\ec\joinup\sd-dss\dss-server-signing-rest\5.12.1\dss-server-signing-rest-5.12.1.jar;C:\Users\vasco\.m2\repository\eu\europa\ec\joinup\sd-dss\dss-server-signing-rest-client\5.12.1\dss-server-signing-rest-client-5.12.1.jar;C:\Users\vasco\.m2\repository\eu\europa\ec\joinup\sd-dss\dss-timestamp-remote-rest\5.12.1\dss-timestamp-remote-rest-5.12.1.jar;C:\Users\vasco\.m2\repository\eu\europa\ec\joinup\sd-dss\dss-timestamp-remote-rest-client\5.12.1\dss-timestamp-remote-rest-client-5.12.1.jar;C:\Users\vasco\.m2\repository\org\apache\cxf\cxf-rt-rs-client\3.5.5\cxf-rt-rs-client-3.5.5.jar;C:\Users\vasco\.m2\repository\eu\europa\ec\joinup\sd-dss\dss-token\5.12.1\dss-token-5.12.1.jar;C:\Users\vasco\.m2\repository\eu\europa\ec\joinup\sd-dss\dss-model\5.12.1\dss-model-5.12.1.jar;C:\Users\vasco\.m2\repository\eu\europa\ec\joinup\sd-dss\dss-enumerations\5.12.1\dss-enumerations-5.12.1.jar;C:\Users\vasco\.m2\repository\org\slf4j\jcl-over-slf4j\2.0.7\jcl-over-slf4j-2.0.7.jar;C:\Users\vasco\.m2\repository\org\slf4j\slf4j-api\2.0.7\slf4j-api-2.0.7.jar;C:\Users\vasco\.m2\repository\ch\qos\logback\logback-classic\1.3.7\logback-classic-1.3.7.jar;C:\Users\vasco\.m2\repository\ch\qos\logback\logback-core\1.3.7\logback-core-1.3.7.jar;C:\Users\vasco\.m2\repository\org\hsqldb\hsqldb\2.5.2\hsqldb-2.5.2.jar;C:\Users\vasco\.m2\repository\com\zaxxer\HikariCP\4.0.3\HikariCP-4.0.3.jar;C:\Users\vasco\.m2\repository\commons-fileupload\commons-fileupload\1.5\commons-fileupload-1.5.jar;C:\Users\vasco\.m2\repository\commons-io\commons-io\2.12.0\commons-io-2.12.0.jar;C:\Users\vasco\.m2\repository\org\freemarker\freemarker\2.3.32\freemarker-2.3.32.jar;C:\Users\vasco\.m2\repository\org\apache\xmlgraphics\fop-core\2.8\fop-core-2.8.jar;C:\Users\vasco\.m2\repository\org\apache\xmlgraphics\batik-anim\1.16\batik-anim-1.16.jar;C:\Users\vasco\.m2\repository\org\apache\xmlgraphics\batik-css\1.16\batik-css-1.16.jar;C:\Users\vasco\.m2\repository\org\apache\xmlgraphics\batik-dom\1.16\batik-dom-1.16.jar;C:\Users\vasco\.m2\repository\xml-apis\xml-apis\1.4.01\xml-apis-1.4.01.jar;C:\Users\vasco\.m2\repository\org\apache\xmlgraphics\batik-ext\1.16\batik-ext-1.16.jar;C:\Users\vasco\.m2\repository\org\apache\xmlgraphics\batik-parser\1.16\batik-parser-1.16.jar;C:\Users\vasco\.m2\repository\org\apache\xmlgraphics\batik-shared-resources\1.16\batik-shared-resources-1.16.jar;C:\Users\vasco\.m2\repository\org\apache\xmlgraphics\batik-svg-dom\1.16\batik-svg-dom-1.16.jar;C:\Users\vasco\.m2\repository\org\apache\xmlgraphics\batik-util\1.16\batik-util-1.16.jar;C:\Users\vasco\.m2\repository\org\apache\xmlgraphics\batik-constants\1.16\batik-constants-1.16.jar;C:\Users\vasco\.m2\repository\org\apache\xmlgraphics\batik-i18n\1.16\batik-i18n-1.16.jar;C:\Users\vasco\.m2\repository\xml-apis\xml-apis-ext\1.3.04\xml-apis-ext-1.3.04.jar;C:\Users\vasco\.m2\repository\org\apache\xmlgraphics\batik-awt-util\1.16\batik-awt-util-1.16.jar;C:\Users\vasco\.m2\repository\org\apache\xmlgraphics\batik-bridge\1.16\batik-bridge-1.16.jar;C:\Users\vasco\.m2\repository\org\apache\xmlgraphics\batik-script\1.16\batik-script-1.16.jar;C:\Users\vasco\.m2\repository\org\apache\xmlgraphics\batik-xml\1.16\batik-xml-1.16.jar;C:\Users\vasco\.m2\repository\org\apache\xmlgraphics\batik-extension\1.16\batik-extension-1.16.jar;C:\Users\vasco\.m2\repository\org\apache\xmlgraphics\batik-gvt\1.16\batik-gvt-1.16.jar;C:\Users\vasco\.m2\repository\org\apache\xmlgraphics\batik-transcoder\1.16\batik-transcoder-1.16.jar;C:\Users\vasco\.m2\repository\org\apache\xmlgraphics\batik-svggen\1.16\batik-svggen-1.16.jar;C:\Users\vasco\.m2\repository\org\apache\xmlgraphics\fop-events\2.8\fop-events-2.8.jar;C:\Users\vasco\.m2\repository\com\thoughtworks\qdox\qdox\1.12\qdox-1.12.jar;C:\Users\vasco\.m2\repository\org\apache\xmlgraphics\fop-util\2.8\fop-util-2.8.jar;C:\Users\vasco\.m2\repository\org\apache\xmlgraphics\xmlgraphics-commons\2.8\xmlgraphics-commons-2.8.jar;C:\Users\vasco\.m2\repository\org\glassfish\jaxb\jaxb-runtime\2.3.8\jaxb-runtime-2.3.8.jar;C:\Users\vasco\.m2\repository\jakarta\xml\bind\jakarta.xml.bind-api\2.3.3\jakarta.xml.bind-api-2.3.3.jar;C:\Users\vasco\.m2\repository\org\glassfish\jaxb\txw2\2.3.8\txw2-2.3.8.jar;C:\Users\vasco\.m2\repository\com\sun\istack\istack-commons-runtime\3.0.12\istack-commons-runtime-3.0.12.jar;C:\Users\vasco\.m2\repository\org\webjars\bootstrap\4.6.2\bootstrap-4.6.2.jar;C:\Users\vasco\.m2\repository\org\webjars\popper.js\1.16.0\popper.js-1.16.0.jar;C:\Users\vasco\.m2\repository\org\webjars\jquery\3.6.4\jquery-3.6.4.jar;C:\Users\vasco\.m2\repository\org\webjars\font-awesome\4.7.0\font-awesome-4.7.0.jar;C:\Users\vasco\.m2\repository\org\webjars\highlightjs\11.5.0\highlightjs-11.5.0.jar;C:\Users\vasco\.m2\repository\javax\servlet\javax.servlet-api\4.0.1\javax.servlet-api-4.0.1.jar;C:\Users\vasco\.m2\repository\org\hibernate\validator\hibernate-validator\6.2.5.Final\hibernate-validator-6.2.5.Final.jar;C:\Users\vasco\.m2\repository\jakarta\validation\jakarta.validation-api\2.0.2\jakarta.validation-api-2.0.2.jar;C:\Users\vasco\.m2\repository\org\jboss\logging\jboss-logging\3.4.1.Final\jboss-logging-3.4.1.Final.jar;C:\Users\vasco\.m2\repository\com\fasterxml\classmate\1.5.1\classmate-1.5.1.jar;C:\Users\vasco\.m2\repository\org\junit\jupiter\junit-jupiter-engine\5.9.3\junit-jupiter-engine-5.9.3.jar;C:\Users\vasco\.m2\repository\org\junit\platform\junit-platform-engine\1.9.3\junit-platform-engine-1.9.3.jar;C:\Users\vasco\.m2\repository\org\opentest4j\opentest4j\1.2.0\opentest4j-1.2.0.jar;C:\Users\vasco\.m2\repository\org\junit\platform\junit-platform-commons\1.9.3\junit-platform-commons-1.9.3.jar;C:\Users\vasco\.m2\repository\org\junit\jupiter\junit-jupiter-api\5.9.3\junit-jupiter-api-5.9.3.jar;C:\Users\vasco\.m2\repository\org\apiguardian\apiguardian-api\1.1.2\apiguardian-api-1.1.2.jar;C:\Users\vasco\.m2\repository\org\springframework\spring-test\5.3.27\spring-test-5.3.27.jar;C:\Users\vasco\.m2\repository\org\apache\tomcat\embed\tomcat-embed-core\9.0.75\tomcat-embed-core-9.0.75.jar;C:\Users\vasco\.m2\repository\org\apache\tomcat\tomcat-annotations-api\9.0.75\tomcat-annotations-api-9.0.75.jar;"/>
    <property name="sun.cpu.endian" value="little"/>
    <property name="user.home" value="C:\Users\vasco"/>
    <property name="user.language" value="en"/>
    <property name="java.specification.vendor" value="Oracle Corporation"/>
    <property name="java.version.date" value="2023-04-18"/>
    <property name="java.home" value="C:\Program Files\Java\jdk-20"/>
    <property name="file.separator" value="\"/>
    <property name="basedir" value="C:\Users\vasco\OneDrive\Documents\Grupo1\AP2-PD2\dss-demonstrations-5.12.1\dss-demo-webapp"/>
    <property name="java.vm.compressedOopsMode" value="Zero based"/>
    <property name="line.separator" value="&#10;"/>
    <property name="java.vm.specification.vendor" value="Oracle Corporation"/>
    <property name="java.specification.name" value="Java Platform API Specification"/>
    <property name="surefire.real.class.path" value="C:\Users\vasco\AppData\Local\Temp\surefire3691779001801147563\surefirebooter-20230612193056887_7.jar"/>
    <property name="user.script" value=""/>
    <property name="sun.management.compiler" value="HotSpot 64-Bit Tiered Compilers"/>
    <property name="java.runtime.version" value="20.0.1+9-29"/>
    <property name="user.name" value="vasco"/>
    <property name="stdout.encoding" value="Cp1252"/>
    <property name="path.separator" value=";"/>
    <property name="os.version" value="10.0"/>
    <property name="java.runtime.name" value="Java(TM) SE Runtime Environment"/>
    <property name="file.encoding" value="UTF-8"/>
    <property name="java.vm.name" value="Java HotSpot(TM) 64-Bit Server VM"/>
    <property name="localRepository" value="C:\Users\vasco\.m2\repository"/>
    <property name="java.vendor.url.bug" value="https://bugreport.java.com/bugreport/"/>
    <property name="java.io.tmpdir" value="C:\Users\vasco\AppData\Local\Temp\"/>
    <property name="java.version" value="20.0.1"/>
    <property name="user.dir" value="C:\Users\vasco\OneDrive\Documents\Grupo1\AP2-PD2\dss-demonstrations-5.12.1\dss-demo-webapp"/>
    <property name="os.arch" value="amd64"/>
    <property name="java.vm.specification.name" value="Java Virtual Machine Specification"/>
    <property name="user.language.format" value="pt"/>
    <property name="sun.os.patch.level" value=""/>
    <property name="native.encoding" value="Cp1252"/>
    <property name="java.library.path" value="C:\Program Files\Java\jdk-20\bin;C:\Windows\Sun\Java\bin;C:\Windows\system32;C:\Windows;C:\Program Files\Common Files\Oracle\Java\javapath;C:\Windows\system32;C:\Windows;C:\Windows\System32\Wbem;C:\Windows\System32\WindowsPowerShell\v1.0\;C:\Windows\System32\OpenSSH\;C:\Program Files\Intel\WiFi\bin\;C:\Program Files\Common Files\Intel\WirelessCommon\;C:\Program Files\NVIDIA Corporation\NVIDIA NvDLISR;C:\Program Files\Git\cmd;C:\Program Files (x86)\NVIDIA Corporation\PhysX\Common;C:\Program Files\nodejs\;C:\Program Files\Maven\apache-maven-3.9.2\bin;C:\Users\vasco\AppData\Local\Microsoft\WindowsApps;C:\Users\vasco\AppData\Local\Programs\Microsoft VS Code\bin;C:\Users\vasco\AppData\Local\GitHubDesktop\bin;C:\Users\vasco\AppData\Local\JetBrains\Toolbox\scripts;C:\Users\vasco\AppData\Roaming\npm;."/>
    <property name="java.vm.info" value="mixed mode, sharing"/>
    <property name="stderr.encoding" value="Cp1252"/>
    <property name="java.vendor" value="Oracle Corporation"/>
    <property name="java.vm.version" value="20.0.1+9-29"/>
    <property name="sun.io.unicode.encoding" value="UnicodeLittle"/>
    <property name="java.class.version" value="64.0"/>
  </properties>
  <testcase name="generateDetailedReportMultiSignatures" classname="eu.europa.esig.dss.web.service.FOPServiceTest" time="0">
    <error message="Failed to load ApplicationContext" type="java.lang.IllegalStateException"><![CDATA[java.lang.IllegalStateException: Failed to load ApplicationContext
	at org.springframework.test.context.cache.DefaultCacheAwareContextLoaderDelegate.loadContext(DefaultCacheAwareContextLoaderDelegate.java:98)
	at org.springframework.test.context.support.DefaultTestContext.getApplicationContext(DefaultTestContext.java:124)
	at org.springframework.test.context.web.ServletTestExecutionListener.setUpRequestContextIfNecessary(ServletTestExecutionListener.java:190)
	at org.springframework.test.context.web.ServletTestExecutionListener.prepareTestInstance(ServletTestExecutionListener.java:132)
	at org.springframework.test.context.TestContextManager.prepareTestInstance(TestContextManager.java:248)
	at org.springframework.test.context.junit.jupiter.SpringExtension.postProcessTestInstance(SpringExtension.java:138)
	at org.junit.jupiter.engine.descriptor.ClassBasedTestDescriptor.lambda$invokeTestInstancePostProcessors$10(ClassBasedTestDescriptor.java:377)
	at org.junit.jupiter.engine.descriptor.ClassBasedTestDescriptor.executeAndMaskThrowable(ClassBasedTestDescriptor.java:382)
	at org.junit.jupiter.engine.descriptor.ClassBasedTestDescriptor.lambda$invokeTestInstancePostProcessors$11(ClassBasedTestDescriptor.java:377)
	at java.base/java.util.stream.ReferencePipeline$3$1.accept(ReferencePipeline.java:197)
	at java.base/java.util.stream.ReferencePipeline$2$1.accept(ReferencePipeline.java:179)
	at java.base/java.util.ArrayList$ArrayListSpliterator.forEachRemaining(ArrayList.java:1625)
	at java.base/java.util.stream.AbstractPipeline.copyInto(AbstractPipeline.java:509)
	at java.base/java.util.stream.AbstractPipeline.wrapAndCopyInto(AbstractPipeline.java:499)
	at java.base/java.util.stream.StreamSpliterators$WrappingSpliterator.forEachRemaining(StreamSpliterators.java:310)
	at java.base/java.util.stream.Streams$ConcatSpliterator.forEachRemaining(Streams.java:735)
	at java.base/java.util.stream.Streams$ConcatSpliterator.forEachRemaining(Streams.java:734)
	at java.base/java.util.stream.ReferencePipeline$Head.forEach(ReferencePipeline.java:762)
	at org.junit.jupiter.engine.descriptor.ClassBasedTestDescriptor.invokeTestInstancePostProcessors(ClassBasedTestDescriptor.java:376)
	at org.junit.jupiter.engine.descriptor.ClassBasedTestDescriptor.lambda$instantiateAndPostProcessTestInstance$6(ClassBasedTestDescriptor.java:289)
	at org.junit.platform.engine.support.hierarchical.ThrowableCollector.execute(ThrowableCollector.java:73)
	at org.junit.jupiter.engine.descriptor.ClassBasedTestDescriptor.instantiateAndPostProcessTestInstance(ClassBasedTestDescriptor.java:288)
	at org.junit.jupiter.engine.descriptor.ClassBasedTestDescriptor.lambda$testInstancesProvider$4(ClassBasedTestDescriptor.java:278)
	at java.base/java.util.Optional.orElseGet(Optional.java:364)
	at org.junit.jupiter.engine.descriptor.ClassBasedTestDescriptor.lambda$testInstancesProvider$5(ClassBasedTestDescriptor.java:277)
	at org.junit.jupiter.engine.execution.TestInstancesProvider.getTestInstances(TestInstancesProvider.java:31)
	at org.junit.jupiter.engine.descriptor.TestMethodTestDescriptor.lambda$prepare$0(TestMethodTestDescriptor.java:105)
	at org.junit.platform.engine.support.hierarchical.ThrowableCollector.execute(ThrowableCollector.java:73)
	at org.junit.jupiter.engine.descriptor.TestMethodTestDescriptor.prepare(TestMethodTestDescriptor.java:104)
	at org.junit.jupiter.engine.descriptor.TestMethodTestDescriptor.prepare(TestMethodTestDescriptor.java:68)
	at org.junit.platform.engine.support.hierarchical.NodeTestTask.lambda$prepare$2(NodeTestTask.java:123)
	at org.junit.platform.engine.support.hierarchical.ThrowableCollector.execute(ThrowableCollector.java:73)
	at org.junit.platform.engine.support.hierarchical.NodeTestTask.prepare(NodeTestTask.java:123)
	at org.junit.platform.engine.support.hierarchical.NodeTestTask.execute(NodeTestTask.java:90)
	at java.base/java.util.ArrayList.forEach(ArrayList.java:1511)
	at org.junit.platform.engine.support.hierarchical.SameThreadHierarchicalTestExecutorService.invokeAll(SameThreadHierarchicalTestExecutorService.java:41)
	at org.junit.platform.engine.support.hierarchical.NodeTestTask.lambda$executeRecursively$6(NodeTestTask.java:155)
	at org.junit.platform.engine.support.hierarchical.ThrowableCollector.execute(ThrowableCollector.java:73)
	at org.junit.platform.engine.support.hierarchical.NodeTestTask.lambda$executeRecursively$8(NodeTestTask.java:141)
	at org.junit.platform.engine.support.hierarchical.Node.around(Node.java:137)
	at org.junit.platform.engine.support.hierarchical.NodeTestTask.lambda$executeRecursively$9(NodeTestTask.java:139)
	at org.junit.platform.engine.support.hierarchical.ThrowableCollector.execute(ThrowableCollector.java:73)
	at org.junit.platform.engine.support.hierarchical.NodeTestTask.executeRecursively(NodeTestTask.java:138)
	at org.junit.platform.engine.support.hierarchical.NodeTestTask.execute(NodeTestTask.java:95)
	at java.base/java.util.ArrayList.forEach(ArrayList.java:1511)
	at org.junit.platform.engine.support.hierarchical.SameThreadHierarchicalTestExecutorService.invokeAll(SameThreadHierarchicalTestExecutorService.java:41)
	at org.junit.platform.engine.support.hierarchical.NodeTestTask.lambda$executeRecursively$6(NodeTestTask.java:155)
	at org.junit.platform.engine.support.hierarchical.ThrowableCollector.execute(ThrowableCollector.java:73)
	at org.junit.platform.engine.support.hierarchical.NodeTestTask.lambda$executeRecursively$8(NodeTestTask.java:141)
	at org.junit.platform.engine.support.hierarchical.Node.around(Node.java:137)
	at org.junit.platform.engine.support.hierarchical.NodeTestTask.lambda$executeRecursively$9(NodeTestTask.java:139)
	at org.junit.platform.engine.support.hierarchical.ThrowableCollector.execute(ThrowableCollector.java:73)
	at org.junit.platform.engine.support.hierarchical.NodeTestTask.executeRecursively(NodeTestTask.java:138)
	at org.junit.platform.engine.support.hierarchical.NodeTestTask.execute(NodeTestTask.java:95)
	at org.junit.platform.engine.support.hierarchical.SameThreadHierarchicalTestExecutorService.submit(SameThreadHierarchicalTestExecutorService.java:35)
	at org.junit.platform.engine.support.hierarchical.HierarchicalTestExecutor.execute(HierarchicalTestExecutor.java:57)
	at org.junit.platform.engine.support.hierarchical.HierarchicalTestEngine.execute(HierarchicalTestEngine.java:54)
	at org.junit.platform.launcher.core.EngineExecutionOrchestrator.execute(EngineExecutionOrchestrator.java:147)
	at org.junit.platform.launcher.core.EngineExecutionOrchestrator.execute(EngineExecutionOrchestrator.java:127)
	at org.junit.platform.launcher.core.EngineExecutionOrchestrator.execute(EngineExecutionOrchestrator.java:90)
	at org.junit.platform.launcher.core.EngineExecutionOrchestrator.lambda$execute$0(EngineExecutionOrchestrator.java:55)
	at org.junit.platform.launcher.core.EngineExecutionOrchestrator.withInterceptedStreams(EngineExecutionOrchestrator.java:102)
	at org.junit.platform.launcher.core.EngineExecutionOrchestrator.execute(EngineExecutionOrchestrator.java:54)
	at org.junit.platform.launcher.core.DefaultLauncher.execute(DefaultLauncher.java:114)
	at org.junit.platform.launcher.core.DefaultLauncher.execute(DefaultLauncher.java:86)
	at org.junit.platform.launcher.core.DefaultLauncherSession$DelegatingLauncher.execute(DefaultLauncherSession.java:86)
	at org.apache.maven.surefire.junitplatform.LazyLauncher.execute(LazyLauncher.java:50)
	at org.apache.maven.surefire.junitplatform.JUnitPlatformProvider.execute(JUnitPlatformProvider.java:184)
	at org.apache.maven.surefire.junitplatform.JUnitPlatformProvider.invokeAllTests(JUnitPlatformProvider.java:148)
	at org.apache.maven.surefire.junitplatform.JUnitPlatformProvider.invoke(JUnitPlatformProvider.java:122)
	at org.apache.maven.surefire.booter.ForkedBooter.runSuitesInProcess(ForkedBooter.java:385)
	at org.apache.maven.surefire.booter.ForkedBooter.execute(ForkedBooter.java:162)
	at org.apache.maven.surefire.booter.ForkedBooter.run(ForkedBooter.java:507)
	at org.apache.maven.surefire.booter.ForkedBooter.main(ForkedBooter.java:495)
Caused by: org.springframework.beans.factory.UnsatisfiedDependencyException: Error creating bean with name 'userService' defined in file [C:\Users\vasco\OneDrive\Documents\Grupo1\AP2-PD2\dss-demonstrations-5.12.1\dss-demo-webapp\target\classes\eu\europa\esig\dss\web\service\UserService.class]: Unsatisfied dependency expressed through constructor parameter 0; nested exception is org.springframework.beans.factory.NoSuchBeanDefinitionException: No qualifying bean of type 'eu.europa.esig.dss.web.repository.UserRepository' available: expected at least 1 bean which qualifies as autowire candidate. Dependency annotations: {}
	at org.springframework.beans.factory.support.ConstructorResolver.createArgumentArray(ConstructorResolver.java:800)
	at org.springframework.beans.factory.support.ConstructorResolver.autowireConstructor(ConstructorResolver.java:229)
	at org.springframework.beans.factory.support.AbstractAutowireCapableBeanFactory.autowireConstructor(AbstractAutowireCapableBeanFactory.java:1372)
	at org.springframework.beans.factory.support.AbstractAutowireCapableBeanFactory.createBeanInstance(AbstractAutowireCapableBeanFactory.java:1222)
	at org.springframework.beans.factory.support.AbstractAutowireCapableBeanFactory.doCreateBean(AbstractAutowireCapableBeanFactory.java:582)
	at org.springframework.beans.factory.support.AbstractAutowireCapableBeanFactory.createBean(AbstractAutowireCapableBeanFactory.java:542)
	at org.springframework.beans.factory.support.AbstractBeanFactory.lambda$doGetBean$0(AbstractBeanFactory.java:335)
	at org.springframework.beans.factory.support.DefaultSingletonBeanRegistry.getSingleton(DefaultSingletonBeanRegistry.java:234)
	at org.springframework.beans.factory.support.AbstractBeanFactory.doGetBean(AbstractBeanFactory.java:333)
	at org.springframework.beans.factory.support.AbstractBeanFactory.getBean(AbstractBeanFactory.java:208)
	at org.springframework.beans.factory.support.DefaultListableBeanFactory.preInstantiateSingletons(DefaultListableBeanFactory.java:955)
	at org.springframework.context.support.AbstractApplicationContext.finishBeanFactoryInitialization(AbstractApplicationContext.java:920)
	at org.springframework.context.support.AbstractApplicationContext.refresh(AbstractApplicationContext.java:583)
	at org.springframework.test.context.web.AbstractGenericWebContextLoader.loadContext(AbstractGenericWebContextLoader.java:129)
	at org.springframework.test.context.web.AbstractGenericWebContextLoader.loadContext(AbstractGenericWebContextLoader.java:61)
	at org.springframework.test.context.support.AbstractDelegatingSmartContextLoader.delegateLoading(AbstractDelegatingSmartContextLoader.java:276)
	at org.springframework.test.context.support.AbstractDelegatingSmartContextLoader.loadContext(AbstractDelegatingSmartContextLoader.java:244)
	at org.springframework.test.context.cache.DefaultCacheAwareContextLoaderDelegate.loadContextInternal(DefaultCacheAwareContextLoaderDelegate.java:141)
	at org.springframework.test.context.cache.DefaultCacheAwareContextLoaderDelegate.loadContext(DefaultCacheAwareContextLoaderDelegate.java:90)
	... 73 more
Caused by: org.springframework.beans.factory.NoSuchBeanDefinitionException: No qualifying bean of type 'eu.europa.esig.dss.web.repository.UserRepository' available: expected at least 1 bean which qualifies as autowire candidate. Dependency annotations: {}
	at org.springframework.beans.factory.support.DefaultListableBeanFactory.raiseNoMatchingBeanFound(DefaultListableBeanFactory.java:1801)
	at org.springframework.beans.factory.support.DefaultListableBeanFactory.doResolveDependency(DefaultListableBeanFactory.java:1357)
	at org.springframework.beans.factory.support.DefaultListableBeanFactory.resolveDependency(DefaultListableBeanFactory.java:1311)
	at org.springframework.beans.factory.support.ConstructorResolver.resolveAutowiredArgument(ConstructorResolver.java:887)
	at org.springframework.beans.factory.support.ConstructorResolver.createArgumentArray(ConstructorResolver.java:791)
	... 91 more
]]></error>
    <system-out><![CDATA[19:30:59.823 [main] INFO  o.s.t.c.w.WebTestContextBootstrapper - Loaded default TestExecutionListener class names from location [META-INF/spring.factories]: [org.springframework.test.context.web.ServletTestExecutionListener, org.springframework.test.context.support.DirtiesContextBeforeModesTestExecutionListener, org.springframework.test.context.event.ApplicationEventsTestExecutionListener, org.springframework.test.context.support.DependencyInjectionTestExecutionListener, org.springframework.test.context.support.DirtiesContextTestExecutionListener, org.springframework.test.context.transaction.TransactionalTestExecutionListener, org.springframework.test.context.jdbc.SqlScriptsTestExecutionListener, org.springframework.test.context.event.EventPublishingTestExecutionListener]
19:30:59.856 [main] INFO  o.s.t.c.w.WebTestContextBootstrapper - Using TestExecutionListeners: [org.springframework.test.context.web.ServletTestExecutionListener@3b582111, org.springframework.test.context.support.DirtiesContextBeforeModesTestExecutionListener@2899a8db, org.springframework.test.context.event.ApplicationEventsTestExecutionListener@1e8823d2, org.springframework.test.context.support.DependencyInjectionTestExecutionListener@c1a4620, org.springframework.test.context.support.DirtiesContextTestExecutionListener@76b0ae1b, org.springframework.test.context.transaction.TransactionalTestExecutionListener@130a0f66, org.springframework.test.context.jdbc.SqlScriptsTestExecutionListener@4c432866, org.springframework.test.context.event.EventPublishingTestExecutionListener@12365c88]
19:31:00.216 [main] INFO  o.s.c.a.ConfigurationClassParser - Properties location [classpath:dss-custom.properties] not resolvable: class path resource [dss-custom.properties] cannot be opened because it does not exist
19:31:01.095 [main] DEBUG com.zaxxer.hikari.HikariConfig - Driver class org.hsqldb.jdbcDriver found in Thread context class loader jdk.internal.loader.ClassLoaders$AppClassLoader@70dea4e
19:31:01.497 [main] INFO  e.e.esig.dss.tsl.job.TLValidationJob - Offline refresh is running...
19:31:01.497 [main] INFO  e.e.esig.dss.tsl.job.TLValidationJob - Running analysis for 1 LOTLSource(s)
19:31:05.241 [pool-2-thread-1] INFO  e.e.e.d.v.CommonCertificateVerifier - + New CommonCertificateVerifier created.
19:31:05.296 [pool-2-thread-1] INFO  e.e.e.d.v.SignedDocumentValidator - Document validation...
19:31:05.380 [pool-2-thread-1] INFO  e.e.e.d.v.CommonCertificateVerifier - + New CommonCertificateVerifier created.
19:31:05.626 [pool-2-thread-1] INFO  e.e.e.d.x.v.XAdESCertificateSource - +XAdESCertificateSource
19:31:05.652 [pool-2-thread-1] INFO  e.e.e.d.v.CommonCertificateVerifier - + New CommonCertificateVerifier created.
19:31:06.019 [pool-2-thread-1] INFO  e.e.e.d.v.CommonCertificateVerifier - + New CommonCertificateVerifier created.
19:31:06.029 [pool-2-thread-1] INFO  e.e.e.d.v.SignedDocumentValidator - Document validation...
19:31:06.043 [pool-2-thread-1] INFO  e.e.e.d.v.CommonCertificateVerifier - + New CommonCertificateVerifier created.
19:31:06.094 [pool-2-thread-1] INFO  e.e.e.d.x.v.XAdESCertificateSource - +XAdESCertificateSource
19:31:06.108 [pool-2-thread-1] INFO  e.e.e.d.v.CommonCertificateVerifier - + New CommonCertificateVerifier created.
19:31:06.179 [pool-2-thread-1] INFO  e.e.e.d.v.CommonCertificateVerifier - + New CommonCertificateVerifier created.
19:31:06.187 [pool-2-thread-1] INFO  e.e.e.d.v.SignedDocumentValidator - Document validation...
19:31:06.201 [pool-2-thread-1] INFO  e.e.e.d.v.CommonCertificateVerifier - + New CommonCertificateVerifier created.
19:31:06.248 [pool-2-thread-1] INFO  e.e.e.d.x.v.XAdESCertificateSource - +XAdESCertificateSource
19:31:06.259 [pool-2-thread-1] INFO  e.e.e.d.v.CommonCertificateVerifier - + New CommonCertificateVerifier created.
19:31:06.332 [main] INFO  e.e.esig.dss.tsl.job.TLValidationJob - Analysis is DONE for 1 LOTLSource(s)
19:31:06.356 [main] INFO  e.e.esig.dss.tsl.job.TLValidationJob - Running analysis for 31 TLSource(s)
19:31:06.363 [pool-2-thread-12] ERROR e.e.e.d.t.runnable.AbstractAnalysis - Cannot retrieve data from url [https://www.ssi.gouv.fr/uploads/tl-fr.xml]. Empty content is obtained!
19:31:07.471 [pool-2-thread-1] WARN  e.e.e.d.t.f.c.DigitalIdentityListTypeConverter - Unable to load certificate 'MIIDDjCCAnegAwIBAgIBATANBgkqhkiG9w0BAQUFADCBmjELMAkGA1UEBhMCQVQxSDBGBgNVBAoTP0EtVHJ1c3QgR2VzLiBmLiBTaWNoZXJoZWl0c3N5c3RlbWUgaW0gZWxla3RyLiBEYXRlbnZlcmtlaHIgR21iSDEXMBUGA1UECxMOd3d3LmEtdHJ1c3QuYXQxEzARBgNVBAsTCmEtc2lnbiB1bmkxEzARBgNVBAMTCmEtc2lnbiB1bmkwHhcNMDIwOTEzMTgzMjM4WhcNMzIwOTEzMTgzMjM4WjCBmjELMAkGA1UEBhMCQVQxSDBGBgNVBAoTP0EtVHJ1c3QgR2VzLiBmLiBTaWNoZXJoZWl0c3N5c3RlbWUgaW0gZWxla3RyLiBEYXRlbnZlcmtlaHIgR21iSDEXMBUGA1UECxMOd3d3LmEtdHJ1c3QuYXQxEzARBgNVBAsTCmEtc2lnbiB1bmkxEzARBgNVBAMTCmEtc2lnbiB1bmkwgZ4wCwYJKoZIhvcNAQEBA4GOADCBigKBgQCvBqGXYw0rNZyQR8YG+EQ4GeoQgMRdsYPhnuvkl6aEMWdMvDuvAPlLi4rXNNq3mb4yKKCswSp5SPiRo43uwrpfCjLxu9RT+Fi3wDE1Z5tBr7iQOnOCx5IKs2X94hcdsJClWHYoxT4f5Jnq86kNVYys+T8TUJCrsHm/8TCr3x7vuwIEAAAAA6NjMGEwDgYDVR0PAQH/BAQDAgEGMA8GA1UdEwEB/wQFMAMBAf8wHQYDVR0OBBYEFBXzfvl2WIKcUwhZzt+1wC1ShQPBMB8GA1UdIwQYMBaAFBXzfvl2WIKcUwhZzt+1wC1ShQPBMA0GCSqGSIb3DQEBBQUAA4GBAALtJ7UT/H4ZwUAeKV1X1Gz+pIqVtCsECNKWHiZeXx0ly/insjh+vbNVNy2RyOimKWtms0GZ0Kj/oDK81efRL9YvHKMlCLlz6FBKaUTUztO1FYa2othUGsu8LsBtPPU6u0wMPGhE3DEdo5/4lA6gMbsOvKQ6jQyeCjqOB22EjbJd' (more details with enabled DEBUG mode)
19:31:07.759 [pool-2-thread-16] INFO  e.e.e.d.v.CommonCertificateVerifier - + New CommonCertificateVerifier created.
19:31:07.761 [pool-2-thread-30] INFO  e.e.e.d.v.CommonCertificateVerifier - + New CommonCertificateVerifier created.
19:31:07.770 [pool-2-thread-16] INFO  e.e.e.d.v.SignedDocumentValidator - Document validation...
19:31:07.773 [pool-2-thread-30] INFO  e.e.e.d.v.SignedDocumentValidator - Document validation...
19:31:07.810 [pool-2-thread-30] INFO  e.e.e.d.v.CommonCertificateVerifier - + New CommonCertificateVerifier created.
19:31:07.902 [pool-2-thread-16] INFO  e.e.e.d.v.CommonCertificateVerifier - + New CommonCertificateVerifier created.
19:31:07.973 [pool-2-thread-16] INFO  e.e.e.d.x.v.XAdESCertificateSource - +XAdESCertificateSource
19:31:08.047 [pool-2-thread-16] INFO  e.e.e.d.v.CommonCertificateVerifier - + New CommonCertificateVerifier created.
19:31:08.062 [pool-2-thread-30] INFO  e.e.e.d.x.v.XAdESCertificateSource - +XAdESCertificateSource
19:31:08.147 [pool-2-thread-30] INFO  e.e.e.d.v.CommonCertificateVerifier - + New CommonCertificateVerifier created.
19:31:08.470 [pool-2-thread-18] INFO  e.e.e.d.v.CommonCertificateVerifier - + New CommonCertificateVerifier created.
19:31:08.481 [pool-2-thread-15] INFO  e.e.e.d.v.CommonCertificateVerifier - + New CommonCertificateVerifier created.
19:31:08.482 [pool-2-thread-18] INFO  e.e.e.d.v.SignedDocumentValidator - Document validation...
19:31:08.486 [pool-2-thread-22] INFO  e.e.e.d.v.CommonCertificateVerifier - + New CommonCertificateVerifier created.
19:31:08.494 [pool-2-thread-27] INFO  e.e.e.d.v.CommonCertificateVerifier - + New CommonCertificateVerifier created.
19:31:08.507 [pool-2-thread-27] INFO  e.e.e.d.v.SignedDocumentValidator - Document validation...
19:31:08.558 [pool-2-thread-15] INFO  e.e.e.d.v.SignedDocumentValidator - Document validation...
19:31:08.587 [pool-2-thread-15] INFO  e.e.e.d.v.CommonCertificateVerifier - + New CommonCertificateVerifier created.
19:31:08.609 [pool-2-thread-22] INFO  e.e.e.d.v.SignedDocumentValidator - Document validation...
19:31:08.615 [pool-2-thread-18] INFO  e.e.e.d.v.CommonCertificateVerifier - + New CommonCertificateVerifier created.
19:31:08.623 [pool-2-thread-27] INFO  e.e.e.d.v.CommonCertificateVerifier - + New CommonCertificateVerifier created.
19:31:08.643 [pool-2-thread-22] INFO  e.e.e.d.v.CommonCertificateVerifier - + New CommonCertificateVerifier created.
19:31:08.873 [pool-2-thread-27] INFO  e.e.e.d.x.v.XAdESCertificateSource - +XAdESCertificateSource
19:31:08.886 [pool-2-thread-22] INFO  e.e.e.d.x.v.XAdESCertificateSource - +XAdESCertificateSource
19:31:08.953 [pool-2-thread-15] INFO  e.e.e.d.x.v.XAdESCertificateSource - +XAdESCertificateSource
19:31:08.978 [pool-2-thread-18] INFO  e.e.e.d.x.v.XAdESCertificateSource - +XAdESCertificateSource
19:31:08.996 [pool-2-thread-22] INFO  e.e.e.d.v.CommonCertificateVerifier - + New CommonCertificateVerifier created.
19:31:09.029 [pool-2-thread-27] INFO  e.e.e.d.v.CommonCertificateVerifier - + New CommonCertificateVerifier created.
19:31:09.162 [pool-2-thread-7] INFO  e.e.e.d.v.CommonCertificateVerifier - + New CommonCertificateVerifier created.
19:31:09.173 [pool-2-thread-18] INFO  e.e.e.d.v.CommonCertificateVerifier - + New CommonCertificateVerifier created.
19:31:09.173 [pool-2-thread-15] INFO  e.e.e.d.v.CommonCertificateVerifier - + New CommonCertificateVerifier created.
19:31:09.176 [pool-2-thread-7] INFO  e.e.e.d.v.SignedDocumentValidator - Document validation...
19:31:09.181 [pool-2-thread-20] INFO  e.e.e.d.v.CommonCertificateVerifier - + New CommonCertificateVerifier created.
19:31:09.287 [pool-2-thread-7] INFO  e.e.e.d.v.CommonCertificateVerifier - + New CommonCertificateVerifier created.
19:31:09.372 [pool-2-thread-20] INFO  e.e.e.d.v.SignedDocumentValidator - Document validation...
19:31:09.390 [pool-2-thread-20] INFO  e.e.e.d.v.CommonCertificateVerifier - + New CommonCertificateVerifier created.
19:31:09.430 [pool-2-thread-7] INFO  e.e.e.d.x.v.XAdESCertificateSource - +XAdESCertificateSource
19:31:09.450 [pool-2-thread-7] INFO  e.e.e.d.v.CommonCertificateVerifier - + New CommonCertificateVerifier created.
19:31:09.574 [pool-2-thread-20] INFO  e.e.e.d.x.v.XAdESCertificateSource - +XAdESCertificateSource
19:31:09.643 [pool-2-thread-4] INFO  e.e.e.d.v.CommonCertificateVerifier - + New CommonCertificateVerifier created.
19:31:09.672 [pool-2-thread-20] INFO  e.e.e.d.v.CommonCertificateVerifier - + New CommonCertificateVerifier created.
19:31:09.800 [pool-2-thread-4] INFO  e.e.e.d.v.SignedDocumentValidator - Document validation...
19:31:09.827 [pool-2-thread-4] INFO  e.e.e.d.v.CommonCertificateVerifier - + New CommonCertificateVerifier created.
19:31:09.909 [pool-2-thread-4] INFO  e.e.e.d.x.v.XAdESCertificateSource - +XAdESCertificateSource
19:31:09.924 [pool-2-thread-4] INFO  e.e.e.d.v.CommonCertificateVerifier - + New CommonCertificateVerifier created.
19:31:10.023 [pool-2-thread-13] INFO  e.e.e.d.v.CommonCertificateVerifier - + New CommonCertificateVerifier created.
19:31:10.033 [pool-2-thread-13] INFO  e.e.e.d.v.SignedDocumentValidator - Document validation...
19:31:10.085 [pool-2-thread-13] INFO  e.e.e.d.v.CommonCertificateVerifier - + New CommonCertificateVerifier created.
19:31:10.223 [pool-2-thread-13] INFO  e.e.e.d.x.v.XAdESCertificateSource - +XAdESCertificateSource
19:31:10.284 [pool-2-thread-13] INFO  e.e.e.d.v.CommonCertificateVerifier - + New CommonCertificateVerifier created.
19:31:10.398 [pool-2-thread-21] INFO  e.e.e.d.v.CommonCertificateVerifier - + New CommonCertificateVerifier created.
19:31:10.432 [pool-2-thread-21] INFO  e.e.e.d.v.SignedDocumentValidator - Document validation...
19:31:10.445 [pool-2-thread-21] INFO  e.e.e.d.v.CommonCertificateVerifier - + New CommonCertificateVerifier created.
19:31:10.716 [pool-2-thread-21] INFO  e.e.e.d.x.v.XAdESCertificateSource - +XAdESCertificateSource
19:31:10.721 [pool-2-thread-11] INFO  e.e.e.d.v.CommonCertificateVerifier - + New CommonCertificateVerifier created.
19:31:10.732 [pool-2-thread-11] INFO  e.e.e.d.v.SignedDocumentValidator - Document validation...
19:31:10.733 [pool-2-thread-21] INFO  e.e.e.d.v.CommonCertificateVerifier - + New CommonCertificateVerifier created.
19:31:10.743 [pool-2-thread-11] INFO  e.e.e.d.v.CommonCertificateVerifier - + New CommonCertificateVerifier created.
19:31:10.906 [pool-2-thread-11] INFO  e.e.e.d.x.v.XAdESCertificateSource - +XAdESCertificateSource
19:31:10.918 [pool-2-thread-11] INFO  e.e.e.d.v.CommonCertificateVerifier - + New CommonCertificateVerifier created.
19:31:10.931 [pool-2-thread-19] INFO  e.e.e.d.v.CommonCertificateVerifier - + New CommonCertificateVerifier created.
19:31:10.934 [pool-2-thread-8] INFO  e.e.e.d.v.CommonCertificateVerifier - + New CommonCertificateVerifier created.
19:31:10.985 [pool-2-thread-8] INFO  e.e.e.d.v.SignedDocumentValidator - Document validation...
19:31:11.037 [pool-2-thread-19] INFO  e.e.e.d.v.SignedDocumentValidator - Document validation...
19:31:11.041 [pool-2-thread-8] INFO  e.e.e.d.v.CommonCertificateVerifier - + New CommonCertificateVerifier created.
19:31:11.094 [pool-2-thread-19] INFO  e.e.e.d.v.CommonCertificateVerifier - + New CommonCertificateVerifier created.
19:31:11.302 [pool-2-thread-8] INFO  e.e.e.d.x.v.XAdESCertificateSource - +XAdESCertificateSource
19:31:11.315 [pool-2-thread-8] INFO  e.e.e.d.v.CommonCertificateVerifier - + New CommonCertificateVerifier created.
19:31:11.426 [pool-2-thread-19] INFO  e.e.e.d.x.v.XAdESCertificateSource - +XAdESCertificateSource
19:31:11.481 [pool-2-thread-19] INFO  e.e.e.d.v.CommonCertificateVerifier - + New CommonCertificateVerifier created.
19:31:12.445 [pool-2-thread-28] INFO  e.e.e.d.v.CommonCertificateVerifier - + New CommonCertificateVerifier created.
19:31:12.514 [pool-2-thread-1] WARN  e.e.e.d.t.f.c.DigitalIdentityListTypeConverter - Unable to load certificate 'MIIC2jCCAkOgAwIBAgIBATANBgkqhkiG9w0BAQUFADCBgDELMAkGA1UEBhMCQVQxHTAbBgNVBAoTFERhdGFrb20gQXVzdHJpYSBHbWJIMRowGAYDVQQLExFhLXNpZ24uZGF0YWtvbS5hdDEaMBgGA1UECxMRYS1zaWduIFByZW1pdW0gQ0ExGjAYBgNVBAMTEWEtc2lnbiBQcmVtaXVtIENBMB4XDTAxMTEyMTE2MDk0NFoXDTMxMTEyMTE2MDk0NFowgYAxCzAJBgNVBAYTAkFUMR0wGwYDVQQKExREYXRha29tIEF1c3RyaWEgR21iSDEaMBgGA1UECxMRYS1zaWduLmRhdGFrb20uYXQxGjAYBgNVBAsTEWEtc2lnbiBQcmVtaXVtIENBMRowGAYDVQQDExFhLXNpZ24gUHJlbWl1bSBDQTCBnjALBgkqhkiG9w0BAQEDgY4AMIGKAoGBAKpdHrr/9I5zG2jGfpHeZpMkm58ZJBtXG73qH7+mTAkgWosabkMynNCayPiA1//ZHS2s2kTB5FYtXwmVFyqIIDQelt4IZwLDLdJQItxvYMV17DFO+ZebQe7bljUwwGOdguq9MuDBI2xYYE2z2JVDuOuDpKS+/YPC02OzTo/jWSb5AgQAAAADo2MwYTAOBgNVHQ8BAf8EBAMCAQYwDwYDVR0TAQH/BAUwAwEB/zAdBgNVHQ4EFgQUoX0/IPOimGkJ9u1tRx6O0guPGNEwHwYDVR0jBBgwFoAUoX0/IPOimGkJ9u1tRx6O0guPGNEwDQYJKoZIhvcNAQEFBQADgYEAhUKQ8tg1IWl1w6uD0ylZ0RdFg5Fygd+KGLCOwaVIgpFieWDKBJMdavgu+uyWOWY2cQW5NiSG2jnqKfKJkX9znBcUUcjj4PfGfj9OLEiNAMa/zBPCgCrhGq07M4I2W6G39D8ExWscBFuQxKnpnLLsTVpS8GMe81lFge3O2VABiUo=' (more details with enabled DEBUG mode)
19:31:12.527 [pool-2-thread-3] INFO  e.e.e.d.v.CommonCertificateVerifier - + New CommonCertificateVerifier created.
19:31:12.543 [pool-2-thread-3] INFO  e.e.e.d.v.SignedDocumentValidator - Document validation...
19:31:12.569 [pool-2-thread-3] INFO  e.e.e.d.v.CommonCertificateVerifier - + New CommonCertificateVerifier created.
19:31:12.571 [pool-2-thread-28] INFO  e.e.e.d.v.SignedDocumentValidator - Document validation...
19:31:12.600 [pool-2-thread-28] INFO  e.e.e.d.v.CommonCertificateVerifier - + New CommonCertificateVerifier created.
19:31:12.780 [pool-2-thread-3] INFO  e.e.e.d.x.v.XAdESCertificateSource - +XAdESCertificateSource
19:31:12.804 [pool-2-thread-3] INFO  e.e.e.d.v.CommonCertificateVerifier - + New CommonCertificateVerifier created.
19:31:12.963 [pool-2-thread-28] INFO  e.e.e.d.x.v.XAdESCertificateSource - +XAdESCertificateSource
19:31:12.986 [pool-2-thread-28] INFO  e.e.e.d.v.CommonCertificateVerifier - + New CommonCertificateVerifier created.
19:31:14.366 [pool-2-thread-24] INFO  e.e.e.d.v.CommonCertificateVerifier - + New CommonCertificateVerifier created.
19:31:14.391 [pool-2-thread-24] INFO  e.e.e.d.v.SignedDocumentValidator - Document validation...
19:31:14.404 [pool-2-thread-24] INFO  e.e.e.d.v.CommonCertificateVerifier - + New CommonCertificateVerifier created.
19:31:14.545 [pool-2-thread-24] INFO  e.e.e.d.x.v.XAdESCertificateSource - +XAdESCertificateSource
19:31:14.556 [pool-2-thread-24] INFO  e.e.e.d.v.CommonCertificateVerifier - + New CommonCertificateVerifier created.
19:31:15.207 [pool-2-thread-26] INFO  e.e.e.d.v.CommonCertificateVerifier - + New CommonCertificateVerifier created.
19:31:15.225 [pool-2-thread-26] INFO  e.e.e.d.v.SignedDocumentValidator - Document validation...
19:31:15.237 [pool-2-thread-26] INFO  e.e.e.d.v.CommonCertificateVerifier - + New CommonCertificateVerifier created.
19:31:15.462 [pool-2-thread-26] INFO  e.e.e.d.x.v.XAdESCertificateSource - +XAdESCertificateSource
19:31:15.508 [pool-2-thread-26] INFO  e.e.e.d.v.CommonCertificateVerifier - + New CommonCertificateVerifier created.
19:31:15.584 [pool-2-thread-12] INFO  e.e.e.d.v.CommonCertificateVerifier - + New CommonCertificateVerifier created.
19:31:15.599 [pool-2-thread-12] INFO  e.e.e.d.v.SignedDocumentValidator - Document validation...
19:31:15.613 [pool-2-thread-12] INFO  e.e.e.d.v.CommonCertificateVerifier - + New CommonCertificateVerifier created.
19:31:15.631 [pool-2-thread-2] INFO  e.e.e.d.v.CommonCertificateVerifier - + New CommonCertificateVerifier created.
19:31:15.647 [pool-2-thread-2] INFO  e.e.e.d.v.SignedDocumentValidator - Document validation...
19:31:15.661 [pool-2-thread-2] INFO  e.e.e.d.v.CommonCertificateVerifier - + New CommonCertificateVerifier created.
19:31:15.903 [pool-2-thread-12] INFO  e.e.e.d.x.v.XAdESCertificateSource - +XAdESCertificateSource
19:31:15.922 [pool-2-thread-12] INFO  e.e.e.d.v.CommonCertificateVerifier - + New CommonCertificateVerifier created.
19:31:15.997 [pool-2-thread-25] INFO  e.e.e.d.v.CommonCertificateVerifier - + New CommonCertificateVerifier created.
19:31:16.066 [pool-2-thread-25] INFO  e.e.e.d.v.SignedDocumentValidator - Document validation...
19:31:16.084 [pool-2-thread-2] INFO  e.e.e.d.x.v.XAdESCertificateSource - +XAdESCertificateSource
19:31:16.117 [pool-2-thread-25] INFO  e.e.e.d.v.CommonCertificateVerifier - + New CommonCertificateVerifier created.
19:31:16.146 [pool-2-thread-2] INFO  e.e.e.d.v.CommonCertificateVerifier - + New CommonCertificateVerifier created.
19:31:16.557 [pool-2-thread-25] INFO  e.e.e.d.x.v.XAdESCertificateSource - +XAdESCertificateSource
19:31:16.576 [pool-2-thread-25] INFO  e.e.e.d.v.CommonCertificateVerifier - + New CommonCertificateVerifier created.
19:31:16.675 [pool-2-thread-14] INFO  e.e.e.d.v.CommonCertificateVerifier - + New CommonCertificateVerifier created.
19:31:16.712 [pool-2-thread-14] INFO  e.e.e.d.v.SignedDocumentValidator - Document validation...
19:31:16.774 [pool-2-thread-14] INFO  e.e.e.d.v.CommonCertificateVerifier - + New CommonCertificateVerifier created.
19:31:17.251 [pool-2-thread-14] INFO  e.e.e.d.x.v.XAdESCertificateSource - +XAdESCertificateSource
19:31:17.276 [pool-2-thread-14] INFO  e.e.e.d.v.CommonCertificateVerifier - + New CommonCertificateVerifier created.
19:31:17.551 [pool-2-thread-1] INFO  e.e.e.d.v.CommonCertificateVerifier - + New CommonCertificateVerifier created.
19:31:17.564 [pool-2-thread-1] INFO  e.e.e.d.v.SignedDocumentValidator - Document validation...
19:31:17.573 [pool-2-thread-1] INFO  e.e.e.d.v.CommonCertificateVerifier - + New CommonCertificateVerifier created.
19:31:17.678 [pool-2-thread-1] INFO  e.e.e.d.x.v.XAdESCertificateSource - +XAdESCertificateSource
19:31:17.689 [pool-2-thread-1] INFO  e.e.e.d.v.CommonCertificateVerifier - + New CommonCertificateVerifier created.
19:31:17.994 [pool-2-thread-29] INFO  e.e.e.d.v.CommonCertificateVerifier - + New CommonCertificateVerifier created.
19:31:18.012 [pool-2-thread-29] INFO  e.e.e.d.v.SignedDocumentValidator - Document validation...
19:31:18.022 [pool-2-thread-29] INFO  e.e.e.d.v.CommonCertificateVerifier - + New CommonCertificateVerifier created.
19:31:18.228 [pool-2-thread-5] INFO  e.e.e.d.v.CommonCertificateVerifier - + New CommonCertificateVerifier created.
19:31:18.252 [pool-2-thread-5] INFO  e.e.e.d.v.SignedDocumentValidator - Document validation...
19:31:18.256 [pool-2-thread-23] INFO  e.e.e.d.v.CommonCertificateVerifier - + New CommonCertificateVerifier created.
19:31:18.270 [pool-2-thread-5] INFO  e.e.e.d.v.CommonCertificateVerifier - + New CommonCertificateVerifier created.
19:31:18.274 [pool-2-thread-23] INFO  e.e.e.d.v.SignedDocumentValidator - Document validation...
19:31:18.293 [pool-2-thread-23] INFO  e.e.e.d.v.CommonCertificateVerifier - + New CommonCertificateVerifier created.
19:31:18.301 [pool-2-thread-29] INFO  e.e.e.d.x.v.XAdESCertificateSource - +XAdESCertificateSource
19:31:18.320 [pool-2-thread-29] INFO  e.e.e.d.v.CommonCertificateVerifier - + New CommonCertificateVerifier created.
19:31:18.509 [pool-2-thread-23] INFO  e.e.e.d.x.v.XAdESCertificateSource - +XAdESCertificateSource
19:31:18.527 [pool-2-thread-23] INFO  e.e.e.d.v.CommonCertificateVerifier - + New CommonCertificateVerifier created.
19:31:18.558 [pool-2-thread-5] INFO  e.e.e.d.x.v.XAdESCertificateSource - +XAdESCertificateSource
19:31:18.579 [pool-2-thread-5] INFO  e.e.e.d.v.CommonCertificateVerifier - + New CommonCertificateVerifier created.
19:31:19.739 [pool-2-thread-9] INFO  e.e.e.d.v.CommonCertificateVerifier - + New CommonCertificateVerifier created.
19:31:19.749 [pool-2-thread-9] INFO  e.e.e.d.v.SignedDocumentValidator - Document validation...
19:31:19.758 [pool-2-thread-9] INFO  e.e.e.d.v.CommonCertificateVerifier - + New CommonCertificateVerifier created.
19:31:19.885 [pool-2-thread-9] INFO  e.e.e.d.x.v.XAdESCertificateSource - +XAdESCertificateSource
19:31:19.893 [pool-2-thread-9] INFO  e.e.e.d.v.CommonCertificateVerifier - + New CommonCertificateVerifier created.
19:31:24.131 [pool-2-thread-10] INFO  e.e.e.d.v.CommonCertificateVerifier - + New CommonCertificateVerifier created.
19:31:24.147 [pool-2-thread-6] INFO  e.e.e.d.v.CommonCertificateVerifier - + New CommonCertificateVerifier created.
19:31:24.148 [pool-2-thread-10] INFO  e.e.e.d.v.SignedDocumentValidator - Document validation...
19:31:24.171 [pool-2-thread-10] INFO  e.e.e.d.v.CommonCertificateVerifier - + New CommonCertificateVerifier created.
19:31:24.209 [pool-2-thread-6] INFO  e.e.e.d.v.SignedDocumentValidator - Document validation...
19:31:24.286 [pool-2-thread-6] INFO  e.e.e.d.v.CommonCertificateVerifier - + New CommonCertificateVerifier created.
19:31:24.714 [pool-2-thread-10] INFO  e.e.e.d.x.v.XAdESCertificateSource - +XAdESCertificateSource
19:31:24.735 [pool-2-thread-10] INFO  e.e.e.d.v.CommonCertificateVerifier - + New CommonCertificateVerifier created.
19:31:25.387 [pool-2-thread-6] INFO  e.e.e.d.x.v.XAdESCertificateSource - +XAdESCertificateSource
19:31:25.455 [pool-2-thread-6] INFO  e.e.e.d.v.CommonCertificateVerifier - + New CommonCertificateVerifier created.
19:31:25.923 [pool-2-thread-17] INFO  e.e.e.d.v.CommonCertificateVerifier - + New CommonCertificateVerifier created.
19:31:25.945 [pool-2-thread-17] INFO  e.e.e.d.v.SignedDocumentValidator - Document validation...
19:31:25.971 [pool-2-thread-17] INFO  e.e.e.d.v.CommonCertificateVerifier - + New CommonCertificateVerifier created.
19:31:26.355 [pool-2-thread-17] INFO  e.e.e.d.x.v.XAdESCertificateSource - +XAdESCertificateSource
19:31:26.384 [pool-2-thread-17] INFO  e.e.e.d.v.CommonCertificateVerifier - + New CommonCertificateVerifier created.
19:31:27.017 [main] INFO  e.e.esig.dss.tsl.job.TLValidationJob - Analysis is DONE for 31 TLSource(s)
19:31:27.067 [main] WARN  e.e.e.d.t.s.TrustedListCertificateSourceSynchronizer - No Parsing result for TLInfo with url [https://www.ssi.gouv.fr/uploads/tl-fr.xml]
19:31:27.263 [main] INFO  e.e.esig.dss.tsl.job.TLValidationJob - Offline refresh is DONE.
19:31:29.751 [main] DEBUG FOP - target-resolution set to: 72.0dpi (px2mm=0.35277778)
19:31:29.773 [main] INFO  e.e.e.d.v.CommonCertificateVerifier - + New CommonCertificateVerifier created.
19:31:29.840 [main] WARN  o.s.w.c.s.GenericWebApplicationContext - Exception encountered during context initialization - cancelling refresh attempt: org.springframework.beans.factory.UnsatisfiedDependencyException: Error creating bean with name 'userService' defined in file [C:\Users\vasco\OneDrive\Documents\Grupo1\AP2-PD2\dss-demonstrations-5.12.1\dss-demo-webapp\target\classes\eu\europa\esig\dss\web\service\UserService.class]: Unsatisfied dependency expressed through constructor parameter 0; nested exception is org.springframework.beans.factory.NoSuchBeanDefinitionException: No qualifying bean of type 'eu.europa.esig.dss.web.repository.UserRepository' available: expected at least 1 bean which qualifies as autowire candidate. Dependency annotations: {}
19:31:29.848 [main] ERROR o.s.test.context.TestContextManager - Caught exception while allowing TestExecutionListener [org.springframework.test.context.web.ServletTestExecutionListener@3b582111] to prepare test instance [eu.europa.esig.dss.web.service.FOPServiceTest@3caf5c96]
java.lang.IllegalStateException: Failed to load ApplicationContext
	at org.springframework.test.context.cache.DefaultCacheAwareContextLoaderDelegate.loadContext(DefaultCacheAwareContextLoaderDelegate.java:98)
	at org.springframework.test.context.support.DefaultTestContext.getApplicationContext(DefaultTestContext.java:124)
	at org.springframework.test.context.web.ServletTestExecutionListener.setUpRequestContextIfNecessary(ServletTestExecutionListener.java:190)
	at org.springframework.test.context.web.ServletTestExecutionListener.prepareTestInstance(ServletTestExecutionListener.java:132)
	at org.springframework.test.context.TestContextManager.prepareTestInstance(TestContextManager.java:248)
	at org.springframework.test.context.junit.jupiter.SpringExtension.postProcessTestInstance(SpringExtension.java:138)
	at org.junit.jupiter.engine.descriptor.ClassBasedTestDescriptor.lambda$invokeTestInstancePostProcessors$10(ClassBasedTestDescriptor.java:377)
	at org.junit.jupiter.engine.descriptor.ClassBasedTestDescriptor.executeAndMaskThrowable(ClassBasedTestDescriptor.java:382)
	at org.junit.jupiter.engine.descriptor.ClassBasedTestDescriptor.lambda$invokeTestInstancePostProcessors$11(ClassBasedTestDescriptor.java:377)
	at java.base/java.util.stream.ReferencePipeline$3$1.accept(ReferencePipeline.java:197)
	at java.base/java.util.stream.ReferencePipeline$2$1.accept(ReferencePipeline.java:179)
	at java.base/java.util.ArrayList$ArrayListSpliterator.forEachRemaining(ArrayList.java:1625)
	at java.base/java.util.stream.AbstractPipeline.copyInto(AbstractPipeline.java:509)
	at java.base/java.util.stream.AbstractPipeline.wrapAndCopyInto(AbstractPipeline.java:499)
	at java.base/java.util.stream.StreamSpliterators$WrappingSpliterator.forEachRemaining(StreamSpliterators.java:310)
	at java.base/java.util.stream.Streams$ConcatSpliterator.forEachRemaining(Streams.java:735)
	at java.base/java.util.stream.Streams$ConcatSpliterator.forEachRemaining(Streams.java:734)
	at java.base/java.util.stream.ReferencePipeline$Head.forEach(ReferencePipeline.java:762)
	at org.junit.jupiter.engine.descriptor.ClassBasedTestDescriptor.invokeTestInstancePostProcessors(ClassBasedTestDescriptor.java:376)
	at org.junit.jupiter.engine.descriptor.ClassBasedTestDescriptor.lambda$instantiateAndPostProcessTestInstance$6(ClassBasedTestDescriptor.java:289)
	at org.junit.platform.engine.support.hierarchical.ThrowableCollector.execute(ThrowableCollector.java:73)
	at org.junit.jupiter.engine.descriptor.ClassBasedTestDescriptor.instantiateAndPostProcessTestInstance(ClassBasedTestDescriptor.java:288)
	at org.junit.jupiter.engine.descriptor.ClassBasedTestDescriptor.lambda$testInstancesProvider$4(ClassBasedTestDescriptor.java:278)
	at java.base/java.util.Optional.orElseGet(Optional.java:364)
	at org.junit.jupiter.engine.descriptor.ClassBasedTestDescriptor.lambda$testInstancesProvider$5(ClassBasedTestDescriptor.java:277)
	at org.junit.jupiter.engine.execution.TestInstancesProvider.getTestInstances(TestInstancesProvider.java:31)
	at org.junit.jupiter.engine.descriptor.TestMethodTestDescriptor.lambda$prepare$0(TestMethodTestDescriptor.java:105)
	at org.junit.platform.engine.support.hierarchical.ThrowableCollector.execute(ThrowableCollector.java:73)
	at org.junit.jupiter.engine.descriptor.TestMethodTestDescriptor.prepare(TestMethodTestDescriptor.java:104)
	at org.junit.jupiter.engine.descriptor.TestMethodTestDescriptor.prepare(TestMethodTestDescriptor.java:68)
	at org.junit.platform.engine.support.hierarchical.NodeTestTask.lambda$prepare$2(NodeTestTask.java:123)
	at org.junit.platform.engine.support.hierarchical.ThrowableCollector.execute(ThrowableCollector.java:73)
	at org.junit.platform.engine.support.hierarchical.NodeTestTask.prepare(NodeTestTask.java:123)
	at org.junit.platform.engine.support.hierarchical.NodeTestTask.execute(NodeTestTask.java:90)
	at java.base/java.util.ArrayList.forEach(ArrayList.java:1511)
	at org.junit.platform.engine.support.hierarchical.SameThreadHierarchicalTestExecutorService.invokeAll(SameThreadHierarchicalTestExecutorService.java:41)
	at org.junit.platform.engine.support.hierarchical.NodeTestTask.lambda$executeRecursively$6(NodeTestTask.java:155)
	at org.junit.platform.engine.support.hierarchical.ThrowableCollector.execute(ThrowableCollector.java:73)
	at org.junit.platform.engine.support.hierarchical.NodeTestTask.lambda$executeRecursively$8(NodeTestTask.java:141)
	at org.junit.platform.engine.support.hierarchical.Node.around(Node.java:137)
	at org.junit.platform.engine.support.hierarchical.NodeTestTask.lambda$executeRecursively$9(NodeTestTask.java:139)
	at org.junit.platform.engine.support.hierarchical.ThrowableCollector.execute(ThrowableCollector.java:73)
	at org.junit.platform.engine.support.hierarchical.NodeTestTask.executeRecursively(NodeTestTask.java:138)
	at org.junit.platform.engine.support.hierarchical.NodeTestTask.execute(NodeTestTask.java:95)
	at java.base/java.util.ArrayList.forEach(ArrayList.java:1511)
	at org.junit.platform.engine.support.hierarchical.SameThreadHierarchicalTestExecutorService.invokeAll(SameThreadHierarchicalTestExecutorService.java:41)
	at org.junit.platform.engine.support.hierarchical.NodeTestTask.lambda$executeRecursively$6(NodeTestTask.java:155)
	at org.junit.platform.engine.support.hierarchical.ThrowableCollector.execute(ThrowableCollector.java:73)
	at org.junit.platform.engine.support.hierarchical.NodeTestTask.lambda$executeRecursively$8(NodeTestTask.java:141)
	at org.junit.platform.engine.support.hierarchical.Node.around(Node.java:137)
	at org.junit.platform.engine.support.hierarchical.NodeTestTask.lambda$executeRecursively$9(NodeTestTask.java:139)
	at org.junit.platform.engine.support.hierarchical.ThrowableCollector.execute(ThrowableCollector.java:73)
	at org.junit.platform.engine.support.hierarchical.NodeTestTask.executeRecursively(NodeTestTask.java:138)
	at org.junit.platform.engine.support.hierarchical.NodeTestTask.execute(NodeTestTask.java:95)
	at org.junit.platform.engine.support.hierarchical.SameThreadHierarchicalTestExecutorService.submit(SameThreadHierarchicalTestExecutorService.java:35)
	at org.junit.platform.engine.support.hierarchical.HierarchicalTestExecutor.execute(HierarchicalTestExecutor.java:57)
	at org.junit.platform.engine.support.hierarchical.HierarchicalTestEngine.execute(HierarchicalTestEngine.java:54)
	at org.junit.platform.launcher.core.EngineExecutionOrchestrator.execute(EngineExecutionOrchestrator.java:147)
	at org.junit.platform.launcher.core.EngineExecutionOrchestrator.execute(EngineExecutionOrchestrator.java:127)
	at org.junit.platform.launcher.core.EngineExecutionOrchestrator.execute(EngineExecutionOrchestrator.java:90)
	at org.junit.platform.launcher.core.EngineExecutionOrchestrator.lambda$execute$0(EngineExecutionOrchestrator.java:55)
	at org.junit.platform.launcher.core.EngineExecutionOrchestrator.withInterceptedStreams(EngineExecutionOrchestrator.java:102)
	at org.junit.platform.launcher.core.EngineExecutionOrchestrator.execute(EngineExecutionOrchestrator.java:54)
	at org.junit.platform.launcher.core.DefaultLauncher.execute(DefaultLauncher.java:114)
	at org.junit.platform.launcher.core.DefaultLauncher.execute(DefaultLauncher.java:86)
	at org.junit.platform.launcher.core.DefaultLauncherSession$DelegatingLauncher.execute(DefaultLauncherSession.java:86)
	at org.apache.maven.surefire.junitplatform.LazyLauncher.execute(LazyLauncher.java:50)
	at org.apache.maven.surefire.junitplatform.JUnitPlatformProvider.execute(JUnitPlatformProvider.java:184)
	at org.apache.maven.surefire.junitplatform.JUnitPlatformProvider.invokeAllTests(JUnitPlatformProvider.java:148)
	at org.apache.maven.surefire.junitplatform.JUnitPlatformProvider.invoke(JUnitPlatformProvider.java:122)
	at org.apache.maven.surefire.booter.ForkedBooter.runSuitesInProcess(ForkedBooter.java:385)
	at org.apache.maven.surefire.booter.ForkedBooter.execute(ForkedBooter.java:162)
	at org.apache.maven.surefire.booter.ForkedBooter.run(ForkedBooter.java:507)
	at org.apache.maven.surefire.booter.ForkedBooter.main(ForkedBooter.java:495)
Caused by: org.springframework.beans.factory.UnsatisfiedDependencyException: Error creating bean with name 'userService' defined in file [C:\Users\vasco\OneDrive\Documents\Grupo1\AP2-PD2\dss-demonstrations-5.12.1\dss-demo-webapp\target\classes\eu\europa\esig\dss\web\service\UserService.class]: Unsatisfied dependency expressed through constructor parameter 0; nested exception is org.springframework.beans.factory.NoSuchBeanDefinitionException: No qualifying bean of type 'eu.europa.esig.dss.web.repository.UserRepository' available: expected at least 1 bean which qualifies as autowire candidate. Dependency annotations: {}
	at org.springframework.beans.factory.support.ConstructorResolver.createArgumentArray(ConstructorResolver.java:800)
	at org.springframework.beans.factory.support.ConstructorResolver.autowireConstructor(ConstructorResolver.java:229)
	at org.springframework.beans.factory.support.AbstractAutowireCapableBeanFactory.autowireConstructor(AbstractAutowireCapableBeanFactory.java:1372)
	at org.springframework.beans.factory.support.AbstractAutowireCapableBeanFactory.createBeanInstance(AbstractAutowireCapableBeanFactory.java:1222)
	at org.springframework.beans.factory.support.AbstractAutowireCapableBeanFactory.doCreateBean(AbstractAutowireCapableBeanFactory.java:582)
	at org.springframework.beans.factory.support.AbstractAutowireCapableBeanFactory.createBean(AbstractAutowireCapableBeanFactory.java:542)
	at org.springframework.beans.factory.support.AbstractBeanFactory.lambda$doGetBean$0(AbstractBeanFactory.java:335)
	at org.springframework.beans.factory.support.DefaultSingletonBeanRegistry.getSingleton(DefaultSingletonBeanRegistry.java:234)
	at org.springframework.beans.factory.support.AbstractBeanFactory.doGetBean(AbstractBeanFactory.java:333)
	at org.springframework.beans.factory.support.AbstractBeanFactory.getBean(AbstractBeanFactory.java:208)
	at org.springframework.beans.factory.support.DefaultListableBeanFactory.preInstantiateSingletons(DefaultListableBeanFactory.java:955)
	at org.springframework.context.support.AbstractApplicationContext.finishBeanFactoryInitialization(AbstractApplicationContext.java:920)
	at org.springframework.context.support.AbstractApplicationContext.refresh(AbstractApplicationContext.java:583)
	at org.springframework.test.context.web.AbstractGenericWebContextLoader.loadContext(AbstractGenericWebContextLoader.java:129)
	at org.springframework.test.context.web.AbstractGenericWebContextLoader.loadContext(AbstractGenericWebContextLoader.java:61)
	at org.springframework.test.context.support.AbstractDelegatingSmartContextLoader.delegateLoading(AbstractDelegatingSmartContextLoader.java:276)
	at org.springframework.test.context.support.AbstractDelegatingSmartContextLoader.loadContext(AbstractDelegatingSmartContextLoader.java:244)
	at org.springframework.test.context.cache.DefaultCacheAwareContextLoaderDelegate.loadContextInternal(DefaultCacheAwareContextLoaderDelegate.java:141)
	at org.springframework.test.context.cache.DefaultCacheAwareContextLoaderDelegate.loadContext(DefaultCacheAwareContextLoaderDelegate.java:90)
	... 73 common frames omitted
Caused by: org.springframework.beans.factory.NoSuchBeanDefinitionException: No qualifying bean of type 'eu.europa.esig.dss.web.repository.UserRepository' available: expected at least 1 bean which qualifies as autowire candidate. Dependency annotations: {}
	at org.springframework.beans.factory.support.DefaultListableBeanFactory.raiseNoMatchingBeanFound(DefaultListableBeanFactory.java:1801)
	at org.springframework.beans.factory.support.DefaultListableBeanFactory.doResolveDependency(DefaultListableBeanFactory.java:1357)
	at org.springframework.beans.factory.support.DefaultListableBeanFactory.resolveDependency(DefaultListableBeanFactory.java:1311)
	at org.springframework.beans.factory.support.ConstructorResolver.resolveAutowiredArgument(ConstructorResolver.java:887)
	at org.springframework.beans.factory.support.ConstructorResolver.createArgumentArray(ConstructorResolver.java:791)
	... 91 common frames omitted
]]></system-out>
    <system-err><![CDATA[jun. 12, 2023 7:31:28 DA TARDE org.apache.cxf.wsdl.service.factory.ReflectionServiceFactoryBean buildServiceFromWSDL
INFO: Creating Service {http://tempuri.org/}CCMovelDigitalSignature from WSDL: https://cmd.autenticacao.gov.pt/Ama.Authentication.Frontend/CCMovelDigitalSignature.svc?wsdl
]]></system-err>
  </testcase>
  <testcase name="generateSimpleReport" classname="eu.europa.esig.dss.web.service.FOPServiceTest" time="0.001">
    <error message="Failed to load ApplicationContext" type="java.lang.IllegalStateException"><![CDATA[java.lang.IllegalStateException: Failed to load ApplicationContext
	at org.springframework.test.context.cache.DefaultCacheAwareContextLoaderDelegate.loadContext(DefaultCacheAwareContextLoaderDelegate.java:98)
	at org.springframework.test.context.support.DefaultTestContext.getApplicationContext(DefaultTestContext.java:124)
	at org.springframework.test.context.web.ServletTestExecutionListener.setUpRequestContextIfNecessary(ServletTestExecutionListener.java:190)
	at org.springframework.test.context.web.ServletTestExecutionListener.prepareTestInstance(ServletTestExecutionListener.java:132)
	at org.springframework.test.context.TestContextManager.prepareTestInstance(TestContextManager.java:248)
	at org.springframework.test.context.junit.jupiter.SpringExtension.postProcessTestInstance(SpringExtension.java:138)
	at org.junit.jupiter.engine.descriptor.ClassBasedTestDescriptor.lambda$invokeTestInstancePostProcessors$10(ClassBasedTestDescriptor.java:377)
	at org.junit.jupiter.engine.descriptor.ClassBasedTestDescriptor.executeAndMaskThrowable(ClassBasedTestDescriptor.java:382)
	at org.junit.jupiter.engine.descriptor.ClassBasedTestDescriptor.lambda$invokeTestInstancePostProcessors$11(ClassBasedTestDescriptor.java:377)
	at java.base/java.util.stream.ReferencePipeline$3$1.accept(ReferencePipeline.java:197)
	at java.base/java.util.stream.ReferencePipeline$2$1.accept(ReferencePipeline.java:179)
	at java.base/java.util.ArrayList$ArrayListSpliterator.forEachRemaining(ArrayList.java:1625)
	at java.base/java.util.stream.AbstractPipeline.copyInto(AbstractPipeline.java:509)
	at java.base/java.util.stream.AbstractPipeline.wrapAndCopyInto(AbstractPipeline.java:499)
	at java.base/java.util.stream.StreamSpliterators$WrappingSpliterator.forEachRemaining(StreamSpliterators.java:310)
	at java.base/java.util.stream.Streams$ConcatSpliterator.forEachRemaining(Streams.java:735)
	at java.base/java.util.stream.Streams$ConcatSpliterator.forEachRemaining(Streams.java:734)
	at java.base/java.util.stream.ReferencePipeline$Head.forEach(ReferencePipeline.java:762)
	at org.junit.jupiter.engine.descriptor.ClassBasedTestDescriptor.invokeTestInstancePostProcessors(ClassBasedTestDescriptor.java:376)
	at org.junit.jupiter.engine.descriptor.ClassBasedTestDescriptor.lambda$instantiateAndPostProcessTestInstance$6(ClassBasedTestDescriptor.java:289)
	at org.junit.platform.engine.support.hierarchical.ThrowableCollector.execute(ThrowableCollector.java:73)
	at org.junit.jupiter.engine.descriptor.ClassBasedTestDescriptor.instantiateAndPostProcessTestInstance(ClassBasedTestDescriptor.java:288)
	at org.junit.jupiter.engine.descriptor.ClassBasedTestDescriptor.lambda$testInstancesProvider$4(ClassBasedTestDescriptor.java:278)
	at java.base/java.util.Optional.orElseGet(Optional.java:364)
	at org.junit.jupiter.engine.descriptor.ClassBasedTestDescriptor.lambda$testInstancesProvider$5(ClassBasedTestDescriptor.java:277)
	at org.junit.jupiter.engine.execution.TestInstancesProvider.getTestInstances(TestInstancesProvider.java:31)
	at org.junit.jupiter.engine.descriptor.TestMethodTestDescriptor.lambda$prepare$0(TestMethodTestDescriptor.java:105)
	at org.junit.platform.engine.support.hierarchical.ThrowableCollector.execute(ThrowableCollector.java:73)
	at org.junit.jupiter.engine.descriptor.TestMethodTestDescriptor.prepare(TestMethodTestDescriptor.java:104)
	at org.junit.jupiter.engine.descriptor.TestMethodTestDescriptor.prepare(TestMethodTestDescriptor.java:68)
	at org.junit.platform.engine.support.hierarchical.NodeTestTask.lambda$prepare$2(NodeTestTask.java:123)
	at org.junit.platform.engine.support.hierarchical.ThrowableCollector.execute(ThrowableCollector.java:73)
	at org.junit.platform.engine.support.hierarchical.NodeTestTask.prepare(NodeTestTask.java:123)
	at org.junit.platform.engine.support.hierarchical.NodeTestTask.execute(NodeTestTask.java:90)
	at java.base/java.util.ArrayList.forEach(ArrayList.java:1511)
	at org.junit.platform.engine.support.hierarchical.SameThreadHierarchicalTestExecutorService.invokeAll(SameThreadHierarchicalTestExecutorService.java:41)
	at org.junit.platform.engine.support.hierarchical.NodeTestTask.lambda$executeRecursively$6(NodeTestTask.java:155)
	at org.junit.platform.engine.support.hierarchical.ThrowableCollector.execute(ThrowableCollector.java:73)
	at org.junit.platform.engine.support.hierarchical.NodeTestTask.lambda$executeRecursively$8(NodeTestTask.java:141)
	at org.junit.platform.engine.support.hierarchical.Node.around(Node.java:137)
	at org.junit.platform.engine.support.hierarchical.NodeTestTask.lambda$executeRecursively$9(NodeTestTask.java:139)
	at org.junit.platform.engine.support.hierarchical.ThrowableCollector.execute(ThrowableCollector.java:73)
	at org.junit.platform.engine.support.hierarchical.NodeTestTask.executeRecursively(NodeTestTask.java:138)
	at org.junit.platform.engine.support.hierarchical.NodeTestTask.execute(NodeTestTask.java:95)
	at java.base/java.util.ArrayList.forEach(ArrayList.java:1511)
	at org.junit.platform.engine.support.hierarchical.SameThreadHierarchicalTestExecutorService.invokeAll(SameThreadHierarchicalTestExecutorService.java:41)
	at org.junit.platform.engine.support.hierarchical.NodeTestTask.lambda$executeRecursively$6(NodeTestTask.java:155)
	at org.junit.platform.engine.support.hierarchical.ThrowableCollector.execute(ThrowableCollector.java:73)
	at org.junit.platform.engine.support.hierarchical.NodeTestTask.lambda$executeRecursively$8(NodeTestTask.java:141)
	at org.junit.platform.engine.support.hierarchical.Node.around(Node.java:137)
	at org.junit.platform.engine.support.hierarchical.NodeTestTask.lambda$executeRecursively$9(NodeTestTask.java:139)
	at org.junit.platform.engine.support.hierarchical.ThrowableCollector.execute(ThrowableCollector.java:73)
	at org.junit.platform.engine.support.hierarchical.NodeTestTask.executeRecursively(NodeTestTask.java:138)
	at org.junit.platform.engine.support.hierarchical.NodeTestTask.execute(NodeTestTask.java:95)
	at org.junit.platform.engine.support.hierarchical.SameThreadHierarchicalTestExecutorService.submit(SameThreadHierarchicalTestExecutorService.java:35)
	at org.junit.platform.engine.support.hierarchical.HierarchicalTestExecutor.execute(HierarchicalTestExecutor.java:57)
	at org.junit.platform.engine.support.hierarchical.HierarchicalTestEngine.execute(HierarchicalTestEngine.java:54)
	at org.junit.platform.launcher.core.EngineExecutionOrchestrator.execute(EngineExecutionOrchestrator.java:147)
	at org.junit.platform.launcher.core.EngineExecutionOrchestrator.execute(EngineExecutionOrchestrator.java:127)
	at org.junit.platform.launcher.core.EngineExecutionOrchestrator.execute(EngineExecutionOrchestrator.java:90)
	at org.junit.platform.launcher.core.EngineExecutionOrchestrator.lambda$execute$0(EngineExecutionOrchestrator.java:55)
	at org.junit.platform.launcher.core.EngineExecutionOrchestrator.withInterceptedStreams(EngineExecutionOrchestrator.java:102)
	at org.junit.platform.launcher.core.EngineExecutionOrchestrator.execute(EngineExecutionOrchestrator.java:54)
	at org.junit.platform.launcher.core.DefaultLauncher.execute(DefaultLauncher.java:114)
	at org.junit.platform.launcher.core.DefaultLauncher.execute(DefaultLauncher.java:86)
	at org.junit.platform.launcher.core.DefaultLauncherSession$DelegatingLauncher.execute(DefaultLauncherSession.java:86)
	at org.apache.maven.surefire.junitplatform.LazyLauncher.execute(LazyLauncher.java:50)
	at org.apache.maven.surefire.junitplatform.JUnitPlatformProvider.execute(JUnitPlatformProvider.java:184)
	at org.apache.maven.surefire.junitplatform.JUnitPlatformProvider.invokeAllTests(JUnitPlatformProvider.java:148)
	at org.apache.maven.surefire.junitplatform.JUnitPlatformProvider.invoke(JUnitPlatformProvider.java:122)
	at org.apache.maven.surefire.booter.ForkedBooter.runSuitesInProcess(ForkedBooter.java:385)
	at org.apache.maven.surefire.booter.ForkedBooter.execute(ForkedBooter.java:162)
	at org.apache.maven.surefire.booter.ForkedBooter.run(ForkedBooter.java:507)
	at org.apache.maven.surefire.booter.ForkedBooter.main(ForkedBooter.java:495)
Caused by: org.springframework.beans.factory.UnsatisfiedDependencyException: Error creating bean with name 'userService' defined in file [C:\Users\vasco\OneDrive\Documents\Grupo1\AP2-PD2\dss-demonstrations-5.12.1\dss-demo-webapp\target\classes\eu\europa\esig\dss\web\service\UserService.class]: Unsatisfied dependency expressed through constructor parameter 0; nested exception is org.springframework.beans.factory.NoSuchBeanDefinitionException: No qualifying bean of type 'eu.europa.esig.dss.web.repository.UserRepository' available: expected at least 1 bean which qualifies as autowire candidate. Dependency annotations: {}
	at org.springframework.beans.factory.support.ConstructorResolver.createArgumentArray(ConstructorResolver.java:800)
	at org.springframework.beans.factory.support.ConstructorResolver.autowireConstructor(ConstructorResolver.java:229)
	at org.springframework.beans.factory.support.AbstractAutowireCapableBeanFactory.autowireConstructor(AbstractAutowireCapableBeanFactory.java:1372)
	at org.springframework.beans.factory.support.AbstractAutowireCapableBeanFactory.createBeanInstance(AbstractAutowireCapableBeanFactory.java:1222)
	at org.springframework.beans.factory.support.AbstractAutowireCapableBeanFactory.doCreateBean(AbstractAutowireCapableBeanFactory.java:582)
	at org.springframework.beans.factory.support.AbstractAutowireCapableBeanFactory.createBean(AbstractAutowireCapableBeanFactory.java:542)
	at org.springframework.beans.factory.support.AbstractBeanFactory.lambda$doGetBean$0(AbstractBeanFactory.java:335)
	at org.springframework.beans.factory.support.DefaultSingletonBeanRegistry.getSingleton(DefaultSingletonBeanRegistry.java:234)
	at org.springframework.beans.factory.support.AbstractBeanFactory.doGetBean(AbstractBeanFactory.java:333)
	at org.springframework.beans.factory.support.AbstractBeanFactory.getBean(AbstractBeanFactory.java:208)
	at org.springframework.beans.factory.support.DefaultListableBeanFactory.preInstantiateSingletons(DefaultListableBeanFactory.java:955)
	at org.springframework.context.support.AbstractApplicationContext.finishBeanFactoryInitialization(AbstractApplicationContext.java:920)
	at org.springframework.context.support.AbstractApplicationContext.refresh(AbstractApplicationContext.java:583)
	at org.springframework.test.context.web.AbstractGenericWebContextLoader.loadContext(AbstractGenericWebContextLoader.java:129)
	at org.springframework.test.context.web.AbstractGenericWebContextLoader.loadContext(AbstractGenericWebContextLoader.java:61)
	at org.springframework.test.context.support.AbstractDelegatingSmartContextLoader.delegateLoading(AbstractDelegatingSmartContextLoader.java:276)
	at org.springframework.test.context.support.AbstractDelegatingSmartContextLoader.loadContext(AbstractDelegatingSmartContextLoader.java:244)
	at org.springframework.test.context.cache.DefaultCacheAwareContextLoaderDelegate.loadContextInternal(DefaultCacheAwareContextLoaderDelegate.java:141)
	at org.springframework.test.context.cache.DefaultCacheAwareContextLoaderDelegate.loadContext(DefaultCacheAwareContextLoaderDelegate.java:90)
	... 73 more
Caused by: org.springframework.beans.factory.NoSuchBeanDefinitionException: No qualifying bean of type 'eu.europa.esig.dss.web.repository.UserRepository' available: expected at least 1 bean which qualifies as autowire candidate. Dependency annotations: {}
	at org.springframework.beans.factory.support.DefaultListableBeanFactory.raiseNoMatchingBeanFound(DefaultListableBeanFactory.java:1801)
	at org.springframework.beans.factory.support.DefaultListableBeanFactory.doResolveDependency(DefaultListableBeanFactory.java:1357)
	at org.springframework.beans.factory.support.DefaultListableBeanFactory.resolveDependency(DefaultListableBeanFactory.java:1311)
	at org.springframework.beans.factory.support.ConstructorResolver.resolveAutowiredArgument(ConstructorResolver.java:887)
	at org.springframework.beans.factory.support.ConstructorResolver.createArgumentArray(ConstructorResolver.java:791)
	... 91 more
]]></error>
    <system-out><![CDATA[19:31:29.875 [main] INFO  o.s.c.a.ConfigurationClassParser - Properties location [classpath:dss-custom.properties] not resolvable: class path resource [dss-custom.properties] cannot be opened because it does not exist
19:31:29.980 [main] DEBUG com.zaxxer.hikari.HikariConfig - Driver class org.hsqldb.jdbcDriver found in Thread context class loader jdk.internal.loader.ClassLoaders$AppClassLoader@70dea4e
19:31:30.129 [main] INFO  e.e.esig.dss.tsl.job.TLValidationJob - Offline refresh is running...
19:31:30.130 [main] INFO  e.e.esig.dss.tsl.job.TLValidationJob - Running analysis for 1 LOTLSource(s)
19:31:30.259 [pool-4-thread-1] INFO  e.e.e.d.v.CommonCertificateVerifier - + New CommonCertificateVerifier created.
19:31:30.266 [pool-4-thread-1] INFO  e.e.e.d.v.SignedDocumentValidator - Document validation...
19:31:30.272 [pool-4-thread-1] INFO  e.e.e.d.v.CommonCertificateVerifier - + New CommonCertificateVerifier created.
19:31:30.318 [pool-4-thread-1] INFO  e.e.e.d.x.v.XAdESCertificateSource - +XAdESCertificateSource
19:31:30.324 [pool-4-thread-1] INFO  e.e.e.d.v.CommonCertificateVerifier - + New CommonCertificateVerifier created.
19:31:30.388 [pool-4-thread-1] INFO  e.e.e.d.v.CommonCertificateVerifier - + New CommonCertificateVerifier created.
19:31:30.394 [pool-4-thread-1] INFO  e.e.e.d.v.SignedDocumentValidator - Document validation...
19:31:30.401 [pool-4-thread-1] INFO  e.e.e.d.v.CommonCertificateVerifier - + New CommonCertificateVerifier created.
19:31:30.445 [pool-4-thread-1] INFO  e.e.e.d.x.v.XAdESCertificateSource - +XAdESCertificateSource
19:31:30.452 [pool-4-thread-1] INFO  e.e.e.d.v.CommonCertificateVerifier - + New CommonCertificateVerifier created.
19:31:30.516 [pool-4-thread-1] INFO  e.e.e.d.v.CommonCertificateVerifier - + New CommonCertificateVerifier created.
19:31:30.524 [pool-4-thread-1] INFO  e.e.e.d.v.SignedDocumentValidator - Document validation...
19:31:30.530 [pool-4-thread-1] INFO  e.e.e.d.v.CommonCertificateVerifier - + New CommonCertificateVerifier created.
19:31:30.583 [pool-4-thread-1] INFO  e.e.e.d.x.v.XAdESCertificateSource - +XAdESCertificateSource
19:31:30.590 [pool-4-thread-1] INFO  e.e.e.d.v.CommonCertificateVerifier - + New CommonCertificateVerifier created.
19:31:30.660 [main] INFO  e.e.esig.dss.tsl.job.TLValidationJob - Analysis is DONE for 1 LOTLSource(s)
19:31:30.669 [main] INFO  e.e.esig.dss.tsl.job.TLValidationJob - Running analysis for 31 TLSource(s)
19:31:30.673 [pool-4-thread-12] ERROR e.e.e.d.t.runnable.AbstractAnalysis - Cannot retrieve data from url [https://www.ssi.gouv.fr/uploads/tl-fr.xml]. Empty content is obtained!
19:31:30.731 [pool-4-thread-4] INFO  e.e.e.d.v.CommonCertificateVerifier - + New CommonCertificateVerifier created.
19:31:30.733 [pool-4-thread-11] INFO  e.e.e.d.v.CommonCertificateVerifier - + New CommonCertificateVerifier created.
19:31:30.733 [pool-4-thread-12] INFO  e.e.e.d.v.CommonCertificateVerifier - + New CommonCertificateVerifier created.
19:31:30.739 [pool-4-thread-7] INFO  e.e.e.d.v.CommonCertificateVerifier - + New CommonCertificateVerifier created.
19:31:30.743 [pool-4-thread-11] INFO  e.e.e.d.v.SignedDocumentValidator - Document validation...
19:31:30.744 [pool-4-thread-12] INFO  e.e.e.d.v.SignedDocumentValidator - Document validation...
19:31:30.762 [pool-4-thread-4] INFO  e.e.e.d.v.SignedDocumentValidator - Document validation...
19:31:30.776 [pool-4-thread-7] INFO  e.e.e.d.v.SignedDocumentValidator - Document validation...
19:31:30.832 [pool-4-thread-13] INFO  e.e.e.d.v.CommonCertificateVerifier - + New CommonCertificateVerifier created.
19:31:30.917 [pool-4-thread-13] INFO  e.e.e.d.v.SignedDocumentValidator - Document validation...
19:31:30.919 [pool-4-thread-12] INFO  e.e.e.d.v.CommonCertificateVerifier - + New CommonCertificateVerifier created.
19:31:30.922 [pool-4-thread-4] INFO  e.e.e.d.v.CommonCertificateVerifier - + New CommonCertificateVerifier created.
19:31:30.919 [pool-4-thread-11] INFO  e.e.e.d.v.CommonCertificateVerifier - + New CommonCertificateVerifier created.
19:31:30.936 [pool-4-thread-7] INFO  e.e.e.d.v.CommonCertificateVerifier - + New CommonCertificateVerifier created.
19:31:30.955 [pool-4-thread-13] INFO  e.e.e.d.v.CommonCertificateVerifier - + New CommonCertificateVerifier created.
19:31:30.992 [pool-4-thread-4] INFO  e.e.e.d.x.v.XAdESCertificateSource - +XAdESCertificateSource
19:31:31.000 [pool-4-thread-4] INFO  e.e.e.d.v.CommonCertificateVerifier - + New CommonCertificateVerifier created.
19:31:31.028 [pool-4-thread-1] WARN  e.e.e.d.t.f.c.DigitalIdentityListTypeConverter - Unable to load certificate 'MIIDDjCCAnegAwIBAgIBATANBgkqhkiG9w0BAQUFADCBmjELMAkGA1UEBhMCQVQxSDBGBgNVBAoTP0EtVHJ1c3QgR2VzLiBmLiBTaWNoZXJoZWl0c3N5c3RlbWUgaW0gZWxla3RyLiBEYXRlbnZlcmtlaHIgR21iSDEXMBUGA1UECxMOd3d3LmEtdHJ1c3QuYXQxEzARBgNVBAsTCmEtc2lnbiB1bmkxEzARBgNVBAMTCmEtc2lnbiB1bmkwHhcNMDIwOTEzMTgzMjM4WhcNMzIwOTEzMTgzMjM4WjCBmjELMAkGA1UEBhMCQVQxSDBGBgNVBAoTP0EtVHJ1c3QgR2VzLiBmLiBTaWNoZXJoZWl0c3N5c3RlbWUgaW0gZWxla3RyLiBEYXRlbnZlcmtlaHIgR21iSDEXMBUGA1UECxMOd3d3LmEtdHJ1c3QuYXQxEzARBgNVBAsTCmEtc2lnbiB1bmkxEzARBgNVBAMTCmEtc2lnbiB1bmkwgZ4wCwYJKoZIhvcNAQEBA4GOADCBigKBgQCvBqGXYw0rNZyQR8YG+EQ4GeoQgMRdsYPhnuvkl6aEMWdMvDuvAPlLi4rXNNq3mb4yKKCswSp5SPiRo43uwrpfCjLxu9RT+Fi3wDE1Z5tBr7iQOnOCx5IKs2X94hcdsJClWHYoxT4f5Jnq86kNVYys+T8TUJCrsHm/8TCr3x7vuwIEAAAAA6NjMGEwDgYDVR0PAQH/BAQDAgEGMA8GA1UdEwEB/wQFMAMBAf8wHQYDVR0OBBYEFBXzfvl2WIKcUwhZzt+1wC1ShQPBMB8GA1UdIwQYMBaAFBXzfvl2WIKcUwhZzt+1wC1ShQPBMA0GCSqGSIb3DQEBBQUAA4GBAALtJ7UT/H4ZwUAeKV1X1Gz+pIqVtCsECNKWHiZeXx0ly/insjh+vbNVNy2RyOimKWtms0GZ0Kj/oDK81efRL9YvHKMlCLlz6FBKaUTUztO1FYa2othUGsu8LsBtPPU6u0wMPGhE3DEdo5/4lA6gMbsOvKQ6jQyeCjqOB22EjbJd' (more details with enabled DEBUG mode)
19:31:31.048 [pool-4-thread-7] INFO  e.e.e.d.x.v.XAdESCertificateSource - +XAdESCertificateSource
19:31:31.087 [pool-4-thread-7] INFO  e.e.e.d.v.CommonCertificateVerifier - + New CommonCertificateVerifier created.
19:31:31.198 [pool-4-thread-12] INFO  e.e.e.d.x.v.XAdESCertificateSource - +XAdESCertificateSource
19:31:31.208 [pool-4-thread-12] INFO  e.e.e.d.v.CommonCertificateVerifier - + New CommonCertificateVerifier created.
19:31:31.232 [pool-4-thread-13] INFO  e.e.e.d.x.v.XAdESCertificateSource - +XAdESCertificateSource
19:31:31.310 [pool-4-thread-13] INFO  e.e.e.d.v.CommonCertificateVerifier - + New CommonCertificateVerifier created.
19:31:31.485 [pool-4-thread-11] INFO  e.e.e.d.x.v.XAdESCertificateSource - +XAdESCertificateSource
19:31:31.493 [pool-4-thread-11] INFO  e.e.e.d.v.CommonCertificateVerifier - + New CommonCertificateVerifier created.
19:31:31.521 [pool-4-thread-30] INFO  e.e.e.d.v.CommonCertificateVerifier - + New CommonCertificateVerifier created.
19:31:31.529 [pool-4-thread-30] INFO  e.e.e.d.v.SignedDocumentValidator - Document validation...
19:31:31.542 [pool-4-thread-30] INFO  e.e.e.d.v.CommonCertificateVerifier - + New CommonCertificateVerifier created.
19:31:31.606 [pool-4-thread-16] INFO  e.e.e.d.v.CommonCertificateVerifier - + New CommonCertificateVerifier created.
19:31:31.613 [pool-4-thread-16] INFO  e.e.e.d.v.SignedDocumentValidator - Document validation...
19:31:31.703 [pool-4-thread-16] INFO  e.e.e.d.v.CommonCertificateVerifier - + New CommonCertificateVerifier created.
19:31:31.759 [pool-4-thread-30] INFO  e.e.e.d.x.v.XAdESCertificateSource - +XAdESCertificateSource
19:31:31.818 [pool-4-thread-30] INFO  e.e.e.d.v.CommonCertificateVerifier - + New CommonCertificateVerifier created.
19:31:31.820 [pool-4-thread-16] INFO  e.e.e.d.x.v.XAdESCertificateSource - +XAdESCertificateSource
19:31:31.835 [pool-4-thread-16] INFO  e.e.e.d.v.CommonCertificateVerifier - + New CommonCertificateVerifier created.
19:31:32.183 [pool-4-thread-15] INFO  e.e.e.d.v.CommonCertificateVerifier - + New CommonCertificateVerifier created.
19:31:32.191 [pool-4-thread-15] INFO  e.e.e.d.v.SignedDocumentValidator - Document validation...
19:31:32.199 [pool-4-thread-15] INFO  e.e.e.d.v.CommonCertificateVerifier - + New CommonCertificateVerifier created.
19:31:32.260 [pool-4-thread-27] INFO  e.e.e.d.v.CommonCertificateVerifier - + New CommonCertificateVerifier created.
19:31:32.310 [pool-4-thread-21] INFO  e.e.e.d.v.CommonCertificateVerifier - + New CommonCertificateVerifier created.
19:31:32.345 [pool-4-thread-15] INFO  e.e.e.d.x.v.XAdESCertificateSource - +XAdESCertificateSource
19:31:32.357 [pool-4-thread-27] INFO  e.e.e.d.v.SignedDocumentValidator - Document validation...
19:31:32.368 [pool-4-thread-15] INFO  e.e.e.d.v.CommonCertificateVerifier - + New CommonCertificateVerifier created.
19:31:32.420 [pool-4-thread-27] INFO  e.e.e.d.v.CommonCertificateVerifier - + New CommonCertificateVerifier created.
19:31:32.461 [pool-4-thread-21] INFO  e.e.e.d.v.SignedDocumentValidator - Document validation...
19:31:32.482 [pool-4-thread-21] INFO  e.e.e.d.v.CommonCertificateVerifier - + New CommonCertificateVerifier created.
19:31:32.548 [pool-4-thread-27] INFO  e.e.e.d.x.v.XAdESCertificateSource - +XAdESCertificateSource
19:31:32.600 [pool-4-thread-27] INFO  e.e.e.d.v.CommonCertificateVerifier - + New CommonCertificateVerifier created.
19:31:32.808 [pool-4-thread-21] INFO  e.e.e.d.x.v.XAdESCertificateSource - +XAdESCertificateSource
19:31:32.845 [pool-4-thread-21] INFO  e.e.e.d.v.CommonCertificateVerifier - + New CommonCertificateVerifier created.
19:31:32.927 [pool-4-thread-19] INFO  e.e.e.d.v.CommonCertificateVerifier - + New CommonCertificateVerifier created.
19:31:33.006 [pool-4-thread-19] INFO  e.e.e.d.v.SignedDocumentValidator - Document validation...
19:31:33.034 [pool-4-thread-19] INFO  e.e.e.d.v.CommonCertificateVerifier - + New CommonCertificateVerifier created.
19:31:33.387 [pool-4-thread-19] INFO  e.e.e.d.x.v.XAdESCertificateSource - +XAdESCertificateSource
19:31:33.396 [pool-4-thread-19] INFO  e.e.e.d.v.CommonCertificateVerifier - + New CommonCertificateVerifier created.
19:31:33.475 [pool-4-thread-8] INFO  e.e.e.d.v.CommonCertificateVerifier - + New CommonCertificateVerifier created.
19:31:33.485 [pool-4-thread-8] INFO  e.e.e.d.v.SignedDocumentValidator - Document validation...
19:31:33.495 [pool-4-thread-8] INFO  e.e.e.d.v.CommonCertificateVerifier - + New CommonCertificateVerifier created.
19:31:33.798 [pool-4-thread-20] INFO  e.e.e.d.v.CommonCertificateVerifier - + New CommonCertificateVerifier created.
19:31:33.888 [pool-4-thread-8] INFO  e.e.e.d.x.v.XAdESCertificateSource - +XAdESCertificateSource
19:31:33.901 [pool-4-thread-8] INFO  e.e.e.d.v.CommonCertificateVerifier - + New CommonCertificateVerifier created.
19:31:33.948 [pool-4-thread-20] INFO  e.e.e.d.v.SignedDocumentValidator - Document validation...
19:31:34.036 [pool-4-thread-20] INFO  e.e.e.d.v.CommonCertificateVerifier - + New CommonCertificateVerifier created.
19:31:34.154 [pool-4-thread-18] INFO  e.e.e.d.v.CommonCertificateVerifier - + New CommonCertificateVerifier created.
19:31:34.228 [pool-4-thread-20] INFO  e.e.e.d.x.v.XAdESCertificateSource - +XAdESCertificateSource
19:31:34.241 [pool-4-thread-18] INFO  e.e.e.d.v.SignedDocumentValidator - Document validation...
19:31:34.254 [pool-4-thread-18] INFO  e.e.e.d.v.CommonCertificateVerifier - + New CommonCertificateVerifier created.
19:31:34.271 [pool-4-thread-20] INFO  e.e.e.d.v.CommonCertificateVerifier - + New CommonCertificateVerifier created.
19:31:34.621 [pool-4-thread-18] INFO  e.e.e.d.x.v.XAdESCertificateSource - +XAdESCertificateSource
19:31:34.635 [pool-4-thread-18] INFO  e.e.e.d.v.CommonCertificateVerifier - + New CommonCertificateVerifier created.
19:31:34.906 [pool-4-thread-3] INFO  e.e.e.d.v.CommonCertificateVerifier - + New CommonCertificateVerifier created.
19:31:34.947 [pool-4-thread-3] INFO  e.e.e.d.v.SignedDocumentValidator - Document validation...
19:31:34.966 [pool-4-thread-3] INFO  e.e.e.d.v.CommonCertificateVerifier - + New CommonCertificateVerifier created.
19:31:35.049 [pool-4-thread-28] INFO  e.e.e.d.v.CommonCertificateVerifier - + New CommonCertificateVerifier created.
19:31:35.089 [pool-4-thread-28] INFO  e.e.e.d.v.SignedDocumentValidator - Document validation...
19:31:35.103 [pool-4-thread-28] INFO  e.e.e.d.v.CommonCertificateVerifier - + New CommonCertificateVerifier created.
19:31:35.191 [pool-4-thread-3] INFO  e.e.e.d.x.v.XAdESCertificateSource - +XAdESCertificateSource
19:31:35.253 [pool-4-thread-3] INFO  e.e.e.d.v.CommonCertificateVerifier - + New CommonCertificateVerifier created.
19:31:35.477 [pool-4-thread-28] INFO  e.e.e.d.x.v.XAdESCertificateSource - +XAdESCertificateSource
19:31:35.499 [pool-4-thread-28] INFO  e.e.e.d.v.CommonCertificateVerifier - + New CommonCertificateVerifier created.
19:31:35.545 [pool-4-thread-1] WARN  e.e.e.d.t.f.c.DigitalIdentityListTypeConverter - Unable to load certificate 'MIIC2jCCAkOgAwIBAgIBATANBgkqhkiG9w0BAQUFADCBgDELMAkGA1UEBhMCQVQxHTAbBgNVBAoTFERhdGFrb20gQXVzdHJpYSBHbWJIMRowGAYDVQQLExFhLXNpZ24uZGF0YWtvbS5hdDEaMBgGA1UECxMRYS1zaWduIFByZW1pdW0gQ0ExGjAYBgNVBAMTEWEtc2lnbiBQcmVtaXVtIENBMB4XDTAxMTEyMTE2MDk0NFoXDTMxMTEyMTE2MDk0NFowgYAxCzAJBgNVBAYTAkFUMR0wGwYDVQQKExREYXRha29tIEF1c3RyaWEgR21iSDEaMBgGA1UECxMRYS1zaWduLmRhdGFrb20uYXQxGjAYBgNVBAsTEWEtc2lnbiBQcmVtaXVtIENBMRowGAYDVQQDExFhLXNpZ24gUHJlbWl1bSBDQTCBnjALBgkqhkiG9w0BAQEDgY4AMIGKAoGBAKpdHrr/9I5zG2jGfpHeZpMkm58ZJBtXG73qH7+mTAkgWosabkMynNCayPiA1//ZHS2s2kTB5FYtXwmVFyqIIDQelt4IZwLDLdJQItxvYMV17DFO+ZebQe7bljUwwGOdguq9MuDBI2xYYE2z2JVDuOuDpKS+/YPC02OzTo/jWSb5AgQAAAADo2MwYTAOBgNVHQ8BAf8EBAMCAQYwDwYDVR0TAQH/BAUwAwEB/zAdBgNVHQ4EFgQUoX0/IPOimGkJ9u1tRx6O0guPGNEwHwYDVR0jBBgwFoAUoX0/IPOimGkJ9u1tRx6O0guPGNEwDQYJKoZIhvcNAQEFBQADgYEAhUKQ8tg1IWl1w6uD0ylZ0RdFg5Fygd+KGLCOwaVIgpFieWDKBJMdavgu+uyWOWY2cQW5NiSG2jnqKfKJkX9znBcUUcjj4PfGfj9OLEiNAMa/zBPCgCrhGq07M4I2W6G39D8ExWscBFuQxKnpnLLsTVpS8GMe81lFge3O2VABiUo=' (more details with enabled DEBUG mode)
19:31:36.901 [pool-4-thread-23] INFO  e.e.e.d.v.CommonCertificateVerifier - + New CommonCertificateVerifier created.
19:31:36.957 [pool-4-thread-23] INFO  e.e.e.d.v.SignedDocumentValidator - Document validation...
19:31:36.983 [pool-4-thread-23] INFO  e.e.e.d.v.CommonCertificateVerifier - + New CommonCertificateVerifier created.
19:31:37.171 [pool-4-thread-23] INFO  e.e.e.d.x.v.XAdESCertificateSource - +XAdESCertificateSource
19:31:37.183 [pool-4-thread-23] INFO  e.e.e.d.v.CommonCertificateVerifier - + New CommonCertificateVerifier created.
19:31:37.194 [pool-4-thread-26] INFO  e.e.e.d.v.CommonCertificateVerifier - + New CommonCertificateVerifier created.
19:31:37.206 [pool-4-thread-26] INFO  e.e.e.d.v.SignedDocumentValidator - Document validation...
19:31:37.219 [pool-4-thread-26] INFO  e.e.e.d.v.CommonCertificateVerifier - + New CommonCertificateVerifier created.
19:31:37.262 [pool-4-thread-2] INFO  e.e.e.d.v.CommonCertificateVerifier - + New CommonCertificateVerifier created.
19:31:37.278 [pool-4-thread-2] INFO  e.e.e.d.v.SignedDocumentValidator - Document validation...
19:31:37.291 [pool-4-thread-2] INFO  e.e.e.d.v.CommonCertificateVerifier - + New CommonCertificateVerifier created.
19:31:37.432 [pool-4-thread-26] INFO  e.e.e.d.x.v.XAdESCertificateSource - +XAdESCertificateSource
19:31:37.449 [pool-4-thread-26] INFO  e.e.e.d.v.CommonCertificateVerifier - + New CommonCertificateVerifier created.
19:31:37.469 [pool-4-thread-25] INFO  e.e.e.d.v.CommonCertificateVerifier - + New CommonCertificateVerifier created.
19:31:37.486 [pool-4-thread-25] INFO  e.e.e.d.v.SignedDocumentValidator - Document validation...
19:31:37.499 [pool-4-thread-25] INFO  e.e.e.d.v.CommonCertificateVerifier - + New CommonCertificateVerifier created.
19:31:37.508 [pool-4-thread-2] INFO  e.e.e.d.x.v.XAdESCertificateSource - +XAdESCertificateSource
19:31:37.526 [pool-4-thread-2] INFO  e.e.e.d.v.CommonCertificateVerifier - + New CommonCertificateVerifier created.
19:31:37.725 [pool-4-thread-25] INFO  e.e.e.d.x.v.XAdESCertificateSource - +XAdESCertificateSource
19:31:37.742 [pool-4-thread-25] INFO  e.e.e.d.v.CommonCertificateVerifier - + New CommonCertificateVerifier created.
19:31:38.051 [pool-4-thread-24] INFO  e.e.e.d.v.CommonCertificateVerifier - + New CommonCertificateVerifier created.
19:31:38.077 [pool-4-thread-24] INFO  e.e.e.d.v.SignedDocumentValidator - Document validation...
19:31:38.097 [pool-4-thread-24] INFO  e.e.e.d.v.CommonCertificateVerifier - + New CommonCertificateVerifier created.
19:31:38.399 [pool-4-thread-14] INFO  e.e.e.d.v.CommonCertificateVerifier - + New CommonCertificateVerifier created.
19:31:38.426 [pool-4-thread-14] INFO  e.e.e.d.v.SignedDocumentValidator - Document validation...
19:31:38.447 [pool-4-thread-24] INFO  e.e.e.d.x.v.XAdESCertificateSource - +XAdESCertificateSource
19:31:38.448 [pool-4-thread-14] INFO  e.e.e.d.v.CommonCertificateVerifier - + New CommonCertificateVerifier created.
19:31:38.483 [pool-4-thread-24] INFO  e.e.e.d.v.CommonCertificateVerifier - + New CommonCertificateVerifier created.
19:31:38.937 [pool-4-thread-14] INFO  e.e.e.d.x.v.XAdESCertificateSource - +XAdESCertificateSource
19:31:38.964 [pool-4-thread-14] INFO  e.e.e.d.v.CommonCertificateVerifier - + New CommonCertificateVerifier created.
19:31:39.598 [pool-4-thread-22] INFO  e.e.e.d.v.CommonCertificateVerifier - + New CommonCertificateVerifier created.
19:31:39.610 [pool-4-thread-22] INFO  e.e.e.d.v.SignedDocumentValidator - Document validation...
19:31:39.623 [pool-4-thread-22] INFO  e.e.e.d.v.CommonCertificateVerifier - + New CommonCertificateVerifier created.
19:31:39.649 [pool-4-thread-1] INFO  e.e.e.d.v.CommonCertificateVerifier - + New CommonCertificateVerifier created.
19:31:39.659 [pool-4-thread-1] INFO  e.e.e.d.v.SignedDocumentValidator - Document validation...
19:31:39.668 [pool-4-thread-1] INFO  e.e.e.d.v.CommonCertificateVerifier - + New CommonCertificateVerifier created.
19:31:39.817 [pool-4-thread-1] INFO  e.e.e.d.x.v.XAdESCertificateSource - +XAdESCertificateSource
19:31:39.825 [pool-4-thread-1] INFO  e.e.e.d.v.CommonCertificateVerifier - + New CommonCertificateVerifier created.
19:31:39.954 [pool-4-thread-22] INFO  e.e.e.d.x.v.XAdESCertificateSource - +XAdESCertificateSource
19:31:39.973 [pool-4-thread-22] INFO  e.e.e.d.v.CommonCertificateVerifier - + New CommonCertificateVerifier created.
19:31:40.031 [pool-4-thread-5] INFO  e.e.e.d.v.CommonCertificateVerifier - + New CommonCertificateVerifier created.
19:31:40.054 [pool-4-thread-5] INFO  e.e.e.d.v.SignedDocumentValidator - Document validation...
19:31:40.067 [pool-4-thread-5] INFO  e.e.e.d.v.CommonCertificateVerifier - + New CommonCertificateVerifier created.
19:31:40.157 [pool-4-thread-29] INFO  e.e.e.d.v.CommonCertificateVerifier - + New CommonCertificateVerifier created.
19:31:40.174 [pool-4-thread-29] INFO  e.e.e.d.v.SignedDocumentValidator - Document validation...
19:31:40.183 [pool-4-thread-29] INFO  e.e.e.d.v.CommonCertificateVerifier - + New CommonCertificateVerifier created.
19:31:40.324 [pool-4-thread-5] INFO  e.e.e.d.x.v.XAdESCertificateSource - +XAdESCertificateSource
19:31:40.344 [pool-4-thread-5] INFO  e.e.e.d.v.CommonCertificateVerifier - + New CommonCertificateVerifier created.
19:31:40.370 [pool-4-thread-29] INFO  e.e.e.d.x.v.XAdESCertificateSource - +XAdESCertificateSource
19:31:40.388 [pool-4-thread-29] INFO  e.e.e.d.v.CommonCertificateVerifier - + New CommonCertificateVerifier created.
19:31:41.669 [pool-4-thread-9] INFO  e.e.e.d.v.CommonCertificateVerifier - + New CommonCertificateVerifier created.
19:31:41.677 [pool-4-thread-9] INFO  e.e.e.d.v.SignedDocumentValidator - Document validation...
19:31:41.684 [pool-4-thread-9] INFO  e.e.e.d.v.CommonCertificateVerifier - + New CommonCertificateVerifier created.
19:31:41.826 [pool-4-thread-9] INFO  e.e.e.d.x.v.XAdESCertificateSource - +XAdESCertificateSource
19:31:41.838 [pool-4-thread-9] INFO  e.e.e.d.v.CommonCertificateVerifier - + New CommonCertificateVerifier created.
19:31:45.826 [pool-4-thread-10] INFO  e.e.e.d.v.CommonCertificateVerifier - + New CommonCertificateVerifier created.
19:31:45.845 [pool-4-thread-10] INFO  e.e.e.d.v.SignedDocumentValidator - Document validation...
19:31:45.861 [pool-4-thread-10] INFO  e.e.e.d.v.CommonCertificateVerifier - + New CommonCertificateVerifier created.
19:31:46.008 [pool-4-thread-6] INFO  e.e.e.d.v.CommonCertificateVerifier - + New CommonCertificateVerifier created.
19:31:46.045 [pool-4-thread-6] INFO  e.e.e.d.v.SignedDocumentValidator - Document validation...
19:31:46.099 [pool-4-thread-6] INFO  e.e.e.d.v.CommonCertificateVerifier - + New CommonCertificateVerifier created.
19:31:46.263 [pool-4-thread-10] INFO  e.e.e.d.x.v.XAdESCertificateSource - +XAdESCertificateSource
19:31:46.285 [pool-4-thread-10] INFO  e.e.e.d.v.CommonCertificateVerifier - + New CommonCertificateVerifier created.
19:31:47.186 [pool-4-thread-6] INFO  e.e.e.d.x.v.XAdESCertificateSource - +XAdESCertificateSource
19:31:47.244 [pool-4-thread-6] INFO  e.e.e.d.v.CommonCertificateVerifier - + New CommonCertificateVerifier created.
19:31:47.747 [pool-4-thread-17] INFO  e.e.e.d.v.CommonCertificateVerifier - + New CommonCertificateVerifier created.
19:31:47.763 [pool-4-thread-17] INFO  e.e.e.d.v.SignedDocumentValidator - Document validation...
19:31:47.779 [pool-4-thread-17] INFO  e.e.e.d.v.CommonCertificateVerifier - + New CommonCertificateVerifier created.
19:31:48.187 [pool-4-thread-17] INFO  e.e.e.d.x.v.XAdESCertificateSource - +XAdESCertificateSource
19:31:48.219 [pool-4-thread-17] INFO  e.e.e.d.v.CommonCertificateVerifier - + New CommonCertificateVerifier created.
19:31:48.836 [main] INFO  e.e.esig.dss.tsl.job.TLValidationJob - Analysis is DONE for 31 TLSource(s)
19:31:48.874 [main] WARN  e.e.e.d.t.s.TrustedListCertificateSourceSynchronizer - No Parsing result for TLInfo with url [https://www.ssi.gouv.fr/uploads/tl-fr.xml]
19:31:49.005 [main] INFO  e.e.esig.dss.tsl.job.TLValidationJob - Offline refresh is DONE.
19:31:49.752 [main] DEBUG FOP - target-resolution set to: 72.0dpi (px2mm=0.35277778)
19:31:49.755 [main] INFO  e.e.e.d.v.CommonCertificateVerifier - + New CommonCertificateVerifier created.
19:31:49.767 [main] WARN  o.s.w.c.s.GenericWebApplicationContext - Exception encountered during context initialization - cancelling refresh attempt: org.springframework.beans.factory.UnsatisfiedDependencyException: Error creating bean with name 'userService' defined in file [C:\Users\vasco\OneDrive\Documents\Grupo1\AP2-PD2\dss-demonstrations-5.12.1\dss-demo-webapp\target\classes\eu\europa\esig\dss\web\service\UserService.class]: Unsatisfied dependency expressed through constructor parameter 0; nested exception is org.springframework.beans.factory.NoSuchBeanDefinitionException: No qualifying bean of type 'eu.europa.esig.dss.web.repository.UserRepository' available: expected at least 1 bean which qualifies as autowire candidate. Dependency annotations: {}
19:31:49.768 [main] ERROR o.s.test.context.TestContextManager - Caught exception while allowing TestExecutionListener [org.springframework.test.context.web.ServletTestExecutionListener@3b582111] to prepare test instance [eu.europa.esig.dss.web.service.FOPServiceTest@31443680]
java.lang.IllegalStateException: Failed to load ApplicationContext
	at org.springframework.test.context.cache.DefaultCacheAwareContextLoaderDelegate.loadContext(DefaultCacheAwareContextLoaderDelegate.java:98)
	at org.springframework.test.context.support.DefaultTestContext.getApplicationContext(DefaultTestContext.java:124)
	at org.springframework.test.context.web.ServletTestExecutionListener.setUpRequestContextIfNecessary(ServletTestExecutionListener.java:190)
	at org.springframework.test.context.web.ServletTestExecutionListener.prepareTestInstance(ServletTestExecutionListener.java:132)
	at org.springframework.test.context.TestContextManager.prepareTestInstance(TestContextManager.java:248)
	at org.springframework.test.context.junit.jupiter.SpringExtension.postProcessTestInstance(SpringExtension.java:138)
	at org.junit.jupiter.engine.descriptor.ClassBasedTestDescriptor.lambda$invokeTestInstancePostProcessors$10(ClassBasedTestDescriptor.java:377)
	at org.junit.jupiter.engine.descriptor.ClassBasedTestDescriptor.executeAndMaskThrowable(ClassBasedTestDescriptor.java:382)
	at org.junit.jupiter.engine.descriptor.ClassBasedTestDescriptor.lambda$invokeTestInstancePostProcessors$11(ClassBasedTestDescriptor.java:377)
	at java.base/java.util.stream.ReferencePipeline$3$1.accept(ReferencePipeline.java:197)
	at java.base/java.util.stream.ReferencePipeline$2$1.accept(ReferencePipeline.java:179)
	at java.base/java.util.ArrayList$ArrayListSpliterator.forEachRemaining(ArrayList.java:1625)
	at java.base/java.util.stream.AbstractPipeline.copyInto(AbstractPipeline.java:509)
	at java.base/java.util.stream.AbstractPipeline.wrapAndCopyInto(AbstractPipeline.java:499)
	at java.base/java.util.stream.StreamSpliterators$WrappingSpliterator.forEachRemaining(StreamSpliterators.java:310)
	at java.base/java.util.stream.Streams$ConcatSpliterator.forEachRemaining(Streams.java:735)
	at java.base/java.util.stream.Streams$ConcatSpliterator.forEachRemaining(Streams.java:734)
	at java.base/java.util.stream.ReferencePipeline$Head.forEach(ReferencePipeline.java:762)
	at org.junit.jupiter.engine.descriptor.ClassBasedTestDescriptor.invokeTestInstancePostProcessors(ClassBasedTestDescriptor.java:376)
	at org.junit.jupiter.engine.descriptor.ClassBasedTestDescriptor.lambda$instantiateAndPostProcessTestInstance$6(ClassBasedTestDescriptor.java:289)
	at org.junit.platform.engine.support.hierarchical.ThrowableCollector.execute(ThrowableCollector.java:73)
	at org.junit.jupiter.engine.descriptor.ClassBasedTestDescriptor.instantiateAndPostProcessTestInstance(ClassBasedTestDescriptor.java:288)
	at org.junit.jupiter.engine.descriptor.ClassBasedTestDescriptor.lambda$testInstancesProvider$4(ClassBasedTestDescriptor.java:278)
	at java.base/java.util.Optional.orElseGet(Optional.java:364)
	at org.junit.jupiter.engine.descriptor.ClassBasedTestDescriptor.lambda$testInstancesProvider$5(ClassBasedTestDescriptor.java:277)
	at org.junit.jupiter.engine.execution.TestInstancesProvider.getTestInstances(TestInstancesProvider.java:31)
	at org.junit.jupiter.engine.descriptor.TestMethodTestDescriptor.lambda$prepare$0(TestMethodTestDescriptor.java:105)
	at org.junit.platform.engine.support.hierarchical.ThrowableCollector.execute(ThrowableCollector.java:73)
	at org.junit.jupiter.engine.descriptor.TestMethodTestDescriptor.prepare(TestMethodTestDescriptor.java:104)
	at org.junit.jupiter.engine.descriptor.TestMethodTestDescriptor.prepare(TestMethodTestDescriptor.java:68)
	at org.junit.platform.engine.support.hierarchical.NodeTestTask.lambda$prepare$2(NodeTestTask.java:123)
	at org.junit.platform.engine.support.hierarchical.ThrowableCollector.execute(ThrowableCollector.java:73)
	at org.junit.platform.engine.support.hierarchical.NodeTestTask.prepare(NodeTestTask.java:123)
	at org.junit.platform.engine.support.hierarchical.NodeTestTask.execute(NodeTestTask.java:90)
	at java.base/java.util.ArrayList.forEach(ArrayList.java:1511)
	at org.junit.platform.engine.support.hierarchical.SameThreadHierarchicalTestExecutorService.invokeAll(SameThreadHierarchicalTestExecutorService.java:41)
	at org.junit.platform.engine.support.hierarchical.NodeTestTask.lambda$executeRecursively$6(NodeTestTask.java:155)
	at org.junit.platform.engine.support.hierarchical.ThrowableCollector.execute(ThrowableCollector.java:73)
	at org.junit.platform.engine.support.hierarchical.NodeTestTask.lambda$executeRecursively$8(NodeTestTask.java:141)
	at org.junit.platform.engine.support.hierarchical.Node.around(Node.java:137)
	at org.junit.platform.engine.support.hierarchical.NodeTestTask.lambda$executeRecursively$9(NodeTestTask.java:139)
	at org.junit.platform.engine.support.hierarchical.ThrowableCollector.execute(ThrowableCollector.java:73)
	at org.junit.platform.engine.support.hierarchical.NodeTestTask.executeRecursively(NodeTestTask.java:138)
	at org.junit.platform.engine.support.hierarchical.NodeTestTask.execute(NodeTestTask.java:95)
	at java.base/java.util.ArrayList.forEach(ArrayList.java:1511)
	at org.junit.platform.engine.support.hierarchical.SameThreadHierarchicalTestExecutorService.invokeAll(SameThreadHierarchicalTestExecutorService.java:41)
	at org.junit.platform.engine.support.hierarchical.NodeTestTask.lambda$executeRecursively$6(NodeTestTask.java:155)
	at org.junit.platform.engine.support.hierarchical.ThrowableCollector.execute(ThrowableCollector.java:73)
	at org.junit.platform.engine.support.hierarchical.NodeTestTask.lambda$executeRecursively$8(NodeTestTask.java:141)
	at org.junit.platform.engine.support.hierarchical.Node.around(Node.java:137)
	at org.junit.platform.engine.support.hierarchical.NodeTestTask.lambda$executeRecursively$9(NodeTestTask.java:139)
	at org.junit.platform.engine.support.hierarchical.ThrowableCollector.execute(ThrowableCollector.java:73)
	at org.junit.platform.engine.support.hierarchical.NodeTestTask.executeRecursively(NodeTestTask.java:138)
	at org.junit.platform.engine.support.hierarchical.NodeTestTask.execute(NodeTestTask.java:95)
	at org.junit.platform.engine.support.hierarchical.SameThreadHierarchicalTestExecutorService.submit(SameThreadHierarchicalTestExecutorService.java:35)
	at org.junit.platform.engine.support.hierarchical.HierarchicalTestExecutor.execute(HierarchicalTestExecutor.java:57)
	at org.junit.platform.engine.support.hierarchical.HierarchicalTestEngine.execute(HierarchicalTestEngine.java:54)
	at org.junit.platform.launcher.core.EngineExecutionOrchestrator.execute(EngineExecutionOrchestrator.java:147)
	at org.junit.platform.launcher.core.EngineExecutionOrchestrator.execute(EngineExecutionOrchestrator.java:127)
	at org.junit.platform.launcher.core.EngineExecutionOrchestrator.execute(EngineExecutionOrchestrator.java:90)
	at org.junit.platform.launcher.core.EngineExecutionOrchestrator.lambda$execute$0(EngineExecutionOrchestrator.java:55)
	at org.junit.platform.launcher.core.EngineExecutionOrchestrator.withInterceptedStreams(EngineExecutionOrchestrator.java:102)
	at org.junit.platform.launcher.core.EngineExecutionOrchestrator.execute(EngineExecutionOrchestrator.java:54)
	at org.junit.platform.launcher.core.DefaultLauncher.execute(DefaultLauncher.java:114)
	at org.junit.platform.launcher.core.DefaultLauncher.execute(DefaultLauncher.java:86)
	at org.junit.platform.launcher.core.DefaultLauncherSession$DelegatingLauncher.execute(DefaultLauncherSession.java:86)
	at org.apache.maven.surefire.junitplatform.LazyLauncher.execute(LazyLauncher.java:50)
	at org.apache.maven.surefire.junitplatform.JUnitPlatformProvider.execute(JUnitPlatformProvider.java:184)
	at org.apache.maven.surefire.junitplatform.JUnitPlatformProvider.invokeAllTests(JUnitPlatformProvider.java:148)
	at org.apache.maven.surefire.junitplatform.JUnitPlatformProvider.invoke(JUnitPlatformProvider.java:122)
	at org.apache.maven.surefire.booter.ForkedBooter.runSuitesInProcess(ForkedBooter.java:385)
	at org.apache.maven.surefire.booter.ForkedBooter.execute(ForkedBooter.java:162)
	at org.apache.maven.surefire.booter.ForkedBooter.run(ForkedBooter.java:507)
	at org.apache.maven.surefire.booter.ForkedBooter.main(ForkedBooter.java:495)
Caused by: org.springframework.beans.factory.UnsatisfiedDependencyException: Error creating bean with name 'userService' defined in file [C:\Users\vasco\OneDrive\Documents\Grupo1\AP2-PD2\dss-demonstrations-5.12.1\dss-demo-webapp\target\classes\eu\europa\esig\dss\web\service\UserService.class]: Unsatisfied dependency expressed through constructor parameter 0; nested exception is org.springframework.beans.factory.NoSuchBeanDefinitionException: No qualifying bean of type 'eu.europa.esig.dss.web.repository.UserRepository' available: expected at least 1 bean which qualifies as autowire candidate. Dependency annotations: {}
	at org.springframework.beans.factory.support.ConstructorResolver.createArgumentArray(ConstructorResolver.java:800)
	at org.springframework.beans.factory.support.ConstructorResolver.autowireConstructor(ConstructorResolver.java:229)
	at org.springframework.beans.factory.support.AbstractAutowireCapableBeanFactory.autowireConstructor(AbstractAutowireCapableBeanFactory.java:1372)
	at org.springframework.beans.factory.support.AbstractAutowireCapableBeanFactory.createBeanInstance(AbstractAutowireCapableBeanFactory.java:1222)
	at org.springframework.beans.factory.support.AbstractAutowireCapableBeanFactory.doCreateBean(AbstractAutowireCapableBeanFactory.java:582)
	at org.springframework.beans.factory.support.AbstractAutowireCapableBeanFactory.createBean(AbstractAutowireCapableBeanFactory.java:542)
	at org.springframework.beans.factory.support.AbstractBeanFactory.lambda$doGetBean$0(AbstractBeanFactory.java:335)
	at org.springframework.beans.factory.support.DefaultSingletonBeanRegistry.getSingleton(DefaultSingletonBeanRegistry.java:234)
	at org.springframework.beans.factory.support.AbstractBeanFactory.doGetBean(AbstractBeanFactory.java:333)
	at org.springframework.beans.factory.support.AbstractBeanFactory.getBean(AbstractBeanFactory.java:208)
	at org.springframework.beans.factory.support.DefaultListableBeanFactory.preInstantiateSingletons(DefaultListableBeanFactory.java:955)
	at org.springframework.context.support.AbstractApplicationContext.finishBeanFactoryInitialization(AbstractApplicationContext.java:920)
	at org.springframework.context.support.AbstractApplicationContext.refresh(AbstractApplicationContext.java:583)
	at org.springframework.test.context.web.AbstractGenericWebContextLoader.loadContext(AbstractGenericWebContextLoader.java:129)
	at org.springframework.test.context.web.AbstractGenericWebContextLoader.loadContext(AbstractGenericWebContextLoader.java:61)
	at org.springframework.test.context.support.AbstractDelegatingSmartContextLoader.delegateLoading(AbstractDelegatingSmartContextLoader.java:276)
	at org.springframework.test.context.support.AbstractDelegatingSmartContextLoader.loadContext(AbstractDelegatingSmartContextLoader.java:244)
	at org.springframework.test.context.cache.DefaultCacheAwareContextLoaderDelegate.loadContextInternal(DefaultCacheAwareContextLoaderDelegate.java:141)
	at org.springframework.test.context.cache.DefaultCacheAwareContextLoaderDelegate.loadContext(DefaultCacheAwareContextLoaderDelegate.java:90)
	... 73 common frames omitted
Caused by: org.springframework.beans.factory.NoSuchBeanDefinitionException: No qualifying bean of type 'eu.europa.esig.dss.web.repository.UserRepository' available: expected at least 1 bean which qualifies as autowire candidate. Dependency annotations: {}
	at org.springframework.beans.factory.support.DefaultListableBeanFactory.raiseNoMatchingBeanFound(DefaultListableBeanFactory.java:1801)
	at org.springframework.beans.factory.support.DefaultListableBeanFactory.doResolveDependency(DefaultListableBeanFactory.java:1357)
	at org.springframework.beans.factory.support.DefaultListableBeanFactory.resolveDependency(DefaultListableBeanFactory.java:1311)
	at org.springframework.beans.factory.support.ConstructorResolver.resolveAutowiredArgument(ConstructorResolver.java:887)
	at org.springframework.beans.factory.support.ConstructorResolver.createArgumentArray(ConstructorResolver.java:791)
	... 91 common frames omitted
]]></system-out>
    <system-err><![CDATA[jun. 12, 2023 7:31:49 DA TARDE org.apache.cxf.wsdl.service.factory.ReflectionServiceFactoryBean buildServiceFromWSDL
INFO: Creating Service {http://tempuri.org/}CCMovelDigitalSignature from WSDL: https://cmd.autenticacao.gov.pt/Ama.Authentication.Frontend/CCMovelDigitalSignature.svc?wsdl
]]></system-err>
  </testcase>
  <testcase name="generateSimpleReportMulti" classname="eu.europa.esig.dss.web.service.FOPServiceTest" time="0">
    <error message="Failed to load ApplicationContext" type="java.lang.IllegalStateException"><![CDATA[java.lang.IllegalStateException: Failed to load ApplicationContext
	at org.springframework.test.context.cache.DefaultCacheAwareContextLoaderDelegate.loadContext(DefaultCacheAwareContextLoaderDelegate.java:98)
	at org.springframework.test.context.support.DefaultTestContext.getApplicationContext(DefaultTestContext.java:124)
	at org.springframework.test.context.web.ServletTestExecutionListener.setUpRequestContextIfNecessary(ServletTestExecutionListener.java:190)
	at org.springframework.test.context.web.ServletTestExecutionListener.prepareTestInstance(ServletTestExecutionListener.java:132)
	at org.springframework.test.context.TestContextManager.prepareTestInstance(TestContextManager.java:248)
	at org.springframework.test.context.junit.jupiter.SpringExtension.postProcessTestInstance(SpringExtension.java:138)
	at org.junit.jupiter.engine.descriptor.ClassBasedTestDescriptor.lambda$invokeTestInstancePostProcessors$10(ClassBasedTestDescriptor.java:377)
	at org.junit.jupiter.engine.descriptor.ClassBasedTestDescriptor.executeAndMaskThrowable(ClassBasedTestDescriptor.java:382)
	at org.junit.jupiter.engine.descriptor.ClassBasedTestDescriptor.lambda$invokeTestInstancePostProcessors$11(ClassBasedTestDescriptor.java:377)
	at java.base/java.util.stream.ReferencePipeline$3$1.accept(ReferencePipeline.java:197)
	at java.base/java.util.stream.ReferencePipeline$2$1.accept(ReferencePipeline.java:179)
	at java.base/java.util.ArrayList$ArrayListSpliterator.forEachRemaining(ArrayList.java:1625)
	at java.base/java.util.stream.AbstractPipeline.copyInto(AbstractPipeline.java:509)
	at java.base/java.util.stream.AbstractPipeline.wrapAndCopyInto(AbstractPipeline.java:499)
	at java.base/java.util.stream.StreamSpliterators$WrappingSpliterator.forEachRemaining(StreamSpliterators.java:310)
	at java.base/java.util.stream.Streams$ConcatSpliterator.forEachRemaining(Streams.java:735)
	at java.base/java.util.stream.Streams$ConcatSpliterator.forEachRemaining(Streams.java:734)
	at java.base/java.util.stream.ReferencePipeline$Head.forEach(ReferencePipeline.java:762)
	at org.junit.jupiter.engine.descriptor.ClassBasedTestDescriptor.invokeTestInstancePostProcessors(ClassBasedTestDescriptor.java:376)
	at org.junit.jupiter.engine.descriptor.ClassBasedTestDescriptor.lambda$instantiateAndPostProcessTestInstance$6(ClassBasedTestDescriptor.java:289)
	at org.junit.platform.engine.support.hierarchical.ThrowableCollector.execute(ThrowableCollector.java:73)
	at org.junit.jupiter.engine.descriptor.ClassBasedTestDescriptor.instantiateAndPostProcessTestInstance(ClassBasedTestDescriptor.java:288)
	at org.junit.jupiter.engine.descriptor.ClassBasedTestDescriptor.lambda$testInstancesProvider$4(ClassBasedTestDescriptor.java:278)
	at java.base/java.util.Optional.orElseGet(Optional.java:364)
	at org.junit.jupiter.engine.descriptor.ClassBasedTestDescriptor.lambda$testInstancesProvider$5(ClassBasedTestDescriptor.java:277)
	at org.junit.jupiter.engine.execution.TestInstancesProvider.getTestInstances(TestInstancesProvider.java:31)
	at org.junit.jupiter.engine.descriptor.TestMethodTestDescriptor.lambda$prepare$0(TestMethodTestDescriptor.java:105)
	at org.junit.platform.engine.support.hierarchical.ThrowableCollector.execute(ThrowableCollector.java:73)
	at org.junit.jupiter.engine.descriptor.TestMethodTestDescriptor.prepare(TestMethodTestDescriptor.java:104)
	at org.junit.jupiter.engine.descriptor.TestMethodTestDescriptor.prepare(TestMethodTestDescriptor.java:68)
	at org.junit.platform.engine.support.hierarchical.NodeTestTask.lambda$prepare$2(NodeTestTask.java:123)
	at org.junit.platform.engine.support.hierarchical.ThrowableCollector.execute(ThrowableCollector.java:73)
	at org.junit.platform.engine.support.hierarchical.NodeTestTask.prepare(NodeTestTask.java:123)
	at org.junit.platform.engine.support.hierarchical.NodeTestTask.execute(NodeTestTask.java:90)
	at java.base/java.util.ArrayList.forEach(ArrayList.java:1511)
	at org.junit.platform.engine.support.hierarchical.SameThreadHierarchicalTestExecutorService.invokeAll(SameThreadHierarchicalTestExecutorService.java:41)
	at org.junit.platform.engine.support.hierarchical.NodeTestTask.lambda$executeRecursively$6(NodeTestTask.java:155)
	at org.junit.platform.engine.support.hierarchical.ThrowableCollector.execute(ThrowableCollector.java:73)
	at org.junit.platform.engine.support.hierarchical.NodeTestTask.lambda$executeRecursively$8(NodeTestTask.java:141)
	at org.junit.platform.engine.support.hierarchical.Node.around(Node.java:137)
	at org.junit.platform.engine.support.hierarchical.NodeTestTask.lambda$executeRecursively$9(NodeTestTask.java:139)
	at org.junit.platform.engine.support.hierarchical.ThrowableCollector.execute(ThrowableCollector.java:73)
	at org.junit.platform.engine.support.hierarchical.NodeTestTask.executeRecursively(NodeTestTask.java:138)
	at org.junit.platform.engine.support.hierarchical.NodeTestTask.execute(NodeTestTask.java:95)
	at java.base/java.util.ArrayList.forEach(ArrayList.java:1511)
	at org.junit.platform.engine.support.hierarchical.SameThreadHierarchicalTestExecutorService.invokeAll(SameThreadHierarchicalTestExecutorService.java:41)
	at org.junit.platform.engine.support.hierarchical.NodeTestTask.lambda$executeRecursively$6(NodeTestTask.java:155)
	at org.junit.platform.engine.support.hierarchical.ThrowableCollector.execute(ThrowableCollector.java:73)
	at org.junit.platform.engine.support.hierarchical.NodeTestTask.lambda$executeRecursively$8(NodeTestTask.java:141)
	at org.junit.platform.engine.support.hierarchical.Node.around(Node.java:137)
	at org.junit.platform.engine.support.hierarchical.NodeTestTask.lambda$executeRecursively$9(NodeTestTask.java:139)
	at org.junit.platform.engine.support.hierarchical.ThrowableCollector.execute(ThrowableCollector.java:73)
	at org.junit.platform.engine.support.hierarchical.NodeTestTask.executeRecursively(NodeTestTask.java:138)
	at org.junit.platform.engine.support.hierarchical.NodeTestTask.execute(NodeTestTask.java:95)
	at org.junit.platform.engine.support.hierarchical.SameThreadHierarchicalTestExecutorService.submit(SameThreadHierarchicalTestExecutorService.java:35)
	at org.junit.platform.engine.support.hierarchical.HierarchicalTestExecutor.execute(HierarchicalTestExecutor.java:57)
	at org.junit.platform.engine.support.hierarchical.HierarchicalTestEngine.execute(HierarchicalTestEngine.java:54)
	at org.junit.platform.launcher.core.EngineExecutionOrchestrator.execute(EngineExecutionOrchestrator.java:147)
	at org.junit.platform.launcher.core.EngineExecutionOrchestrator.execute(EngineExecutionOrchestrator.java:127)
	at org.junit.platform.launcher.core.EngineExecutionOrchestrator.execute(EngineExecutionOrchestrator.java:90)
	at org.junit.platform.launcher.core.EngineExecutionOrchestrator.lambda$execute$0(EngineExecutionOrchestrator.java:55)
	at org.junit.platform.launcher.core.EngineExecutionOrchestrator.withInterceptedStreams(EngineExecutionOrchestrator.java:102)
	at org.junit.platform.launcher.core.EngineExecutionOrchestrator.execute(EngineExecutionOrchestrator.java:54)
	at org.junit.platform.launcher.core.DefaultLauncher.execute(DefaultLauncher.java:114)
	at org.junit.platform.launcher.core.DefaultLauncher.execute(DefaultLauncher.java:86)
	at org.junit.platform.launcher.core.DefaultLauncherSession$DelegatingLauncher.execute(DefaultLauncherSession.java:86)
	at org.apache.maven.surefire.junitplatform.LazyLauncher.execute(LazyLauncher.java:50)
	at org.apache.maven.surefire.junitplatform.JUnitPlatformProvider.execute(JUnitPlatformProvider.java:184)
	at org.apache.maven.surefire.junitplatform.JUnitPlatformProvider.invokeAllTests(JUnitPlatformProvider.java:148)
	at org.apache.maven.surefire.junitplatform.JUnitPlatformProvider.invoke(JUnitPlatformProvider.java:122)
	at org.apache.maven.surefire.booter.ForkedBooter.runSuitesInProcess(ForkedBooter.java:385)
	at org.apache.maven.surefire.booter.ForkedBooter.execute(ForkedBooter.java:162)
	at org.apache.maven.surefire.booter.ForkedBooter.run(ForkedBooter.java:507)
	at org.apache.maven.surefire.booter.ForkedBooter.main(ForkedBooter.java:495)
Caused by: org.springframework.beans.factory.UnsatisfiedDependencyException: Error creating bean with name 'userService' defined in file [C:\Users\vasco\OneDrive\Documents\Grupo1\AP2-PD2\dss-demonstrations-5.12.1\dss-demo-webapp\target\classes\eu\europa\esig\dss\web\service\UserService.class]: Unsatisfied dependency expressed through constructor parameter 0; nested exception is org.springframework.beans.factory.NoSuchBeanDefinitionException: No qualifying bean of type 'eu.europa.esig.dss.web.repository.UserRepository' available: expected at least 1 bean which qualifies as autowire candidate. Dependency annotations: {}
	at org.springframework.beans.factory.support.ConstructorResolver.createArgumentArray(ConstructorResolver.java:800)
	at org.springframework.beans.factory.support.ConstructorResolver.autowireConstructor(ConstructorResolver.java:229)
	at org.springframework.beans.factory.support.AbstractAutowireCapableBeanFactory.autowireConstructor(AbstractAutowireCapableBeanFactory.java:1372)
	at org.springframework.beans.factory.support.AbstractAutowireCapableBeanFactory.createBeanInstance(AbstractAutowireCapableBeanFactory.java:1222)
	at org.springframework.beans.factory.support.AbstractAutowireCapableBeanFactory.doCreateBean(AbstractAutowireCapableBeanFactory.java:582)
	at org.springframework.beans.factory.support.AbstractAutowireCapableBeanFactory.createBean(AbstractAutowireCapableBeanFactory.java:542)
	at org.springframework.beans.factory.support.AbstractBeanFactory.lambda$doGetBean$0(AbstractBeanFactory.java:335)
	at org.springframework.beans.factory.support.DefaultSingletonBeanRegistry.getSingleton(DefaultSingletonBeanRegistry.java:234)
	at org.springframework.beans.factory.support.AbstractBeanFactory.doGetBean(AbstractBeanFactory.java:333)
	at org.springframework.beans.factory.support.AbstractBeanFactory.getBean(AbstractBeanFactory.java:208)
	at org.springframework.beans.factory.support.DefaultListableBeanFactory.preInstantiateSingletons(DefaultListableBeanFactory.java:955)
	at org.springframework.context.support.AbstractApplicationContext.finishBeanFactoryInitialization(AbstractApplicationContext.java:920)
	at org.springframework.context.support.AbstractApplicationContext.refresh(AbstractApplicationContext.java:583)
	at org.springframework.test.context.web.AbstractGenericWebContextLoader.loadContext(AbstractGenericWebContextLoader.java:129)
	at org.springframework.test.context.web.AbstractGenericWebContextLoader.loadContext(AbstractGenericWebContextLoader.java:61)
	at org.springframework.test.context.support.AbstractDelegatingSmartContextLoader.delegateLoading(AbstractDelegatingSmartContextLoader.java:276)
	at org.springframework.test.context.support.AbstractDelegatingSmartContextLoader.loadContext(AbstractDelegatingSmartContextLoader.java:244)
	at org.springframework.test.context.cache.DefaultCacheAwareContextLoaderDelegate.loadContextInternal(DefaultCacheAwareContextLoaderDelegate.java:141)
	at org.springframework.test.context.cache.DefaultCacheAwareContextLoaderDelegate.loadContext(DefaultCacheAwareContextLoaderDelegate.java:90)
	... 73 more
Caused by: org.springframework.beans.factory.NoSuchBeanDefinitionException: No qualifying bean of type 'eu.europa.esig.dss.web.repository.UserRepository' available: expected at least 1 bean which qualifies as autowire candidate. Dependency annotations: {}
	at org.springframework.beans.factory.support.DefaultListableBeanFactory.raiseNoMatchingBeanFound(DefaultListableBeanFactory.java:1801)
	at org.springframework.beans.factory.support.DefaultListableBeanFactory.doResolveDependency(DefaultListableBeanFactory.java:1357)
	at org.springframework.beans.factory.support.DefaultListableBeanFactory.resolveDependency(DefaultListableBeanFactory.java:1311)
	at org.springframework.beans.factory.support.ConstructorResolver.resolveAutowiredArgument(ConstructorResolver.java:887)
	at org.springframework.beans.factory.support.ConstructorResolver.createArgumentArray(ConstructorResolver.java:791)
	... 91 more
]]></error>
    <system-out><![CDATA[19:31:49.785 [main] INFO  o.s.c.a.ConfigurationClassParser - Properties location [classpath:dss-custom.properties] not resolvable: class path resource [dss-custom.properties] cannot be opened because it does not exist
19:31:49.855 [main] DEBUG com.zaxxer.hikari.HikariConfig - Driver class org.hsqldb.jdbcDriver found in Thread context class loader jdk.internal.loader.ClassLoaders$AppClassLoader@70dea4e
19:31:49.994 [main] INFO  e.e.esig.dss.tsl.job.TLValidationJob - Offline refresh is running...
19:31:49.994 [main] INFO  e.e.esig.dss.tsl.job.TLValidationJob - Running analysis for 1 LOTLSource(s)
19:31:51.932 [pool-6-thread-1] INFO  e.e.e.d.v.CommonCertificateVerifier - + New CommonCertificateVerifier created.
19:31:51.937 [pool-6-thread-1] INFO  e.e.e.d.v.SignedDocumentValidator - Document validation...
19:31:51.940 [pool-6-thread-1] INFO  e.e.e.d.v.CommonCertificateVerifier - + New CommonCertificateVerifier created.
19:31:51.973 [pool-6-thread-1] INFO  e.e.e.d.x.v.XAdESCertificateSource - +XAdESCertificateSource
19:31:51.976 [pool-6-thread-1] INFO  e.e.e.d.v.CommonCertificateVerifier - + New CommonCertificateVerifier created.
19:31:52.018 [pool-6-thread-1] INFO  e.e.e.d.v.CommonCertificateVerifier - + New CommonCertificateVerifier created.
19:31:52.022 [pool-6-thread-1] INFO  e.e.e.d.v.SignedDocumentValidator - Document validation...
19:31:52.025 [pool-6-thread-1] INFO  e.e.e.d.v.CommonCertificateVerifier - + New CommonCertificateVerifier created.
19:31:52.057 [pool-6-thread-1] INFO  e.e.e.d.x.v.XAdESCertificateSource - +XAdESCertificateSource
19:31:52.060 [pool-6-thread-1] INFO  e.e.e.d.v.CommonCertificateVerifier - + New CommonCertificateVerifier created.
19:31:52.103 [pool-6-thread-1] INFO  e.e.e.d.v.CommonCertificateVerifier - + New CommonCertificateVerifier created.
19:31:52.108 [pool-6-thread-1] INFO  e.e.e.d.v.SignedDocumentValidator - Document validation...
19:31:52.113 [pool-6-thread-1] INFO  e.e.e.d.v.CommonCertificateVerifier - + New CommonCertificateVerifier created.
19:31:52.146 [pool-6-thread-1] INFO  e.e.e.d.x.v.XAdESCertificateSource - +XAdESCertificateSource
19:31:52.150 [pool-6-thread-1] INFO  e.e.e.d.v.CommonCertificateVerifier - + New CommonCertificateVerifier created.
19:31:52.192 [main] INFO  e.e.esig.dss.tsl.job.TLValidationJob - Analysis is DONE for 1 LOTLSource(s)
19:31:52.197 [main] INFO  e.e.esig.dss.tsl.job.TLValidationJob - Running analysis for 31 TLSource(s)
19:31:52.199 [pool-6-thread-12] ERROR e.e.e.d.t.runnable.AbstractAnalysis - Cannot retrieve data from url [https://www.ssi.gouv.fr/uploads/tl-fr.xml]. Empty content is obtained!
19:31:52.300 [pool-6-thread-16] INFO  e.e.e.d.v.CommonCertificateVerifier - + New CommonCertificateVerifier created.
19:31:52.316 [pool-6-thread-16] INFO  e.e.e.d.v.SignedDocumentValidator - Document validation...
19:31:52.324 [pool-6-thread-16] INFO  e.e.e.d.v.CommonCertificateVerifier - + New CommonCertificateVerifier created.
19:31:52.343 [pool-6-thread-27] INFO  e.e.e.d.v.CommonCertificateVerifier - + New CommonCertificateVerifier created.
19:31:52.398 [pool-6-thread-1] WARN  e.e.e.d.t.f.c.DigitalIdentityListTypeConverter - Unable to load certificate 'MIIDDjCCAnegAwIBAgIBATANBgkqhkiG9w0BAQUFADCBmjELMAkGA1UEBhMCQVQxSDBGBgNVBAoTP0EtVHJ1c3QgR2VzLiBmLiBTaWNoZXJoZWl0c3N5c3RlbWUgaW0gZWxla3RyLiBEYXRlbnZlcmtlaHIgR21iSDEXMBUGA1UECxMOd3d3LmEtdHJ1c3QuYXQxEzARBgNVBAsTCmEtc2lnbiB1bmkxEzARBgNVBAMTCmEtc2lnbiB1bmkwHhcNMDIwOTEzMTgzMjM4WhcNMzIwOTEzMTgzMjM4WjCBmjELMAkGA1UEBhMCQVQxSDBGBgNVBAoTP0EtVHJ1c3QgR2VzLiBmLiBTaWNoZXJoZWl0c3N5c3RlbWUgaW0gZWxla3RyLiBEYXRlbnZlcmtlaHIgR21iSDEXMBUGA1UECxMOd3d3LmEtdHJ1c3QuYXQxEzARBgNVBAsTCmEtc2lnbiB1bmkxEzARBgNVBAMTCmEtc2lnbiB1bmkwgZ4wCwYJKoZIhvcNAQEBA4GOADCBigKBgQCvBqGXYw0rNZyQR8YG+EQ4GeoQgMRdsYPhnuvkl6aEMWdMvDuvAPlLi4rXNNq3mb4yKKCswSp5SPiRo43uwrpfCjLxu9RT+Fi3wDE1Z5tBr7iQOnOCx5IKs2X94hcdsJClWHYoxT4f5Jnq86kNVYys+T8TUJCrsHm/8TCr3x7vuwIEAAAAA6NjMGEwDgYDVR0PAQH/BAQDAgEGMA8GA1UdEwEB/wQFMAMBAf8wHQYDVR0OBBYEFBXzfvl2WIKcUwhZzt+1wC1ShQPBMB8GA1UdIwQYMBaAFBXzfvl2WIKcUwhZzt+1wC1ShQPBMA0GCSqGSIb3DQEBBQUAA4GBAALtJ7UT/H4ZwUAeKV1X1Gz+pIqVtCsECNKWHiZeXx0ly/insjh+vbNVNy2RyOimKWtms0GZ0Kj/oDK81efRL9YvHKMlCLlz6FBKaUTUztO1FYa2othUGsu8LsBtPPU6u0wMPGhE3DEdo5/4lA6gMbsOvKQ6jQyeCjqOB22EjbJd' (more details with enabled DEBUG mode)
19:31:52.400 [pool-6-thread-1] WARN  e.e.e.d.t.f.c.DigitalIdentityListTypeConverter - Unable to load certificate 'MIIC2jCCAkOgAwIBAgIBATANBgkqhkiG9w0BAQUFADCBgDELMAkGA1UEBhMCQVQxHTAbBgNVBAoTFERhdGFrb20gQXVzdHJpYSBHbWJIMRowGAYDVQQLExFhLXNpZ24uZGF0YWtvbS5hdDEaMBgGA1UECxMRYS1zaWduIFByZW1pdW0gQ0ExGjAYBgNVBAMTEWEtc2lnbiBQcmVtaXVtIENBMB4XDTAxMTEyMTE2MDk0NFoXDTMxMTEyMTE2MDk0NFowgYAxCzAJBgNVBAYTAkFUMR0wGwYDVQQKExREYXRha29tIEF1c3RyaWEgR21iSDEaMBgGA1UECxMRYS1zaWduLmRhdGFrb20uYXQxGjAYBgNVBAsTEWEtc2lnbiBQcmVtaXVtIENBMRowGAYDVQQDExFhLXNpZ24gUHJlbWl1bSBDQTCBnjALBgkqhkiG9w0BAQEDgY4AMIGKAoGBAKpdHrr/9I5zG2jGfpHeZpMkm58ZJBtXG73qH7+mTAkgWosabkMynNCayPiA1//ZHS2s2kTB5FYtXwmVFyqIIDQelt4IZwLDLdJQItxvYMV17DFO+ZebQe7bljUwwGOdguq9MuDBI2xYYE2z2JVDuOuDpKS+/YPC02OzTo/jWSb5AgQAAAADo2MwYTAOBgNVHQ8BAf8EBAMCAQYwDwYDVR0TAQH/BAUwAwEB/zAdBgNVHQ4EFgQUoX0/IPOimGkJ9u1tRx6O0guPGNEwHwYDVR0jBBgwFoAUoX0/IPOimGkJ9u1tRx6O0guPGNEwDQYJKoZIhvcNAQEFBQADgYEAhUKQ8tg1IWl1w6uD0ylZ0RdFg5Fygd+KGLCOwaVIgpFieWDKBJMdavgu+uyWOWY2cQW5NiSG2jnqKfKJkX9znBcUUcjj4PfGfj9OLEiNAMa/zBPCgCrhGq07M4I2W6G39D8ExWscBFuQxKnpnLLsTVpS8GMe81lFge3O2VABiUo=' (more details with enabled DEBUG mode)
19:31:52.405 [pool-6-thread-16] INFO  e.e.e.d.x.v.XAdESCertificateSource - +XAdESCertificateSource
19:31:52.425 [pool-6-thread-27] INFO  e.e.e.d.v.SignedDocumentValidator - Document validation...
19:31:52.429 [pool-6-thread-19] INFO  e.e.e.d.v.CommonCertificateVerifier - + New CommonCertificateVerifier created.
19:31:52.430 [pool-6-thread-21] INFO  e.e.e.d.v.CommonCertificateVerifier - + New CommonCertificateVerifier created.
19:31:52.433 [pool-6-thread-3] INFO  e.e.e.d.v.CommonCertificateVerifier - + New CommonCertificateVerifier created.
19:31:52.439 [pool-6-thread-20] INFO  e.e.e.d.v.CommonCertificateVerifier - + New CommonCertificateVerifier created.
19:31:52.452 [pool-6-thread-23] INFO  e.e.e.d.v.CommonCertificateVerifier - + New CommonCertificateVerifier created.
19:31:52.452 [pool-6-thread-1] INFO  e.e.e.d.v.CommonCertificateVerifier - + New CommonCertificateVerifier created.
19:31:52.452 [pool-6-thread-16] INFO  e.e.e.d.v.CommonCertificateVerifier - + New CommonCertificateVerifier created.
19:31:52.494 [pool-6-thread-23] INFO  e.e.e.d.v.SignedDocumentValidator - Document validation...
19:31:52.494 [pool-6-thread-1] INFO  e.e.e.d.v.SignedDocumentValidator - Document validation...
19:31:52.565 [pool-6-thread-19] INFO  e.e.e.d.v.SignedDocumentValidator - Document validation...
19:31:52.571 [pool-6-thread-30] INFO  e.e.e.d.v.CommonCertificateVerifier - + New CommonCertificateVerifier created.
19:31:52.588 [pool-6-thread-19] INFO  e.e.e.d.v.CommonCertificateVerifier - + New CommonCertificateVerifier created.
19:31:52.602 [pool-6-thread-30] INFO  e.e.e.d.v.SignedDocumentValidator - Document validation...
19:31:52.613 [pool-6-thread-30] INFO  e.e.e.d.v.CommonCertificateVerifier - + New CommonCertificateVerifier created.
19:31:52.662 [pool-6-thread-27] INFO  e.e.e.d.v.CommonCertificateVerifier - + New CommonCertificateVerifier created.
19:31:52.679 [pool-6-thread-15] INFO  e.e.e.d.v.CommonCertificateVerifier - + New CommonCertificateVerifier created.
19:31:52.681 [pool-6-thread-21] INFO  e.e.e.d.v.SignedDocumentValidator - Document validation...
19:31:52.727 [pool-6-thread-3] INFO  e.e.e.d.v.SignedDocumentValidator - Document validation...
19:31:52.731 [pool-6-thread-21] INFO  e.e.e.d.v.CommonCertificateVerifier - + New CommonCertificateVerifier created.
19:31:52.732 [pool-6-thread-20] INFO  e.e.e.d.v.SignedDocumentValidator - Document validation...
19:31:52.737 [pool-6-thread-1] INFO  e.e.e.d.v.CommonCertificateVerifier - + New CommonCertificateVerifier created.
19:31:52.738 [pool-6-thread-23] INFO  e.e.e.d.v.CommonCertificateVerifier - + New CommonCertificateVerifier created.
19:31:52.738 [pool-6-thread-15] INFO  e.e.e.d.v.SignedDocumentValidator - Document validation...
19:31:52.764 [pool-6-thread-21] INFO  e.e.e.d.x.v.XAdESCertificateSource - +XAdESCertificateSource
19:31:52.769 [pool-6-thread-30] INFO  e.e.e.d.x.v.XAdESCertificateSource - +XAdESCertificateSource
19:31:52.796 [pool-6-thread-27] INFO  e.e.e.d.x.v.XAdESCertificateSource - +XAdESCertificateSource
19:31:52.812 [pool-6-thread-19] INFO  e.e.e.d.x.v.XAdESCertificateSource - +XAdESCertificateSource
19:31:52.820 [pool-6-thread-27] INFO  e.e.e.d.v.CommonCertificateVerifier - + New CommonCertificateVerifier created.
19:31:52.823 [pool-6-thread-19] INFO  e.e.e.d.v.CommonCertificateVerifier - + New CommonCertificateVerifier created.
19:31:52.931 [pool-6-thread-20] INFO  e.e.e.d.v.CommonCertificateVerifier - + New CommonCertificateVerifier created.
19:31:52.945 [pool-6-thread-21] INFO  e.e.e.d.v.CommonCertificateVerifier - + New CommonCertificateVerifier created.
19:31:52.954 [pool-6-thread-30] INFO  e.e.e.d.v.CommonCertificateVerifier - + New CommonCertificateVerifier created.
19:31:52.958 [pool-6-thread-15] INFO  e.e.e.d.v.CommonCertificateVerifier - + New CommonCertificateVerifier created.
19:31:52.969 [pool-6-thread-3] INFO  e.e.e.d.v.CommonCertificateVerifier - + New CommonCertificateVerifier created.
19:31:53.031 [pool-6-thread-15] INFO  e.e.e.d.x.v.XAdESCertificateSource - +XAdESCertificateSource
19:31:53.039 [pool-6-thread-15] INFO  e.e.e.d.v.CommonCertificateVerifier - + New CommonCertificateVerifier created.
19:31:53.077 [pool-6-thread-23] INFO  e.e.e.d.x.v.XAdESCertificateSource - +XAdESCertificateSource
19:31:53.088 [pool-6-thread-23] INFO  e.e.e.d.v.CommonCertificateVerifier - + New CommonCertificateVerifier created.
19:31:53.090 [pool-6-thread-1] INFO  e.e.e.d.x.v.XAdESCertificateSource - +XAdESCertificateSource
19:31:53.135 [pool-6-thread-1] INFO  e.e.e.d.v.CommonCertificateVerifier - + New CommonCertificateVerifier created.
19:31:53.183 [pool-6-thread-20] INFO  e.e.e.d.x.v.XAdESCertificateSource - +XAdESCertificateSource
19:31:53.199 [pool-6-thread-20] INFO  e.e.e.d.v.CommonCertificateVerifier - + New CommonCertificateVerifier created.
19:31:53.485 [pool-6-thread-12] INFO  e.e.e.d.v.CommonCertificateVerifier - + New CommonCertificateVerifier created.
19:31:53.501 [pool-6-thread-12] INFO  e.e.e.d.v.SignedDocumentValidator - Document validation...
19:31:53.509 [pool-6-thread-12] INFO  e.e.e.d.v.CommonCertificateVerifier - + New CommonCertificateVerifier created.
19:31:53.580 [pool-6-thread-3] INFO  e.e.e.d.x.v.XAdESCertificateSource - +XAdESCertificateSource
19:31:53.599 [pool-6-thread-3] INFO  e.e.e.d.v.CommonCertificateVerifier - + New CommonCertificateVerifier created.
19:31:53.620 [pool-6-thread-12] INFO  e.e.e.d.x.v.XAdESCertificateSource - +XAdESCertificateSource
19:31:53.666 [pool-6-thread-12] INFO  e.e.e.d.v.CommonCertificateVerifier - + New CommonCertificateVerifier created.
19:31:54.153 [pool-6-thread-4] INFO  e.e.e.d.v.CommonCertificateVerifier - + New CommonCertificateVerifier created.
19:31:54.156 [pool-6-thread-7] INFO  e.e.e.d.v.CommonCertificateVerifier - + New CommonCertificateVerifier created.
19:31:54.178 [pool-6-thread-7] INFO  e.e.e.d.v.SignedDocumentValidator - Document validation...
19:31:54.187 [pool-6-thread-7] INFO  e.e.e.d.v.CommonCertificateVerifier - + New CommonCertificateVerifier created.
19:31:54.216 [pool-6-thread-4] INFO  e.e.e.d.v.SignedDocumentValidator - Document validation...
19:31:54.221 [pool-6-thread-7] INFO  e.e.e.d.x.v.XAdESCertificateSource - +XAdESCertificateSource
19:31:54.222 [pool-6-thread-4] INFO  e.e.e.d.v.CommonCertificateVerifier - + New CommonCertificateVerifier created.
19:31:54.228 [pool-6-thread-7] INFO  e.e.e.d.v.CommonCertificateVerifier - + New CommonCertificateVerifier created.
19:31:54.241 [pool-6-thread-4] INFO  e.e.e.d.x.v.XAdESCertificateSource - +XAdESCertificateSource
19:31:54.262 [pool-6-thread-4] INFO  e.e.e.d.v.CommonCertificateVerifier - + New CommonCertificateVerifier created.
19:31:54.445 [pool-6-thread-13] INFO  e.e.e.d.v.CommonCertificateVerifier - + New CommonCertificateVerifier created.
19:31:54.465 [pool-6-thread-13] INFO  e.e.e.d.v.SignedDocumentValidator - Document validation...
19:31:54.476 [pool-6-thread-13] INFO  e.e.e.d.v.CommonCertificateVerifier - + New CommonCertificateVerifier created.
19:31:54.582 [pool-6-thread-13] INFO  e.e.e.d.x.v.XAdESCertificateSource - +XAdESCertificateSource
19:31:54.590 [pool-6-thread-13] INFO  e.e.e.d.v.CommonCertificateVerifier - + New CommonCertificateVerifier created.
19:31:54.918 [pool-6-thread-18] INFO  e.e.e.d.v.CommonCertificateVerifier - + New CommonCertificateVerifier created.
19:31:54.930 [pool-6-thread-18] INFO  e.e.e.d.v.SignedDocumentValidator - Document validation...
19:31:54.942 [pool-6-thread-18] INFO  e.e.e.d.v.CommonCertificateVerifier - + New CommonCertificateVerifier created.
19:31:54.958 [pool-6-thread-8] INFO  e.e.e.d.v.CommonCertificateVerifier - + New CommonCertificateVerifier created.
19:31:54.972 [pool-6-thread-8] INFO  e.e.e.d.v.SignedDocumentValidator - Document validation...
19:31:54.982 [pool-6-thread-8] INFO  e.e.e.d.v.CommonCertificateVerifier - + New CommonCertificateVerifier created.
19:31:55.117 [pool-6-thread-8] INFO  e.e.e.d.x.v.XAdESCertificateSource - +XAdESCertificateSource
19:31:55.130 [pool-6-thread-8] INFO  e.e.e.d.v.CommonCertificateVerifier - + New CommonCertificateVerifier created.
19:31:55.142 [pool-6-thread-18] INFO  e.e.e.d.x.v.XAdESCertificateSource - +XAdESCertificateSource
19:31:55.156 [pool-6-thread-18] INFO  e.e.e.d.v.CommonCertificateVerifier - + New CommonCertificateVerifier created.
19:31:55.267 [pool-6-thread-11] INFO  e.e.e.d.v.CommonCertificateVerifier - + New CommonCertificateVerifier created.
19:31:55.337 [pool-6-thread-11] INFO  e.e.e.d.v.SignedDocumentValidator - Document validation...
19:31:55.344 [pool-6-thread-11] INFO  e.e.e.d.v.CommonCertificateVerifier - + New CommonCertificateVerifier created.
19:31:55.408 [pool-6-thread-11] INFO  e.e.e.d.x.v.XAdESCertificateSource - +XAdESCertificateSource
19:31:55.416 [pool-6-thread-11] INFO  e.e.e.d.v.CommonCertificateVerifier - + New CommonCertificateVerifier created.
19:31:55.930 [pool-6-thread-28] INFO  e.e.e.d.v.CommonCertificateVerifier - + New CommonCertificateVerifier created.
19:31:55.958 [pool-6-thread-28] INFO  e.e.e.d.v.SignedDocumentValidator - Document validation...
19:31:55.983 [pool-6-thread-28] INFO  e.e.e.d.v.CommonCertificateVerifier - + New CommonCertificateVerifier created.
19:31:56.295 [pool-6-thread-28] INFO  e.e.e.d.x.v.XAdESCertificateSource - +XAdESCertificateSource
19:31:56.362 [pool-6-thread-28] INFO  e.e.e.d.v.CommonCertificateVerifier - + New CommonCertificateVerifier created.
19:31:57.779 [pool-6-thread-25] INFO  e.e.e.d.v.CommonCertificateVerifier - + New CommonCertificateVerifier created.
19:31:57.826 [pool-6-thread-25] INFO  e.e.e.d.v.SignedDocumentValidator - Document validation...
19:31:57.837 [pool-6-thread-25] INFO  e.e.e.d.v.CommonCertificateVerifier - + New CommonCertificateVerifier created.
19:31:57.978 [pool-6-thread-24] INFO  e.e.e.d.v.CommonCertificateVerifier - + New CommonCertificateVerifier created.
19:31:57.988 [pool-6-thread-2] INFO  e.e.e.d.v.CommonCertificateVerifier - + New CommonCertificateVerifier created.
19:31:58.007 [pool-6-thread-24] INFO  e.e.e.d.v.SignedDocumentValidator - Document validation...
19:31:58.032 [pool-6-thread-24] INFO  e.e.e.d.v.CommonCertificateVerifier - + New CommonCertificateVerifier created.
19:31:58.036 [pool-6-thread-2] INFO  e.e.e.d.v.SignedDocumentValidator - Document validation...
19:31:58.079 [pool-6-thread-2] INFO  e.e.e.d.v.CommonCertificateVerifier - + New CommonCertificateVerifier created.
19:31:58.088 [pool-6-thread-26] INFO  e.e.e.d.v.CommonCertificateVerifier - + New CommonCertificateVerifier created.
19:31:58.113 [pool-6-thread-26] INFO  e.e.e.d.v.SignedDocumentValidator - Document validation...
19:31:58.128 [pool-6-thread-25] INFO  e.e.e.d.x.v.XAdESCertificateSource - +XAdESCertificateSource
19:31:58.147 [pool-6-thread-25] INFO  e.e.e.d.v.CommonCertificateVerifier - + New CommonCertificateVerifier created.
19:31:58.148 [pool-6-thread-26] INFO  e.e.e.d.v.CommonCertificateVerifier - + New CommonCertificateVerifier created.
19:31:58.345 [pool-6-thread-26] INFO  e.e.e.d.x.v.XAdESCertificateSource - +XAdESCertificateSource
19:31:58.362 [pool-6-thread-26] INFO  e.e.e.d.v.CommonCertificateVerifier - + New CommonCertificateVerifier created.
19:31:58.381 [pool-6-thread-2] INFO  e.e.e.d.x.v.XAdESCertificateSource - +XAdESCertificateSource
19:31:58.398 [pool-6-thread-2] INFO  e.e.e.d.v.CommonCertificateVerifier - + New CommonCertificateVerifier created.
19:31:58.411 [pool-6-thread-24] INFO  e.e.e.d.x.v.XAdESCertificateSource - +XAdESCertificateSource
19:31:58.431 [pool-6-thread-24] INFO  e.e.e.d.v.CommonCertificateVerifier - + New CommonCertificateVerifier created.
19:31:58.967 [pool-6-thread-14] INFO  e.e.e.d.v.CommonCertificateVerifier - + New CommonCertificateVerifier created.
19:31:58.991 [pool-6-thread-14] INFO  e.e.e.d.v.SignedDocumentValidator - Document validation...
19:31:59.011 [pool-6-thread-14] INFO  e.e.e.d.v.CommonCertificateVerifier - + New CommonCertificateVerifier created.
19:31:59.310 [pool-6-thread-14] INFO  e.e.e.d.x.v.XAdESCertificateSource - +XAdESCertificateSource
19:31:59.329 [pool-6-thread-14] INFO  e.e.e.d.v.CommonCertificateVerifier - + New CommonCertificateVerifier created.
19:32:00.092 [pool-6-thread-22] INFO  e.e.e.d.v.CommonCertificateVerifier - + New CommonCertificateVerifier created.
19:32:00.107 [pool-6-thread-22] INFO  e.e.e.d.v.SignedDocumentValidator - Document validation...
19:32:00.124 [pool-6-thread-22] INFO  e.e.e.d.v.CommonCertificateVerifier - + New CommonCertificateVerifier created.
19:32:00.224 [pool-6-thread-29] INFO  e.e.e.d.v.CommonCertificateVerifier - + New CommonCertificateVerifier created.
19:32:00.236 [pool-6-thread-29] INFO  e.e.e.d.v.SignedDocumentValidator - Document validation...
19:32:00.248 [pool-6-thread-29] INFO  e.e.e.d.v.CommonCertificateVerifier - + New CommonCertificateVerifier created.
19:32:00.315 [pool-6-thread-22] INFO  e.e.e.d.x.v.XAdESCertificateSource - +XAdESCertificateSource
19:32:00.320 [pool-6-thread-5] INFO  e.e.e.d.v.CommonCertificateVerifier - + New CommonCertificateVerifier created.
19:32:00.327 [pool-6-thread-22] INFO  e.e.e.d.v.CommonCertificateVerifier - + New CommonCertificateVerifier created.
19:32:00.355 [pool-6-thread-5] INFO  e.e.e.d.v.SignedDocumentValidator - Document validation...
19:32:00.373 [pool-6-thread-5] INFO  e.e.e.d.v.CommonCertificateVerifier - + New CommonCertificateVerifier created.
19:32:00.526 [pool-6-thread-29] INFO  e.e.e.d.x.v.XAdESCertificateSource - +XAdESCertificateSource
19:32:00.552 [pool-6-thread-29] INFO  e.e.e.d.v.CommonCertificateVerifier - + New CommonCertificateVerifier created.
19:32:00.710 [pool-6-thread-5] INFO  e.e.e.d.x.v.XAdESCertificateSource - +XAdESCertificateSource
19:32:00.733 [pool-6-thread-5] INFO  e.e.e.d.v.CommonCertificateVerifier - + New CommonCertificateVerifier created.
19:32:02.015 [pool-6-thread-9] INFO  e.e.e.d.v.CommonCertificateVerifier - + New CommonCertificateVerifier created.
19:32:02.022 [pool-6-thread-9] INFO  e.e.e.d.v.SignedDocumentValidator - Document validation...
19:32:02.032 [pool-6-thread-9] INFO  e.e.e.d.v.CommonCertificateVerifier - + New CommonCertificateVerifier created.
19:32:02.173 [pool-6-thread-9] INFO  e.e.e.d.x.v.XAdESCertificateSource - +XAdESCertificateSource
19:32:02.184 [pool-6-thread-9] INFO  e.e.e.d.v.CommonCertificateVerifier - + New CommonCertificateVerifier created.
19:32:05.726 [pool-6-thread-6] INFO  e.e.e.d.v.CommonCertificateVerifier - + New CommonCertificateVerifier created.
19:32:05.766 [pool-6-thread-6] INFO  e.e.e.d.v.SignedDocumentValidator - Document validation...
19:32:05.803 [pool-6-thread-6] INFO  e.e.e.d.v.CommonCertificateVerifier - + New CommonCertificateVerifier created.
19:32:06.315 [pool-6-thread-10] INFO  e.e.e.d.v.CommonCertificateVerifier - + New CommonCertificateVerifier created.
19:32:06.337 [pool-6-thread-10] INFO  e.e.e.d.v.SignedDocumentValidator - Document validation...
19:32:06.352 [pool-6-thread-10] INFO  e.e.e.d.v.CommonCertificateVerifier - + New CommonCertificateVerifier created.
19:32:06.765 [pool-6-thread-10] INFO  e.e.e.d.x.v.XAdESCertificateSource - +XAdESCertificateSource
19:32:06.785 [pool-6-thread-10] INFO  e.e.e.d.v.CommonCertificateVerifier - + New CommonCertificateVerifier created.
19:32:06.886 [pool-6-thread-6] INFO  e.e.e.d.x.v.XAdESCertificateSource - +XAdESCertificateSource
19:32:06.945 [pool-6-thread-6] INFO  e.e.e.d.v.CommonCertificateVerifier - + New CommonCertificateVerifier created.
19:32:08.065 [pool-6-thread-17] INFO  e.e.e.d.v.CommonCertificateVerifier - + New CommonCertificateVerifier created.
19:32:08.084 [pool-6-thread-17] INFO  e.e.e.d.v.SignedDocumentValidator - Document validation...
19:32:08.099 [pool-6-thread-17] INFO  e.e.e.d.v.CommonCertificateVerifier - + New CommonCertificateVerifier created.
19:32:08.499 [pool-6-thread-17] INFO  e.e.e.d.x.v.XAdESCertificateSource - +XAdESCertificateSource
19:32:08.520 [pool-6-thread-17] INFO  e.e.e.d.v.CommonCertificateVerifier - + New CommonCertificateVerifier created.
19:32:09.006 [main] INFO  e.e.esig.dss.tsl.job.TLValidationJob - Analysis is DONE for 31 TLSource(s)
19:32:09.046 [main] WARN  e.e.e.d.t.s.TrustedListCertificateSourceSynchronizer - No Parsing result for TLInfo with url [https://www.ssi.gouv.fr/uploads/tl-fr.xml]
19:32:09.196 [main] INFO  e.e.esig.dss.tsl.job.TLValidationJob - Offline refresh is DONE.
19:32:09.978 [main] DEBUG FOP - target-resolution set to: 72.0dpi (px2mm=0.35277778)
19:32:09.982 [main] INFO  e.e.e.d.v.CommonCertificateVerifier - + New CommonCertificateVerifier created.
19:32:09.991 [main] WARN  o.s.w.c.s.GenericWebApplicationContext - Exception encountered during context initialization - cancelling refresh attempt: org.springframework.beans.factory.UnsatisfiedDependencyException: Error creating bean with name 'userService' defined in file [C:\Users\vasco\OneDrive\Documents\Grupo1\AP2-PD2\dss-demonstrations-5.12.1\dss-demo-webapp\target\classes\eu\europa\esig\dss\web\service\UserService.class]: Unsatisfied dependency expressed through constructor parameter 0; nested exception is org.springframework.beans.factory.NoSuchBeanDefinitionException: No qualifying bean of type 'eu.europa.esig.dss.web.repository.UserRepository' available: expected at least 1 bean which qualifies as autowire candidate. Dependency annotations: {}
19:32:09.991 [main] ERROR o.s.test.context.TestContextManager - Caught exception while allowing TestExecutionListener [org.springframework.test.context.web.ServletTestExecutionListener@3b582111] to prepare test instance [eu.europa.esig.dss.web.service.FOPServiceTest@55317c63]
java.lang.IllegalStateException: Failed to load ApplicationContext
	at org.springframework.test.context.cache.DefaultCacheAwareContextLoaderDelegate.loadContext(DefaultCacheAwareContextLoaderDelegate.java:98)
	at org.springframework.test.context.support.DefaultTestContext.getApplicationContext(DefaultTestContext.java:124)
	at org.springframework.test.context.web.ServletTestExecutionListener.setUpRequestContextIfNecessary(ServletTestExecutionListener.java:190)
	at org.springframework.test.context.web.ServletTestExecutionListener.prepareTestInstance(ServletTestExecutionListener.java:132)
	at org.springframework.test.context.TestContextManager.prepareTestInstance(TestContextManager.java:248)
	at org.springframework.test.context.junit.jupiter.SpringExtension.postProcessTestInstance(SpringExtension.java:138)
	at org.junit.jupiter.engine.descriptor.ClassBasedTestDescriptor.lambda$invokeTestInstancePostProcessors$10(ClassBasedTestDescriptor.java:377)
	at org.junit.jupiter.engine.descriptor.ClassBasedTestDescriptor.executeAndMaskThrowable(ClassBasedTestDescriptor.java:382)
	at org.junit.jupiter.engine.descriptor.ClassBasedTestDescriptor.lambda$invokeTestInstancePostProcessors$11(ClassBasedTestDescriptor.java:377)
	at java.base/java.util.stream.ReferencePipeline$3$1.accept(ReferencePipeline.java:197)
	at java.base/java.util.stream.ReferencePipeline$2$1.accept(ReferencePipeline.java:179)
	at java.base/java.util.ArrayList$ArrayListSpliterator.forEachRemaining(ArrayList.java:1625)
	at java.base/java.util.stream.AbstractPipeline.copyInto(AbstractPipeline.java:509)
	at java.base/java.util.stream.AbstractPipeline.wrapAndCopyInto(AbstractPipeline.java:499)
	at java.base/java.util.stream.StreamSpliterators$WrappingSpliterator.forEachRemaining(StreamSpliterators.java:310)
	at java.base/java.util.stream.Streams$ConcatSpliterator.forEachRemaining(Streams.java:735)
	at java.base/java.util.stream.Streams$ConcatSpliterator.forEachRemaining(Streams.java:734)
	at java.base/java.util.stream.ReferencePipeline$Head.forEach(ReferencePipeline.java:762)
	at org.junit.jupiter.engine.descriptor.ClassBasedTestDescriptor.invokeTestInstancePostProcessors(ClassBasedTestDescriptor.java:376)
	at org.junit.jupiter.engine.descriptor.ClassBasedTestDescriptor.lambda$instantiateAndPostProcessTestInstance$6(ClassBasedTestDescriptor.java:289)
	at org.junit.platform.engine.support.hierarchical.ThrowableCollector.execute(ThrowableCollector.java:73)
	at org.junit.jupiter.engine.descriptor.ClassBasedTestDescriptor.instantiateAndPostProcessTestInstance(ClassBasedTestDescriptor.java:288)
	at org.junit.jupiter.engine.descriptor.ClassBasedTestDescriptor.lambda$testInstancesProvider$4(ClassBasedTestDescriptor.java:278)
	at java.base/java.util.Optional.orElseGet(Optional.java:364)
	at org.junit.jupiter.engine.descriptor.ClassBasedTestDescriptor.lambda$testInstancesProvider$5(ClassBasedTestDescriptor.java:277)
	at org.junit.jupiter.engine.execution.TestInstancesProvider.getTestInstances(TestInstancesProvider.java:31)
	at org.junit.jupiter.engine.descriptor.TestMethodTestDescriptor.lambda$prepare$0(TestMethodTestDescriptor.java:105)
	at org.junit.platform.engine.support.hierarchical.ThrowableCollector.execute(ThrowableCollector.java:73)
	at org.junit.jupiter.engine.descriptor.TestMethodTestDescriptor.prepare(TestMethodTestDescriptor.java:104)
	at org.junit.jupiter.engine.descriptor.TestMethodTestDescriptor.prepare(TestMethodTestDescriptor.java:68)
	at org.junit.platform.engine.support.hierarchical.NodeTestTask.lambda$prepare$2(NodeTestTask.java:123)
	at org.junit.platform.engine.support.hierarchical.ThrowableCollector.execute(ThrowableCollector.java:73)
	at org.junit.platform.engine.support.hierarchical.NodeTestTask.prepare(NodeTestTask.java:123)
	at org.junit.platform.engine.support.hierarchical.NodeTestTask.execute(NodeTestTask.java:90)
	at java.base/java.util.ArrayList.forEach(ArrayList.java:1511)
	at org.junit.platform.engine.support.hierarchical.SameThreadHierarchicalTestExecutorService.invokeAll(SameThreadHierarchicalTestExecutorService.java:41)
	at org.junit.platform.engine.support.hierarchical.NodeTestTask.lambda$executeRecursively$6(NodeTestTask.java:155)
	at org.junit.platform.engine.support.hierarchical.ThrowableCollector.execute(ThrowableCollector.java:73)
	at org.junit.platform.engine.support.hierarchical.NodeTestTask.lambda$executeRecursively$8(NodeTestTask.java:141)
	at org.junit.platform.engine.support.hierarchical.Node.around(Node.java:137)
	at org.junit.platform.engine.support.hierarchical.NodeTestTask.lambda$executeRecursively$9(NodeTestTask.java:139)
	at org.junit.platform.engine.support.hierarchical.ThrowableCollector.execute(ThrowableCollector.java:73)
	at org.junit.platform.engine.support.hierarchical.NodeTestTask.executeRecursively(NodeTestTask.java:138)
	at org.junit.platform.engine.support.hierarchical.NodeTestTask.execute(NodeTestTask.java:95)
	at java.base/java.util.ArrayList.forEach(ArrayList.java:1511)
	at org.junit.platform.engine.support.hierarchical.SameThreadHierarchicalTestExecutorService.invokeAll(SameThreadHierarchicalTestExecutorService.java:41)
	at org.junit.platform.engine.support.hierarchical.NodeTestTask.lambda$executeRecursively$6(NodeTestTask.java:155)
	at org.junit.platform.engine.support.hierarchical.ThrowableCollector.execute(ThrowableCollector.java:73)
	at org.junit.platform.engine.support.hierarchical.NodeTestTask.lambda$executeRecursively$8(NodeTestTask.java:141)
	at org.junit.platform.engine.support.hierarchical.Node.around(Node.java:137)
	at org.junit.platform.engine.support.hierarchical.NodeTestTask.lambda$executeRecursively$9(NodeTestTask.java:139)
	at org.junit.platform.engine.support.hierarchical.ThrowableCollector.execute(ThrowableCollector.java:73)
	at org.junit.platform.engine.support.hierarchical.NodeTestTask.executeRecursively(NodeTestTask.java:138)
	at org.junit.platform.engine.support.hierarchical.NodeTestTask.execute(NodeTestTask.java:95)
	at org.junit.platform.engine.support.hierarchical.SameThreadHierarchicalTestExecutorService.submit(SameThreadHierarchicalTestExecutorService.java:35)
	at org.junit.platform.engine.support.hierarchical.HierarchicalTestExecutor.execute(HierarchicalTestExecutor.java:57)
	at org.junit.platform.engine.support.hierarchical.HierarchicalTestEngine.execute(HierarchicalTestEngine.java:54)
	at org.junit.platform.launcher.core.EngineExecutionOrchestrator.execute(EngineExecutionOrchestrator.java:147)
	at org.junit.platform.launcher.core.EngineExecutionOrchestrator.execute(EngineExecutionOrchestrator.java:127)
	at org.junit.platform.launcher.core.EngineExecutionOrchestrator.execute(EngineExecutionOrchestrator.java:90)
	at org.junit.platform.launcher.core.EngineExecutionOrchestrator.lambda$execute$0(EngineExecutionOrchestrator.java:55)
	at org.junit.platform.launcher.core.EngineExecutionOrchestrator.withInterceptedStreams(EngineExecutionOrchestrator.java:102)
	at org.junit.platform.launcher.core.EngineExecutionOrchestrator.execute(EngineExecutionOrchestrator.java:54)
	at org.junit.platform.launcher.core.DefaultLauncher.execute(DefaultLauncher.java:114)
	at org.junit.platform.launcher.core.DefaultLauncher.execute(DefaultLauncher.java:86)
	at org.junit.platform.launcher.core.DefaultLauncherSession$DelegatingLauncher.execute(DefaultLauncherSession.java:86)
	at org.apache.maven.surefire.junitplatform.LazyLauncher.execute(LazyLauncher.java:50)
	at org.apache.maven.surefire.junitplatform.JUnitPlatformProvider.execute(JUnitPlatformProvider.java:184)
	at org.apache.maven.surefire.junitplatform.JUnitPlatformProvider.invokeAllTests(JUnitPlatformProvider.java:148)
	at org.apache.maven.surefire.junitplatform.JUnitPlatformProvider.invoke(JUnitPlatformProvider.java:122)
	at org.apache.maven.surefire.booter.ForkedBooter.runSuitesInProcess(ForkedBooter.java:385)
	at org.apache.maven.surefire.booter.ForkedBooter.execute(ForkedBooter.java:162)
	at org.apache.maven.surefire.booter.ForkedBooter.run(ForkedBooter.java:507)
	at org.apache.maven.surefire.booter.ForkedBooter.main(ForkedBooter.java:495)
Caused by: org.springframework.beans.factory.UnsatisfiedDependencyException: Error creating bean with name 'userService' defined in file [C:\Users\vasco\OneDrive\Documents\Grupo1\AP2-PD2\dss-demonstrations-5.12.1\dss-demo-webapp\target\classes\eu\europa\esig\dss\web\service\UserService.class]: Unsatisfied dependency expressed through constructor parameter 0; nested exception is org.springframework.beans.factory.NoSuchBeanDefinitionException: No qualifying bean of type 'eu.europa.esig.dss.web.repository.UserRepository' available: expected at least 1 bean which qualifies as autowire candidate. Dependency annotations: {}
	at org.springframework.beans.factory.support.ConstructorResolver.createArgumentArray(ConstructorResolver.java:800)
	at org.springframework.beans.factory.support.ConstructorResolver.autowireConstructor(ConstructorResolver.java:229)
	at org.springframework.beans.factory.support.AbstractAutowireCapableBeanFactory.autowireConstructor(AbstractAutowireCapableBeanFactory.java:1372)
	at org.springframework.beans.factory.support.AbstractAutowireCapableBeanFactory.createBeanInstance(AbstractAutowireCapableBeanFactory.java:1222)
	at org.springframework.beans.factory.support.AbstractAutowireCapableBeanFactory.doCreateBean(AbstractAutowireCapableBeanFactory.java:582)
	at org.springframework.beans.factory.support.AbstractAutowireCapableBeanFactory.createBean(AbstractAutowireCapableBeanFactory.java:542)
	at org.springframework.beans.factory.support.AbstractBeanFactory.lambda$doGetBean$0(AbstractBeanFactory.java:335)
	at org.springframework.beans.factory.support.DefaultSingletonBeanRegistry.getSingleton(DefaultSingletonBeanRegistry.java:234)
	at org.springframework.beans.factory.support.AbstractBeanFactory.doGetBean(AbstractBeanFactory.java:333)
	at org.springframework.beans.factory.support.AbstractBeanFactory.getBean(AbstractBeanFactory.java:208)
	at org.springframework.beans.factory.support.DefaultListableBeanFactory.preInstantiateSingletons(DefaultListableBeanFactory.java:955)
	at org.springframework.context.support.AbstractApplicationContext.finishBeanFactoryInitialization(AbstractApplicationContext.java:920)
	at org.springframework.context.support.AbstractApplicationContext.refresh(AbstractApplicationContext.java:583)
	at org.springframework.test.context.web.AbstractGenericWebContextLoader.loadContext(AbstractGenericWebContextLoader.java:129)
	at org.springframework.test.context.web.AbstractGenericWebContextLoader.loadContext(AbstractGenericWebContextLoader.java:61)
	at org.springframework.test.context.support.AbstractDelegatingSmartContextLoader.delegateLoading(AbstractDelegatingSmartContextLoader.java:276)
	at org.springframework.test.context.support.AbstractDelegatingSmartContextLoader.loadContext(AbstractDelegatingSmartContextLoader.java:244)
	at org.springframework.test.context.cache.DefaultCacheAwareContextLoaderDelegate.loadContextInternal(DefaultCacheAwareContextLoaderDelegate.java:141)
	at org.springframework.test.context.cache.DefaultCacheAwareContextLoaderDelegate.loadContext(DefaultCacheAwareContextLoaderDelegate.java:90)
	... 73 common frames omitted
Caused by: org.springframework.beans.factory.NoSuchBeanDefinitionException: No qualifying bean of type 'eu.europa.esig.dss.web.repository.UserRepository' available: expected at least 1 bean which qualifies as autowire candidate. Dependency annotations: {}
	at org.springframework.beans.factory.support.DefaultListableBeanFactory.raiseNoMatchingBeanFound(DefaultListableBeanFactory.java:1801)
	at org.springframework.beans.factory.support.DefaultListableBeanFactory.doResolveDependency(DefaultListableBeanFactory.java:1357)
	at org.springframework.beans.factory.support.DefaultListableBeanFactory.resolveDependency(DefaultListableBeanFactory.java:1311)
	at org.springframework.beans.factory.support.ConstructorResolver.resolveAutowiredArgument(ConstructorResolver.java:887)
	at org.springframework.beans.factory.support.ConstructorResolver.createArgumentArray(ConstructorResolver.java:791)
	... 91 common frames omitted
]]></system-out>
    <system-err><![CDATA[jun. 12, 2023 7:32:09 DA TARDE org.apache.cxf.wsdl.service.factory.ReflectionServiceFactoryBean buildServiceFromWSDL
INFO: Creating Service {http://tempuri.org/}CCMovelDigitalSignature from WSDL: https://cmd.autenticacao.gov.pt/Ama.Authentication.Frontend/CCMovelDigitalSignature.svc?wsdl
]]></system-err>
  </testcase>
  <testcase name="generateDetailedReport" classname="eu.europa.esig.dss.web.service.FOPServiceTest" time="0">
    <error message="Failed to load ApplicationContext" type="java.lang.IllegalStateException"><![CDATA[java.lang.IllegalStateException: Failed to load ApplicationContext
	at org.springframework.test.context.cache.DefaultCacheAwareContextLoaderDelegate.loadContext(DefaultCacheAwareContextLoaderDelegate.java:98)
	at org.springframework.test.context.support.DefaultTestContext.getApplicationContext(DefaultTestContext.java:124)
	at org.springframework.test.context.web.ServletTestExecutionListener.setUpRequestContextIfNecessary(ServletTestExecutionListener.java:190)
	at org.springframework.test.context.web.ServletTestExecutionListener.prepareTestInstance(ServletTestExecutionListener.java:132)
	at org.springframework.test.context.TestContextManager.prepareTestInstance(TestContextManager.java:248)
	at org.springframework.test.context.junit.jupiter.SpringExtension.postProcessTestInstance(SpringExtension.java:138)
	at org.junit.jupiter.engine.descriptor.ClassBasedTestDescriptor.lambda$invokeTestInstancePostProcessors$10(ClassBasedTestDescriptor.java:377)
	at org.junit.jupiter.engine.descriptor.ClassBasedTestDescriptor.executeAndMaskThrowable(ClassBasedTestDescriptor.java:382)
	at org.junit.jupiter.engine.descriptor.ClassBasedTestDescriptor.lambda$invokeTestInstancePostProcessors$11(ClassBasedTestDescriptor.java:377)
	at java.base/java.util.stream.ReferencePipeline$3$1.accept(ReferencePipeline.java:197)
	at java.base/java.util.stream.ReferencePipeline$2$1.accept(ReferencePipeline.java:179)
	at java.base/java.util.ArrayList$ArrayListSpliterator.forEachRemaining(ArrayList.java:1625)
	at java.base/java.util.stream.AbstractPipeline.copyInto(AbstractPipeline.java:509)
	at java.base/java.util.stream.AbstractPipeline.wrapAndCopyInto(AbstractPipeline.java:499)
	at java.base/java.util.stream.StreamSpliterators$WrappingSpliterator.forEachRemaining(StreamSpliterators.java:310)
	at java.base/java.util.stream.Streams$ConcatSpliterator.forEachRemaining(Streams.java:735)
	at java.base/java.util.stream.Streams$ConcatSpliterator.forEachRemaining(Streams.java:734)
	at java.base/java.util.stream.ReferencePipeline$Head.forEach(ReferencePipeline.java:762)
	at org.junit.jupiter.engine.descriptor.ClassBasedTestDescriptor.invokeTestInstancePostProcessors(ClassBasedTestDescriptor.java:376)
	at org.junit.jupiter.engine.descriptor.ClassBasedTestDescriptor.lambda$instantiateAndPostProcessTestInstance$6(ClassBasedTestDescriptor.java:289)
	at org.junit.platform.engine.support.hierarchical.ThrowableCollector.execute(ThrowableCollector.java:73)
	at org.junit.jupiter.engine.descriptor.ClassBasedTestDescriptor.instantiateAndPostProcessTestInstance(ClassBasedTestDescriptor.java:288)
	at org.junit.jupiter.engine.descriptor.ClassBasedTestDescriptor.lambda$testInstancesProvider$4(ClassBasedTestDescriptor.java:278)
	at java.base/java.util.Optional.orElseGet(Optional.java:364)
	at org.junit.jupiter.engine.descriptor.ClassBasedTestDescriptor.lambda$testInstancesProvider$5(ClassBasedTestDescriptor.java:277)
	at org.junit.jupiter.engine.execution.TestInstancesProvider.getTestInstances(TestInstancesProvider.java:31)
	at org.junit.jupiter.engine.descriptor.TestMethodTestDescriptor.lambda$prepare$0(TestMethodTestDescriptor.java:105)
	at org.junit.platform.engine.support.hierarchical.ThrowableCollector.execute(ThrowableCollector.java:73)
	at org.junit.jupiter.engine.descriptor.TestMethodTestDescriptor.prepare(TestMethodTestDescriptor.java:104)
	at org.junit.jupiter.engine.descriptor.TestMethodTestDescriptor.prepare(TestMethodTestDescriptor.java:68)
	at org.junit.platform.engine.support.hierarchical.NodeTestTask.lambda$prepare$2(NodeTestTask.java:123)
	at org.junit.platform.engine.support.hierarchical.ThrowableCollector.execute(ThrowableCollector.java:73)
	at org.junit.platform.engine.support.hierarchical.NodeTestTask.prepare(NodeTestTask.java:123)
	at org.junit.platform.engine.support.hierarchical.NodeTestTask.execute(NodeTestTask.java:90)
	at java.base/java.util.ArrayList.forEach(ArrayList.java:1511)
	at org.junit.platform.engine.support.hierarchical.SameThreadHierarchicalTestExecutorService.invokeAll(SameThreadHierarchicalTestExecutorService.java:41)
	at org.junit.platform.engine.support.hierarchical.NodeTestTask.lambda$executeRecursively$6(NodeTestTask.java:155)
	at org.junit.platform.engine.support.hierarchical.ThrowableCollector.execute(ThrowableCollector.java:73)
	at org.junit.platform.engine.support.hierarchical.NodeTestTask.lambda$executeRecursively$8(NodeTestTask.java:141)
	at org.junit.platform.engine.support.hierarchical.Node.around(Node.java:137)
	at org.junit.platform.engine.support.hierarchical.NodeTestTask.lambda$executeRecursively$9(NodeTestTask.java:139)
	at org.junit.platform.engine.support.hierarchical.ThrowableCollector.execute(ThrowableCollector.java:73)
	at org.junit.platform.engine.support.hierarchical.NodeTestTask.executeRecursively(NodeTestTask.java:138)
	at org.junit.platform.engine.support.hierarchical.NodeTestTask.execute(NodeTestTask.java:95)
	at java.base/java.util.ArrayList.forEach(ArrayList.java:1511)
	at org.junit.platform.engine.support.hierarchical.SameThreadHierarchicalTestExecutorService.invokeAll(SameThreadHierarchicalTestExecutorService.java:41)
	at org.junit.platform.engine.support.hierarchical.NodeTestTask.lambda$executeRecursively$6(NodeTestTask.java:155)
	at org.junit.platform.engine.support.hierarchical.ThrowableCollector.execute(ThrowableCollector.java:73)
	at org.junit.platform.engine.support.hierarchical.NodeTestTask.lambda$executeRecursively$8(NodeTestTask.java:141)
	at org.junit.platform.engine.support.hierarchical.Node.around(Node.java:137)
	at org.junit.platform.engine.support.hierarchical.NodeTestTask.lambda$executeRecursively$9(NodeTestTask.java:139)
	at org.junit.platform.engine.support.hierarchical.ThrowableCollector.execute(ThrowableCollector.java:73)
	at org.junit.platform.engine.support.hierarchical.NodeTestTask.executeRecursively(NodeTestTask.java:138)
	at org.junit.platform.engine.support.hierarchical.NodeTestTask.execute(NodeTestTask.java:95)
	at org.junit.platform.engine.support.hierarchical.SameThreadHierarchicalTestExecutorService.submit(SameThreadHierarchicalTestExecutorService.java:35)
	at org.junit.platform.engine.support.hierarchical.HierarchicalTestExecutor.execute(HierarchicalTestExecutor.java:57)
	at org.junit.platform.engine.support.hierarchical.HierarchicalTestEngine.execute(HierarchicalTestEngine.java:54)
	at org.junit.platform.launcher.core.EngineExecutionOrchestrator.execute(EngineExecutionOrchestrator.java:147)
	at org.junit.platform.launcher.core.EngineExecutionOrchestrator.execute(EngineExecutionOrchestrator.java:127)
	at org.junit.platform.launcher.core.EngineExecutionOrchestrator.execute(EngineExecutionOrchestrator.java:90)
	at org.junit.platform.launcher.core.EngineExecutionOrchestrator.lambda$execute$0(EngineExecutionOrchestrator.java:55)
	at org.junit.platform.launcher.core.EngineExecutionOrchestrator.withInterceptedStreams(EngineExecutionOrchestrator.java:102)
	at org.junit.platform.launcher.core.EngineExecutionOrchestrator.execute(EngineExecutionOrchestrator.java:54)
	at org.junit.platform.launcher.core.DefaultLauncher.execute(DefaultLauncher.java:114)
	at org.junit.platform.launcher.core.DefaultLauncher.execute(DefaultLauncher.java:86)
	at org.junit.platform.launcher.core.DefaultLauncherSession$DelegatingLauncher.execute(DefaultLauncherSession.java:86)
	at org.apache.maven.surefire.junitplatform.LazyLauncher.execute(LazyLauncher.java:50)
	at org.apache.maven.surefire.junitplatform.JUnitPlatformProvider.execute(JUnitPlatformProvider.java:184)
	at org.apache.maven.surefire.junitplatform.JUnitPlatformProvider.invokeAllTests(JUnitPlatformProvider.java:148)
	at org.apache.maven.surefire.junitplatform.JUnitPlatformProvider.invoke(JUnitPlatformProvider.java:122)
	at org.apache.maven.surefire.booter.ForkedBooter.runSuitesInProcess(ForkedBooter.java:385)
	at org.apache.maven.surefire.booter.ForkedBooter.execute(ForkedBooter.java:162)
	at org.apache.maven.surefire.booter.ForkedBooter.run(ForkedBooter.java:507)
	at org.apache.maven.surefire.booter.ForkedBooter.main(ForkedBooter.java:495)
Caused by: org.springframework.beans.factory.UnsatisfiedDependencyException: Error creating bean with name 'userService' defined in file [C:\Users\vasco\OneDrive\Documents\Grupo1\AP2-PD2\dss-demonstrations-5.12.1\dss-demo-webapp\target\classes\eu\europa\esig\dss\web\service\UserService.class]: Unsatisfied dependency expressed through constructor parameter 0; nested exception is org.springframework.beans.factory.NoSuchBeanDefinitionException: No qualifying bean of type 'eu.europa.esig.dss.web.repository.UserRepository' available: expected at least 1 bean which qualifies as autowire candidate. Dependency annotations: {}
	at org.springframework.beans.factory.support.ConstructorResolver.createArgumentArray(ConstructorResolver.java:800)
	at org.springframework.beans.factory.support.ConstructorResolver.autowireConstructor(ConstructorResolver.java:229)
	at org.springframework.beans.factory.support.AbstractAutowireCapableBeanFactory.autowireConstructor(AbstractAutowireCapableBeanFactory.java:1372)
	at org.springframework.beans.factory.support.AbstractAutowireCapableBeanFactory.createBeanInstance(AbstractAutowireCapableBeanFactory.java:1222)
	at org.springframework.beans.factory.support.AbstractAutowireCapableBeanFactory.doCreateBean(AbstractAutowireCapableBeanFactory.java:582)
	at org.springframework.beans.factory.support.AbstractAutowireCapableBeanFactory.createBean(AbstractAutowireCapableBeanFactory.java:542)
	at org.springframework.beans.factory.support.AbstractBeanFactory.lambda$doGetBean$0(AbstractBeanFactory.java:335)
	at org.springframework.beans.factory.support.DefaultSingletonBeanRegistry.getSingleton(DefaultSingletonBeanRegistry.java:234)
	at org.springframework.beans.factory.support.AbstractBeanFactory.doGetBean(AbstractBeanFactory.java:333)
	at org.springframework.beans.factory.support.AbstractBeanFactory.getBean(AbstractBeanFactory.java:208)
	at org.springframework.beans.factory.support.DefaultListableBeanFactory.preInstantiateSingletons(DefaultListableBeanFactory.java:955)
	at org.springframework.context.support.AbstractApplicationContext.finishBeanFactoryInitialization(AbstractApplicationContext.java:920)
	at org.springframework.context.support.AbstractApplicationContext.refresh(AbstractApplicationContext.java:583)
	at org.springframework.test.context.web.AbstractGenericWebContextLoader.loadContext(AbstractGenericWebContextLoader.java:129)
	at org.springframework.test.context.web.AbstractGenericWebContextLoader.loadContext(AbstractGenericWebContextLoader.java:61)
	at org.springframework.test.context.support.AbstractDelegatingSmartContextLoader.delegateLoading(AbstractDelegatingSmartContextLoader.java:276)
	at org.springframework.test.context.support.AbstractDelegatingSmartContextLoader.loadContext(AbstractDelegatingSmartContextLoader.java:244)
	at org.springframework.test.context.cache.DefaultCacheAwareContextLoaderDelegate.loadContextInternal(DefaultCacheAwareContextLoaderDelegate.java:141)
	at org.springframework.test.context.cache.DefaultCacheAwareContextLoaderDelegate.loadContext(DefaultCacheAwareContextLoaderDelegate.java:90)
	... 73 more
Caused by: org.springframework.beans.factory.NoSuchBeanDefinitionException: No qualifying bean of type 'eu.europa.esig.dss.web.repository.UserRepository' available: expected at least 1 bean which qualifies as autowire candidate. Dependency annotations: {}
	at org.springframework.beans.factory.support.DefaultListableBeanFactory.raiseNoMatchingBeanFound(DefaultListableBeanFactory.java:1801)
	at org.springframework.beans.factory.support.DefaultListableBeanFactory.doResolveDependency(DefaultListableBeanFactory.java:1357)
	at org.springframework.beans.factory.support.DefaultListableBeanFactory.resolveDependency(DefaultListableBeanFactory.java:1311)
	at org.springframework.beans.factory.support.ConstructorResolver.resolveAutowiredArgument(ConstructorResolver.java:887)
	at org.springframework.beans.factory.support.ConstructorResolver.createArgumentArray(ConstructorResolver.java:791)
	... 91 more
]]></error>
    <system-out><![CDATA[19:32:10.009 [main] INFO  o.s.c.a.ConfigurationClassParser - Properties location [classpath:dss-custom.properties] not resolvable: class path resource [dss-custom.properties] cannot be opened because it does not exist
19:32:10.076 [main] DEBUG com.zaxxer.hikari.HikariConfig - Driver class org.hsqldb.jdbcDriver found in Thread context class loader jdk.internal.loader.ClassLoaders$AppClassLoader@70dea4e
19:32:10.164 [main] INFO  e.e.esig.dss.tsl.job.TLValidationJob - Offline refresh is running...
19:32:10.164 [main] INFO  e.e.esig.dss.tsl.job.TLValidationJob - Running analysis for 1 LOTLSource(s)
19:32:10.272 [pool-8-thread-1] INFO  e.e.e.d.v.CommonCertificateVerifier - + New CommonCertificateVerifier created.
19:32:10.278 [pool-8-thread-1] INFO  e.e.e.d.v.SignedDocumentValidator - Document validation...
19:32:10.282 [pool-8-thread-1] INFO  e.e.e.d.v.CommonCertificateVerifier - + New CommonCertificateVerifier created.
19:32:10.318 [pool-8-thread-1] INFO  e.e.e.d.x.v.XAdESCertificateSource - +XAdESCertificateSource
19:32:10.323 [pool-8-thread-1] INFO  e.e.e.d.v.CommonCertificateVerifier - + New CommonCertificateVerifier created.
19:32:10.372 [pool-8-thread-1] INFO  e.e.e.d.v.CommonCertificateVerifier - + New CommonCertificateVerifier created.
19:32:10.377 [pool-8-thread-1] INFO  e.e.e.d.v.SignedDocumentValidator - Document validation...
19:32:10.380 [pool-8-thread-1] INFO  e.e.e.d.v.CommonCertificateVerifier - + New CommonCertificateVerifier created.
19:32:10.411 [pool-8-thread-1] INFO  e.e.e.d.x.v.XAdESCertificateSource - +XAdESCertificateSource
19:32:10.415 [pool-8-thread-1] INFO  e.e.e.d.v.CommonCertificateVerifier - + New CommonCertificateVerifier created.
19:32:10.456 [pool-8-thread-1] INFO  e.e.e.d.v.CommonCertificateVerifier - + New CommonCertificateVerifier created.
19:32:10.460 [pool-8-thread-1] INFO  e.e.e.d.v.SignedDocumentValidator - Document validation...
19:32:10.465 [pool-8-thread-1] INFO  e.e.e.d.v.CommonCertificateVerifier - + New CommonCertificateVerifier created.
19:32:10.500 [pool-8-thread-1] INFO  e.e.e.d.x.v.XAdESCertificateSource - +XAdESCertificateSource
19:32:10.504 [pool-8-thread-1] INFO  e.e.e.d.v.CommonCertificateVerifier - + New CommonCertificateVerifier created.
19:32:10.556 [main] INFO  e.e.esig.dss.tsl.job.TLValidationJob - Analysis is DONE for 1 LOTLSource(s)
19:32:10.562 [main] INFO  e.e.esig.dss.tsl.job.TLValidationJob - Running analysis for 31 TLSource(s)
19:32:10.565 [pool-8-thread-12] ERROR e.e.e.d.t.runnable.AbstractAnalysis - Cannot retrieve data from url [https://www.ssi.gouv.fr/uploads/tl-fr.xml]. Empty content is obtained!
19:32:10.583 [pool-8-thread-4] INFO  e.e.e.d.v.CommonCertificateVerifier - + New CommonCertificateVerifier created.
19:32:10.589 [pool-8-thread-4] INFO  e.e.e.d.v.SignedDocumentValidator - Document validation...
19:32:10.595 [pool-8-thread-7] INFO  e.e.e.d.v.CommonCertificateVerifier - + New CommonCertificateVerifier created.
19:32:10.599 [pool-8-thread-7] INFO  e.e.e.d.v.SignedDocumentValidator - Document validation...
19:32:10.599 [pool-8-thread-4] INFO  e.e.e.d.v.CommonCertificateVerifier - + New CommonCertificateVerifier created.
19:32:10.690 [pool-8-thread-18] INFO  e.e.e.d.v.CommonCertificateVerifier - + New CommonCertificateVerifier created.
19:32:10.729 [pool-8-thread-7] INFO  e.e.e.d.v.CommonCertificateVerifier - + New CommonCertificateVerifier created.
19:32:10.751 [pool-8-thread-4] INFO  e.e.e.d.x.v.XAdESCertificateSource - +XAdESCertificateSource
19:32:10.761 [pool-8-thread-7] INFO  e.e.e.d.x.v.XAdESCertificateSource - +XAdESCertificateSource
19:32:10.797 [pool-8-thread-8] INFO  e.e.e.d.v.CommonCertificateVerifier - + New CommonCertificateVerifier created.
19:32:10.832 [pool-8-thread-11] INFO  e.e.e.d.v.CommonCertificateVerifier - + New CommonCertificateVerifier created.
19:32:10.844 [pool-8-thread-11] INFO  e.e.e.d.v.SignedDocumentValidator - Document validation...
19:32:10.853 [pool-8-thread-11] INFO  e.e.e.d.v.CommonCertificateVerifier - + New CommonCertificateVerifier created.
19:32:10.882 [pool-8-thread-7] INFO  e.e.e.d.v.CommonCertificateVerifier - + New CommonCertificateVerifier created.
19:32:10.896 [pool-8-thread-9] INFO  e.e.e.d.v.CommonCertificateVerifier - + New CommonCertificateVerifier created.
19:32:10.910 [pool-8-thread-9] INFO  e.e.e.d.v.SignedDocumentValidator - Document validation...
19:32:10.917 [pool-8-thread-18] INFO  e.e.e.d.v.SignedDocumentValidator - Document validation...
19:32:10.920 [pool-8-thread-13] INFO  e.e.e.d.v.CommonCertificateVerifier - + New CommonCertificateVerifier created.
19:32:10.925 [pool-8-thread-18] INFO  e.e.e.d.v.CommonCertificateVerifier - + New CommonCertificateVerifier created.
19:32:10.927 [pool-8-thread-4] INFO  e.e.e.d.v.CommonCertificateVerifier - + New CommonCertificateVerifier created.
19:32:10.933 [pool-8-thread-1] WARN  e.e.e.d.t.f.c.DigitalIdentityListTypeConverter - Unable to load certificate 'MIIDDjCCAnegAwIBAgIBATANBgkqhkiG9w0BAQUFADCBmjELMAkGA1UEBhMCQVQxSDBGBgNVBAoTP0EtVHJ1c3QgR2VzLiBmLiBTaWNoZXJoZWl0c3N5c3RlbWUgaW0gZWxla3RyLiBEYXRlbnZlcmtlaHIgR21iSDEXMBUGA1UECxMOd3d3LmEtdHJ1c3QuYXQxEzARBgNVBAsTCmEtc2lnbiB1bmkxEzARBgNVBAMTCmEtc2lnbiB1bmkwHhcNMDIwOTEzMTgzMjM4WhcNMzIwOTEzMTgzMjM4WjCBmjELMAkGA1UEBhMCQVQxSDBGBgNVBAoTP0EtVHJ1c3QgR2VzLiBmLiBTaWNoZXJoZWl0c3N5c3RlbWUgaW0gZWxla3RyLiBEYXRlbnZlcmtlaHIgR21iSDEXMBUGA1UECxMOd3d3LmEtdHJ1c3QuYXQxEzARBgNVBAsTCmEtc2lnbiB1bmkxEzARBgNVBAMTCmEtc2lnbiB1bmkwgZ4wCwYJKoZIhvcNAQEBA4GOADCBigKBgQCvBqGXYw0rNZyQR8YG+EQ4GeoQgMRdsYPhnuvkl6aEMWdMvDuvAPlLi4rXNNq3mb4yKKCswSp5SPiRo43uwrpfCjLxu9RT+Fi3wDE1Z5tBr7iQOnOCx5IKs2X94hcdsJClWHYoxT4f5Jnq86kNVYys+T8TUJCrsHm/8TCr3x7vuwIEAAAAA6NjMGEwDgYDVR0PAQH/BAQDAgEGMA8GA1UdEwEB/wQFMAMBAf8wHQYDVR0OBBYEFBXzfvl2WIKcUwhZzt+1wC1ShQPBMB8GA1UdIwQYMBaAFBXzfvl2WIKcUwhZzt+1wC1ShQPBMA0GCSqGSIb3DQEBBQUAA4GBAALtJ7UT/H4ZwUAeKV1X1Gz+pIqVtCsECNKWHiZeXx0ly/insjh+vbNVNy2RyOimKWtms0GZ0Kj/oDK81efRL9YvHKMlCLlz6FBKaUTUztO1FYa2othUGsu8LsBtPPU6u0wMPGhE3DEdo5/4lA6gMbsOvKQ6jQyeCjqOB22EjbJd' (more details with enabled DEBUG mode)
19:32:10.944 [pool-8-thread-8] INFO  e.e.e.d.v.SignedDocumentValidator - Document validation...
19:32:10.955 [pool-8-thread-8] INFO  e.e.e.d.v.CommonCertificateVerifier - + New CommonCertificateVerifier created.
19:32:10.975 [pool-8-thread-11] INFO  e.e.e.d.x.v.XAdESCertificateSource - +XAdESCertificateSource
19:32:10.986 [pool-8-thread-16] INFO  e.e.e.d.v.CommonCertificateVerifier - + New CommonCertificateVerifier created.
19:32:10.992 [pool-8-thread-9] INFO  e.e.e.d.v.CommonCertificateVerifier - + New CommonCertificateVerifier created.
19:32:11.067 [pool-8-thread-18] INFO  e.e.e.d.x.v.XAdESCertificateSource - +XAdESCertificateSource
19:32:11.076 [pool-8-thread-18] INFO  e.e.e.d.v.CommonCertificateVerifier - + New CommonCertificateVerifier created.
19:32:11.078 [pool-8-thread-22] INFO  e.e.e.d.v.CommonCertificateVerifier - + New CommonCertificateVerifier created.
19:32:11.085 [pool-8-thread-13] INFO  e.e.e.d.v.SignedDocumentValidator - Document validation...
19:32:11.092 [pool-8-thread-13] INFO  e.e.e.d.v.CommonCertificateVerifier - + New CommonCertificateVerifier created.
19:32:11.094 [pool-8-thread-30] INFO  e.e.e.d.v.CommonCertificateVerifier - + New CommonCertificateVerifier created.
19:32:11.102 [pool-8-thread-22] INFO  e.e.e.d.v.SignedDocumentValidator - Document validation...
19:32:11.121 [pool-8-thread-22] INFO  e.e.e.d.v.CommonCertificateVerifier - + New CommonCertificateVerifier created.
19:32:11.128 [pool-8-thread-16] INFO  e.e.e.d.v.SignedDocumentValidator - Document validation...
19:32:11.132 [pool-8-thread-11] INFO  e.e.e.d.v.CommonCertificateVerifier - + New CommonCertificateVerifier created.
19:32:11.132 [pool-8-thread-28] INFO  e.e.e.d.v.CommonCertificateVerifier - + New CommonCertificateVerifier created.
19:32:11.136 [pool-8-thread-16] INFO  e.e.e.d.v.CommonCertificateVerifier - + New CommonCertificateVerifier created.
19:32:11.147 [pool-8-thread-28] INFO  e.e.e.d.v.SignedDocumentValidator - Document validation...
19:32:11.152 [pool-8-thread-16] INFO  e.e.e.d.x.v.XAdESCertificateSource - +XAdESCertificateSource
19:32:11.159 [pool-8-thread-16] INFO  e.e.e.d.v.CommonCertificateVerifier - + New CommonCertificateVerifier created.
19:32:11.182 [pool-8-thread-28] INFO  e.e.e.d.v.CommonCertificateVerifier - + New CommonCertificateVerifier created.
19:32:11.199 [pool-8-thread-8] INFO  e.e.e.d.x.v.XAdESCertificateSource - +XAdESCertificateSource
19:32:11.208 [pool-8-thread-13] INFO  e.e.e.d.x.v.XAdESCertificateSource - +XAdESCertificateSource
19:32:11.216 [pool-8-thread-30] INFO  e.e.e.d.v.SignedDocumentValidator - Document validation...
19:32:11.222 [pool-8-thread-25] INFO  e.e.e.d.v.CommonCertificateVerifier - + New CommonCertificateVerifier created.
19:32:11.226 [pool-8-thread-26] INFO  e.e.e.d.v.CommonCertificateVerifier - + New CommonCertificateVerifier created.
19:32:11.229 [pool-8-thread-30] INFO  e.e.e.d.v.CommonCertificateVerifier - + New CommonCertificateVerifier created.
19:32:11.233 [pool-8-thread-19] INFO  e.e.e.d.v.CommonCertificateVerifier - + New CommonCertificateVerifier created.
19:32:11.233 [pool-8-thread-2] INFO  e.e.e.d.v.CommonCertificateVerifier - + New CommonCertificateVerifier created.
19:32:11.246 [pool-8-thread-19] INFO  e.e.e.d.v.SignedDocumentValidator - Document validation...
19:32:11.257 [pool-8-thread-19] INFO  e.e.e.d.v.CommonCertificateVerifier - + New CommonCertificateVerifier created.
19:32:11.281 [pool-8-thread-13] INFO  e.e.e.d.v.CommonCertificateVerifier - + New CommonCertificateVerifier created.
19:32:11.283 [pool-8-thread-8] INFO  e.e.e.d.v.CommonCertificateVerifier - + New CommonCertificateVerifier created.
19:32:11.452 [pool-8-thread-25] INFO  e.e.e.d.v.SignedDocumentValidator - Document validation...
19:32:11.474 [pool-8-thread-25] INFO  e.e.e.d.v.CommonCertificateVerifier - + New CommonCertificateVerifier created.
19:32:11.494 [pool-8-thread-2] INFO  e.e.e.d.v.SignedDocumentValidator - Document validation...
19:32:11.494 [pool-8-thread-15] INFO  e.e.e.d.v.CommonCertificateVerifier - + New CommonCertificateVerifier created.
19:32:11.507 [pool-8-thread-2] INFO  e.e.e.d.v.CommonCertificateVerifier - + New CommonCertificateVerifier created.
19:32:11.514 [pool-8-thread-15] INFO  e.e.e.d.v.SignedDocumentValidator - Document validation...
19:32:11.523 [pool-8-thread-15] INFO  e.e.e.d.v.CommonCertificateVerifier - + New CommonCertificateVerifier created.
19:32:11.535 [pool-8-thread-27] INFO  e.e.e.d.v.CommonCertificateVerifier - + New CommonCertificateVerifier created.
19:32:11.543 [pool-8-thread-27] INFO  e.e.e.d.v.SignedDocumentValidator - Document validation...
19:32:11.551 [pool-8-thread-27] INFO  e.e.e.d.v.CommonCertificateVerifier - + New CommonCertificateVerifier created.
19:32:11.557 [pool-8-thread-26] INFO  e.e.e.d.v.SignedDocumentValidator - Document validation...
19:32:11.572 [pool-8-thread-26] INFO  e.e.e.d.v.CommonCertificateVerifier - + New CommonCertificateVerifier created.
19:32:11.645 [pool-8-thread-15] INFO  e.e.e.d.x.v.XAdESCertificateSource - +XAdESCertificateSource
19:32:11.659 [pool-8-thread-27] INFO  e.e.e.d.x.v.XAdESCertificateSource - +XAdESCertificateSource
19:32:11.670 [pool-8-thread-30] INFO  e.e.e.d.x.v.XAdESCertificateSource - +XAdESCertificateSource
19:32:11.703 [pool-8-thread-27] INFO  e.e.e.d.v.CommonCertificateVerifier - + New CommonCertificateVerifier created.
19:32:11.712 [pool-8-thread-30] INFO  e.e.e.d.v.CommonCertificateVerifier - + New CommonCertificateVerifier created.
19:32:11.713 [pool-8-thread-15] INFO  e.e.e.d.v.CommonCertificateVerifier - + New CommonCertificateVerifier created.
19:32:11.788 [pool-8-thread-9] INFO  e.e.e.d.x.v.XAdESCertificateSource - +XAdESCertificateSource
19:32:11.799 [pool-8-thread-21] INFO  e.e.e.d.v.CommonCertificateVerifier - + New CommonCertificateVerifier created.
19:32:11.807 [pool-8-thread-21] INFO  e.e.e.d.v.SignedDocumentValidator - Document validation...
19:32:11.814 [pool-8-thread-21] INFO  e.e.e.d.v.CommonCertificateVerifier - + New CommonCertificateVerifier created.
19:32:11.837 [pool-8-thread-9] INFO  e.e.e.d.v.CommonCertificateVerifier - + New CommonCertificateVerifier created.
19:32:11.879 [pool-8-thread-28] INFO  e.e.e.d.x.v.XAdESCertificateSource - +XAdESCertificateSource
19:32:11.898 [pool-8-thread-28] INFO  e.e.e.d.v.CommonCertificateVerifier - + New CommonCertificateVerifier created.
19:32:11.943 [pool-8-thread-19] INFO  e.e.e.d.x.v.XAdESCertificateSource - +XAdESCertificateSource
19:32:11.958 [pool-8-thread-19] INFO  e.e.e.d.v.CommonCertificateVerifier - + New CommonCertificateVerifier created.
19:32:12.006 [pool-8-thread-25] INFO  e.e.e.d.x.v.XAdESCertificateSource - +XAdESCertificateSource
19:32:12.022 [pool-8-thread-25] INFO  e.e.e.d.v.CommonCertificateVerifier - + New CommonCertificateVerifier created.
19:32:12.043 [pool-8-thread-26] INFO  e.e.e.d.x.v.XAdESCertificateSource - +XAdESCertificateSource
19:32:12.048 [pool-8-thread-2] INFO  e.e.e.d.x.v.XAdESCertificateSource - +XAdESCertificateSource
19:32:12.086 [pool-8-thread-21] INFO  e.e.e.d.x.v.XAdESCertificateSource - +XAdESCertificateSource
19:32:12.093 [pool-8-thread-21] INFO  e.e.e.d.v.CommonCertificateVerifier - + New CommonCertificateVerifier created.
19:32:12.102 [pool-8-thread-26] INFO  e.e.e.d.v.CommonCertificateVerifier - + New CommonCertificateVerifier created.
19:32:12.103 [pool-8-thread-2] INFO  e.e.e.d.v.CommonCertificateVerifier - + New CommonCertificateVerifier created.
19:32:12.171 [pool-8-thread-22] INFO  e.e.e.d.x.v.XAdESCertificateSource - +XAdESCertificateSource
19:32:12.216 [pool-8-thread-22] INFO  e.e.e.d.v.CommonCertificateVerifier - + New CommonCertificateVerifier created.
19:32:12.795 [pool-8-thread-20] INFO  e.e.e.d.v.CommonCertificateVerifier - + New CommonCertificateVerifier created.
19:32:12.849 [pool-8-thread-20] INFO  e.e.e.d.v.SignedDocumentValidator - Document validation...
19:32:12.855 [pool-8-thread-20] INFO  e.e.e.d.v.CommonCertificateVerifier - + New CommonCertificateVerifier created.
19:32:13.044 [pool-8-thread-20] INFO  e.e.e.d.x.v.XAdESCertificateSource - +XAdESCertificateSource
19:32:13.051 [pool-8-thread-20] INFO  e.e.e.d.v.CommonCertificateVerifier - + New CommonCertificateVerifier created.
19:32:13.075 [pool-8-thread-12] INFO  e.e.e.d.v.CommonCertificateVerifier - + New CommonCertificateVerifier created.
19:32:13.092 [pool-8-thread-12] INFO  e.e.e.d.v.SignedDocumentValidator - Document validation...
19:32:13.101 [pool-8-thread-12] INFO  e.e.e.d.v.CommonCertificateVerifier - + New CommonCertificateVerifier created.
19:32:13.202 [pool-8-thread-12] INFO  e.e.e.d.x.v.XAdESCertificateSource - +XAdESCertificateSource
19:32:13.210 [pool-8-thread-12] INFO  e.e.e.d.v.CommonCertificateVerifier - + New CommonCertificateVerifier created.
19:32:13.859 [pool-8-thread-3] INFO  e.e.e.d.v.CommonCertificateVerifier - + New CommonCertificateVerifier created.
19:32:13.870 [pool-8-thread-3] INFO  e.e.e.d.v.SignedDocumentValidator - Document validation...
19:32:13.881 [pool-8-thread-3] INFO  e.e.e.d.v.CommonCertificateVerifier - + New CommonCertificateVerifier created.
19:32:14.021 [pool-8-thread-3] INFO  e.e.e.d.x.v.XAdESCertificateSource - +XAdESCertificateSource
19:32:14.033 [pool-8-thread-3] INFO  e.e.e.d.v.CommonCertificateVerifier - + New CommonCertificateVerifier created.
19:32:14.161 [pool-8-thread-1] WARN  e.e.e.d.t.f.c.DigitalIdentityListTypeConverter - Unable to load certificate 'MIIC2jCCAkOgAwIBAgIBATANBgkqhkiG9w0BAQUFADCBgDELMAkGA1UEBhMCQVQxHTAbBgNVBAoTFERhdGFrb20gQXVzdHJpYSBHbWJIMRowGAYDVQQLExFhLXNpZ24uZGF0YWtvbS5hdDEaMBgGA1UECxMRYS1zaWduIFByZW1pdW0gQ0ExGjAYBgNVBAMTEWEtc2lnbiBQcmVtaXVtIENBMB4XDTAxMTEyMTE2MDk0NFoXDTMxMTEyMTE2MDk0NFowgYAxCzAJBgNVBAYTAkFUMR0wGwYDVQQKExREYXRha29tIEF1c3RyaWEgR21iSDEaMBgGA1UECxMRYS1zaWduLmRhdGFrb20uYXQxGjAYBgNVBAsTEWEtc2lnbiBQcmVtaXVtIENBMRowGAYDVQQDExFhLXNpZ24gUHJlbWl1bSBDQTCBnjALBgkqhkiG9w0BAQEDgY4AMIGKAoGBAKpdHrr/9I5zG2jGfpHeZpMkm58ZJBtXG73qH7+mTAkgWosabkMynNCayPiA1//ZHS2s2kTB5FYtXwmVFyqIIDQelt4IZwLDLdJQItxvYMV17DFO+ZebQe7bljUwwGOdguq9MuDBI2xYYE2z2JVDuOuDpKS+/YPC02OzTo/jWSb5AgQAAAADo2MwYTAOBgNVHQ8BAf8EBAMCAQYwDwYDVR0TAQH/BAUwAwEB/zAdBgNVHQ4EFgQUoX0/IPOimGkJ9u1tRx6O0guPGNEwHwYDVR0jBBgwFoAUoX0/IPOimGkJ9u1tRx6O0guPGNEwDQYJKoZIhvcNAQEFBQADgYEAhUKQ8tg1IWl1w6uD0ylZ0RdFg5Fygd+KGLCOwaVIgpFieWDKBJMdavgu+uyWOWY2cQW5NiSG2jnqKfKJkX9znBcUUcjj4PfGfj9OLEiNAMa/zBPCgCrhGq07M4I2W6G39D8ExWscBFuQxKnpnLLsTVpS8GMe81lFge3O2VABiUo=' (more details with enabled DEBUG mode)
19:32:15.010 [pool-8-thread-23] INFO  e.e.e.d.v.CommonCertificateVerifier - + New CommonCertificateVerifier created.
19:32:15.017 [pool-8-thread-23] INFO  e.e.e.d.v.SignedDocumentValidator - Document validation...
19:32:15.024 [pool-8-thread-23] INFO  e.e.e.d.v.CommonCertificateVerifier - + New CommonCertificateVerifier created.
19:32:15.134 [pool-8-thread-23] INFO  e.e.e.d.x.v.XAdESCertificateSource - +XAdESCertificateSource
19:32:15.143 [pool-8-thread-23] INFO  e.e.e.d.v.CommonCertificateVerifier - + New CommonCertificateVerifier created.
19:32:15.701 [pool-8-thread-24] INFO  e.e.e.d.v.CommonCertificateVerifier - + New CommonCertificateVerifier created.
19:32:15.718 [pool-8-thread-24] INFO  e.e.e.d.v.SignedDocumentValidator - Document validation...
19:32:15.735 [pool-8-thread-24] INFO  e.e.e.d.v.CommonCertificateVerifier - + New CommonCertificateVerifier created.
19:32:16.030 [pool-8-thread-24] INFO  e.e.e.d.x.v.XAdESCertificateSource - +XAdESCertificateSource
19:32:16.047 [pool-8-thread-24] INFO  e.e.e.d.v.CommonCertificateVerifier - + New CommonCertificateVerifier created.
19:32:16.139 [pool-8-thread-14] INFO  e.e.e.d.v.CommonCertificateVerifier - + New CommonCertificateVerifier created.
19:32:16.158 [pool-8-thread-14] INFO  e.e.e.d.v.SignedDocumentValidator - Document validation...
19:32:16.172 [pool-8-thread-14] INFO  e.e.e.d.v.CommonCertificateVerifier - + New CommonCertificateVerifier created.
19:32:16.519 [pool-8-thread-14] INFO  e.e.e.d.x.v.XAdESCertificateSource - +XAdESCertificateSource
19:32:16.539 [pool-8-thread-14] INFO  e.e.e.d.v.CommonCertificateVerifier - + New CommonCertificateVerifier created.
19:32:16.832 [pool-8-thread-1] INFO  e.e.e.d.v.CommonCertificateVerifier - + New CommonCertificateVerifier created.
19:32:16.842 [pool-8-thread-1] INFO  e.e.e.d.v.SignedDocumentValidator - Document validation...
19:32:16.848 [pool-8-thread-1] INFO  e.e.e.d.v.CommonCertificateVerifier - + New CommonCertificateVerifier created.
19:32:16.964 [pool-8-thread-1] INFO  e.e.e.d.x.v.XAdESCertificateSource - +XAdESCertificateSource
19:32:16.972 [pool-8-thread-1] INFO  e.e.e.d.v.CommonCertificateVerifier - + New CommonCertificateVerifier created.
19:32:17.106 [pool-8-thread-29] INFO  e.e.e.d.v.CommonCertificateVerifier - + New CommonCertificateVerifier created.
19:32:17.118 [pool-8-thread-29] INFO  e.e.e.d.v.SignedDocumentValidator - Document validation...
19:32:17.126 [pool-8-thread-29] INFO  e.e.e.d.v.CommonCertificateVerifier - + New CommonCertificateVerifier created.
19:32:17.179 [pool-8-thread-5] INFO  e.e.e.d.v.CommonCertificateVerifier - + New CommonCertificateVerifier created.
19:32:17.193 [pool-8-thread-5] INFO  e.e.e.d.v.SignedDocumentValidator - Document validation...
19:32:17.202 [pool-8-thread-5] INFO  e.e.e.d.v.CommonCertificateVerifier - + New CommonCertificateVerifier created.
19:32:17.295 [pool-8-thread-29] INFO  e.e.e.d.x.v.XAdESCertificateSource - +XAdESCertificateSource
19:32:17.312 [pool-8-thread-29] INFO  e.e.e.d.v.CommonCertificateVerifier - + New CommonCertificateVerifier created.
19:32:17.472 [pool-8-thread-5] INFO  e.e.e.d.x.v.XAdESCertificateSource - +XAdESCertificateSource
19:32:17.492 [pool-8-thread-5] INFO  e.e.e.d.v.CommonCertificateVerifier - + New CommonCertificateVerifier created.
19:32:22.652 [pool-8-thread-10] INFO  e.e.e.d.v.CommonCertificateVerifier - + New CommonCertificateVerifier created.
19:32:22.671 [pool-8-thread-10] INFO  e.e.e.d.v.SignedDocumentValidator - Document validation...
19:32:22.688 [pool-8-thread-10] INFO  e.e.e.d.v.CommonCertificateVerifier - + New CommonCertificateVerifier created.
19:32:22.771 [pool-8-thread-6] INFO  e.e.e.d.v.CommonCertificateVerifier - + New CommonCertificateVerifier created.
19:32:22.836 [pool-8-thread-6] INFO  e.e.e.d.v.SignedDocumentValidator - Document validation...
19:32:22.922 [pool-8-thread-6] INFO  e.e.e.d.v.CommonCertificateVerifier - + New CommonCertificateVerifier created.
19:32:23.147 [pool-8-thread-10] INFO  e.e.e.d.x.v.XAdESCertificateSource - +XAdESCertificateSource
19:32:23.166 [pool-8-thread-10] INFO  e.e.e.d.v.CommonCertificateVerifier - + New CommonCertificateVerifier created.
19:32:23.983 [pool-8-thread-6] INFO  e.e.e.d.x.v.XAdESCertificateSource - +XAdESCertificateSource
19:32:24.032 [pool-8-thread-6] INFO  e.e.e.d.v.CommonCertificateVerifier - + New CommonCertificateVerifier created.
19:32:24.506 [pool-8-thread-17] INFO  e.e.e.d.v.CommonCertificateVerifier - + New CommonCertificateVerifier created.
19:32:24.522 [pool-8-thread-17] INFO  e.e.e.d.v.SignedDocumentValidator - Document validation...
19:32:24.537 [pool-8-thread-17] INFO  e.e.e.d.v.CommonCertificateVerifier - + New CommonCertificateVerifier created.
19:32:24.962 [pool-8-thread-17] INFO  e.e.e.d.x.v.XAdESCertificateSource - +XAdESCertificateSource
19:32:24.985 [pool-8-thread-17] INFO  e.e.e.d.v.CommonCertificateVerifier - + New CommonCertificateVerifier created.
19:32:25.601 [main] INFO  e.e.esig.dss.tsl.job.TLValidationJob - Analysis is DONE for 31 TLSource(s)
19:32:25.638 [main] WARN  e.e.e.d.t.s.TrustedListCertificateSourceSynchronizer - No Parsing result for TLInfo with url [https://www.ssi.gouv.fr/uploads/tl-fr.xml]
19:32:25.743 [main] INFO  e.e.esig.dss.tsl.job.TLValidationJob - Offline refresh is DONE.
19:32:26.435 [main] DEBUG FOP - target-resolution set to: 72.0dpi (px2mm=0.35277778)
19:32:26.439 [main] INFO  e.e.e.d.v.CommonCertificateVerifier - + New CommonCertificateVerifier created.
19:32:26.447 [main] WARN  o.s.w.c.s.GenericWebApplicationContext - Exception encountered during context initialization - cancelling refresh attempt: org.springframework.beans.factory.UnsatisfiedDependencyException: Error creating bean with name 'userService' defined in file [C:\Users\vasco\OneDrive\Documents\Grupo1\AP2-PD2\dss-demonstrations-5.12.1\dss-demo-webapp\target\classes\eu\europa\esig\dss\web\service\UserService.class]: Unsatisfied dependency expressed through constructor parameter 0; nested exception is org.springframework.beans.factory.NoSuchBeanDefinitionException: No qualifying bean of type 'eu.europa.esig.dss.web.repository.UserRepository' available: expected at least 1 bean which qualifies as autowire candidate. Dependency annotations: {}
19:32:26.447 [main] ERROR o.s.test.context.TestContextManager - Caught exception while allowing TestExecutionListener [org.springframework.test.context.web.ServletTestExecutionListener@3b582111] to prepare test instance [eu.europa.esig.dss.web.service.FOPServiceTest@77988c45]
java.lang.IllegalStateException: Failed to load ApplicationContext
	at org.springframework.test.context.cache.DefaultCacheAwareContextLoaderDelegate.loadContext(DefaultCacheAwareContextLoaderDelegate.java:98)
	at org.springframework.test.context.support.DefaultTestContext.getApplicationContext(DefaultTestContext.java:124)
	at org.springframework.test.context.web.ServletTestExecutionListener.setUpRequestContextIfNecessary(ServletTestExecutionListener.java:190)
	at org.springframework.test.context.web.ServletTestExecutionListener.prepareTestInstance(ServletTestExecutionListener.java:132)
	at org.springframework.test.context.TestContextManager.prepareTestInstance(TestContextManager.java:248)
	at org.springframework.test.context.junit.jupiter.SpringExtension.postProcessTestInstance(SpringExtension.java:138)
	at org.junit.jupiter.engine.descriptor.ClassBasedTestDescriptor.lambda$invokeTestInstancePostProcessors$10(ClassBasedTestDescriptor.java:377)
	at org.junit.jupiter.engine.descriptor.ClassBasedTestDescriptor.executeAndMaskThrowable(ClassBasedTestDescriptor.java:382)
	at org.junit.jupiter.engine.descriptor.ClassBasedTestDescriptor.lambda$invokeTestInstancePostProcessors$11(ClassBasedTestDescriptor.java:377)
	at java.base/java.util.stream.ReferencePipeline$3$1.accept(ReferencePipeline.java:197)
	at java.base/java.util.stream.ReferencePipeline$2$1.accept(ReferencePipeline.java:179)
	at java.base/java.util.ArrayList$ArrayListSpliterator.forEachRemaining(ArrayList.java:1625)
	at java.base/java.util.stream.AbstractPipeline.copyInto(AbstractPipeline.java:509)
	at java.base/java.util.stream.AbstractPipeline.wrapAndCopyInto(AbstractPipeline.java:499)
	at java.base/java.util.stream.StreamSpliterators$WrappingSpliterator.forEachRemaining(StreamSpliterators.java:310)
	at java.base/java.util.stream.Streams$ConcatSpliterator.forEachRemaining(Streams.java:735)
	at java.base/java.util.stream.Streams$ConcatSpliterator.forEachRemaining(Streams.java:734)
	at java.base/java.util.stream.ReferencePipeline$Head.forEach(ReferencePipeline.java:762)
	at org.junit.jupiter.engine.descriptor.ClassBasedTestDescriptor.invokeTestInstancePostProcessors(ClassBasedTestDescriptor.java:376)
	at org.junit.jupiter.engine.descriptor.ClassBasedTestDescriptor.lambda$instantiateAndPostProcessTestInstance$6(ClassBasedTestDescriptor.java:289)
	at org.junit.platform.engine.support.hierarchical.ThrowableCollector.execute(ThrowableCollector.java:73)
	at org.junit.jupiter.engine.descriptor.ClassBasedTestDescriptor.instantiateAndPostProcessTestInstance(ClassBasedTestDescriptor.java:288)
	at org.junit.jupiter.engine.descriptor.ClassBasedTestDescriptor.lambda$testInstancesProvider$4(ClassBasedTestDescriptor.java:278)
	at java.base/java.util.Optional.orElseGet(Optional.java:364)
	at org.junit.jupiter.engine.descriptor.ClassBasedTestDescriptor.lambda$testInstancesProvider$5(ClassBasedTestDescriptor.java:277)
	at org.junit.jupiter.engine.execution.TestInstancesProvider.getTestInstances(TestInstancesProvider.java:31)
	at org.junit.jupiter.engine.descriptor.TestMethodTestDescriptor.lambda$prepare$0(TestMethodTestDescriptor.java:105)
	at org.junit.platform.engine.support.hierarchical.ThrowableCollector.execute(ThrowableCollector.java:73)
	at org.junit.jupiter.engine.descriptor.TestMethodTestDescriptor.prepare(TestMethodTestDescriptor.java:104)
	at org.junit.jupiter.engine.descriptor.TestMethodTestDescriptor.prepare(TestMethodTestDescriptor.java:68)
	at org.junit.platform.engine.support.hierarchical.NodeTestTask.lambda$prepare$2(NodeTestTask.java:123)
	at org.junit.platform.engine.support.hierarchical.ThrowableCollector.execute(ThrowableCollector.java:73)
	at org.junit.platform.engine.support.hierarchical.NodeTestTask.prepare(NodeTestTask.java:123)
	at org.junit.platform.engine.support.hierarchical.NodeTestTask.execute(NodeTestTask.java:90)
	at java.base/java.util.ArrayList.forEach(ArrayList.java:1511)
	at org.junit.platform.engine.support.hierarchical.SameThreadHierarchicalTestExecutorService.invokeAll(SameThreadHierarchicalTestExecutorService.java:41)
	at org.junit.platform.engine.support.hierarchical.NodeTestTask.lambda$executeRecursively$6(NodeTestTask.java:155)
	at org.junit.platform.engine.support.hierarchical.ThrowableCollector.execute(ThrowableCollector.java:73)
	at org.junit.platform.engine.support.hierarchical.NodeTestTask.lambda$executeRecursively$8(NodeTestTask.java:141)
	at org.junit.platform.engine.support.hierarchical.Node.around(Node.java:137)
	at org.junit.platform.engine.support.hierarchical.NodeTestTask.lambda$executeRecursively$9(NodeTestTask.java:139)
	at org.junit.platform.engine.support.hierarchical.ThrowableCollector.execute(ThrowableCollector.java:73)
	at org.junit.platform.engine.support.hierarchical.NodeTestTask.executeRecursively(NodeTestTask.java:138)
	at org.junit.platform.engine.support.hierarchical.NodeTestTask.execute(NodeTestTask.java:95)
	at java.base/java.util.ArrayList.forEach(ArrayList.java:1511)
	at org.junit.platform.engine.support.hierarchical.SameThreadHierarchicalTestExecutorService.invokeAll(SameThreadHierarchicalTestExecutorService.java:41)
	at org.junit.platform.engine.support.hierarchical.NodeTestTask.lambda$executeRecursively$6(NodeTestTask.java:155)
	at org.junit.platform.engine.support.hierarchical.ThrowableCollector.execute(ThrowableCollector.java:73)
	at org.junit.platform.engine.support.hierarchical.NodeTestTask.lambda$executeRecursively$8(NodeTestTask.java:141)
	at org.junit.platform.engine.support.hierarchical.Node.around(Node.java:137)
	at org.junit.platform.engine.support.hierarchical.NodeTestTask.lambda$executeRecursively$9(NodeTestTask.java:139)
	at org.junit.platform.engine.support.hierarchical.ThrowableCollector.execute(ThrowableCollector.java:73)
	at org.junit.platform.engine.support.hierarchical.NodeTestTask.executeRecursively(NodeTestTask.java:138)
	at org.junit.platform.engine.support.hierarchical.NodeTestTask.execute(NodeTestTask.java:95)
	at org.junit.platform.engine.support.hierarchical.SameThreadHierarchicalTestExecutorService.submit(SameThreadHierarchicalTestExecutorService.java:35)
	at org.junit.platform.engine.support.hierarchical.HierarchicalTestExecutor.execute(HierarchicalTestExecutor.java:57)
	at org.junit.platform.engine.support.hierarchical.HierarchicalTestEngine.execute(HierarchicalTestEngine.java:54)
	at org.junit.platform.launcher.core.EngineExecutionOrchestrator.execute(EngineExecutionOrchestrator.java:147)
	at org.junit.platform.launcher.core.EngineExecutionOrchestrator.execute(EngineExecutionOrchestrator.java:127)
	at org.junit.platform.launcher.core.EngineExecutionOrchestrator.execute(EngineExecutionOrchestrator.java:90)
	at org.junit.platform.launcher.core.EngineExecutionOrchestrator.lambda$execute$0(EngineExecutionOrchestrator.java:55)
	at org.junit.platform.launcher.core.EngineExecutionOrchestrator.withInterceptedStreams(EngineExecutionOrchestrator.java:102)
	at org.junit.platform.launcher.core.EngineExecutionOrchestrator.execute(EngineExecutionOrchestrator.java:54)
	at org.junit.platform.launcher.core.DefaultLauncher.execute(DefaultLauncher.java:114)
	at org.junit.platform.launcher.core.DefaultLauncher.execute(DefaultLauncher.java:86)
	at org.junit.platform.launcher.core.DefaultLauncherSession$DelegatingLauncher.execute(DefaultLauncherSession.java:86)
	at org.apache.maven.surefire.junitplatform.LazyLauncher.execute(LazyLauncher.java:50)
	at org.apache.maven.surefire.junitplatform.JUnitPlatformProvider.execute(JUnitPlatformProvider.java:184)
	at org.apache.maven.surefire.junitplatform.JUnitPlatformProvider.invokeAllTests(JUnitPlatformProvider.java:148)
	at org.apache.maven.surefire.junitplatform.JUnitPlatformProvider.invoke(JUnitPlatformProvider.java:122)
	at org.apache.maven.surefire.booter.ForkedBooter.runSuitesInProcess(ForkedBooter.java:385)
	at org.apache.maven.surefire.booter.ForkedBooter.execute(ForkedBooter.java:162)
	at org.apache.maven.surefire.booter.ForkedBooter.run(ForkedBooter.java:507)
	at org.apache.maven.surefire.booter.ForkedBooter.main(ForkedBooter.java:495)
Caused by: org.springframework.beans.factory.UnsatisfiedDependencyException: Error creating bean with name 'userService' defined in file [C:\Users\vasco\OneDrive\Documents\Grupo1\AP2-PD2\dss-demonstrations-5.12.1\dss-demo-webapp\target\classes\eu\europa\esig\dss\web\service\UserService.class]: Unsatisfied dependency expressed through constructor parameter 0; nested exception is org.springframework.beans.factory.NoSuchBeanDefinitionException: No qualifying bean of type 'eu.europa.esig.dss.web.repository.UserRepository' available: expected at least 1 bean which qualifies as autowire candidate. Dependency annotations: {}
	at org.springframework.beans.factory.support.ConstructorResolver.createArgumentArray(ConstructorResolver.java:800)
	at org.springframework.beans.factory.support.ConstructorResolver.autowireConstructor(ConstructorResolver.java:229)
	at org.springframework.beans.factory.support.AbstractAutowireCapableBeanFactory.autowireConstructor(AbstractAutowireCapableBeanFactory.java:1372)
	at org.springframework.beans.factory.support.AbstractAutowireCapableBeanFactory.createBeanInstance(AbstractAutowireCapableBeanFactory.java:1222)
	at org.springframework.beans.factory.support.AbstractAutowireCapableBeanFactory.doCreateBean(AbstractAutowireCapableBeanFactory.java:582)
	at org.springframework.beans.factory.support.AbstractAutowireCapableBeanFactory.createBean(AbstractAutowireCapableBeanFactory.java:542)
	at org.springframework.beans.factory.support.AbstractBeanFactory.lambda$doGetBean$0(AbstractBeanFactory.java:335)
	at org.springframework.beans.factory.support.DefaultSingletonBeanRegistry.getSingleton(DefaultSingletonBeanRegistry.java:234)
	at org.springframework.beans.factory.support.AbstractBeanFactory.doGetBean(AbstractBeanFactory.java:333)
	at org.springframework.beans.factory.support.AbstractBeanFactory.getBean(AbstractBeanFactory.java:208)
	at org.springframework.beans.factory.support.DefaultListableBeanFactory.preInstantiateSingletons(DefaultListableBeanFactory.java:955)
	at org.springframework.context.support.AbstractApplicationContext.finishBeanFactoryInitialization(AbstractApplicationContext.java:920)
	at org.springframework.context.support.AbstractApplicationContext.refresh(AbstractApplicationContext.java:583)
	at org.springframework.test.context.web.AbstractGenericWebContextLoader.loadContext(AbstractGenericWebContextLoader.java:129)
	at org.springframework.test.context.web.AbstractGenericWebContextLoader.loadContext(AbstractGenericWebContextLoader.java:61)
	at org.springframework.test.context.support.AbstractDelegatingSmartContextLoader.delegateLoading(AbstractDelegatingSmartContextLoader.java:276)
	at org.springframework.test.context.support.AbstractDelegatingSmartContextLoader.loadContext(AbstractDelegatingSmartContextLoader.java:244)
	at org.springframework.test.context.cache.DefaultCacheAwareContextLoaderDelegate.loadContextInternal(DefaultCacheAwareContextLoaderDelegate.java:141)
	at org.springframework.test.context.cache.DefaultCacheAwareContextLoaderDelegate.loadContext(DefaultCacheAwareContextLoaderDelegate.java:90)
	... 73 common frames omitted
Caused by: org.springframework.beans.factory.NoSuchBeanDefinitionException: No qualifying bean of type 'eu.europa.esig.dss.web.repository.UserRepository' available: expected at least 1 bean which qualifies as autowire candidate. Dependency annotations: {}
	at org.springframework.beans.factory.support.DefaultListableBeanFactory.raiseNoMatchingBeanFound(DefaultListableBeanFactory.java:1801)
	at org.springframework.beans.factory.support.DefaultListableBeanFactory.doResolveDependency(DefaultListableBeanFactory.java:1357)
	at org.springframework.beans.factory.support.DefaultListableBeanFactory.resolveDependency(DefaultListableBeanFactory.java:1311)
	at org.springframework.beans.factory.support.ConstructorResolver.resolveAutowiredArgument(ConstructorResolver.java:887)
	at org.springframework.beans.factory.support.ConstructorResolver.createArgumentArray(ConstructorResolver.java:791)
	... 91 common frames omitted
]]></system-out>
    <system-err><![CDATA[jun. 12, 2023 7:32:26 DA TARDE org.apache.cxf.wsdl.service.factory.ReflectionServiceFactoryBean buildServiceFromWSDL
INFO: Creating Service {http://tempuri.org/}CCMovelDigitalSignature from WSDL: https://cmd.autenticacao.gov.pt/Ama.Authentication.Frontend/CCMovelDigitalSignature.svc?wsdl
]]></system-err>
  </testcase>
</testsuite>