<?xml version="1.0" encoding="UTF-8"?>
<testsuite xmlns:xsi="http://www.w3.org/2001/XMLSchema-instance" xsi:noNamespaceSchemaLocation="https://maven.apache.org/surefire/maven-surefire-plugin/xsd/surefire-test-report-3.0.xsd" version="3.0" name="eu.europa.esig.dss.x509.tsp.MockTSPSourceTest" time="0.728" tests="1" errors="0" skipped="0" failures="0">
  <properties>
    <property name="java.specification.version" value="20"/>
    <property name="sun.cpu.isalist" value="amd64"/>
    <property name="sun.jnu.encoding" value="Cp1252"/>
    <property name="java.class.path" value="C:\Users\vasco\OneDrive\Documents\Grupo1\AP2-PD2\dss-demonstrations-5.12.1\dss-mock-tsa\target\test-classes;C:\Users\vasco\OneDrive\Documents\Grupo1\AP2-PD2\dss-demonstrations-5.12.1\dss-mock-tsa\target\classes;C:\Users\vasco\.m2\repository\eu\europa\ec\joinup\sd-dss\dss-spi\5.12.1\dss-spi-5.12.1.jar;C:\Users\vasco\.m2\repository\eu\europa\ec\joinup\sd-dss\dss-model\5.12.1\dss-model-5.12.1.jar;C:\Users\vasco\.m2\repository\eu\europa\ec\joinup\sd-dss\dss-enumerations\5.12.1\dss-enumerations-5.12.1.jar;C:\Users\vasco\.m2\repository\org\slf4j\slf4j-api\2.0.7\slf4j-api-2.0.7.jar;C:\Users\vasco\.m2\repository\org\bouncycastle\bcpkix-jdk18on\1.72\bcpkix-jdk18on-1.72.jar;C:\Users\vasco\.m2\repository\org\bouncycastle\bcprov-jdk18on\1.72\bcprov-jdk18on-1.72.jar;C:\Users\vasco\.m2\repository\org\bouncycastle\bcutil-jdk18on\1.72\bcutil-jdk18on-1.72.jar;C:\Users\vasco\.m2\repository\eu\europa\ec\joinup\sd-dss\dss-token\5.12.1\dss-token-5.12.1.jar;C:\Users\vasco\.m2\repository\org\junit\jupiter\junit-jupiter-engine\5.9.3\junit-jupiter-engine-5.9.3.jar;C:\Users\vasco\.m2\repository\org\junit\platform\junit-platform-engine\1.9.3\junit-platform-engine-1.9.3.jar;C:\Users\vasco\.m2\repository\org\opentest4j\opentest4j\1.2.0\opentest4j-1.2.0.jar;C:\Users\vasco\.m2\repository\org\junit\platform\junit-platform-commons\1.9.3\junit-platform-commons-1.9.3.jar;C:\Users\vasco\.m2\repository\org\junit\jupiter\junit-jupiter-api\5.9.3\junit-jupiter-api-5.9.3.jar;C:\Users\vasco\.m2\repository\org\apiguardian\apiguardian-api\1.1.2\apiguardian-api-1.1.2.jar;C:\Users\vasco\.m2\repository\ch\qos\logback\logback-classic\1.3.7\logback-classic-1.3.7.jar;C:\Users\vasco\.m2\repository\ch\qos\logback\logback-core\1.3.7\logback-core-1.3.7.jar;"/>
    <property name="java.vm.vendor" value="Oracle Corporation"/>
    <property name="sun.arch.data.model" value="64"/>
    <property name="user.variant" value=""/>
    <property name="java.vendor.url" value="https://java.oracle.com/"/>
    <property name="user.timezone" value="Europe/Lisbon"/>
    <property name="user.country.format" value="PT"/>
    <property name="os.name" value="Windows 11"/>
    <property name="java.vm.specification.version" value="20"/>
    <property name="sun.java.launcher" value="SUN_STANDARD"/>
    <property name="user.country" value="US"/>
    <property name="sun.boot.library.path" value="C:\Program Files\Java\jdk-20\bin"/>
    <property name="sun.java.command" value="C:\Users\vasco\AppData\Local\Temp\surefire7044975105380405268\surefirebooter-20230618174144318_3.jar C:\Users\vasco\AppData\Local\Temp\surefire7044975105380405268 2023-06-18T17-41-44_130-jvmRun1 surefire-20230618174144318_1tmp surefire_0-20230618174144318_2tmp"/>
    <property name="jdk.debug" value="release"/>
    <property name="surefire.test.class.path" value="C:\Users\vasco\OneDrive\Documents\Grupo1\AP2-PD2\dss-demonstrations-5.12.1\dss-mock-tsa\target\test-classes;C:\Users\vasco\OneDrive\Documents\Grupo1\AP2-PD2\dss-demonstrations-5.12.1\dss-mock-tsa\target\classes;C:\Users\vasco\.m2\repository\eu\europa\ec\joinup\sd-dss\dss-spi\5.12.1\dss-spi-5.12.1.jar;C:\Users\vasco\.m2\repository\eu\europa\ec\joinup\sd-dss\dss-model\5.12.1\dss-model-5.12.1.jar;C:\Users\vasco\.m2\repository\eu\europa\ec\joinup\sd-dss\dss-enumerations\5.12.1\dss-enumerations-5.12.1.jar;C:\Users\vasco\.m2\repository\org\slf4j\slf4j-api\2.0.7\slf4j-api-2.0.7.jar;C:\Users\vasco\.m2\repository\org\bouncycastle\bcpkix-jdk18on\1.72\bcpkix-jdk18on-1.72.jar;C:\Users\vasco\.m2\repository\org\bouncycastle\bcprov-jdk18on\1.72\bcprov-jdk18on-1.72.jar;C:\Users\vasco\.m2\repository\org\bouncycastle\bcutil-jdk18on\1.72\bcutil-jdk18on-1.72.jar;C:\Users\vasco\.m2\repository\eu\europa\ec\joinup\sd-dss\dss-token\5.12.1\dss-token-5.12.1.jar;C:\Users\vasco\.m2\repository\org\junit\jupiter\junit-jupiter-engine\5.9.3\junit-jupiter-engine-5.9.3.jar;C:\Users\vasco\.m2\repository\org\junit\platform\junit-platform-engine\1.9.3\junit-platform-engine-1.9.3.jar;C:\Users\vasco\.m2\repository\org\opentest4j\opentest4j\1.2.0\opentest4j-1.2.0.jar;C:\Users\vasco\.m2\repository\org\junit\platform\junit-platform-commons\1.9.3\junit-platform-commons-1.9.3.jar;C:\Users\vasco\.m2\repository\org\junit\jupiter\junit-jupiter-api\5.9.3\junit-jupiter-api-5.9.3.jar;C:\Users\vasco\.m2\repository\org\apiguardian\apiguardian-api\1.1.2\apiguardian-api-1.1.2.jar;C:\Users\vasco\.m2\repository\ch\qos\logback\logback-classic\1.3.7\logback-classic-1.3.7.jar;C:\Users\vasco\.m2\repository\ch\qos\logback\logback-core\1.3.7\logback-core-1.3.7.jar;"/>
    <property name="sun.cpu.endian" value="little"/>
    <property name="user.home" value="C:\Users\vasco"/>
    <property name="user.language" value="en"/>
    <property name="java.specification.vendor" value="Oracle Corporation"/>
    <property name="java.version.date" value="2023-04-18"/>
    <property name="java.home" value="C:\Program Files\Java\jdk-20"/>
    <property name="file.separator" value="\"/>
    <property name="basedir" value="C:\Users\vasco\OneDrive\Documents\Grupo1\AP2-PD2\dss-demonstrations-5.12.1\dss-mock-tsa"/>
    <property name="java.vm.compressedOopsMode" value="Zero based"/>
    <property name="line.separator" value="&#10;"/>
    <property name="java.vm.specification.vendor" value="Oracle Corporation"/>
    <property name="java.specification.name" value="Java Platform API Specification"/>
    <property name="surefire.real.class.path" value="C:\Users\vasco\AppData\Local\Temp\surefire7044975105380405268\surefirebooter-20230618174144318_3.jar"/>
    <property name="user.script" value=""/>
    <property name="sun.management.compiler" value="HotSpot 64-Bit Tiered Compilers"/>
    <property name="java.runtime.version" value="20.0.1+9-29"/>
    <property name="user.name" value="vasco"/>
    <property name="stdout.encoding" value="Cp1252"/>
    <property name="path.separator" value=";"/>
    <property name="os.version" value="10.0"/>
    <property name="java.runtime.name" value="Java(TM) SE Runtime Environment"/>
    <property name="file.encoding" value="UTF-8"/>
    <property name="java.vm.name" value="Java HotSpot(TM) 64-Bit Server VM"/>
    <property name="localRepository" value="C:\Users\vasco\.m2\repository"/>
    <property name="java.vendor.url.bug" value="https://bugreport.java.com/bugreport/"/>
    <property name="java.io.tmpdir" value="C:\Users\vasco\AppData\Local\Temp\"/>
    <property name="java.version" value="20.0.1"/>
    <property name="user.dir" value="C:\Users\vasco\OneDrive\Documents\Grupo1\AP2-PD2\dss-demonstrations-5.12.1\dss-mock-tsa"/>
    <property name="os.arch" value="amd64"/>
    <property name="java.vm.specification.name" value="Java Virtual Machine Specification"/>
    <property name="user.language.format" value="pt"/>
    <property name="sun.os.patch.level" value=""/>
    <property name="native.encoding" value="Cp1252"/>
    <property name="java.library.path" value="C:\Program Files\Java\jdk-20\bin;C:\Windows\Sun\Java\bin;C:\Windows\system32;C:\Windows;C:\Program Files\ImageMagick-7.1.1-Q16-HDRI;C:\Program Files\Common Files\Oracle\Java\javapath;C:\Windows\system32;C:\Windows;C:\Windows\System32\Wbem;C:\Windows\System32\WindowsPowerShell\v1.0\;C:\Windows\System32\OpenSSH\;C:\Program Files\Intel\WiFi\bin\;C:\Program Files\Common Files\Intel\WirelessCommon\;C:\Program Files\NVIDIA Corporation\NVIDIA NvDLISR;C:\Program Files\Git\cmd;C:\Program Files (x86)\NVIDIA Corporation\PhysX\Common;C:\Program Files\nodejs\;C:\Program Files\Maven\apache-maven-3.9.2\bin;C:\Program Files\MySQL\MySQL Server 8.0\bin;C:\Program Files\MySQL\MySQL Shell 8.0\bin\;C:\Users\vasco\AppData\Local\Microsoft\WindowsApps;C:\Users\vasco\AppData\Local\Programs\Microsoft VS Code\bin;C:\Users\vasco\AppData\Local\GitHubDesktop\bin;C:\Users\vasco\AppData\Local\JetBrains\Toolbox\scripts;C:\Users\vasco\AppData\Roaming\npm;."/>
    <property name="java.vm.info" value="mixed mode, sharing"/>
    <property name="stderr.encoding" value="Cp1252"/>
    <property name="java.vendor" value="Oracle Corporation"/>
    <property name="java.vm.version" value="20.0.1+9-29"/>
    <property name="sun.io.unicode.encoding" value="UnicodeLittle"/>
    <property name="java.class.version" value="64.0"/>
  </properties>
  <testcase name="test" classname="eu.europa.esig.dss.x509.tsp.MockTSPSourceTest" time="0.703">
    <system-out><![CDATA[17:41:45.433 [main] DEBUG eu.europa.esig.dss.spi.DSSSecurityProvider -- DSSSecurityProvider initialized with class org.bouncycastle.jce.provider.BouncyCastleProvider
17:41:45.491 [main] INFO eu.europa.esig.dss.x509.tsp.MockTSPSource -- Timestamping with CertificateToken[
	DSS Id              : C-0BD1F2F351EA7628FBC2614A22ED119E4D039CCF40E0D311A9F41324CEA34CE6
	Identity Id         : EntityIdentifier:SHA256:#75C238C737797B3C262EE3095080E21C75D0DE9ABFBDF5FA3B00AEDD3A818E9F
	Validity period     : Thu Oct 19 08:22:35 WEST 2017 - Mon Aug 19 08:22:35 WEST 2019
	Subject name        : c=lu,ou=pki-test,o=nowina solutions,cn=self-signed-tsa
	Issuer subject name : c=lu,ou=pki-test,o=nowina solutions,cn=self-signed-tsa
	Serial Number       : 100
	Signature algorithm : RSA_SHA256
	[SELF-SIGNED]
]
]]></system-out>
  </testcase>
</testsuite>